#
# There is insufficient memory for the Java Runtime Environment to continue.
# Native memory allocation (malloc) failed to allocate 131088 bytes for Chunk::new
# Possible reasons:
#   The system is out of physical RAM or swap space
#   The process is running with CompressedOops enabled, and the Java Heap may be blocking the growth of the native heap
# Possible solutions:
#   Reduce memory load on the system
#   Increase physical memory or swap space
#   Check if swap backing store is full
#   Decrease Java heap size (-Xmx/-Xms)
#   Decrease number of Java threads
#   Decrease Java thread stack sizes (-Xss)
#   Set larger code cache with -XX:ReservedCodeCacheSize=
#   JVM is running with Unscaled Compressed Oops mode in which the Java heap is
#     placed in the first 4GB address space. The Java Heap base address is the
#     maximum limit for the native heap growth. Please use -XX:HeapBaseMinAddress
#     to set the Java Heap base and to place the Java Heap above 4GB virtual address.
# This output file may be truncated or incomplete.
#
#  Out of Memory Error (./src/hotspot/share/memory/arena.cpp:197), pid=18892, tid=24788
#
# JRE version: OpenJDK Runtime Environment (11.0.10) (build 11.0.10+0-b96-7249189)
# Java VM: OpenJDK 64-Bit Server VM (11.0.10+0-b96-7249189, mixed mode, tiered, compressed oops, g1 gc, windows-amd64)
# No core dump will be written. Minidumps are not enabled by default on client versions of Windows
#

---------------  S U M M A R Y ------------

Command Line: --add-opens=java.base/java.util=ALL-UNNAMED --add-opens=java.base/java.lang=ALL-UNNAMED --add-opens=java.base/java.lang.invoke=ALL-UNNAMED --add-opens=java.base/java.util=ALL-UNNAMED --add-opens=java.prefs/java.util.prefs=ALL-UNNAMED --add-opens=java.prefs/java.util.prefs=ALL-UNNAMED --add-opens=java.base/java.nio.charset=ALL-UNNAMED --add-opens=java.base/java.net=ALL-UNNAMED --add-opens=java.base/java.util.concurrent.atomic=ALL-UNNAMED -Xmx2048m -Dfile.encoding=UTF-8 -Duser.country=ID -Duser.language=en -Duser.variant org.gradle.launcher.daemon.bootstrap.GradleDaemon 7.0.2

Host: AMD Ryzen 9 4900H with Radeon Graphics         , 16 cores, 15G,  Windows 10 , 64 bit Build 22494 (10.0.22494.1000)
Time: Mon Nov 29 23:36:28 2021 SE Asia Standard Time elapsed time: 2.816816 seconds (0d 0h 0m 2s)

---------------  T H R E A D  ---------------

Current thread (0x0000016bff4aa800):  JavaThread "C2 CompilerThread2" daemon [_thread_in_native, id=24788, stack(0x0000006358400000,0x0000006358500000)]


Current CompileTask:
C2:   2816 2528   !   4       java.net.URL::<init> (543 bytes)

Stack: [0x0000006358400000,0x0000006358500000]
Native frames: (J=compiled Java code, j=interpreted, Vv=VM code, C=native code)
V  [jvm.dll+0x5ecfaa]
V  [jvm.dll+0x722bd5]
V  [jvm.dll+0x72412d]
V  [jvm.dll+0x7247e3]
V  [jvm.dll+0x242928]
V  [jvm.dll+0xbc4fc]
V  [jvm.dll+0xbca0c]
V  [jvm.dll+0xbc608]
V  [jvm.dll+0x5cc470]
V  [jvm.dll+0x51029a]
V  [jvm.dll+0x4fcf75]
V  [jvm.dll+0x4fed2e]
V  [jvm.dll+0x4feafb]
V  [jvm.dll+0x4fea76]
V  [jvm.dll+0x4feb47]
V  [jvm.dll+0x4feb47]
V  [jvm.dll+0x4feb47]
V  [jvm.dll+0x5065f8]
V  [jvm.dll+0x203253]
V  [jvm.dll+0x1fd07c]
V  [jvm.dll+0x1fa77f]
V  [jvm.dll+0x18354c]
V  [jvm.dll+0x208ee7]
V  [jvm.dll+0x207731]
V  [jvm.dll+0x6eb1cf]
V  [jvm.dll+0x6e3d45]
V  [jvm.dll+0x5ebe96]
C  [ucrtbase.dll+0x293cc]
C  [KERNEL32.DLL+0x16ab0]
C  [ntdll.dll+0x51edb]


---------------  P R O C E S S  ---------------

Threads class SMR info:
_java_thread_list=0x0000016bff658f10, length=34, elements={
0x0000016bdff09000, 0x0000016bfb794800, 0x0000016bfb798000, 0x0000016bfb7f5800,
0x0000016bfb7f7800, 0x0000016bfb7fa000, 0x0000016bfb7fb000, 0x0000016bfb7fe000,
0x0000016bfb801000, 0x0000016bfaf2e000, 0x0000016bfb96b800, 0x0000016bfcc63800,
0x0000016bfcdcc800, 0x0000016bfde8d000, 0x0000016bfd407800, 0x0000016bfd924800,
0x0000016bfe143000, 0x0000016bfe144000, 0x0000016bfe6eb000, 0x0000016bfe6eb800,
0x0000016bfe6ec800, 0x0000016bfe3b7800, 0x0000016bfdc58000, 0x0000016bfdc5a800,
0x0000016bfdc5a000, 0x0000016bfdc5b800, 0x0000016bfdc57800, 0x0000016bfdc59000,
0x0000016bfdc5c800, 0x0000016bfdc56800, 0x0000016bff4aa800, 0x0000016bfdc5d000,
0x0000016bfe229800, 0x0000016bfe22a000
}

Java Threads: ( => current thread )
  0x0000016bdff09000 JavaThread "main" [_thread_blocked, id=36428, stack(0x0000006355100000,0x0000006355200000)]
  0x0000016bfb794800 JavaThread "Reference Handler" daemon [_thread_blocked, id=10968, stack(0x0000006355800000,0x0000006355900000)]
  0x0000016bfb798000 JavaThread "Finalizer" daemon [_thread_blocked, id=30856, stack(0x0000006355900000,0x0000006355a00000)]
  0x0000016bfb7f5800 JavaThread "Signal Dispatcher" daemon [_thread_blocked, id=22632, stack(0x0000006355a00000,0x0000006355b00000)]
  0x0000016bfb7f7800 JavaThread "Attach Listener" daemon [_thread_blocked, id=17180, stack(0x0000006355b00000,0x0000006355c00000)]
  0x0000016bfb7fa000 JavaThread "Service Thread" daemon [_thread_blocked, id=9404, stack(0x0000006355c00000,0x0000006355d00000)]
  0x0000016bfb7fb000 JavaThread "C2 CompilerThread0" daemon [_thread_in_native, id=7088, stack(0x0000006355d00000,0x0000006355e00000)]
  0x0000016bfb7fe000 JavaThread "C1 CompilerThread0" daemon [_thread_blocked, id=22280, stack(0x0000006355e00000,0x0000006355f00000)]
  0x0000016bfb801000 JavaThread "Sweeper thread" daemon [_thread_blocked, id=10648, stack(0x0000006355f00000,0x0000006356000000)]
  0x0000016bfaf2e000 JavaThread "C1 CompilerThread1" daemon [_thread_blocked, id=36120, stack(0x0000006356000000,0x0000006356100000)]
  0x0000016bfb96b800 JavaThread "Common-Cleaner" daemon [_thread_blocked, id=3296, stack(0x0000006356100000,0x0000006356200000)]
  0x0000016bfcc63800 JavaThread "C1 CompilerThread2" daemon [_thread_blocked, id=1448, stack(0x0000006356500000,0x0000006356600000)]
  0x0000016bfcdcc800 JavaThread "C1 CompilerThread3" daemon [_thread_in_native, id=28392, stack(0x0000006356a00000,0x0000006356b00000)]
  0x0000016bfde8d000 JavaThread "Daemon health stats" [_thread_blocked, id=31764, stack(0x0000006356b00000,0x0000006356c00000)]
  0x0000016bfd407800 JavaThread "Incoming local TCP Connector on port 63954" [_thread_in_native, id=27780, stack(0x0000006356300000,0x0000006356400000)]
  0x0000016bfd924800 JavaThread "Daemon periodic checks" [_thread_blocked, id=34472, stack(0x0000006356400000,0x0000006356500000)]
  0x0000016bfe143000 JavaThread "Daemon" [_thread_blocked, id=25076, stack(0x0000006356c00000,0x0000006356d00000)]
  0x0000016bfe144000 JavaThread "Handler for socket connection from /127.0.0.1:63954 to /127.0.0.1:63955" [_thread_in_native, id=33952, stack(0x0000006356d00000,0x0000006356e00000)]
  0x0000016bfe6eb000 JavaThread "Cancel handler" [_thread_blocked, id=13244, stack(0x0000006356e00000,0x0000006356f00000)]
  0x0000016bfe6eb800 JavaThread "Daemon worker" [_thread_in_vm, id=18056, stack(0x0000006356f00000,0x0000006357000000)]
  0x0000016bfe6ec800 JavaThread "C2 CompilerThread1" daemon [_thread_in_native, id=10644, stack(0x0000006357000000,0x0000006357100000)]
  0x0000016bfe3b7800 JavaThread "Asynchronous log dispatcher for DefaultDaemonConnection: socket connection from /127.0.0.1:63954 to /127.0.0.1:63955" [_thread_blocked, id=14576, stack(0x0000006357100000,0x0000006357200000)]
  0x0000016bfdc58000 JavaThread "Stdin handler" [_thread_blocked, id=14700, stack(0x0000006357200000,0x0000006357300000)]
  0x0000016bfdc5a800 JavaThread "Daemon client event forwarder" [_thread_blocked, id=34872, stack(0x0000006357300000,0x0000006357400000)]
  0x0000016bfdc5a000 JavaThread "Cache worker for file hash cache (C:\Users\TUF Gaming\.gradle\caches\7.0.2\fileHashes)" [_thread_blocked, id=13812, stack(0x0000006357400000,0x0000006357500000)]
  0x0000016bfdc5b800 JavaThread "File lock request listener" [_thread_in_native, id=27284, stack(0x0000006357500000,0x0000006357600000)]
  0x0000016bfdc57800 JavaThread "Cache worker for journal cache (C:\Users\TUF Gaming\.gradle\caches\journal-1)" [_thread_blocked, id=4488, stack(0x0000006358000000,0x0000006358100000)]
  0x0000016bfdc59000 JavaThread "Cache worker for file hash cache (D:\KULIAH\Semester 5\Rekayasa Perangkat Lunak\ParkTikomAdmin\.gradle\7.0.2\fileHashes)" [_thread_blocked, id=30672, stack(0x0000006358100000,0x0000006358200000)]
  0x0000016bfdc5c800 JavaThread "File watcher server" daemon [_thread_in_native, id=31444, stack(0x0000006358200000,0x0000006358300000)]
  0x0000016bfdc56800 JavaThread "File watcher consumer" daemon [_thread_blocked, id=28692, stack(0x0000006358300000,0x0000006358400000)]
=>0x0000016bff4aa800 JavaThread "C2 CompilerThread2" daemon [_thread_in_native, id=24788, stack(0x0000006358400000,0x0000006358500000)]
  0x0000016bfdc5d000 JavaThread "Cache worker for checksums cache (D:\KULIAH\Semester 5\Rekayasa Perangkat Lunak\ParkTikomAdmin\.gradle\checksums)" [_thread_blocked, id=34996, stack(0x0000006358500000,0x0000006358600000)]
  0x0000016bfe229800 JavaThread "Cache worker for cache directory md-supplier (C:\Users\TUF Gaming\.gradle\caches\7.0.2\md-supplier)" [_thread_blocked, id=20068, stack(0x0000006358600000,0x0000006358700000)]
  0x0000016bfe22a000 JavaThread "Cache worker for cache directory md-rule (C:\Users\TUF Gaming\.gradle\caches\7.0.2\md-rule)" [_thread_blocked, id=15624, stack(0x0000006358700000,0x0000006358800000)]

Other Threads:
  0x0000016bfb792000 VMThread "VM Thread" [stack: 0x0000006355700000,0x0000006355800000] [id=33052]
  0x0000016bfb9d7000 WatcherThread [stack: 0x0000006356200000,0x0000006356300000] [id=13276]
  0x0000016bdff21000 GCTaskThread "GC Thread#0" [stack: 0x0000006355200000,0x0000006355300000] [id=16640]
  0x0000016bfcec6000 GCTaskThread "GC Thread#1" [stack: 0x0000006356600000,0x0000006356700000] [id=36216]
  0x0000016bfc77b000 GCTaskThread "GC Thread#2" [stack: 0x0000006356700000,0x0000006356800000] [id=33696]
  0x0000016bfcf5b800 GCTaskThread "GC Thread#3" [stack: 0x0000006356800000,0x0000006356900000] [id=35712]
  0x0000016bfcf78800 GCTaskThread "GC Thread#4" [stack: 0x0000006356900000,0x0000006356a00000] [id=37268]
  0x0000016bfe7cc800 GCTaskThread "GC Thread#5" [stack: 0x0000006357600000,0x0000006357700000] [id=6532]
  0x0000016bfdbd3800 GCTaskThread "GC Thread#6" [stack: 0x0000006357700000,0x0000006357800000] [id=3100]
  0x0000016bfe466800 GCTaskThread "GC Thread#7" [stack: 0x0000006357800000,0x0000006357900000] [id=15452]
  0x0000016bfe03b800 GCTaskThread "GC Thread#8" [stack: 0x0000006357900000,0x0000006357a00000] [id=35972]
  0x0000016bfc883000 GCTaskThread "GC Thread#9" [stack: 0x0000006357a00000,0x0000006357b00000] [id=34620]
  0x0000016bfe2cc800 GCTaskThread "GC Thread#10" [stack: 0x0000006357b00000,0x0000006357c00000] [id=34452]
  0x0000016bfe9c6800 GCTaskThread "GC Thread#11" [stack: 0x0000006357c00000,0x0000006357d00000] [id=14304]
  0x0000016bfdc1e800 GCTaskThread "GC Thread#12" [stack: 0x0000006357d00000,0x0000006357e00000] [id=7748]
  0x0000016bdff55000 ConcurrentGCThread "G1 Main Marker" [stack: 0x0000006355300000,0x0000006355400000] [id=33136]
  0x0000016bdff56000 ConcurrentGCThread "G1 Conc#0" [stack: 0x0000006355400000,0x0000006355500000] [id=17616]
  0x0000016bfdc1b000 ConcurrentGCThread "G1 Conc#1" [stack: 0x0000006357e00000,0x0000006357f00000] [id=20172]
  0x0000016bfdc1d800 ConcurrentGCThread "G1 Conc#2" [stack: 0x0000006357f00000,0x0000006358000000] [id=18732]
  0x0000016bfadda800 ConcurrentGCThread "G1 Refine#0" [stack: 0x0000006355500000,0x0000006355600000] [id=25384]
  0x0000016bfaddb800 ConcurrentGCThread "G1 Young RemSet Sampling" [stack: 0x0000006355600000,0x0000006355700000] [id=18576]

Threads with active compile tasks:
C2 CompilerThread0   2828 2381       4       java.net.URLClassLoader$1::run (5 bytes)
C1 CompilerThread1   2828 2636       3       java.lang.Class::copyConstructors (38 bytes)
C2 CompilerThread1   2828 2382   !   4       java.net.URLClassLoader$1::run (63 bytes)
C2 CompilerThread2   2828 2528   !   4       java.net.URL::<init> (543 bytes)

VM state:not at safepoint (normal execution)

VM Mutex/Monitor currently owned by a thread: None

Heap address: 0x0000000080000000, size: 2048 MB, Compressed Oops mode: 32-bit
Narrow klass base: 0x0000000000000000, Narrow klass shift: 3
Compressed class space size: 1073741824 Address: 0x0000000100000000

Heap:
 garbage-first heap   total 253952K, used 67701K [0x0000000080000000, 0x0000000100000000)
  region size 1024K, 52 young (53248K), 2 survivors (2048K)
 Metaspace       used 28071K, capacity 28704K, committed 28800K, reserved 1075200K
  class space    used 3711K, capacity 3932K, committed 3968K, reserved 1048576K
Heap Regions: E=young(eden), S=young(survivor), O=old, HS=humongous(starts), HC=humongous(continues), CS=collection set, F=free, A=archive, TAMS=top-at-mark-start (previous, next)
|   0|0x0000000080000000, 0x0000000080100000, 0x0000000080100000|100%| O|  |TAMS 0x0000000080000000, 0x0000000080000000| Untracked 
|   1|0x0000000080100000, 0x0000000080200000, 0x0000000080200000|100%| O|  |TAMS 0x0000000080100000, 0x0000000080100000| Untracked 
|   2|0x0000000080200000, 0x0000000080300000, 0x0000000080300000|100%| O|  |TAMS 0x0000000080200000, 0x0000000080200000| Untracked 
|   3|0x0000000080300000, 0x0000000080400000, 0x0000000080400000|100%|HS|  |TAMS 0x0000000080400000, 0x0000000080300000| Complete 
|   4|0x0000000080400000, 0x0000000080500000, 0x0000000080500000|100%|HC|  |TAMS 0x0000000080500000, 0x0000000080400000| Complete 
|   5|0x0000000080500000, 0x0000000080600000, 0x0000000080600000|100%|HC|  |TAMS 0x0000000080600000, 0x0000000080500000| Complete 
|   6|0x0000000080600000, 0x0000000080700000, 0x0000000080700000|100%| O|  |TAMS 0x0000000080700000, 0x0000000080600000| Untracked 
|   7|0x0000000080700000, 0x0000000080800000, 0x0000000080800000|100%| O|  |TAMS 0x0000000080800000, 0x0000000080700000| Untracked 
|   8|0x0000000080800000, 0x0000000080900000, 0x0000000080900000|100%| O|  |TAMS 0x0000000080900000, 0x0000000080800000| Untracked 
|   9|0x0000000080900000, 0x0000000080a00000, 0x0000000080a00000|100%| O|  |TAMS 0x000000008090ae00, 0x0000000080900000| Untracked 
|  10|0x0000000080a00000, 0x0000000080b00000, 0x0000000080b00000|100%| O|  |TAMS 0x0000000080a00000, 0x0000000080a00000| Untracked 
|  11|0x0000000080b00000, 0x0000000080c00000, 0x0000000080c00000|100%| O|  |TAMS 0x0000000080b00000, 0x0000000080b00000| Untracked 
|  12|0x0000000080c00000, 0x0000000080d00000, 0x0000000080d00000|100%| O|  |TAMS 0x0000000080c00000, 0x0000000080c00000| Untracked 
|  13|0x0000000080d00000, 0x0000000080e00000, 0x0000000080e00000|100%| O|  |TAMS 0x0000000080d00000, 0x0000000080d00000| Untracked 
|  14|0x0000000080e00000, 0x0000000080f00000, 0x0000000080f00000|100%| O|  |TAMS 0x0000000080e00000, 0x0000000080e00000| Untracked 
|  15|0x0000000080f00000, 0x0000000080fd0a00, 0x0000000081000000| 81%| O|  |TAMS 0x0000000080f00000, 0x0000000080f00000| Untracked 
|  16|0x0000000081000000, 0x0000000081000000, 0x0000000081100000|  0%| F|  |TAMS 0x0000000081000000, 0x0000000081000000| Untracked 
|  17|0x0000000081100000, 0x0000000081100000, 0x0000000081200000|  0%| F|  |TAMS 0x0000000081100000, 0x0000000081100000| Untracked 
|  18|0x0000000081200000, 0x0000000081200000, 0x0000000081300000|  0%| F|  |TAMS 0x0000000081200000, 0x0000000081200000| Untracked 
|  19|0x0000000081300000, 0x0000000081300000, 0x0000000081400000|  0%| F|  |TAMS 0x0000000081300000, 0x0000000081300000| Untracked 
|  20|0x0000000081400000, 0x0000000081400000, 0x0000000081500000|  0%| F|  |TAMS 0x0000000081400000, 0x0000000081400000| Untracked 
|  21|0x0000000081500000, 0x0000000081500000, 0x0000000081600000|  0%| F|  |TAMS 0x0000000081500000, 0x0000000081500000| Untracked 
|  22|0x0000000081600000, 0x0000000081600000, 0x0000000081700000|  0%| F|  |TAMS 0x0000000081600000, 0x0000000081600000| Untracked 
|  23|0x0000000081700000, 0x0000000081700000, 0x0000000081800000|  0%| F|  |TAMS 0x0000000081700000, 0x0000000081700000| Untracked 
|  24|0x0000000081800000, 0x0000000081800000, 0x0000000081900000|  0%| F|  |TAMS 0x0000000081800000, 0x0000000081800000| Untracked 
|  25|0x0000000081900000, 0x0000000081900000, 0x0000000081a00000|  0%| F|  |TAMS 0x0000000081900000, 0x0000000081900000| Untracked 
|  26|0x0000000081a00000, 0x0000000081a00000, 0x0000000081b00000|  0%| F|  |TAMS 0x0000000081a00000, 0x0000000081a00000| Untracked 
|  27|0x0000000081b00000, 0x0000000081b00000, 0x0000000081c00000|  0%| F|  |TAMS 0x0000000081b00000, 0x0000000081b00000| Untracked 
|  28|0x0000000081c00000, 0x0000000081c00000, 0x0000000081d00000|  0%| F|  |TAMS 0x0000000081c00000, 0x0000000081c00000| Untracked 
|  29|0x0000000081d00000, 0x0000000081d00000, 0x0000000081e00000|  0%| F|  |TAMS 0x0000000081d00000, 0x0000000081d00000| Untracked 
|  30|0x0000000081e00000, 0x0000000081e00000, 0x0000000081f00000|  0%| F|  |TAMS 0x0000000081e00000, 0x0000000081e00000| Untracked 
|  31|0x0000000081f00000, 0x0000000081f00000, 0x0000000082000000|  0%| F|  |TAMS 0x0000000081f00000, 0x0000000081f00000| Untracked 
|  32|0x0000000082000000, 0x0000000082000000, 0x0000000082100000|  0%| F|  |TAMS 0x0000000082000000, 0x0000000082000000| Untracked 
|  33|0x0000000082100000, 0x0000000082100000, 0x0000000082200000|  0%| F|  |TAMS 0x0000000082100000, 0x0000000082100000| Untracked 
|  34|0x0000000082200000, 0x0000000082200000, 0x0000000082300000|  0%| F|  |TAMS 0x0000000082200000, 0x0000000082200000| Untracked 
|  35|0x0000000082300000, 0x0000000082300000, 0x0000000082400000|  0%| F|  |TAMS 0x0000000082300000, 0x0000000082300000| Untracked 
|  36|0x0000000082400000, 0x0000000082400000, 0x0000000082500000|  0%| F|  |TAMS 0x0000000082400000, 0x0000000082400000| Untracked 
|  37|0x0000000082500000, 0x0000000082500000, 0x0000000082600000|  0%| F|  |TAMS 0x0000000082500000, 0x0000000082500000| Untracked 
|  38|0x0000000082600000, 0x0000000082600000, 0x0000000082700000|  0%| F|  |TAMS 0x0000000082600000, 0x0000000082600000| Untracked 
|  39|0x0000000082700000, 0x0000000082700000, 0x0000000082800000|  0%| F|  |TAMS 0x0000000082700000, 0x0000000082700000| Untracked 
|  40|0x0000000082800000, 0x0000000082800000, 0x0000000082900000|  0%| F|  |TAMS 0x0000000082800000, 0x0000000082800000| Untracked 
|  41|0x0000000082900000, 0x0000000082900000, 0x0000000082a00000|  0%| F|  |TAMS 0x0000000082900000, 0x0000000082900000| Untracked 
|  42|0x0000000082a00000, 0x0000000082a00000, 0x0000000082b00000|  0%| F|  |TAMS 0x0000000082a00000, 0x0000000082a00000| Untracked 
|  43|0x0000000082b00000, 0x0000000082b00000, 0x0000000082c00000|  0%| F|  |TAMS 0x0000000082b00000, 0x0000000082b00000| Untracked 
|  44|0x0000000082c00000, 0x0000000082c00000, 0x0000000082d00000|  0%| F|  |TAMS 0x0000000082c00000, 0x0000000082c00000| Untracked 
|  45|0x0000000082d00000, 0x0000000082d00000, 0x0000000082e00000|  0%| F|  |TAMS 0x0000000082d00000, 0x0000000082d00000| Untracked 
|  46|0x0000000082e00000, 0x0000000082e00000, 0x0000000082f00000|  0%| F|  |TAMS 0x0000000082e00000, 0x0000000082e00000| Untracked 
|  47|0x0000000082f00000, 0x0000000082f00000, 0x0000000083000000|  0%| F|  |TAMS 0x0000000082f00000, 0x0000000082f00000| Untracked 
|  48|0x0000000083000000, 0x0000000083000000, 0x0000000083100000|  0%| F|  |TAMS 0x0000000083000000, 0x0000000083000000| Untracked 
|  49|0x0000000083100000, 0x0000000083100000, 0x0000000083200000|  0%| F|  |TAMS 0x0000000083100000, 0x0000000083100000| Untracked 
|  50|0x0000000083200000, 0x0000000083200000, 0x0000000083300000|  0%| F|  |TAMS 0x0000000083200000, 0x0000000083200000| Untracked 
|  51|0x0000000083300000, 0x0000000083300000, 0x0000000083400000|  0%| F|  |TAMS 0x0000000083300000, 0x0000000083300000| Untracked 
|  52|0x0000000083400000, 0x0000000083400000, 0x0000000083500000|  0%| F|  |TAMS 0x0000000083400000, 0x0000000083400000| Untracked 
|  53|0x0000000083500000, 0x0000000083500000, 0x0000000083600000|  0%| F|  |TAMS 0x0000000083500000, 0x0000000083500000| Untracked 
|  54|0x0000000083600000, 0x0000000083600000, 0x0000000083700000|  0%| F|  |TAMS 0x0000000083600000, 0x0000000083600000| Untracked 
|  55|0x0000000083700000, 0x0000000083700000, 0x0000000083800000|  0%| F|  |TAMS 0x0000000083700000, 0x0000000083700000| Untracked 
|  56|0x0000000083800000, 0x0000000083800000, 0x0000000083900000|  0%| F|  |TAMS 0x0000000083800000, 0x0000000083800000| Untracked 
|  57|0x0000000083900000, 0x0000000083900000, 0x0000000083a00000|  0%| F|  |TAMS 0x0000000083900000, 0x0000000083900000| Untracked 
|  58|0x0000000083a00000, 0x0000000083a00000, 0x0000000083b00000|  0%| F|  |TAMS 0x0000000083a00000, 0x0000000083a00000| Untracked 
|  59|0x0000000083b00000, 0x0000000083b00000, 0x0000000083c00000|  0%| F|  |TAMS 0x0000000083b00000, 0x0000000083b00000| Untracked 
|  60|0x0000000083c00000, 0x0000000083c00000, 0x0000000083d00000|  0%| F|  |TAMS 0x0000000083c00000, 0x0000000083c00000| Untracked 
|  61|0x0000000083d00000, 0x0000000083d00000, 0x0000000083e00000|  0%| F|  |TAMS 0x0000000083d00000, 0x0000000083d00000| Untracked 
|  62|0x0000000083e00000, 0x0000000083e00000, 0x0000000083f00000|  0%| F|  |TAMS 0x0000000083e00000, 0x0000000083e00000| Untracked 
|  63|0x0000000083f00000, 0x0000000083f00000, 0x0000000084000000|  0%| F|  |TAMS 0x0000000083f00000, 0x0000000083f00000| Untracked 
|  64|0x0000000084000000, 0x0000000084000000, 0x0000000084100000|  0%| F|  |TAMS 0x0000000084000000, 0x0000000084000000| Untracked 
|  65|0x0000000084100000, 0x0000000084100000, 0x0000000084200000|  0%| F|  |TAMS 0x0000000084100000, 0x0000000084100000| Untracked 
|  66|0x0000000084200000, 0x0000000084200000, 0x0000000084300000|  0%| F|  |TAMS 0x0000000084200000, 0x0000000084200000| Untracked 
|  67|0x0000000084300000, 0x0000000084300000, 0x0000000084400000|  0%| F|  |TAMS 0x0000000084300000, 0x0000000084300000| Untracked 
|  68|0x0000000084400000, 0x0000000084400000, 0x0000000084500000|  0%| F|  |TAMS 0x0000000084400000, 0x0000000084400000| Untracked 
|  69|0x0000000084500000, 0x0000000084500000, 0x0000000084600000|  0%| F|  |TAMS 0x0000000084500000, 0x0000000084500000| Untracked 
|  70|0x0000000084600000, 0x0000000084600000, 0x0000000084700000|  0%| F|  |TAMS 0x0000000084600000, 0x0000000084600000| Untracked 
|  71|0x0000000084700000, 0x0000000084700000, 0x0000000084800000|  0%| F|  |TAMS 0x0000000084700000, 0x0000000084700000| Untracked 
|  72|0x0000000084800000, 0x0000000084800000, 0x0000000084900000|  0%| F|  |TAMS 0x0000000084800000, 0x0000000084800000| Untracked 
|  73|0x0000000084900000, 0x0000000084900000, 0x0000000084a00000|  0%| F|  |TAMS 0x0000000084900000, 0x0000000084900000| Untracked 
|  74|0x0000000084a00000, 0x0000000084a00000, 0x0000000084b00000|  0%| F|  |TAMS 0x0000000084a00000, 0x0000000084a00000| Untracked 
|  75|0x0000000084b00000, 0x0000000084b00000, 0x0000000084c00000|  0%| F|  |TAMS 0x0000000084b00000, 0x0000000084b00000| Untracked 
|  76|0x0000000084c00000, 0x0000000084c00000, 0x0000000084d00000|  0%| F|  |TAMS 0x0000000084c00000, 0x0000000084c00000| Untracked 
|  77|0x0000000084d00000, 0x0000000084d00000, 0x0000000084e00000|  0%| F|  |TAMS 0x0000000084d00000, 0x0000000084d00000| Untracked 
|  78|0x0000000084e00000, 0x0000000084e00000, 0x0000000084f00000|  0%| F|  |TAMS 0x0000000084e00000, 0x0000000084e00000| Untracked 
|  79|0x0000000084f00000, 0x0000000084f00000, 0x0000000085000000|  0%| F|  |TAMS 0x0000000084f00000, 0x0000000084f00000| Untracked 
|  80|0x0000000085000000, 0x0000000085000000, 0x0000000085100000|  0%| F|  |TAMS 0x0000000085000000, 0x0000000085000000| Untracked 
|  81|0x0000000085100000, 0x0000000085100000, 0x0000000085200000|  0%| F|  |TAMS 0x0000000085100000, 0x0000000085100000| Untracked 
|  82|0x0000000085200000, 0x0000000085200000, 0x0000000085300000|  0%| F|  |TAMS 0x0000000085200000, 0x0000000085200000| Untracked 
|  83|0x0000000085300000, 0x0000000085300000, 0x0000000085400000|  0%| F|  |TAMS 0x0000000085300000, 0x0000000085300000| Untracked 
|  84|0x0000000085400000, 0x0000000085400000, 0x0000000085500000|  0%| F|  |TAMS 0x0000000085400000, 0x0000000085400000| Untracked 
|  85|0x0000000085500000, 0x0000000085500000, 0x0000000085600000|  0%| F|  |TAMS 0x0000000085500000, 0x0000000085500000| Untracked 
|  86|0x0000000085600000, 0x0000000085600000, 0x0000000085700000|  0%| F|  |TAMS 0x0000000085600000, 0x0000000085600000| Untracked 
|  87|0x0000000085700000, 0x0000000085700000, 0x0000000085800000|  0%| F|  |TAMS 0x0000000085700000, 0x0000000085700000| Untracked 
|  88|0x0000000085800000, 0x0000000085800000, 0x0000000085900000|  0%| F|  |TAMS 0x0000000085800000, 0x0000000085800000| Untracked 
|  89|0x0000000085900000, 0x0000000085900000, 0x0000000085a00000|  0%| F|  |TAMS 0x0000000085900000, 0x0000000085900000| Untracked 
|  90|0x0000000085a00000, 0x0000000085a00000, 0x0000000085b00000|  0%| F|  |TAMS 0x0000000085a00000, 0x0000000085a00000| Untracked 
|  91|0x0000000085b00000, 0x0000000085b00000, 0x0000000085c00000|  0%| F|  |TAMS 0x0000000085b00000, 0x0000000085b00000| Untracked 
|  92|0x0000000085c00000, 0x0000000085c00000, 0x0000000085d00000|  0%| F|  |TAMS 0x0000000085c00000, 0x0000000085c00000| Untracked 
|  93|0x0000000085d00000, 0x0000000085d00000, 0x0000000085e00000|  0%| F|  |TAMS 0x0000000085d00000, 0x0000000085d00000| Untracked 
|  94|0x0000000085e00000, 0x0000000085e00000, 0x0000000085f00000|  0%| F|  |TAMS 0x0000000085e00000, 0x0000000085e00000| Untracked 
|  95|0x0000000085f00000, 0x0000000085f00000, 0x0000000086000000|  0%| F|  |TAMS 0x0000000085f00000, 0x0000000085f00000| Untracked 
|  96|0x0000000086000000, 0x0000000086000000, 0x0000000086100000|  0%| F|  |TAMS 0x0000000086000000, 0x0000000086000000| Untracked 
|  97|0x0000000086100000, 0x0000000086100000, 0x0000000086200000|  0%| F|  |TAMS 0x0000000086100000, 0x0000000086100000| Untracked 
|  98|0x0000000086200000, 0x0000000086200000, 0x0000000086300000|  0%| F|  |TAMS 0x0000000086200000, 0x0000000086200000| Untracked 
|  99|0x0000000086300000, 0x0000000086300000, 0x0000000086400000|  0%| F|  |TAMS 0x0000000086300000, 0x0000000086300000| Untracked 
| 100|0x0000000086400000, 0x0000000086400000, 0x0000000086500000|  0%| F|  |TAMS 0x0000000086400000, 0x0000000086400000| Untracked 
| 101|0x0000000086500000, 0x0000000086500000, 0x0000000086600000|  0%| F|  |TAMS 0x0000000086500000, 0x0000000086500000| Untracked 
| 102|0x0000000086600000, 0x0000000086600000, 0x0000000086700000|  0%| F|  |TAMS 0x0000000086600000, 0x0000000086600000| Untracked 
| 103|0x0000000086700000, 0x0000000086700000, 0x0000000086800000|  0%| F|  |TAMS 0x0000000086700000, 0x0000000086700000| Untracked 
| 104|0x0000000086800000, 0x0000000086800000, 0x0000000086900000|  0%| F|  |TAMS 0x0000000086800000, 0x0000000086800000| Untracked 
| 105|0x0000000086900000, 0x0000000086900000, 0x0000000086a00000|  0%| F|  |TAMS 0x0000000086900000, 0x0000000086900000| Untracked 
| 106|0x0000000086a00000, 0x0000000086a00000, 0x0000000086b00000|  0%| F|  |TAMS 0x0000000086a00000, 0x0000000086a00000| Untracked 
| 107|0x0000000086b00000, 0x0000000086b00000, 0x0000000086c00000|  0%| F|  |TAMS 0x0000000086b00000, 0x0000000086b00000| Untracked 
| 108|0x0000000086c00000, 0x0000000086c00000, 0x0000000086d00000|  0%| F|  |TAMS 0x0000000086c00000, 0x0000000086c00000| Untracked 
| 109|0x0000000086d00000, 0x0000000086d00000, 0x0000000086e00000|  0%| F|  |TAMS 0x0000000086d00000, 0x0000000086d00000| Untracked 
| 110|0x0000000086e00000, 0x0000000086e00000, 0x0000000086f00000|  0%| F|  |TAMS 0x0000000086e00000, 0x0000000086e00000| Untracked 
| 111|0x0000000086f00000, 0x0000000086f00000, 0x0000000087000000|  0%| F|  |TAMS 0x0000000086f00000, 0x0000000086f00000| Untracked 
| 112|0x0000000087000000, 0x0000000087000000, 0x0000000087100000|  0%| F|  |TAMS 0x0000000087000000, 0x0000000087000000| Untracked 
| 113|0x0000000087100000, 0x0000000087100000, 0x0000000087200000|  0%| F|  |TAMS 0x0000000087100000, 0x0000000087100000| Untracked 
| 114|0x0000000087200000, 0x0000000087200000, 0x0000000087300000|  0%| F|  |TAMS 0x0000000087200000, 0x0000000087200000| Untracked 
| 115|0x0000000087300000, 0x0000000087300000, 0x0000000087400000|  0%| F|  |TAMS 0x0000000087300000, 0x0000000087300000| Untracked 
| 116|0x0000000087400000, 0x0000000087400000, 0x0000000087500000|  0%| F|  |TAMS 0x0000000087400000, 0x0000000087400000| Untracked 
| 117|0x0000000087500000, 0x0000000087500000, 0x0000000087600000|  0%| F|  |TAMS 0x0000000087500000, 0x0000000087500000| Untracked 
| 118|0x0000000087600000, 0x0000000087600000, 0x0000000087700000|  0%| F|  |TAMS 0x0000000087600000, 0x0000000087600000| Untracked 
| 119|0x0000000087700000, 0x0000000087700000, 0x0000000087800000|  0%| F|  |TAMS 0x0000000087700000, 0x0000000087700000| Untracked 
| 120|0x0000000087800000, 0x0000000087800000, 0x0000000087900000|  0%| F|  |TAMS 0x0000000087800000, 0x0000000087800000| Untracked 
| 121|0x0000000087900000, 0x0000000087900000, 0x0000000087a00000|  0%| F|  |TAMS 0x0000000087900000, 0x0000000087900000| Untracked 
| 122|0x0000000087a00000, 0x0000000087a00000, 0x0000000087b00000|  0%| F|  |TAMS 0x0000000087a00000, 0x0000000087a00000| Untracked 
| 123|0x0000000087b00000, 0x0000000087b00000, 0x0000000087c00000|  0%| F|  |TAMS 0x0000000087b00000, 0x0000000087b00000| Untracked 
| 124|0x0000000087c00000, 0x0000000087c00000, 0x0000000087d00000|  0%| F|  |TAMS 0x0000000087c00000, 0x0000000087c00000| Untracked 
| 125|0x0000000087d00000, 0x0000000087d00000, 0x0000000087e00000|  0%| F|  |TAMS 0x0000000087d00000, 0x0000000087d00000| Untracked 
| 126|0x0000000087e00000, 0x0000000087e00000, 0x0000000087f00000|  0%| F|  |TAMS 0x0000000087e00000, 0x0000000087e00000| Untracked 
| 127|0x0000000087f00000, 0x0000000087f00000, 0x0000000088000000|  0%| F|  |TAMS 0x0000000087f00000, 0x0000000087f00000| Untracked 
| 128|0x0000000088000000, 0x0000000088000000, 0x0000000088100000|  0%| F|  |TAMS 0x0000000088000000, 0x0000000088000000| Untracked 
| 129|0x0000000088100000, 0x0000000088100000, 0x0000000088200000|  0%| F|  |TAMS 0x0000000088100000, 0x0000000088100000| Untracked 
| 130|0x0000000088200000, 0x0000000088200000, 0x0000000088300000|  0%| F|  |TAMS 0x0000000088200000, 0x0000000088200000| Untracked 
| 131|0x0000000088300000, 0x0000000088300000, 0x0000000088400000|  0%| F|  |TAMS 0x0000000088300000, 0x0000000088300000| Untracked 
| 132|0x0000000088400000, 0x0000000088400000, 0x0000000088500000|  0%| F|  |TAMS 0x0000000088400000, 0x0000000088400000| Untracked 
| 133|0x0000000088500000, 0x0000000088500000, 0x0000000088600000|  0%| F|  |TAMS 0x0000000088500000, 0x0000000088500000| Untracked 
| 134|0x0000000088600000, 0x0000000088600000, 0x0000000088700000|  0%| F|  |TAMS 0x0000000088600000, 0x0000000088600000| Untracked 
| 135|0x0000000088700000, 0x0000000088700000, 0x0000000088800000|  0%| F|  |TAMS 0x0000000088700000, 0x0000000088700000| Untracked 
| 136|0x0000000088800000, 0x0000000088800000, 0x0000000088900000|  0%| F|  |TAMS 0x0000000088800000, 0x0000000088800000| Untracked 
| 137|0x0000000088900000, 0x0000000088900000, 0x0000000088a00000|  0%| F|  |TAMS 0x0000000088900000, 0x0000000088900000| Untracked 
| 138|0x0000000088a00000, 0x0000000088a00000, 0x0000000088b00000|  0%| F|  |TAMS 0x0000000088a00000, 0x0000000088a00000| Untracked 
| 139|0x0000000088b00000, 0x0000000088b00000, 0x0000000088c00000|  0%| F|  |TAMS 0x0000000088b00000, 0x0000000088b00000| Untracked 
| 140|0x0000000088c00000, 0x0000000088c00000, 0x0000000088d00000|  0%| F|  |TAMS 0x0000000088c00000, 0x0000000088c00000| Untracked 
| 141|0x0000000088d00000, 0x0000000088d00000, 0x0000000088e00000|  0%| F|  |TAMS 0x0000000088d00000, 0x0000000088d00000| Untracked 
| 142|0x0000000088e00000, 0x0000000088e00000, 0x0000000088f00000|  0%| F|  |TAMS 0x0000000088e00000, 0x0000000088e00000| Untracked 
| 143|0x0000000088f00000, 0x0000000088f00000, 0x0000000089000000|  0%| F|  |TAMS 0x0000000088f00000, 0x0000000088f00000| Untracked 
| 144|0x0000000089000000, 0x0000000089000000, 0x0000000089100000|  0%| F|  |TAMS 0x0000000089000000, 0x0000000089000000| Untracked 
| 145|0x0000000089100000, 0x0000000089100000, 0x0000000089200000|  0%| F|  |TAMS 0x0000000089100000, 0x0000000089100000| Untracked 
| 146|0x0000000089200000, 0x0000000089200000, 0x0000000089300000|  0%| F|  |TAMS 0x0000000089200000, 0x0000000089200000| Untracked 
| 147|0x0000000089300000, 0x0000000089300000, 0x0000000089400000|  0%| F|  |TAMS 0x0000000089300000, 0x0000000089300000| Untracked 
| 148|0x0000000089400000, 0x0000000089400000, 0x0000000089500000|  0%| F|  |TAMS 0x0000000089400000, 0x0000000089400000| Untracked 
| 149|0x0000000089500000, 0x0000000089500000, 0x0000000089600000|  0%| F|  |TAMS 0x0000000089500000, 0x0000000089500000| Untracked 
| 150|0x0000000089600000, 0x0000000089600000, 0x0000000089700000|  0%| F|  |TAMS 0x0000000089600000, 0x0000000089600000| Untracked 
| 151|0x0000000089700000, 0x0000000089700000, 0x0000000089800000|  0%| F|  |TAMS 0x0000000089700000, 0x0000000089700000| Untracked 
| 152|0x0000000089800000, 0x0000000089800000, 0x0000000089900000|  0%| F|  |TAMS 0x0000000089800000, 0x0000000089800000| Untracked 
| 153|0x0000000089900000, 0x0000000089900000, 0x0000000089a00000|  0%| F|  |TAMS 0x0000000089900000, 0x0000000089900000| Untracked 
| 154|0x0000000089a00000, 0x0000000089a00000, 0x0000000089b00000|  0%| F|  |TAMS 0x0000000089a00000, 0x0000000089a00000| Untracked 
| 155|0x0000000089b00000, 0x0000000089b00000, 0x0000000089c00000|  0%| F|  |TAMS 0x0000000089b00000, 0x0000000089b00000| Untracked 
| 156|0x0000000089c00000, 0x0000000089c00000, 0x0000000089d00000|  0%| F|  |TAMS 0x0000000089c00000, 0x0000000089c00000| Untracked 
| 157|0x0000000089d00000, 0x0000000089d00000, 0x0000000089e00000|  0%| F|  |TAMS 0x0000000089d00000, 0x0000000089d00000| Untracked 
| 158|0x0000000089e00000, 0x0000000089e00000, 0x0000000089f00000|  0%| F|  |TAMS 0x0000000089e00000, 0x0000000089e00000| Untracked 
| 159|0x0000000089f00000, 0x0000000089f00000, 0x000000008a000000|  0%| F|  |TAMS 0x0000000089f00000, 0x0000000089f00000| Untracked 
| 160|0x000000008a000000, 0x000000008a000000, 0x000000008a100000|  0%| F|  |TAMS 0x000000008a000000, 0x000000008a000000| Untracked 
| 161|0x000000008a100000, 0x000000008a100000, 0x000000008a200000|  0%| F|  |TAMS 0x000000008a100000, 0x000000008a100000| Untracked 
| 162|0x000000008a200000, 0x000000008a200000, 0x000000008a300000|  0%| F|  |TAMS 0x000000008a200000, 0x000000008a200000| Untracked 
| 163|0x000000008a300000, 0x000000008a300000, 0x000000008a400000|  0%| F|  |TAMS 0x000000008a300000, 0x000000008a300000| Untracked 
| 164|0x000000008a400000, 0x000000008a400000, 0x000000008a500000|  0%| F|  |TAMS 0x000000008a400000, 0x000000008a400000| Untracked 
| 165|0x000000008a500000, 0x000000008a500000, 0x000000008a600000|  0%| F|  |TAMS 0x000000008a500000, 0x000000008a500000| Untracked 
| 166|0x000000008a600000, 0x000000008a600000, 0x000000008a700000|  0%| F|  |TAMS 0x000000008a600000, 0x000000008a600000| Untracked 
| 167|0x000000008a700000, 0x000000008a700000, 0x000000008a800000|  0%| F|  |TAMS 0x000000008a700000, 0x000000008a700000| Untracked 
| 168|0x000000008a800000, 0x000000008a800000, 0x000000008a900000|  0%| F|  |TAMS 0x000000008a800000, 0x000000008a800000| Untracked 
| 169|0x000000008a900000, 0x000000008a900000, 0x000000008aa00000|  0%| F|  |TAMS 0x000000008a900000, 0x000000008a900000| Untracked 
| 170|0x000000008aa00000, 0x000000008aa00000, 0x000000008ab00000|  0%| F|  |TAMS 0x000000008aa00000, 0x000000008aa00000| Untracked 
| 171|0x000000008ab00000, 0x000000008ab00000, 0x000000008ac00000|  0%| F|  |TAMS 0x000000008ab00000, 0x000000008ab00000| Untracked 
| 172|0x000000008ac00000, 0x000000008ac00000, 0x000000008ad00000|  0%| F|  |TAMS 0x000000008ac00000, 0x000000008ac00000| Untracked 
| 173|0x000000008ad00000, 0x000000008ad00000, 0x000000008ae00000|  0%| F|  |TAMS 0x000000008ad00000, 0x000000008ad00000| Untracked 
| 174|0x000000008ae00000, 0x000000008ae00000, 0x000000008af00000|  0%| F|  |TAMS 0x000000008ae00000, 0x000000008ae00000| Untracked 
| 175|0x000000008af00000, 0x000000008af00000, 0x000000008b000000|  0%| F|  |TAMS 0x000000008af00000, 0x000000008af00000| Untracked 
| 176|0x000000008b000000, 0x000000008b000000, 0x000000008b100000|  0%| F|  |TAMS 0x000000008b000000, 0x000000008b000000| Untracked 
| 177|0x000000008b100000, 0x000000008b100000, 0x000000008b200000|  0%| F|  |TAMS 0x000000008b100000, 0x000000008b100000| Untracked 
| 178|0x000000008b200000, 0x000000008b200000, 0x000000008b300000|  0%| F|  |TAMS 0x000000008b200000, 0x000000008b200000| Untracked 
| 179|0x000000008b300000, 0x000000008b300000, 0x000000008b400000|  0%| F|  |TAMS 0x000000008b300000, 0x000000008b300000| Untracked 
| 180|0x000000008b400000, 0x000000008b400000, 0x000000008b500000|  0%| F|  |TAMS 0x000000008b400000, 0x000000008b400000| Untracked 
| 181|0x000000008b500000, 0x000000008b500000, 0x000000008b600000|  0%| F|  |TAMS 0x000000008b500000, 0x000000008b500000| Untracked 
| 182|0x000000008b600000, 0x000000008b600000, 0x000000008b700000|  0%| F|  |TAMS 0x000000008b600000, 0x000000008b600000| Untracked 
| 183|0x000000008b700000, 0x000000008b700000, 0x000000008b800000|  0%| F|  |TAMS 0x000000008b700000, 0x000000008b700000| Untracked 
| 184|0x000000008b800000, 0x000000008b800000, 0x000000008b900000|  0%| F|  |TAMS 0x000000008b800000, 0x000000008b800000| Untracked 
| 185|0x000000008b900000, 0x000000008b900000, 0x000000008ba00000|  0%| F|  |TAMS 0x000000008b900000, 0x000000008b900000| Untracked 
| 186|0x000000008ba00000, 0x000000008ba00000, 0x000000008bb00000|  0%| F|  |TAMS 0x000000008ba00000, 0x000000008ba00000| Untracked 
| 187|0x000000008bb00000, 0x000000008bb00000, 0x000000008bc00000|  0%| F|  |TAMS 0x000000008bb00000, 0x000000008bb00000| Untracked 
| 188|0x000000008bc00000, 0x000000008bc00000, 0x000000008bd00000|  0%| F|  |TAMS 0x000000008bc00000, 0x000000008bc00000| Untracked 
| 189|0x000000008bd00000, 0x000000008bd00000, 0x000000008be00000|  0%| F|  |TAMS 0x000000008bd00000, 0x000000008bd00000| Untracked 
| 190|0x000000008be00000, 0x000000008be00000, 0x000000008bf00000|  0%| F|  |TAMS 0x000000008be00000, 0x000000008be00000| Untracked 
| 191|0x000000008bf00000, 0x000000008bf00000, 0x000000008c000000|  0%| F|  |TAMS 0x000000008bf00000, 0x000000008bf00000| Untracked 
| 192|0x000000008c000000, 0x000000008c000000, 0x000000008c100000|  0%| F|  |TAMS 0x000000008c000000, 0x000000008c000000| Untracked 
| 193|0x000000008c100000, 0x000000008c100000, 0x000000008c200000|  0%| F|  |TAMS 0x000000008c100000, 0x000000008c100000| Untracked 
| 194|0x000000008c200000, 0x000000008c200000, 0x000000008c300000|  0%| F|  |TAMS 0x000000008c200000, 0x000000008c200000| Untracked 
| 195|0x000000008c300000, 0x000000008c380800, 0x000000008c400000| 50%| E|  |TAMS 0x000000008c300000, 0x000000008c300000| Complete 
| 196|0x000000008c400000, 0x000000008c500000, 0x000000008c500000|100%| E|CS|TAMS 0x000000008c400000, 0x000000008c400000| Complete 
| 197|0x000000008c500000, 0x000000008c600000, 0x000000008c600000|100%| E|CS|TAMS 0x000000008c500000, 0x000000008c500000| Complete 
| 198|0x000000008c600000, 0x000000008c700000, 0x000000008c700000|100%| E|CS|TAMS 0x000000008c600000, 0x000000008c600000| Complete 
| 199|0x000000008c700000, 0x000000008c800000, 0x000000008c800000|100%| E|CS|TAMS 0x000000008c700000, 0x000000008c700000| Complete 
| 200|0x000000008c800000, 0x000000008c900000, 0x000000008c900000|100%| E|CS|TAMS 0x000000008c800000, 0x000000008c800000| Complete 
| 201|0x000000008c900000, 0x000000008ca00000, 0x000000008ca00000|100%| E|CS|TAMS 0x000000008c900000, 0x000000008c900000| Complete 
| 202|0x000000008ca00000, 0x000000008cb00000, 0x000000008cb00000|100%| E|CS|TAMS 0x000000008ca00000, 0x000000008ca00000| Complete 
| 203|0x000000008cb00000, 0x000000008cc00000, 0x000000008cc00000|100%| E|CS|TAMS 0x000000008cb00000, 0x000000008cb00000| Complete 
| 204|0x000000008cc00000, 0x000000008cd00000, 0x000000008cd00000|100%| E|CS|TAMS 0x000000008cc00000, 0x000000008cc00000| Complete 
| 205|0x000000008cd00000, 0x000000008ce00000, 0x000000008ce00000|100%| E|CS|TAMS 0x000000008cd00000, 0x000000008cd00000| Complete 
| 206|0x000000008ce00000, 0x000000008cf00000, 0x000000008cf00000|100%| E|CS|TAMS 0x000000008ce00000, 0x000000008ce00000| Complete 
| 207|0x000000008cf00000, 0x000000008d000000, 0x000000008d000000|100%| E|CS|TAMS 0x000000008cf00000, 0x000000008cf00000| Complete 
| 208|0x000000008d000000, 0x000000008d100000, 0x000000008d100000|100%| E|CS|TAMS 0x000000008d000000, 0x000000008d000000| Complete 
| 209|0x000000008d100000, 0x000000008d200000, 0x000000008d200000|100%| E|CS|TAMS 0x000000008d100000, 0x000000008d100000| Complete 
| 210|0x000000008d200000, 0x000000008d300000, 0x000000008d300000|100%| E|CS|TAMS 0x000000008d200000, 0x000000008d200000| Complete 
| 211|0x000000008d300000, 0x000000008d400000, 0x000000008d400000|100%| E|CS|TAMS 0x000000008d300000, 0x000000008d300000| Complete 
| 212|0x000000008d400000, 0x000000008d500000, 0x000000008d500000|100%| E|CS|TAMS 0x000000008d400000, 0x000000008d400000| Complete 
| 213|0x000000008d500000, 0x000000008d600000, 0x000000008d600000|100%| E|CS|TAMS 0x000000008d500000, 0x000000008d500000| Complete 
| 214|0x000000008d600000, 0x000000008d700000, 0x000000008d700000|100%| E|CS|TAMS 0x000000008d600000, 0x000000008d600000| Complete 
| 215|0x000000008d700000, 0x000000008d800000, 0x000000008d800000|100%| E|CS|TAMS 0x000000008d700000, 0x000000008d700000| Complete 
| 216|0x000000008d800000, 0x000000008d900000, 0x000000008d900000|100%| E|CS|TAMS 0x000000008d800000, 0x000000008d800000| Complete 
| 217|0x000000008d900000, 0x000000008da00000, 0x000000008da00000|100%| E|CS|TAMS 0x000000008d900000, 0x000000008d900000| Complete 
| 218|0x000000008da00000, 0x000000008db00000, 0x000000008db00000|100%| E|CS|TAMS 0x000000008da00000, 0x000000008da00000| Complete 
| 219|0x000000008db00000, 0x000000008db4cbf8, 0x000000008dc00000| 29%| S|CS|TAMS 0x000000008db00000, 0x000000008db00000| Complete 
| 220|0x000000008dc00000, 0x000000008dd00000, 0x000000008dd00000|100%| S|CS|TAMS 0x000000008dc00000, 0x000000008dc00000| Complete 
| 221|0x000000008dd00000, 0x000000008de00000, 0x000000008de00000|100%| E|CS|TAMS 0x000000008dd00000, 0x000000008dd00000| Complete 
| 222|0x000000008de00000, 0x000000008df00000, 0x000000008df00000|100%| E|CS|TAMS 0x000000008de00000, 0x000000008de00000| Complete 
| 223|0x000000008df00000, 0x000000008e000000, 0x000000008e000000|100%| E|CS|TAMS 0x000000008df00000, 0x000000008df00000| Complete 
| 224|0x000000008e000000, 0x000000008e100000, 0x000000008e100000|100%| E|CS|TAMS 0x000000008e000000, 0x000000008e000000| Complete 
| 225|0x000000008e100000, 0x000000008e200000, 0x000000008e200000|100%| E|CS|TAMS 0x000000008e100000, 0x000000008e100000| Complete 
| 226|0x000000008e200000, 0x000000008e300000, 0x000000008e300000|100%| E|CS|TAMS 0x000000008e200000, 0x000000008e200000| Complete 
| 227|0x000000008e300000, 0x000000008e400000, 0x000000008e400000|100%| E|CS|TAMS 0x000000008e300000, 0x000000008e300000| Complete 
| 228|0x000000008e400000, 0x000000008e500000, 0x000000008e500000|100%| E|CS|TAMS 0x000000008e400000, 0x000000008e400000| Complete 
| 229|0x000000008e500000, 0x000000008e600000, 0x000000008e600000|100%| E|CS|TAMS 0x000000008e500000, 0x000000008e500000| Complete 
| 230|0x000000008e600000, 0x000000008e700000, 0x000000008e700000|100%| E|CS|TAMS 0x000000008e600000, 0x000000008e600000| Complete 
| 231|0x000000008e700000, 0x000000008e800000, 0x000000008e800000|100%| E|CS|TAMS 0x000000008e700000, 0x000000008e700000| Complete 
| 232|0x000000008e800000, 0x000000008e900000, 0x000000008e900000|100%| E|CS|TAMS 0x000000008e800000, 0x000000008e800000| Complete 
| 233|0x000000008e900000, 0x000000008ea00000, 0x000000008ea00000|100%| E|CS|TAMS 0x000000008e900000, 0x000000008e900000| Complete 
| 234|0x000000008ea00000, 0x000000008eb00000, 0x000000008eb00000|100%| E|CS|TAMS 0x000000008ea00000, 0x000000008ea00000| Complete 
| 235|0x000000008eb00000, 0x000000008ec00000, 0x000000008ec00000|100%| E|CS|TAMS 0x000000008eb00000, 0x000000008eb00000| Complete 
| 236|0x000000008ec00000, 0x000000008ed00000, 0x000000008ed00000|100%| E|CS|TAMS 0x000000008ec00000, 0x000000008ec00000| Complete 
| 237|0x000000008ed00000, 0x000000008ee00000, 0x000000008ee00000|100%| E|CS|TAMS 0x000000008ed00000, 0x000000008ed00000| Complete 
| 238|0x000000008ee00000, 0x000000008ef00000, 0x000000008ef00000|100%| E|CS|TAMS 0x000000008ee00000, 0x000000008ee00000| Complete 
| 239|0x000000008ef00000, 0x000000008f000000, 0x000000008f000000|100%| E|CS|TAMS 0x000000008ef00000, 0x000000008ef00000| Complete 
| 240|0x000000008f000000, 0x000000008f100000, 0x000000008f100000|100%| E|CS|TAMS 0x000000008f000000, 0x000000008f000000| Complete 
| 241|0x000000008f100000, 0x000000008f200000, 0x000000008f200000|100%| E|CS|TAMS 0x000000008f100000, 0x000000008f100000| Complete 
| 242|0x000000008f200000, 0x000000008f300000, 0x000000008f300000|100%| E|CS|TAMS 0x000000008f200000, 0x000000008f200000| Complete 
| 243|0x000000008f300000, 0x000000008f400000, 0x000000008f400000|100%| E|CS|TAMS 0x000000008f300000, 0x000000008f300000| Complete 
| 244|0x000000008f400000, 0x000000008f500000, 0x000000008f500000|100%| E|CS|TAMS 0x000000008f400000, 0x000000008f400000| Complete 
| 245|0x000000008f500000, 0x000000008f600000, 0x000000008f600000|100%| E|CS|TAMS 0x000000008f500000, 0x000000008f500000| Complete 
| 246|0x000000008f600000, 0x000000008f700000, 0x000000008f700000|100%| E|CS|TAMS 0x000000008f600000, 0x000000008f600000| Complete 
| 247|0x000000008f700000, 0x000000008f800000, 0x000000008f800000|100%| E|CS|TAMS 0x000000008f700000, 0x000000008f700000| Complete 

Card table byte_map: [0x0000016bf3680000,0x0000016bf3a80000] _byte_map_base: 0x0000016bf3280000

Marking Bits (Prev, Next): (CMBitMap*) 0x0000016bdff4c100, (CMBitMap*) 0x0000016bdff4c0c8
 Prev Bits: [0x0000016bf5e80000, 0x0000016bf7e80000)
 Next Bits: [0x0000016bf3e80000, 0x0000016bf5e80000)

Polling page: 0x0000016bdded0000

Metaspace:

Usage:
  Non-class:     24.19 MB capacity,    23.81 MB ( 98%) used,   333.59 KB (  1%) free+waste,    56.88 KB ( <1%) overhead. 
      Class:      3.87 MB capacity,     3.63 MB ( 94%) used,   219.63 KB (  6%) free+waste,    28.75 KB ( <1%) overhead. 
       Both:     28.06 MB capacity,    27.44 MB ( 98%) used,   553.22 KB (  2%) free+waste,    85.63 KB ( <1%) overhead. 

Virtual space:
  Non-class space:       26.00 MB reserved,      24.25 MB ( 93%) committed 
      Class space:        1.00 GB reserved,       3.88 MB ( <1%) committed 
             Both:        1.03 GB reserved,      28.13 MB (  3%) committed 

Chunk freelists:
   Non-Class:  60.00 KB
       Class:  4.00 KB
        Both:  64.00 KB

MaxMetaspaceSize: 17179869184.00 GB
CompressedClassSpaceSize: 1.00 GB

CodeHeap 'non-profiled nmethods': size=119168Kb used=1224Kb max_used=1224Kb free=117943Kb
 bounds [0x0000016beb590000, 0x0000016beb800000, 0x0000016bf29f0000]
CodeHeap 'profiled nmethods': size=119168Kb used=5762Kb max_used=5762Kb free=113405Kb
 bounds [0x0000016be4130000, 0x0000016be46e0000, 0x0000016beb590000]
CodeHeap 'non-nmethods': size=7424Kb used=2850Kb max_used=2878Kb free=4573Kb
 bounds [0x0000016be39f0000, 0x0000016be3cd0000, 0x0000016be4130000]
 total_blobs=3133 nmethods=2626 adapters=415
 compilation: enabled
              stopped_count=0, restarted_count=0
 full_count=0

Compilation events (20 events):
Event: 2.810 Thread 0x0000016bfb7fe000 2618       3       org.objectweb.asm.ClassWriter::visitMethod (57 bytes)
Event: 2.811 Thread 0x0000016bfcc63800 nmethod 2616 0x0000016be46c2f90 code [0x0000016be46c3140, 0x0000016be46c3398]
Event: 2.811 Thread 0x0000016bfb7fe000 nmethod 2618 0x0000016be46c3490 code [0x0000016be46c3660, 0x0000016be46c39c8]
Event: 2.811 Thread 0x0000016bfb7fe000 2619       3       org.objectweb.asm.MethodWriter::<init> (232 bytes)
Event: 2.811 Thread 0x0000016bfcc63800 2620       3       org.objectweb.asm.MethodVisitor::<init> (7 bytes)
Event: 2.811 Thread 0x0000016bfaf2e000 nmethod 2617 0x0000016be46c3b10 code [0x0000016be46c3d20, 0x0000016be46c4368]
Event: 2.811 Thread 0x0000016bfaf2e000 2621       3       org.objectweb.asm.MethodVisitor::<init> (94 bytes)
Event: 2.811 Thread 0x0000016bfcc63800 nmethod 2620 0x0000016be46c4590 code [0x0000016be46c4740, 0x0000016be46c4868]
Event: 2.811 Thread 0x0000016bfcc63800 2622       3       org.objectweb.asm.MethodWriter::visitMaxs (60 bytes)
Event: 2.811 Thread 0x0000016bfcc63800 nmethod 2622 0x0000016be46c4910 code [0x0000016be46c4ae0, 0x0000016be46c4d58]
Event: 2.811 Thread 0x0000016bfcc63800 2624       3       org.objectweb.asm.MethodWriter::computeMethodInfoSize (571 bytes)
Event: 2.812 Thread 0x0000016bfaf2e000 nmethod 2621 0x0000016be46c4e10 code [0x0000016be46c50a0, 0x0000016be46c5bc8]
Event: 2.812 Thread 0x0000016bfaf2e000 2625       3       org.objectweb.asm.MethodWriter::hasFrames (13 bytes)
Event: 2.812 Thread 0x0000016bfb7fe000 nmethod 2619 0x0000016be46c5f10 code [0x0000016be46c61c0, 0x0000016be46c6f18]
Event: 2.812 Thread 0x0000016bfaf2e000 nmethod 2625 0x0000016be46c7410 code [0x0000016be46c75c0, 0x0000016be46c7718]
Event: 2.812 Thread 0x0000016bfb7fe000 2626       3       com.google.common.cache.LocalCache::usesAccessQueue (20 bytes)
Event: 2.812 Thread 0x0000016bfb7fe000 nmethod 2626 0x0000016be46c7790 code [0x0000016be46c7960, 0x0000016be46c7c98]
Event: 2.813 Thread 0x0000016bfcdcc800 nmethod 2623 0x0000016be46c7d90 code [0x0000016be46c80e0, 0x0000016be46c9548]
Event: 2.813 Thread 0x0000016bfcc63800 nmethod 2624 0x0000016be46ca010 code [0x0000016be46ca360, 0x0000016be46cb368]
Event: 2.815 Thread 0x0000016bfaf2e000 2627       3       java.lang.Class::copyMethods (36 bytes)

GC Heap History (6 events):
Event: 0.536 GC heap before
{Heap before GC invocations=0 (full 0):
 garbage-first heap   total 253952K, used 29696K [0x0000000080000000, 0x0000000100000000)
  region size 1024K, 24 young (24576K), 0 survivors (0K)
 Metaspace       used 10228K, capacity 10398K, committed 10624K, reserved 1058816K
  class space    used 1058K, capacity 1107K, committed 1152K, reserved 1048576K
}
Event: 0.540 GC heap after
{Heap after GC invocations=1 (full 0):
 garbage-first heap   total 253952K, used 9259K [0x0000000080000000, 0x0000000100000000)
  region size 1024K, 3 young (3072K), 3 survivors (3072K)
 Metaspace       used 10228K, capacity 10398K, committed 10624K, reserved 1058816K
  class space    used 1058K, capacity 1107K, committed 1152K, reserved 1048576K
}
Event: 2.139 GC heap before
{Heap before GC invocations=1 (full 0):
 garbage-first heap   total 253952K, used 107563K [0x0000000080000000, 0x0000000100000000)
  region size 1024K, 99 young (101376K), 3 survivors (3072K)
 Metaspace       used 20621K, capacity 21097K, committed 21248K, reserved 1067008K
  class space    used 2503K, capacity 2689K, committed 2816K, reserved 1048576K
}
Event: 2.149 GC heap after
{Heap after GC invocations=2 (full 0):
 garbage-first heap   total 253952K, used 16747K [0x0000000080000000, 0x0000000100000000)
  region size 1024K, 11 young (11264K), 11 survivors (11264K)
 Metaspace       used 20621K, capacity 21097K, committed 21248K, reserved 1067008K
  class space    used 2503K, capacity 2689K, committed 2816K, reserved 1048576K
}
Event: 2.381 GC heap before
{Heap before GC invocations=3 (full 0):
 garbage-first heap   total 253952K, used 44395K [0x0000000080000000, 0x0000000100000000)
  region size 1024K, 38 young (38912K), 11 survivors (11264K)
 Metaspace       used 23257K, capacity 23873K, committed 23936K, reserved 1071104K
  class space    used 2937K, capacity 3149K, committed 3200K, reserved 1048576K
}
Event: 2.387 GC heap after
{Heap after GC invocations=4 (full 0):
 garbage-first heap   total 253952K, used 17525K [0x0000000080000000, 0x0000000100000000)
  region size 1024K, 2 young (2048K), 2 survivors (2048K)
 Metaspace       used 23257K, capacity 23873K, committed 23936K, reserved 1071104K
  class space    used 2937K, capacity 3149K, committed 3200K, reserved 1048576K
}

Deoptimization events (20 events):
Event: 2.558 Thread 0x0000016bfe6eb800 Uncommon trap: trap_request=0xffffffde fr.pc=0x0000016beb68cc28 relative=0x00000000000002e8
Event: 2.558 Thread 0x0000016bfe6eb800 Uncommon trap: reason=class_check action=maybe_recompile pc=0x0000016beb68cc28 method=java.util.Collections$SetFromMap.remove(Ljava/lang/Object;)Z @ 5 c2
Event: 2.558 Thread 0x0000016bfe6eb800 DEOPT PACKING pc=0x0000016beb68cc28 sp=0x0000006356ffc3d0
Event: 2.558 Thread 0x0000016bfe6eb800 DEOPT UNPACKING pc=0x0000016be3a178af sp=0x0000006356ffc3c8 mode 2
Event: 2.558 Thread 0x0000016bfe6eb800 Uncommon trap: trap_request=0xffffffde fr.pc=0x0000016beb68cc28 relative=0x00000000000002e8
Event: 2.558 Thread 0x0000016bfe6eb800 Uncommon trap: reason=class_check action=maybe_recompile pc=0x0000016beb68cc28 method=java.util.Collections$SetFromMap.remove(Ljava/lang/Object;)Z @ 5 c2
Event: 2.558 Thread 0x0000016bfe6eb800 DEOPT PACKING pc=0x0000016beb68cc28 sp=0x0000006356ffc350
Event: 2.558 Thread 0x0000016bfe6eb800 DEOPT UNPACKING pc=0x0000016be3a178af sp=0x0000006356ffc348 mode 2
Event: 2.575 Thread 0x0000016bfe6eb800 Uncommon trap: trap_request=0xffffff4d fr.pc=0x0000016beb623fb4 relative=0x00000000000013b4
Event: 2.575 Thread 0x0000016bfe6eb800 Uncommon trap: reason=unstable_if action=reinterpret pc=0x0000016beb623fb4 method=java.net.URI.quote(Ljava/lang/String;JJ)Ljava/lang/String; @ 58 c2
Event: 2.575 Thread 0x0000016bfe6eb800 DEOPT PACKING pc=0x0000016beb623fb4 sp=0x0000006356ffaf10
Event: 2.575 Thread 0x0000016bfe6eb800 DEOPT UNPACKING pc=0x0000016be3a178af sp=0x0000006356ffaef8 mode 2
Event: 2.743 Thread 0x0000016bfe6eb800 Uncommon trap: trap_request=0xffffff4d fr.pc=0x0000016beb6af4cc relative=0x000000000000020c
Event: 2.743 Thread 0x0000016bfe6eb800 Uncommon trap: reason=unstable_if action=reinterpret pc=0x0000016beb6af4cc method=java.util.HashMap.hash(Ljava/lang/Object;)I @ 1 c2
Event: 2.743 Thread 0x0000016bfe6eb800 DEOPT PACKING pc=0x0000016beb6af4cc sp=0x0000006356ff9160
Event: 2.743 Thread 0x0000016bfe6eb800 DEOPT UNPACKING pc=0x0000016be3a178af sp=0x0000006356ff9098 mode 2
Event: 2.743 Thread 0x0000016bfe6eb800 Uncommon trap: trap_request=0xffffff4d fr.pc=0x0000016beb67672c relative=0x000000000000008c
Event: 2.743 Thread 0x0000016bfe6eb800 Uncommon trap: reason=unstable_if action=reinterpret pc=0x0000016beb67672c method=java.util.HashMap.hash(Ljava/lang/Object;)I @ 1 c2
Event: 2.743 Thread 0x0000016bfe6eb800 DEOPT PACKING pc=0x0000016beb67672c sp=0x0000006356ff8ee0
Event: 2.743 Thread 0x0000016bfe6eb800 DEOPT UNPACKING pc=0x0000016be3a178af sp=0x0000006356ff8e78 mode 2

Classes redefined (0 events):
No events

Internal exceptions (20 events):
Event: 2.169 Thread 0x0000016bfe6eb800 Exception <a 'java/lang/NoSuchMethodError'{0x000000008f69d838}: 'void java.lang.invoke.DirectMethodHandle$Holder.invokeStatic(java.lang.Object, java.lang.Object, java.lang.Object, java.lang.Object, java.lang.Object)'> (0x000000008f69d838) thrown at [./src/hotspot/share/interpreter/linkResolver.cpp, line 773]
Event: 2.217 Thread 0x0000016bfe6eb800 Exception <a 'java/lang/NoSuchMethodError'{0x000000008f138808}: 'void java.lang.invoke.DirectMethodHandle$Holder.invokeSpecial(java.lang.Object, java.lang.Object)'> (0x000000008f138808) thrown at [./src/hotspot/share/interpreter/linkResolver.cpp, line 773]
Event: 2.239 Thread 0x0000016bfe6eb800 Exception <a 'java/lang/NoSuchMethodError'{0x000000008ef74e20}: 'java.lang.Object java.lang.invoke.DirectMethodHandle$Holder.invokeSpecial(java.lang.Object, java.lang.Object, java.lang.Object, java.lang.Object, java.lang.Object, java.lang.Object, java.lang.Object, java.lang.Object, java.lang.Object)'> (0x000000008ef74e20) thrown at [./src/hotspot/share/interpreter/linkResolver.cpp, line 773]
Event: 2.295 Thread 0x0000016bfe6eb800 Exception <a 'java/lang/NoSuchMethodError'{0x000000008e40e600}: 'java.lang.Object java.lang.invoke.DirectMethodHandle$Holder.invokeVirtual(java.lang.Object, java.lang.Object, java.lang.Object, java.lang.Object)'> (0x000000008e40e600) thrown at [./src/hotspot/share/interpreter/linkResolver.cpp, line 773]
Event: 2.313 Thread 0x0000016bfe6eb800 Exception <a 'java/lang/NoSuchMethodError'{0x000000008e157b70}: 'java.lang.Object java.lang.invoke.Invokers$Holder.invoker(java.lang.Object, java.lang.Object, java.lang.Object, java.lang.Object, java.lang.Object)'> (0x000000008e157b70) thrown at [./src/hotspot/share/interpreter/linkResolver.cpp, line 773]
Event: 2.375 Thread 0x0000016bfe6eb800 Exception <a 'java/lang/NoSuchMethodError'{0x000000008dda96d8}: 'void java.lang.invoke.DirectMethodHandle$Holder.invokeSpecial(java.lang.Object, java.lang.Object, java.lang.Object, java.lang.Object, java.lang.Object, java.lang.Object)'> (0x000000008dda96d8) thrown at [./src/hotspot/share/interpreter/linkResolver.cpp, line 773]
Event: 2.391 Thread 0x0000016bfe6eb800 Exception <a 'java/lang/NoSuchMethodError'{0x000000008f723878}: 'void java.lang.invoke.DirectMethodHandle$Holder.invokeSpecial(java.lang.Object, java.lang.Object, java.lang.Object, java.lang.Object, java.lang.Object, java.lang.Object, java.lang.Object)'> (0x000000008f723878) thrown at [./src/hotspot/share/interpreter/linkResolver.cpp, line 773]
Event: 2.391 Thread 0x0000016bfe6eb800 Exception <a 'java/lang/NoSuchMethodError'{0x000000008f72bac0}: 'java.lang.Object java.lang.invoke.Invokers$Holder.linkToTargetMethod(java.lang.Object, java.lang.Object, java.lang.Object, java.lang.Object, java.lang.Object, java.lang.Object)'> (0x000000008f72bac0) thrown at [./src/hotspot/share/interpreter/linkResolver.cpp, line 773]
Event: 2.482 Thread 0x0000016bfe6eb800 Exception <a 'java/lang/NoSuchMethodError'{0x000000008ea8e940}: 'void java.lang.invoke.DirectMethodHandle$Holder.invokeStaticInit(java.lang.Object, java.lang.Object)'> (0x000000008ea8e940) thrown at [./src/hotspot/share/interpreter/linkResolver.cpp, line 773]
Event: 2.552 Thread 0x0000016bfe6eb800 Exception <a 'java/lang/NoSuchMethodError'{0x000000008e324c58}: 'void java.lang.invoke.DirectMethodHandle$Holder.invokeStatic(java.lang.Object, java.lang.Object, java.lang.Object, java.lang.Object)'> (0x000000008e324c58) thrown at [./src/hotspot/share/interpreter/linkResolver.cpp, line 773]
Event: 2.554 Thread 0x0000016bfe6eb800 Exception <a 'java/lang/NoSuchMethodError'{0x000000008e338778}: 'int java.lang.invoke.DirectMethodHandle$Holder.invokeInterface(java.lang.Object, java.lang.Object)'> (0x000000008e338778) thrown at [./src/hotspot/share/interpreter/linkResolver.cpp, line 773]
Event: 2.645 Thread 0x0000016bfe6eb800 Exception <a 'java/lang/NoSuchMethodError'{0x000000008d6df050}: 'java.lang.Object java.lang.invoke.DirectMethodHandle$Holder.invokeSpecialIFC(java.lang.Object, java.lang.Object, java.lang.Object, java.lang.Object)'> (0x000000008d6df050) thrown at [./src/hotspot/share/interpreter/linkResolver.cpp, line 773]
Event: 2.653 Thread 0x0000016bfe6eb800 Exception <a 'java/lang/NoSuchMethodError'{0x000000008d5c0f90}: 'java.lang.Object java.lang.invoke.DirectMethodHandle$Holder.invokeSpecial(java.lang.Object, java.lang.Object, java.lang.Object, java.lang.Object, java.lang.Object, java.lang.Object, java.lang.Object, java.lang.Object, java.lang.Object, java.lang.Object, java.lang.Object, java.lang.Object, java.lang.Object)'> (0x000000008d5c0f90) thrown at [./src/hotspot/share/interpreter/linkResolver.cpp, line 773]
Event: 2.654 Thread 0x0000016bfe6eb800 Exception <a 'java/lang/NoSuchMethodError'{0x000000008d5d52a8}: 'java.lang.Object java.lang.invoke.DirectMethodHandle$Holder.invokeSpecial(java.lang.Object, java.lang.Object, java.lang.Object, java.lang.Object, java.lang.Object, java.lang.Object, java.lang.Object, java.lang.Object, java.lang.Object, java.lang.Object, java.lang.Object, java.lang.Object)'> (0x000000008d5d52a8) thrown at [./src/hotspot/share/interpreter/linkResolver.cpp, line 773]
Event: 2.655 Thread 0x0000016bfe6eb800 Exception <a 'java/lang/NoSuchMethodError'{0x000000008d5da3d0}: 'java.lang.Object java.lang.invoke.Invokers$Holder.linkToTargetMethod(java.lang.Object, java.lang.Object, java.lang.Object, java.lang.Object, java.lang.Object, java.lang.Object, java.lang.Object, java.lang.Object, java.lang.Object, java.lang.Object, java.lang.Object)'> (0x000000008d5da3d0) thrown at [./src/hotspot/share/interpreter/linkResolver.cpp, line 773]
Event: 2.665 Thread 0x0000016bfe6eb800 Exception <a 'java/lang/NoSuchMethodError'{0x000000008d325ce0}: 'java.lang.Object java.lang.invoke.DirectMethodHandle$Holder.invokeSpecial(java.lang.Object, java.lang.Object, java.lang.Object, java.lang.Object, java.lang.Object, java.lang.Object, java.lang.Object, java.lang.Object, java.lang.Object, java.lang.Object, java.lang.Object, java.lang.Object, java.lang.Object, java.lang.Object)'> (0x000000008d325ce0) thrown at [./src/hotspot/share/interpreter/linkResolver.cpp, line 773]
Event: 2.666 Thread 0x0000016bfe6eb800 Exception <a 'java/lang/NoSuchMethodError'{0x000000008d3372d8}: 'java.lang.Object java.lang.invoke.Invokers$Holder.linkToTargetMethod(java.lang.Object, java.lang.Object, java.lang.Object, java.lang.Object, java.lang.Object, java.lang.Object, java.lang.Object, java.lang.Object, java.lang.Object, java.lang.Object, java.lang.Object, java.lang.Object)'> (0x000000008d3372d8) thrown at [./src/hotspot/share/interpreter/linkResolver.cpp, line 773]
Event: 2.671 Thread 0x0000016bfe6eb800 Exception <a 'java/lang/NoSuchMethodError'{0x000000008d3cc550}: 'java.lang.Object java.lang.invoke.DirectMethodHandle$Holder.invokeStaticInit(java.lang.Object, java.lang.Object, java.lang.Object, java.lang.Object)'> (0x000000008d3cc550) thrown at [./src/hotspot/share/interpreter/linkResolver.cpp, line 773]
Event: 2.743 Thread 0x0000016bfe6eb800 Implicit null exception at 0x0000016beb6af2f5 to 0x0000016beb6af4bc
Event: 2.743 Thread 0x0000016bfe6eb800 Implicit null exception at 0x0000016beb6766af to 0x0000016beb67671d

Events (20 events):
Event: 2.808 loading class org/gradle/api/Transformer done
Event: 2.809 Thread 0x0000016bfe22a000 Thread added: 0x0000016bfe22a000
Event: 2.810 loading class org/gradle/api/attributes/Category
Event: 2.810 loading class org/gradle/api/attributes/Category done
Event: 2.811 loading class org/gradle/api/internal/artifacts/ComponentMetadataProcessor
Event: 2.811 loading class org/gradle/api/internal/artifacts/ComponentMetadataProcessor done
Event: 2.813 loading class org/gradle/internal/rules/RuleActionValidator
Event: 2.813 loading class org/gradle/internal/rules/RuleActionValidator done
Event: 2.813 loading class org/gradle/internal/rules/RuleActionAdapter
Event: 2.813 loading class org/gradle/internal/rules/RuleActionAdapter done
Event: 2.814 loading class org/gradle/internal/rules/SpecRuleAction
Event: 2.814 loading class org/gradle/internal/rules/SpecRuleAction done
Event: 2.814 loading class org/gradle/internal/rules/RuleAction
Event: 2.814 loading class org/gradle/internal/rules/RuleAction done
Event: 2.814 loading class org/gradle/internal/action/ConfigurableRule
Event: 2.814 loading class org/gradle/internal/action/ConfigurableRule done
Event: 2.814 loading class org/gradle/api/internal/artifacts/dsl/SpecConfigurableRule
Event: 2.814 loading class org/gradle/api/internal/artifacts/dsl/SpecConfigurableRule done
Event: 2.815 loading class org/gradle/api/internal/artifacts/dsl/ComponentMetadataRuleContainer
Event: 2.815 loading class org/gradle/api/internal/artifacts/dsl/ComponentMetadataRuleContainer done


Dynamic libraries:
0x00007ff6cc790000 - 0x00007ff6cc79a000 	C:\Program Files\Android\Android Studio\jre\bin\java.exe
0x00007ffdf5500000 - 0x00007ffdf570f000 	C:\WINDOWS\SYSTEM32\ntdll.dll
0x00007ffdf3370000 - 0x00007ffdf342d000 	C:\WINDOWS\System32\KERNEL32.DLL
0x00007ffdf2ef0000 - 0x00007ffdf327c000 	C:\WINDOWS\System32\KERNELBASE.dll
0x00007ffdf2bc0000 - 0x00007ffdf2cd1000 	C:\WINDOWS\System32\ucrtbase.dll
0x00007ffde5110000 - 0x00007ffde5127000 	C:\Program Files\Android\Android Studio\jre\bin\VCRUNTIME140.dll
0x00007ffde50f0000 - 0x00007ffde5109000 	C:\Program Files\Android\Android Studio\jre\bin\jli.dll
0x00007ffdf4620000 - 0x00007ffdf47c6000 	C:\WINDOWS\System32\USER32.dll
0x00007ffdf2ce0000 - 0x00007ffdf2d06000 	C:\WINDOWS\System32\win32u.dll
0x00007ffde0db0000 - 0x00007ffde1051000 	C:\WINDOWS\WinSxS\amd64_microsoft.windows.common-controls_6595b64144ccf1df_6.0.22494.1000_none_23deebcec6cdf010\COMCTL32.dll
0x00007ffdf5370000 - 0x00007ffdf5399000 	C:\WINDOWS\System32\GDI32.dll
0x00007ffdf40c0000 - 0x00007ffdf4164000 	C:\WINDOWS\System32\msvcrt.dll
0x00007ffdf2d10000 - 0x00007ffdf2e27000 	C:\WINDOWS\System32\gdi32full.dll
0x00007ffdf2b20000 - 0x00007ffdf2bba000 	C:\WINDOWS\System32\msvcp_win.dll
0x00007ffdf45e0000 - 0x00007ffdf4611000 	C:\WINDOWS\System32\IMM32.DLL
0x00007ffdb6160000 - 0x00007ffdb61fd000 	C:\Program Files\Android\Android Studio\jre\bin\msvcp140.dll
0x00007ffda35e0000 - 0x00007ffda40af000 	C:\Program Files\Android\Android Studio\jre\bin\server\jvm.dll
0x00007ffdf3430000 - 0x00007ffdf34de000 	C:\WINDOWS\System32\ADVAPI32.dll
0x00007ffdf34e0000 - 0x00007ffdf3581000 	C:\WINDOWS\System32\sechost.dll
0x00007ffdf53a0000 - 0x00007ffdf54bf000 	C:\WINDOWS\System32\RPCRT4.dll
0x00007ffdf36f0000 - 0x00007ffdf36f8000 	C:\WINDOWS\System32\PSAPI.DLL
0x00007ffdec240000 - 0x00007ffdec274000 	C:\WINDOWS\SYSTEM32\WINMM.dll
0x00007ffddc060000 - 0x00007ffddc069000 	C:\WINDOWS\SYSTEM32\WSOCK32.dll
0x00007ffdf50b0000 - 0x00007ffdf5121000 	C:\WINDOWS\System32\WS2_32.dll
0x00007ffdebb80000 - 0x00007ffdebb8a000 	C:\WINDOWS\SYSTEM32\VERSION.dll
0x00007ffdf1a50000 - 0x00007ffdf1a68000 	C:\WINDOWS\SYSTEM32\kernel.appcore.dll
0x00007ffdda3e0000 - 0x00007ffdda3f1000 	C:\Program Files\Android\Android Studio\jre\bin\verify.dll
0x00007ffdf0510000 - 0x00007ffdf0736000 	C:\WINDOWS\SYSTEM32\DBGHELP.DLL
0x00007ffdf4170000 - 0x00007ffdf44eb000 	C:\WINDOWS\System32\combase.dll
0x00007ffddd580000 - 0x00007ffddd5b1000 	C:\WINDOWS\SYSTEM32\dbgcore.DLL
0x00007ffdf32e0000 - 0x00007ffdf3361000 	C:\WINDOWS\System32\bcryptPrimitives.dll
0x00007ffdc6e70000 - 0x00007ffdc6e99000 	C:\Program Files\Android\Android Studio\jre\bin\java.dll
0x00007ffdef240000 - 0x00007ffdef24b000 	C:\Program Files\Android\Android Studio\jre\bin\jimage.dll
0x00007ffdd9890000 - 0x00007ffdd98a8000 	C:\Program Files\Android\Android Studio\jre\bin\zip.dll
0x00007ffdf48f0000 - 0x00007ffdf50a4000 	C:\WINDOWS\System32\SHELL32.dll
0x00007ffdf0a10000 - 0x00007ffdf126d000 	C:\WINDOWS\SYSTEM32\windows.storage.dll
0x00007ffdf08c0000 - 0x00007ffdf0a09000 	C:\WINDOWS\SYSTEM32\wintypes.dll
0x00007ffdf44f0000 - 0x00007ffdf45e0000 	C:\WINDOWS\System32\SHCORE.dll
0x00007ffdf3700000 - 0x00007ffdf375b000 	C:\WINDOWS\System32\shlwapi.dll
0x00007ffdf28f0000 - 0x00007ffdf2911000 	C:\WINDOWS\SYSTEM32\profapi.dll
0x00007ffdd6e10000 - 0x00007ffdd6e2a000 	C:\Program Files\Android\Android Studio\jre\bin\net.dll
0x00007ffdeba10000 - 0x00007ffdebb22000 	C:\WINDOWS\SYSTEM32\WINHTTP.dll
0x00007ffdf1e90000 - 0x00007ffdf1ef9000 	C:\WINDOWS\system32\mswsock.dll
0x00007ffdd6ce0000 - 0x00007ffdd6cf4000 	C:\Program Files\Android\Android Studio\jre\bin\nio.dll
0x00007ffdbdb00000 - 0x00007ffdbdb27000 	C:\Users\TUF Gaming\.gradle\native\8bec1ad78214c89d9ad589b4d07fe93259594b29d510b10fafb7a158f7737e5d\windows-amd64\native-platform.dll
0x00007ffd5a8c0000 - 0x00007ffd5a9fd000 	C:\Users\TUF Gaming\.gradle\native\53dbd7edfb1c66fb8903c78663c9afc45aea4f116125fa6feffd364cf09443e8\windows-amd64\native-platform-file-events.dll
0x00007ffde8dc0000 - 0x00007ffde8dca000 	C:\Program Files\Android\Android Studio\jre\bin\management.dll
0x00007ffde6a40000 - 0x00007ffde6a4c000 	C:\Program Files\Android\Android Studio\jre\bin\management_ext.dll
0x00007ffdf2130000 - 0x00007ffdf2148000 	C:\WINDOWS\SYSTEM32\CRYPTSP.dll
0x00007ffdf19b0000 - 0x00007ffdf19e5000 	C:\WINDOWS\system32\rsaenh.dll
0x00007ffdf1fb0000 - 0x00007ffdf1fd9000 	C:\WINDOWS\SYSTEM32\USERENV.dll
0x00007ffdf2310000 - 0x00007ffdf2338000 	C:\WINDOWS\SYSTEM32\bcrypt.dll
0x00007ffdf2120000 - 0x00007ffdf212c000 	C:\WINDOWS\SYSTEM32\CRYPTBASE.dll
0x00007ffdf14c0000 - 0x00007ffdf14ed000 	C:\WINDOWS\SYSTEM32\IPHLPAPI.DLL
0x00007ffdf3f80000 - 0x00007ffdf3f89000 	C:\WINDOWS\System32\NSI.dll
0x00007ffdeb980000 - 0x00007ffdeb999000 	C:\WINDOWS\SYSTEM32\dhcpcsvc6.DLL
0x00007ffdeb760000 - 0x00007ffdeb77e000 	C:\WINDOWS\SYSTEM32\dhcpcsvc.DLL
0x00007ffdf14f0000 - 0x00007ffdf15e7000 	C:\WINDOWS\SYSTEM32\DNSAPI.dll

dbghelp: loaded successfully - version: 4.0.5 - missing functions: none
symbol engine: initialized successfully - sym options: 0x614 - pdb path: (cannot be retrieved)

VM Arguments:
jvm_args: --add-opens=java.base/java.util=ALL-UNNAMED --add-opens=java.base/java.lang=ALL-UNNAMED --add-opens=java.base/java.lang.invoke=ALL-UNNAMED --add-opens=java.base/java.util=ALL-UNNAMED --add-opens=java.prefs/java.util.prefs=ALL-UNNAMED --add-opens=java.prefs/java.util.prefs=ALL-UNNAMED --add-opens=java.base/java.nio.charset=ALL-UNNAMED --add-opens=java.base/java.net=ALL-UNNAMED --add-opens=java.base/java.util.concurrent.atomic=ALL-UNNAMED -Xmx2048m -Dfile.encoding=UTF-8 -Duser.country=ID -Duser.language=en -Duser.variant 
java_command: org.gradle.launcher.daemon.bootstrap.GradleDaemon 7.0.2
java_class_path (initial): C:\Users\TUF Gaming\.gradle\wrapper\dists\gradle-7.0.2-bin\857tjihv64xamwrf0h14cai3r\gradle-7.0.2\lib\gradle-launcher-7.0.2.jar
Launcher Type: SUN_STANDARD

[Global flags]
     intx CICompilerCount                          = 12                                        {product} {ergonomic}
     uint ConcGCThreads                            = 3                                         {product} {ergonomic}
     uint G1ConcRefinementThreads                  = 13                                        {product} {ergonomic}
   size_t G1HeapRegionSize                         = 1048576                                   {product} {ergonomic}
    uintx GCDrainStackTargetSize                   = 64                                        {product} {ergonomic}
   size_t InitialHeapSize                          = 260046848                                 {product} {ergonomic}
   size_t MarkStackSize                            = 4194304                                   {product} {ergonomic}
   size_t MaxHeapSize                              = 2147483648                                {product} {command line}
   size_t MaxNewSize                               = 1287651328                                {product} {ergonomic}
   size_t MinHeapDeltaBytes                        = 1048576                                   {product} {ergonomic}
    uintx NonNMethodCodeHeapSize                   = 7594288                                {pd product} {ergonomic}
    uintx NonProfiledCodeHeapSize                  = 122031976                              {pd product} {ergonomic}
    uintx ProfiledCodeHeapSize                     = 122031976                              {pd product} {ergonomic}
    uintx ReservedCodeCacheSize                    = 251658240                              {pd product} {ergonomic}
     bool SegmentedCodeCache                       = true                                      {product} {ergonomic}
     bool UseCompressedClassPointers               = true                                 {lp64_product} {ergonomic}
     bool UseCompressedOops                        = true                                 {lp64_product} {ergonomic}
     bool UseG1GC                                  = true                                      {product} {ergonomic}
     bool UseLargePagesIndividualAllocation        = false                                  {pd product} {ergonomic}

Logging:
Log output configuration:
 #0: stdout all=warning uptime,level,tags
 #1: stderr all=off uptime,level,tags

Environment Variables:
JAVA_HOME=C:\Program Files\Java\jdk-17.0.1\bin
PATH=C:\ProgramData\Oracle\Java\javapath;C:\Python39\Scripts\;C:\Python39\;C:\Program Files\Common Files\Oracle\Java\javapath;C:\Program Files (x86)\Common Files\Oracle\Java\javapath;C:\Program Files (x86)\Common Files\Intel\Shared Libraries\redist\intel64_win\compiler;C:\Program Files (x86)\Common Files\Intel\Shared Libraries\redist\intel64\compiler;C:\Windows\system32;C:\Windows;C:\Windows\System32\Wbem;C:\Windows\System32\WindowsPowerShell\v1.0\;C:\Windows\System32\OpenSSH\;C:\Program Files (x86)\NVIDIA Corporation\PhysX\Common;C:\Program Files\NVIDIA Corporation\NVIDIA NvDLISR;C:\WINDOWS\system32;C:\WINDOWS;C:\WINDOWS\System32\Wbem;C:\WINDOWS\System32\WindowsPowerShell\v1.0\;C:\WINDOWS\System32\OpenSSH\;C:\xampp\php;C:\ProgramData\ComposerSetup\bin;C:\Program Files\nodejs\;C:\ProgramData\chocolatey\bin;C:\Program Files\Git\cmd;C:\Program Files (x86)\dotnet\;C:\Program Files\PowerShell\7\;C:\Program Files\Java\jdk-17.0.1\bin;C:\Users\TUF Gaming\AppData\Local\Microsoft\WindowsApps;C:\Users\TUF Gaming\AppData\Local\Programs\Microsoft VS Code\bin;C:\Users\TUF Gaming\AppData\Roaming\Composer\vendor\bin;C:\Users\TUF Gaming\AppData\Roaming\npm;C:\Users\TUF Gaming\AppData\Local\GitHubDesktop\bin;
USERNAME=TUF Gaming
OS=Windows_NT
PROCESSOR_IDENTIFIER=AMD64 Family 23 Model 96 Stepping 1, AuthenticAMD



---------------  S Y S T E M  ---------------

OS: Windows 10 , 64 bit Build 22494 (10.0.22494.1000)
OS uptime: 3 days 7:45 hours
Hyper-V role detected

CPU:total 16 (initial active 16) (16 cores per cpu, 2 threads per core) family 23 model 96 stepping 1 microcode 0x0, cmov, cx8, fxsr, mmx, sse, sse2, sse3, ssse3, sse4.1, sse4.2, popcnt, avx, avx2, aes, clmul, mmxext, 3dnowpref, lzcnt, sse4a, ht, tsc, tscinvbit, tscinv, bmi1, bmi2, adx, 

Memory: 4k page, system-wide physical 15789M (2908M free)
TotalPageFile size 23789M (AvailPageFile size 4M)
current process WorkingSet (physical memory assigned to process): 280M, peak: 280M
current process commit charge ("private bytes"): 455M, peak: 455M

vm_info: OpenJDK 64-Bit Server VM (11.0.10+0-b96-7249189) for windows-amd64 JRE (11.0.10+0-b96-7249189), built on Mar 31 2021 21:44:00 by "builder" with MS VC++ 14.0 (VS2015)

END.
