#
# There is insufficient memory for the Java Runtime Environment to continue.
# Native memory allocation (mmap) failed to map 52428800 bytes for Failed to commit area from 0x000000008f800000 to 0x0000000092a00000 of length 52428800.
# Possible reasons:
#   The system is out of physical RAM or swap space
#   The process is running with CompressedOops enabled, and the Java Heap may be blocking the growth of the native heap
# Possible solutions:
#   Reduce memory load on the system
#   Increase physical memory or swap space
#   Check if swap backing store is full
#   Decrease Java heap size (-Xmx/-Xms)
#   Decrease number of Java threads
#   Decrease Java thread stack sizes (-Xss)
#   Set larger code cache with -XX:ReservedCodeCacheSize=
#   JVM is running with Unscaled Compressed Oops mode in which the Java heap is
#     placed in the first 4GB address space. The Java Heap base address is the
#     maximum limit for the native heap growth. Please use -XX:HeapBaseMinAddress
#     to set the Java Heap base and to place the Java Heap above 4GB virtual address.
# This output file may be truncated or incomplete.
#
#  Out of Memory Error (./src/hotspot/os/windows/os_windows.cpp:3301), pid=26168, tid=31584
#
# JRE version: OpenJDK Runtime Environment (11.0.10) (build 11.0.10+0-b96-7249189)
# Java VM: OpenJDK 64-Bit Server VM (11.0.10+0-b96-7249189, mixed mode, tiered, compressed oops, g1 gc, windows-amd64)
# No core dump will be written. Minidumps are not enabled by default on client versions of Windows
#

---------------  S U M M A R Y ------------

Command Line: --add-opens=java.base/java.util=ALL-UNNAMED --add-opens=java.base/java.lang=ALL-UNNAMED --add-opens=java.base/java.lang.invoke=ALL-UNNAMED --add-opens=java.base/java.util=ALL-UNNAMED --add-opens=java.prefs/java.util.prefs=ALL-UNNAMED --add-opens=java.prefs/java.util.prefs=ALL-UNNAMED --add-opens=java.base/java.nio.charset=ALL-UNNAMED --add-opens=java.base/java.net=ALL-UNNAMED --add-opens=java.base/java.util.concurrent.atomic=ALL-UNNAMED -Xmx2048m -Dfile.encoding=UTF-8 -Duser.country=ID -Duser.language=en -Duser.variant org.gradle.launcher.daemon.bootstrap.GradleDaemon 7.0.2

Host: AMD Ryzen 9 4900H with Radeon Graphics         , 16 cores, 15G,  Windows 10 , 64 bit Build 22494 (10.0.22494.1000)
Time: Mon Nov 29 23:37:08 2021 SE Asia Standard Time elapsed time: 15.120437 seconds (0d 0h 0m 15s)

---------------  T H R E A D  ---------------

Current thread (0x00000203bab4d800):  VMThread "VM Thread" [stack: 0x0000001c91800000,0x0000001c91900000] [id=31584]

Stack: [0x0000001c91800000,0x0000001c91900000]
[error occurred during error reporting (printing stack bounds), id 0xc0000005, EXCEPTION_ACCESS_VIOLATION (0xc0000005) at pc=0x00000203a36e0f2d]

Native frames: (J=compiled Java code, j=interpreted, Vv=VM code, C=native code)
V  [jvm.dll+0x5ecfaa]
V  [jvm.dll+0x722bd5]
V  [jvm.dll+0x72412d]
V  [jvm.dll+0x724745]
V  [jvm.dll+0x7246fb]
V  [jvm.dll+0x5ec348]
V  [jvm.dll+0x5ecad8]
C  [ntdll.dll+0xa64cf]
C  [ntdll.dll+0x13b76]
C  [ntdll.dll+0xa54be]
C  0x00000203a36e0f2d

VM_Operation (0x0000001c997fdad0): G1CollectForAllocation, mode: safepoint, requested by thread 0x00000203cb225800


---------------  P R O C E S S  ---------------

Threads class SMR info:
_java_thread_list=0x00000203c7ad08b0, length=117, elements={
0x000002039fbf6800, 0x00000203bb3d3000, 0x00000203bb3d6000, 0x00000203bb432800,
0x00000203bb434000, 0x00000203bb435000, 0x00000203bb438000, 0x00000203bb439800,
0x00000203bb43b800, 0x00000203bb552000, 0x00000203bb5a9000, 0x00000203bb936000,
0x00000203bbcd8800, 0x00000203bcd29800, 0x00000203bc917800, 0x00000203be0c7800,
0x00000203bcf23800, 0x00000203bc9fa000, 0x00000203bc8a9000, 0x00000203be082800,
0x00000203bd5fd000, 0x00000203be01a000, 0x00000203bdae2800, 0x00000203bd489800,
0x00000203bd489000, 0x00000203bd488000, 0x00000203bd48a800, 0x00000203bd48c000,
0x00000203bd48b800, 0x00000203bd486800, 0x00000203bd48d000, 0x00000203bdefb800,
0x00000203bd487000, 0x00000203bf547800, 0x00000203bf545000, 0x00000203bf546800,
0x00000203bf548000, 0x00000203bf549000, 0x00000203bf544000, 0x00000203bf54e000,
0x00000203bf54d000, 0x00000203bf54e800, 0x00000203bf54c000, 0x00000203bf54a800,
0x00000203bf551000, 0x00000203bf54f800, 0x00000203bf54b800, 0x00000203bf552000,
0x00000203bf550000, 0x00000203bf552800, 0x00000203c148d000, 0x00000203c148a800,
0x00000203c148b800, 0x00000203c148e000, 0x00000203c148c000, 0x00000203c148e800,
0x00000203c148f800, 0x00000203c1492000, 0x00000203c1493800, 0x00000203c1490000,
0x00000203c1495000, 0x00000203c1492800, 0x00000203c1494800, 0x00000203c1496000,
0x00000203c1497000, 0x00000203c1491000, 0x00000203c1497800, 0x00000203c1498800,
0x00000203c2649000, 0x00000203c264b800, 0x00000203c264a000, 0x00000203c264c000,
0x00000203c42c9800, 0x00000203c56fb000, 0x00000203c516a000, 0x00000203c264d000,
0x00000203c264e000, 0x00000203c264e800, 0x00000203c264f800, 0x00000203c2650800,
0x00000203c264a800, 0x00000203c2653000, 0x00000203c2655000, 0x00000203c2656000,
0x00000203c2654800, 0x00000203c2657000, 0x00000203c2651000, 0x00000203c2652000,
0x00000203c2653800, 0x00000203c5159800, 0x00000203c515a800, 0x00000203c5159000,
0x00000203c560d800, 0x00000203c56e3000, 0x00000203c515d000, 0x00000203c515b800,
0x00000203c5157800, 0x00000203c515e000, 0x00000203c5158000, 0x00000203c5160000,
0x00000203c5162800, 0x00000203c5163800, 0x00000203c515f800, 0x00000203c5162000,
0x00000203c5161000, 0x00000203c5164800, 0x00000203c515e800, 0x00000203c5165000,
0x00000203c5166000, 0x00000203cb224800, 0x00000203cb224000, 0x00000203cb225800,
0x00000203cb226800, 0x00000203cb227000, 0x00000203cb228000, 0x00000203cb222000,
0x00000203cb228800
}

Java Threads: ( => current thread )
  0x000002039fbf6800 JavaThread "main" [_thread_blocked, id=14584, stack(0x0000001c91200000,0x0000001c91300000)]
  0x00000203bb3d3000 JavaThread "Reference Handler" daemon [_thread_blocked, id=12348, stack(0x0000001c91900000,0x0000001c91a00000)]
  0x00000203bb3d6000 JavaThread "Finalizer" daemon [_thread_blocked, id=1720, stack(0x0000001c91a00000,0x0000001c91b00000)]
  0x00000203bb432800 JavaThread "Signal Dispatcher" daemon [_thread_blocked, id=6376, stack(0x0000001c91b00000,0x0000001c91c00000)]
  0x00000203bb434000 JavaThread "Attach Listener" daemon [_thread_blocked, id=34132, stack(0x0000001c91c00000,0x0000001c91d00000)]
  0x00000203bb435000 JavaThread "Service Thread" daemon [_thread_blocked, id=24092, stack(0x0000001c91d00000,0x0000001c91e00000)]
  0x00000203bb438000 JavaThread "C2 CompilerThread0" daemon [_thread_in_native, id=17120, stack(0x0000001c91e00000,0x0000001c91f00000)]
  0x00000203bb439800 JavaThread "C1 CompilerThread0" daemon [_thread_blocked, id=36980, stack(0x0000001c91f00000,0x0000001c92000000)]
  0x00000203bb43b800 JavaThread "Sweeper thread" daemon [_thread_blocked, id=35932, stack(0x0000001c92000000,0x0000001c92100000)]
  0x00000203bb552000 JavaThread "C1 CompilerThread1" daemon [_thread_blocked, id=30272, stack(0x0000001c92100000,0x0000001c92200000)]
  0x00000203bb5a9000 JavaThread "Common-Cleaner" daemon [_thread_blocked, id=31392, stack(0x0000001c92200000,0x0000001c92300000)]
  0x00000203bb936000 JavaThread "C1 CompilerThread2" daemon [_thread_blocked, id=30964, stack(0x0000001c92500000,0x0000001c92600000)]
  0x00000203bbcd8800 JavaThread "C1 CompilerThread3" daemon [_thread_blocked, id=35748, stack(0x0000001c92600000,0x0000001c92700000)]
  0x00000203bcd29800 JavaThread "Daemon health stats" [_thread_blocked, id=20248, stack(0x0000001c92c00000,0x0000001c92d00000)]
  0x00000203bc917800 JavaThread "Incoming local TCP Connector on port 64017" [_thread_in_native, id=33308, stack(0x0000001c92400000,0x0000001c92500000)]
  0x00000203be0c7800 JavaThread "Daemon periodic checks" [_thread_blocked, id=34852, stack(0x0000001c92b00000,0x0000001c92c00000)]
  0x00000203bcf23800 JavaThread "Daemon" [_thread_blocked, id=12116, stack(0x0000001c92d00000,0x0000001c92e00000)]
  0x00000203bc9fa000 JavaThread "Handler for socket connection from /127.0.0.1:64017 to /127.0.0.1:64024" [_thread_in_native, id=29308, stack(0x0000001c92e00000,0x0000001c92f00000)]
  0x00000203bc8a9000 JavaThread "Cancel handler" [_thread_blocked, id=28064, stack(0x0000001c92f00000,0x0000001c93000000)]
  0x00000203be082800 JavaThread "Daemon worker" [_thread_blocked, id=24520, stack(0x0000001c93000000,0x0000001c93100000)]
  0x00000203bd5fd000 JavaThread "C2 CompilerThread1" daemon [_thread_in_native, id=11764, stack(0x0000001c93100000,0x0000001c93200000)]
  0x00000203be01a000 JavaThread "Asynchronous log dispatcher for DefaultDaemonConnection: socket connection from /127.0.0.1:64017 to /127.0.0.1:64024" [_thread_blocked, id=26140, stack(0x0000001c93200000,0x0000001c93300000)]
  0x00000203bdae2800 JavaThread "Stdin handler" [_thread_blocked, id=25996, stack(0x0000001c93300000,0x0000001c93400000)]
  0x00000203bd489800 JavaThread "Daemon client event forwarder" [_thread_blocked, id=3376, stack(0x0000001c93400000,0x0000001c93500000)]
  0x00000203bd489000 JavaThread "Cache worker for file hash cache (C:\Users\TUF Gaming\.gradle\caches\7.0.2\fileHashes)" [_thread_blocked, id=33000, stack(0x0000001c93500000,0x0000001c93600000)]
  0x00000203bd488000 JavaThread "File lock request listener" [_thread_in_native, id=28680, stack(0x0000001c93600000,0x0000001c93700000)]
  0x00000203bd48a800 JavaThread "Cache worker for journal cache (C:\Users\TUF Gaming\.gradle\caches\journal-1)" [_thread_blocked, id=28432, stack(0x0000001c94100000,0x0000001c94200000)]
  0x00000203bd48c000 JavaThread "Cache worker for file hash cache (D:\KULIAH\Semester 5\Rekayasa Perangkat Lunak\ParkTikomAdmin\.gradle\7.0.2\fileHashes)" [_thread_blocked, id=188, stack(0x0000001c94200000,0x0000001c94300000)]
  0x00000203bd48b800 JavaThread "File watcher server" daemon [_thread_blocked, id=872, stack(0x0000001c94300000,0x0000001c94400000)]
  0x00000203bd486800 JavaThread "File watcher consumer" daemon [_thread_blocked, id=17536, stack(0x0000001c94400000,0x0000001c94500000)]
  0x00000203bd48d000 JavaThread "Cache worker for checksums cache (D:\KULIAH\Semester 5\Rekayasa Perangkat Lunak\ParkTikomAdmin\.gradle\checksums)" [_thread_blocked, id=27724, stack(0x0000001c94500000,0x0000001c94600000)]
  0x00000203bdefb800 JavaThread "C2 CompilerThread2" daemon [_thread_blocked, id=10568, stack(0x0000001c94600000,0x0000001c94700000)]
  0x00000203bd487000 JavaThread "Cache worker for cache directory md-supplier (C:\Users\TUF Gaming\.gradle\caches\7.0.2\md-supplier)" [_thread_blocked, id=3264, stack(0x0000001c94700000,0x0000001c94800000)]
  0x00000203bf547800 JavaThread "Cache worker for cache directory md-rule (C:\Users\TUF Gaming\.gradle\caches\7.0.2\md-rule)" [_thread_blocked, id=23996, stack(0x0000001c94800000,0x0000001c94900000)]
  0x00000203bf545000 JavaThread "Cache worker for execution history cache (C:\Users\TUF Gaming\.gradle\caches\7.0.2\executionHistory)" [_thread_blocked, id=31916, stack(0x0000001c94900000,0x0000001c94a00000)]
  0x00000203bf546800 JavaThread "jar transforms" [_thread_blocked, id=3560, stack(0x0000001c94e00000,0x0000001c94f00000)]
  0x00000203bf548000 JavaThread "jar transforms Thread 2" [_thread_blocked, id=36128, stack(0x0000001c94f00000,0x0000001c95000000)]
  0x00000203bf549000 JavaThread "Cache worker for file content cache (C:\Users\TUF Gaming\.gradle\caches\7.0.2\fileContent)" [_thread_blocked, id=20124, stack(0x0000001c95000000,0x0000001c95100000)]
  0x00000203bf544000 JavaThread "Cache worker for dependencies-accessors (D:\KULIAH\Semester 5\Rekayasa Perangkat Lunak\ParkTikomAdmin\.gradle\7.0.2\dependencies-accessors)" [_thread_blocked, id=32552, stack(0x0000001c95100000,0x0000001c95200000)]
  0x00000203bf54e000 JavaThread "jar transforms Thread 3" [_thread_blocked, id=22880, stack(0x0000001c94d00000,0x0000001c94e00000)]
  0x00000203bf54d000 JavaThread "Cache worker for Build Output Cleanup Cache (D:\KULIAH\Semester 5\Rekayasa Perangkat Lunak\ParkTikomAdmin\.gradle\buildOutputCleanup)" [_thread_blocked, id=34832, stack(0x0000001c95200000,0x0000001c95300000)]
  0x00000203bf54e800 JavaThread "Build operations" [_thread_blocked, id=28848, stack(0x0000001c95300000,0x0000001c95400000)]
  0x00000203bf54c000 JavaThread "Build operations Thread 2" [_thread_blocked, id=36624, stack(0x0000001c95400000,0x0000001c95500000)]
  0x00000203bf54a800 JavaThread "Build operations Thread 3" [_thread_blocked, id=11780, stack(0x0000001c95500000,0x0000001c95600000)]
  0x00000203bf551000 JavaThread "Build operations Thread 4" [_thread_blocked, id=34772, stack(0x0000001c95600000,0x0000001c95700000)]
  0x00000203bf54f800 JavaThread "Build operations Thread 5" [_thread_blocked, id=14132, stack(0x0000001c95700000,0x0000001c95800000)]
  0x00000203bf54b800 JavaThread "Build operations Thread 6" [_thread_blocked, id=19748, stack(0x0000001c95800000,0x0000001c95900000)]
  0x00000203bf552000 JavaThread "Build operations Thread 7" [_thread_blocked, id=13496, stack(0x0000001c95900000,0x0000001c95a00000)]
  0x00000203bf550000 JavaThread "Build operations Thread 8" [_thread_blocked, id=15028, stack(0x0000001c95a00000,0x0000001c95b00000)]
  0x00000203bf552800 JavaThread "Build operations Thread 9" [_thread_blocked, id=10440, stack(0x0000001c95b00000,0x0000001c95c00000)]
  0x00000203c148d000 JavaThread "Build operations Thread 10" [_thread_blocked, id=2228, stack(0x0000001c95c00000,0x0000001c95d00000)]
  0x00000203c148a800 JavaThread "Build operations Thread 11" [_thread_blocked, id=3736, stack(0x0000001c95d00000,0x0000001c95e00000)]
  0x00000203c148b800 JavaThread "Build operations Thread 12" [_thread_blocked, id=17824, stack(0x0000001c95e00000,0x0000001c95f00000)]
  0x00000203c148e000 JavaThread "Build operations Thread 13" [_thread_blocked, id=34544, stack(0x0000001c95f00000,0x0000001c96000000)]
  0x00000203c148c000 JavaThread "Build operations Thread 14" [_thread_blocked, id=35112, stack(0x0000001c96000000,0x0000001c96100000)]
  0x00000203c148e800 JavaThread "Build operations Thread 15" [_thread_blocked, id=35512, stack(0x0000001c96100000,0x0000001c96200000)]
  0x00000203c148f800 JavaThread "Build operations Thread 16" [_thread_blocked, id=16368, stack(0x0000001c96200000,0x0000001c96300000)]
  0x00000203c1492000 JavaThread "jar transforms Thread 4" [_thread_blocked, id=19596, stack(0x0000001c96300000,0x0000001c96400000)]
  0x00000203c1493800 JavaThread "jar transforms Thread 5" [_thread_blocked, id=9512, stack(0x0000001c96400000,0x0000001c96500000)]
  0x00000203c1490000 JavaThread "jar transforms Thread 6" [_thread_blocked, id=1468, stack(0x0000001c96500000,0x0000001c96600000)]
  0x00000203c1495000 JavaThread "jar transforms Thread 7" [_thread_blocked, id=31504, stack(0x0000001c96600000,0x0000001c96700000)]
  0x00000203c1492800 JavaThread "jar transforms Thread 8" [_thread_blocked, id=17176, stack(0x0000001c96700000,0x0000001c96800000)]
  0x00000203c1494800 JavaThread "jar transforms Thread 9" [_thread_blocked, id=31952, stack(0x0000001c96800000,0x0000001c96900000)]
  0x00000203c1496000 JavaThread "jar transforms Thread 10" [_thread_blocked, id=32644, stack(0x0000001c96900000,0x0000001c96a00000)]
  0x00000203c1497000 JavaThread "jar transforms Thread 11" [_thread_blocked, id=34856, stack(0x0000001c96a00000,0x0000001c96b00000)]
  0x00000203c1491000 JavaThread "jar transforms Thread 12" [_thread_blocked, id=5332, stack(0x0000001c96b00000,0x0000001c96c00000)]
  0x00000203c1497800 JavaThread "jar transforms Thread 13" [_thread_blocked, id=1764, stack(0x0000001c96c00000,0x0000001c96d00000)]
  0x00000203c1498800 JavaThread "jar transforms Thread 14" [_thread_blocked, id=27300, stack(0x0000001c96d00000,0x0000001c96e00000)]
  0x00000203c2649000 JavaThread "jar transforms Thread 15" [_thread_blocked, id=16036, stack(0x0000001c96e00000,0x0000001c96f00000)]
  0x00000203c264b800 JavaThread "jar transforms Thread 16" [_thread_blocked, id=36984, stack(0x0000001c96f00000,0x0000001c97000000)]
  0x00000203c264a000 JavaThread "Memory manager" [_thread_blocked, id=16424, stack(0x0000001c94a00000,0x0000001c94b00000)]
  0x00000203c264c000 JavaThread "build event listener" [_thread_blocked, id=34896, stack(0x0000001c94c00000,0x0000001c94d00000)]
  0x00000203c42c9800 JavaThread "C2 CompilerThread3" daemon [_thread_blocked, id=37780, stack(0x0000001c94b00000,0x0000001c94c00000)]
  0x00000203c56fb000 JavaThread "C2 CompilerThread4" daemon [_thread_blocked, id=34360, stack(0x0000001c97000000,0x0000001c97100000)]
  0x00000203c516a000 JavaThread "C2 CompilerThread5" daemon [_thread_in_native, id=28000, stack(0x0000001c97100000,0x0000001c97200000)]
  0x00000203c264d000 JavaThread "build event listener" [_thread_blocked, id=19040, stack(0x0000001c97400000,0x0000001c97500000)]
  0x00000203c264e000 JavaThread "Execution worker for ':'" [_thread_blocked, id=33768, stack(0x0000001c97500000,0x0000001c97600000)]
  0x00000203c264e800 JavaThread "Execution worker for ':' Thread 2" [_thread_blocked, id=26672, stack(0x0000001c97600000,0x0000001c97700000)]
  0x00000203c264f800 JavaThread "Execution worker for ':' Thread 3" [_thread_blocked, id=26688, stack(0x0000001c97700000,0x0000001c97800000)]
  0x00000203c2650800 JavaThread "Execution worker for ':' Thread 4" [_thread_blocked, id=36208, stack(0x0000001c97800000,0x0000001c97900000)]
  0x00000203c264a800 JavaThread "Execution worker for ':' Thread 5" [_thread_blocked, id=20736, stack(0x0000001c97900000,0x0000001c97a00000)]
  0x00000203c2653000 JavaThread "Execution worker for ':' Thread 6" [_thread_blocked, id=29300, stack(0x0000001c97a00000,0x0000001c97b00000)]
  0x00000203c2655000 JavaThread "Execution worker for ':' Thread 7" [_thread_blocked, id=2056, stack(0x0000001c97b00000,0x0000001c97c00000)]
  0x00000203c2656000 JavaThread "Execution worker for ':' Thread 8" [_thread_blocked, id=19896, stack(0x0000001c97c00000,0x0000001c97d00000)]
  0x00000203c2654800 JavaThread "Execution worker for ':' Thread 9" [_thread_blocked, id=25812, stack(0x0000001c97d00000,0x0000001c97e00000)]
  0x00000203c2657000 JavaThread "Execution worker for ':' Thread 10" [_thread_blocked, id=10228, stack(0x0000001c97e00000,0x0000001c97f00000)]
  0x00000203c2651000 JavaThread "Execution worker for ':' Thread 11" [_thread_blocked, id=37456, stack(0x0000001c97f00000,0x0000001c98000000)]
  0x00000203c2652000 JavaThread "Execution worker for ':' Thread 12" [_thread_blocked, id=13184, stack(0x0000001c98000000,0x0000001c98100000)]
  0x00000203c2653800 JavaThread "Execution worker for ':' Thread 13" [_thread_blocked, id=31668, stack(0x0000001c98100000,0x0000001c98200000)]
  0x00000203c5159800 JavaThread "Execution worker for ':' Thread 14" [_thread_blocked, id=28108, stack(0x0000001c98200000,0x0000001c98300000)]
  0x00000203c515a800 JavaThread "Execution worker for ':' Thread 15" [_thread_blocked, id=21196, stack(0x0000001c98300000,0x0000001c98400000)]
  0x00000203c5159000 JavaThread "Cache worker for execution history cache (D:\KULIAH\Semester 5\Rekayasa Perangkat Lunak\ParkTikomAdmin\.gradle\7.0.2\executionHistory)" [_thread_blocked, id=28216, stack(0x0000001c98400000,0x0000001c98500000)]
  0x00000203c560d800 JavaThread "C2 CompilerThread6" daemon [_thread_blocked, id=27180, stack(0x0000001c97200000,0x0000001c97300000)]
  0x00000203c56e3000 JavaThread "C2 CompilerThread7" daemon [_thread_in_native, id=13412, stack(0x0000001c97300000,0x0000001c97400000)]
  0x00000203c515d000 JavaThread "WorkerExecutor Queue" [_thread_blocked, id=17184, stack(0x0000001c98500000,0x0000001c98600000)]
  0x00000203c515b800 JavaThread "WorkerExecutor Queue Thread 2" [_thread_blocked, id=3280, stack(0x0000001c98600000,0x0000001c98700000)]
  0x00000203c5157800 JavaThread "WorkerExecutor Queue Thread 3" [_thread_blocked, id=17872, stack(0x0000001c98700000,0x0000001c98800000)]
  0x00000203c515e000 JavaThread "WorkerExecutor Queue Thread 4" [_thread_blocked, id=30184, stack(0x0000001c98800000,0x0000001c98900000)]
  0x00000203c5158000 JavaThread "pool-3-thread-1" [_thread_blocked, id=35564, stack(0x0000001c98900000,0x0000001c98a00000)]
  0x00000203c5160000 JavaThread "stderr" [_thread_in_native, id=13240, stack(0x0000001c98a00000,0x0000001c98b00000)]
  0x00000203c5162800 JavaThread "stdout" [_thread_in_native, id=37044, stack(0x0000001c98b00000,0x0000001c98c00000)]
  0x00000203c5163800 JavaThread "ForkJoinPool-1-worker-19" daemon [_thread_blocked, id=34428, stack(0x0000001c98d00000,0x0000001c98e00000)]
  0x00000203c515f800 JavaThread "ForkJoinPool-1-worker-5" daemon [_thread_blocked, id=26932, stack(0x0000001c98e00000,0x0000001c98f00000)]
  0x00000203c5162000 JavaThread "ForkJoinPool-1-worker-9" daemon [_thread_blocked, id=29012, stack(0x0000001c98f00000,0x0000001c99000000)]
  0x00000203c5161000 JavaThread "ForkJoinPool-1-worker-23" daemon [_thread_blocked, id=13820, stack(0x0000001c99000000,0x0000001c99100000)]
  0x00000203c5164800 JavaThread "ForkJoinPool-1-worker-27" daemon [_thread_blocked, id=10112, stack(0x0000001c99100000,0x0000001c99200000)]
  0x00000203c515e800 JavaThread "ForkJoinPool-1-worker-13" daemon [_thread_blocked, id=17948, stack(0x0000001c99200000,0x0000001c99300000)]
  0x00000203c5165000 JavaThread "ForkJoinPool-1-worker-17" daemon [_thread_blocked, id=19448, stack(0x0000001c99300000,0x0000001c99400000)]
  0x00000203c5166000 JavaThread "ForkJoinPool-1-worker-31" daemon [_thread_blocked, id=15444, stack(0x0000001c99400000,0x0000001c99500000)]
  0x00000203cb224800 JavaThread "ForkJoinPool-1-worker-3" daemon [_thread_blocked, id=9460, stack(0x0000001c99500000,0x0000001c99600000)]
  0x00000203cb224000 JavaThread "ForkJoinPool-1-worker-21" daemon [_thread_blocked, id=2232, stack(0x0000001c99600000,0x0000001c99700000)]
  0x00000203cb225800 JavaThread "ForkJoinPool-1-worker-7" daemon [_thread_blocked, id=12148, stack(0x0000001c99700000,0x0000001c99800000)]
  0x00000203cb226800 JavaThread "ForkJoinPool-1-worker-25" daemon [_thread_blocked, id=8372, stack(0x0000001c99800000,0x0000001c99900000)]
  0x00000203cb227000 JavaThread "ForkJoinPool-1-worker-11" daemon [_thread_blocked, id=11964, stack(0x0000001c99900000,0x0000001c99a00000)]
  0x00000203cb228000 JavaThread "ForkJoinPool-1-worker-29" daemon [_thread_blocked, id=18192, stack(0x0000001c99a00000,0x0000001c99b00000)]
  0x00000203cb222000 JavaThread "ForkJoinPool-1-worker-15" daemon [_thread_blocked, id=2292, stack(0x0000001c99b00000,0x0000001c99c00000)]
  0x00000203cb228800 JavaThread "ForkJoinPool-1-worker-1" daemon [_thread_blocked, id=22080, stack(0x0000001c99c00000,0x0000001c99d00000)]

Other Threads:
=>0x00000203bab4d800 VMThread "VM Thread" [stack: 0x0000001c91800000,0x0000001c91900000] [id=31584]
  0x00000203bb631800 WatcherThread [stack: 0x0000001c92300000,0x0000001c92400000] [id=36964]
  0x000002039fc10800 GCTaskThread "GC Thread#0" [stack: 0x0000001c91300000,0x0000001c91400000] [id=36480]
  0x00000203bbbb5000 GCTaskThread "GC Thread#1" [stack: 0x0000001c92700000,0x0000001c92800000] [id=28312]
  0x00000203bbc65000 GCTaskThread "GC Thread#2" [stack: 0x0000001c92800000,0x0000001c92900000] [id=22596]
  0x00000203bc0b8800 GCTaskThread "GC Thread#3" [stack: 0x0000001c92900000,0x0000001c92a00000] [id=8760]
  0x00000203bc0b9000 GCTaskThread "GC Thread#4" [stack: 0x0000001c92a00000,0x0000001c92b00000] [id=13436]
  0x00000203bdcc8800 GCTaskThread "GC Thread#5" [stack: 0x0000001c93700000,0x0000001c93800000] [id=27744]
  0x00000203bcb3c800 GCTaskThread "GC Thread#6" [stack: 0x0000001c93800000,0x0000001c93900000] [id=19336]
  0x00000203bdbf9800 GCTaskThread "GC Thread#7" [stack: 0x0000001c93900000,0x0000001c93a00000] [id=29396]
  0x00000203be1d1000 GCTaskThread "GC Thread#8" [stack: 0x0000001c93a00000,0x0000001c93b00000] [id=36132]
  0x00000203bcc0a800 GCTaskThread "GC Thread#9" [stack: 0x0000001c93b00000,0x0000001c93c00000] [id=31592]
  0x00000203bdcd5800 GCTaskThread "GC Thread#10" [stack: 0x0000001c93c00000,0x0000001c93d00000] [id=27028]
  0x00000203bdcd6000 GCTaskThread "GC Thread#11" [stack: 0x0000001c93d00000,0x0000001c93e00000] [id=21184]
  0x00000203bc5a8000 GCTaskThread "GC Thread#12" [stack: 0x0000001c93e00000,0x0000001c93f00000] [id=36796]
  0x000002039fc42800 ConcurrentGCThread "G1 Main Marker" [stack: 0x0000001c91400000,0x0000001c91500000] [id=29232]
  0x000002039fc44000 ConcurrentGCThread "G1 Conc#0" [stack: 0x0000001c91500000,0x0000001c91600000] [id=31152]
  0x00000203bc2d2000 ConcurrentGCThread "G1 Conc#1" [stack: 0x0000001c93f00000,0x0000001c94000000] [id=36416]
  0x00000203bc4bf800 ConcurrentGCThread "G1 Conc#2" [stack: 0x0000001c94000000,0x0000001c94100000] [id=11528]
  0x00000203baa17800 ConcurrentGCThread "G1 Refine#0" [stack: 0x0000001c91600000,0x0000001c91700000] [id=36732]
  0x00000203c9ce3800 ConcurrentGCThread "G1 Refine#1" [stack: 0x0000001c98c00000,0x0000001c98d00000] [id=7164]
  0x00000203c7a35800 ConcurrentGCThread "G1 Refine#2" [stack: 0x0000001c99d00000,0x0000001c99e00000] [id=12028]
  0x00000203c797b800 ConcurrentGCThread "G1 Refine#3" [stack: 0x0000001c99e00000,0x0000001c99f00000] [id=24352]
  0x00000203bc4e2800 ConcurrentGCThread "G1 Refine#4" [stack: 0x0000001c99f00000,0x0000001c9a000000] [id=9156]
  0x00000203bfd07800 ConcurrentGCThread "G1 Refine#5" [stack: 0x0000001c9a000000,0x0000001c9a100000] [id=17204]
  0x00000203ca090800 ConcurrentGCThread "G1 Refine#6" [stack: 0x0000001c9a100000,0x0000001c9a200000] [id=27720]
  0x00000203baa18800 ConcurrentGCThread "G1 Young RemSet Sampling" [stack: 0x0000001c91700000,0x0000001c91800000] [id=19932]

Threads with active compile tasks:
C2 CompilerThread0  15129 12857       4       com.android.tools.r8.dex.j::e (654 bytes)
C2 CompilerThread1  15129 12979       4       com.android.tools.r8.graph.E::<init> (110 bytes)
C2 CompilerThread2  15129 12844       4       com.android.tools.r8.dex.j::i (798 bytes)
C2 CompilerThread3  15129 12925       4       com.android.tools.r8.code.H::<init> (6 bytes)
C2 CompilerThread4  15129 12930 %     4       com.android.tools.r8.code.w1::a @ 20 (4137 bytes)
C2 CompilerThread5  15129 12804 %     4       com.android.tools.r8.dex.j::a @ 315 (1038 bytes)
C2 CompilerThread6  15129 12987       4       com.android.tools.r8.graph.E::F (78 bytes)
C2 CompilerThread7  15129 12418 %     4       com.android.tools.r8.dex.j::m @ 64 (2086 bytes)

VM state:at safepoint (normal execution)

VM Mutex/Monitor currently owned by a thread:  ([mutex/lock_event])
[0x000002039fbf3580] Threads_lock - owner thread: 0x00000203bab4d800
[0x000002039fbf3100] Heap_lock - owner thread: 0x00000203cb225800

Heap address: 0x0000000080000000, size: 2048 MB, Compressed Oops mode: 32-bit
Narrow klass base: 0x0000000000000000, Narrow klass shift: 3
Compressed class space size: 1073741824 Address: 0x0000000100000000

Heap:
 garbage-first heap   total 305152K, used 177378K [0x0000000080000000, 0x0000000100000000)
  region size 1024K, 6 young (6144K), 6 survivors (6144K)
 Metaspace       used 94943K, capacity 97287K, committed 98432K, reserved 1134592K
  class space    used 12388K, capacity 13258K, committed 13696K, reserved 1048576K
Heap Regions: E=young(eden), S=young(survivor), O=old, HS=humongous(starts), HC=humongous(continues), CS=collection set, F=free, A=archive, TAMS=top-at-mark-start (previous, next)
|   0|0x0000000080000000, 0x0000000080100000, 0x0000000080100000|100%| O|  |TAMS 0x0000000080100000, 0x0000000080100000| Untracked 
|   1|0x0000000080100000, 0x0000000080200000, 0x0000000080200000|100%| O|  |TAMS 0x0000000080200000, 0x0000000080200000| Untracked 
|   2|0x0000000080200000, 0x0000000080300000, 0x0000000080300000|100%| O|  |TAMS 0x0000000080300000, 0x0000000080300000| Untracked 
|   3|0x0000000080300000, 0x0000000080400000, 0x0000000080400000|100%|HS|  |TAMS 0x0000000080400000, 0x0000000080400000| Complete 
|   4|0x0000000080400000, 0x0000000080500000, 0x0000000080500000|100%|HC|  |TAMS 0x0000000080500000, 0x0000000080500000| Complete 
|   5|0x0000000080500000, 0x0000000080600000, 0x0000000080600000|100%|HC|  |TAMS 0x0000000080600000, 0x0000000080600000| Complete 
|   6|0x0000000080600000, 0x0000000080700000, 0x0000000080700000|100%| O|  |TAMS 0x0000000080700000, 0x0000000080700000| Untracked 
|   7|0x0000000080700000, 0x0000000080800000, 0x0000000080800000|100%| O|  |TAMS 0x0000000080800000, 0x0000000080800000| Untracked 
|   8|0x0000000080800000, 0x0000000080900000, 0x0000000080900000|100%| O|  |TAMS 0x0000000080900000, 0x0000000080900000| Untracked 
|   9|0x0000000080900000, 0x0000000080a00000, 0x0000000080a00000|100%| O|  |TAMS 0x0000000080a00000, 0x0000000080a00000| Untracked 
|  10|0x0000000080a00000, 0x0000000080b00000, 0x0000000080b00000|100%| O|  |TAMS 0x0000000080b00000, 0x0000000080b00000| Untracked 
|  11|0x0000000080b00000, 0x0000000080c00000, 0x0000000080c00000|100%| O|  |TAMS 0x0000000080c00000, 0x0000000080c00000| Untracked 
|  12|0x0000000080c00000, 0x0000000080d00000, 0x0000000080d00000|100%| O|  |TAMS 0x0000000080d00000, 0x0000000080d00000| Untracked 
|  13|0x0000000080d00000, 0x0000000080e00000, 0x0000000080e00000|100%| O|  |TAMS 0x0000000080e00000, 0x0000000080e00000| Untracked 
|  14|0x0000000080e00000, 0x0000000080f00000, 0x0000000080f00000|100%| O|  |TAMS 0x0000000080f00000, 0x0000000080f00000| Untracked 
|  15|0x0000000080f00000, 0x0000000081000000, 0x0000000081000000|100%| O|  |TAMS 0x0000000081000000, 0x0000000081000000| Untracked 
|  16|0x0000000081000000, 0x0000000081100000, 0x0000000081100000|100%|HS|  |TAMS 0x0000000081100000, 0x0000000081100000| Complete 
|  17|0x0000000081100000, 0x0000000081200000, 0x0000000081200000|100%|HS|  |TAMS 0x0000000081200000, 0x0000000081200000| Complete 
|  18|0x0000000081200000, 0x0000000081300000, 0x0000000081300000|100%|HS|  |TAMS 0x0000000081300000, 0x0000000081300000| Complete 
|  19|0x0000000081300000, 0x0000000081400000, 0x0000000081400000|100%|HS|  |TAMS 0x0000000081400000, 0x0000000081400000| Complete 
|  20|0x0000000081400000, 0x0000000081500000, 0x0000000081500000|100%|HC|  |TAMS 0x0000000081500000, 0x0000000081500000| Complete 
|  21|0x0000000081500000, 0x0000000081600000, 0x0000000081600000|100%|HC|  |TAMS 0x0000000081600000, 0x0000000081600000| Complete 
|  22|0x0000000081600000, 0x0000000081700000, 0x0000000081700000|100%|HS|  |TAMS 0x0000000081700000, 0x0000000081700000| Complete 
|  23|0x0000000081700000, 0x0000000081800000, 0x0000000081800000|100%|HC|  |TAMS 0x0000000081800000, 0x0000000081800000| Complete 
|  24|0x0000000081800000, 0x0000000081900000, 0x0000000081900000|100%| O|  |TAMS 0x0000000081900000, 0x0000000081900000| Untracked 
|  25|0x0000000081900000, 0x0000000081a00000, 0x0000000081a00000|100%| O|  |TAMS 0x0000000081a00000, 0x0000000081a00000| Untracked 
|  26|0x0000000081a00000, 0x0000000081b00000, 0x0000000081b00000|100%| O|  |TAMS 0x0000000081b00000, 0x0000000081b00000| Untracked 
|  27|0x0000000081b00000, 0x0000000081c00000, 0x0000000081c00000|100%| O|  |TAMS 0x0000000081c00000, 0x0000000081c00000| Untracked 
|  28|0x0000000081c00000, 0x0000000081d00000, 0x0000000081d00000|100%| O|  |TAMS 0x0000000081d00000, 0x0000000081d00000| Untracked 
|  29|0x0000000081d00000, 0x0000000081e00000, 0x0000000081e00000|100%| O|  |TAMS 0x0000000081e00000, 0x0000000081e00000| Untracked 
|  30|0x0000000081e00000, 0x0000000081f00000, 0x0000000081f00000|100%| O|  |TAMS 0x0000000081f00000, 0x0000000081f00000| Untracked 
|  31|0x0000000081f00000, 0x0000000082000000, 0x0000000082000000|100%| O|  |TAMS 0x0000000082000000, 0x0000000082000000| Untracked 
|  32|0x0000000082000000, 0x0000000082100000, 0x0000000082100000|100%| O|  |TAMS 0x0000000082100000, 0x0000000082100000| Untracked 
|  33|0x0000000082100000, 0x0000000082200000, 0x0000000082200000|100%| O|  |TAMS 0x0000000082200000, 0x0000000082200000| Untracked 
|  34|0x0000000082200000, 0x0000000082300000, 0x0000000082300000|100%| O|  |TAMS 0x0000000082300000, 0x0000000082300000| Untracked 
|  35|0x0000000082300000, 0x0000000082400000, 0x0000000082400000|100%| O|  |TAMS 0x0000000082400000, 0x0000000082400000| Untracked 
|  36|0x0000000082400000, 0x0000000082500000, 0x0000000082500000|100%| O|  |TAMS 0x0000000082500000, 0x0000000082500000| Untracked 
|  37|0x0000000082500000, 0x0000000082600000, 0x0000000082600000|100%| O|  |TAMS 0x0000000082600000, 0x0000000082600000| Untracked 
|  38|0x0000000082600000, 0x0000000082700000, 0x0000000082700000|100%| O|  |TAMS 0x0000000082700000, 0x0000000082700000| Untracked 
|  39|0x0000000082700000, 0x0000000082800000, 0x0000000082800000|100%| O|  |TAMS 0x0000000082800000, 0x0000000082800000| Untracked 
|  40|0x0000000082800000, 0x0000000082900000, 0x0000000082900000|100%| O|  |TAMS 0x0000000082900000, 0x0000000082900000| Untracked 
|  41|0x0000000082900000, 0x0000000082a00000, 0x0000000082a00000|100%| O|  |TAMS 0x0000000082a00000, 0x0000000082a00000| Untracked 
|  42|0x0000000082a00000, 0x0000000082b00000, 0x0000000082b00000|100%| O|  |TAMS 0x0000000082b00000, 0x0000000082b00000| Untracked 
|  43|0x0000000082b00000, 0x0000000082c00000, 0x0000000082c00000|100%| O|  |TAMS 0x0000000082c00000, 0x0000000082c00000| Untracked 
|  44|0x0000000082c00000, 0x0000000082d00000, 0x0000000082d00000|100%| O|  |TAMS 0x0000000082d00000, 0x0000000082d00000| Untracked 
|  45|0x0000000082d00000, 0x0000000082e00000, 0x0000000082e00000|100%| O|  |TAMS 0x0000000082e00000, 0x0000000082e00000| Untracked 
|  46|0x0000000082e00000, 0x0000000082f00000, 0x0000000082f00000|100%| O|  |TAMS 0x0000000082f00000, 0x0000000082f00000| Untracked 
|  47|0x0000000082f00000, 0x0000000083000000, 0x0000000083000000|100%| O|  |TAMS 0x0000000083000000, 0x0000000083000000| Untracked 
|  48|0x0000000083000000, 0x0000000083100000, 0x0000000083100000|100%| O|  |TAMS 0x0000000083100000, 0x0000000083100000| Untracked 
|  49|0x0000000083100000, 0x0000000083200000, 0x0000000083200000|100%| O|  |TAMS 0x0000000083200000, 0x0000000083200000| Untracked 
|  50|0x0000000083200000, 0x0000000083300000, 0x0000000083300000|100%| O|  |TAMS 0x0000000083300000, 0x0000000083300000| Untracked 
|  51|0x0000000083300000, 0x0000000083400000, 0x0000000083400000|100%| O|  |TAMS 0x0000000083400000, 0x0000000083400000| Untracked 
|  52|0x0000000083400000, 0x0000000083500000, 0x0000000083500000|100%| O|  |TAMS 0x0000000083500000, 0x0000000083500000| Untracked 
|  53|0x0000000083500000, 0x0000000083600000, 0x0000000083600000|100%| O|  |TAMS 0x0000000083600000, 0x0000000083600000| Untracked 
|  54|0x0000000083600000, 0x0000000083700000, 0x0000000083700000|100%| O|  |TAMS 0x0000000083700000, 0x0000000083700000| Untracked 
|  55|0x0000000083700000, 0x0000000083800000, 0x0000000083800000|100%| O|  |TAMS 0x0000000083800000, 0x0000000083800000| Untracked 
|  56|0x0000000083800000, 0x0000000083900000, 0x0000000083900000|100%| O|  |TAMS 0x0000000083900000, 0x0000000083900000| Untracked 
|  57|0x0000000083900000, 0x0000000083a00000, 0x0000000083a00000|100%| O|  |TAMS 0x0000000083a00000, 0x0000000083a00000| Untracked 
|  58|0x0000000083a00000, 0x0000000083b00000, 0x0000000083b00000|100%| O|  |TAMS 0x0000000083b00000, 0x0000000083b00000| Untracked 
|  59|0x0000000083b00000, 0x0000000083c00000, 0x0000000083c00000|100%| O|  |TAMS 0x0000000083c00000, 0x0000000083c00000| Untracked 
|  60|0x0000000083c00000, 0x0000000083d00000, 0x0000000083d00000|100%| O|  |TAMS 0x0000000083d00000, 0x0000000083d00000| Untracked 
|  61|0x0000000083d00000, 0x0000000083e00000, 0x0000000083e00000|100%| O|  |TAMS 0x0000000083e00000, 0x0000000083e00000| Untracked 
|  62|0x0000000083e00000, 0x0000000083f00000, 0x0000000083f00000|100%| O|  |TAMS 0x0000000083f00000, 0x0000000083f00000| Untracked 
|  63|0x0000000083f00000, 0x0000000084000000, 0x0000000084000000|100%| O|  |TAMS 0x0000000084000000, 0x0000000084000000| Untracked 
|  64|0x0000000084000000, 0x0000000084100000, 0x0000000084100000|100%| O|  |TAMS 0x0000000084100000, 0x0000000084100000| Untracked 
|  65|0x0000000084100000, 0x0000000084200000, 0x0000000084200000|100%| O|  |TAMS 0x0000000084200000, 0x0000000084200000| Untracked 
|  66|0x0000000084200000, 0x0000000084300000, 0x0000000084300000|100%| O|  |TAMS 0x0000000084300000, 0x0000000084300000| Untracked 
|  67|0x0000000084300000, 0x0000000084400000, 0x0000000084400000|100%| O|  |TAMS 0x0000000084400000, 0x0000000084400000| Untracked 
|  68|0x0000000084400000, 0x0000000084500000, 0x0000000084500000|100%| O|  |TAMS 0x0000000084500000, 0x0000000084500000| Untracked 
|  69|0x0000000084500000, 0x0000000084600000, 0x0000000084600000|100%| O|  |TAMS 0x0000000084600000, 0x0000000084600000| Untracked 
|  70|0x0000000084600000, 0x0000000084700000, 0x0000000084700000|100%| O|  |TAMS 0x0000000084700000, 0x0000000084700000| Untracked 
|  71|0x0000000084700000, 0x0000000084800000, 0x0000000084800000|100%| O|  |TAMS 0x0000000084800000, 0x0000000084800000| Untracked 
|  72|0x0000000084800000, 0x0000000084900000, 0x0000000084900000|100%| O|  |TAMS 0x0000000084900000, 0x0000000084900000| Untracked 
|  73|0x0000000084900000, 0x0000000084a00000, 0x0000000084a00000|100%| O|  |TAMS 0x0000000084a00000, 0x0000000084a00000| Untracked 
|  74|0x0000000084a00000, 0x0000000084b00000, 0x0000000084b00000|100%| O|  |TAMS 0x0000000084b00000, 0x0000000084b00000| Untracked 
|  75|0x0000000084b00000, 0x0000000084c00000, 0x0000000084c00000|100%| O|  |TAMS 0x0000000084c00000, 0x0000000084c00000| Untracked 
|  76|0x0000000084c00000, 0x0000000084d00000, 0x0000000084d00000|100%|HS|  |TAMS 0x0000000084d00000, 0x0000000084d00000| Complete 
|  77|0x0000000084d00000, 0x0000000084e00000, 0x0000000084e00000|100%|HC|  |TAMS 0x0000000084e00000, 0x0000000084e00000| Complete 
|  78|0x0000000084e00000, 0x0000000084f00000, 0x0000000084f00000|100%|HS|  |TAMS 0x0000000084f00000, 0x0000000084f00000| Complete 
|  79|0x0000000084f00000, 0x0000000085000000, 0x0000000085000000|100%|HS|  |TAMS 0x0000000085000000, 0x0000000085000000| Complete 
|  80|0x0000000085000000, 0x0000000085100000, 0x0000000085100000|100%|HS|  |TAMS 0x0000000085100000, 0x0000000085100000| Complete 
|  81|0x0000000085100000, 0x0000000085200000, 0x0000000085200000|100%|HS|  |TAMS 0x0000000085200000, 0x0000000085200000| Complete 
|  82|0x0000000085200000, 0x0000000085300000, 0x0000000085300000|100%|HS|  |TAMS 0x0000000085300000, 0x0000000085300000| Complete 
|  83|0x0000000085300000, 0x0000000085400000, 0x0000000085400000|100%|HS|  |TAMS 0x0000000085400000, 0x0000000085400000| Complete 
|  84|0x0000000085400000, 0x0000000085500000, 0x0000000085500000|100%|HC|  |TAMS 0x0000000085500000, 0x0000000085500000| Complete 
|  85|0x0000000085500000, 0x0000000085600000, 0x0000000085600000|100%|HC|  |TAMS 0x0000000085600000, 0x0000000085600000| Complete 
|  86|0x0000000085600000, 0x0000000085700000, 0x0000000085700000|100%| O|  |TAMS 0x0000000085700000, 0x0000000085700000| Untracked 
|  87|0x0000000085700000, 0x0000000085800000, 0x0000000085800000|100%| O|  |TAMS 0x0000000085800000, 0x0000000085800000| Untracked 
|  88|0x0000000085800000, 0x0000000085900000, 0x0000000085900000|100%|HS|  |TAMS 0x0000000085900000, 0x0000000085900000| Complete 
|  89|0x0000000085900000, 0x0000000085a00000, 0x0000000085a00000|100%|HC|  |TAMS 0x0000000085a00000, 0x0000000085a00000| Complete 
|  90|0x0000000085a00000, 0x0000000085b00000, 0x0000000085b00000|100%| O|  |TAMS 0x0000000085b00000, 0x0000000085b00000| Untracked 
|  91|0x0000000085b00000, 0x0000000085c00000, 0x0000000085c00000|100%|HS|  |TAMS 0x0000000085c00000, 0x0000000085c00000| Complete 
|  92|0x0000000085c00000, 0x0000000085d00000, 0x0000000085d00000|100%| O|  |TAMS 0x0000000085d00000, 0x0000000085d00000| Untracked 
|  93|0x0000000085d00000, 0x0000000085e00000, 0x0000000085e00000|100%|HS|  |TAMS 0x0000000085e00000, 0x0000000085e00000| Complete 
|  94|0x0000000085e00000, 0x0000000085f00000, 0x0000000085f00000|100%| O|  |TAMS 0x0000000085f00000, 0x0000000085f00000| Untracked 
|  95|0x0000000085f00000, 0x0000000086000000, 0x0000000086000000|100%|HS|  |TAMS 0x0000000086000000, 0x0000000086000000| Complete 
|  96|0x0000000086000000, 0x0000000086100000, 0x0000000086100000|100%| O|  |TAMS 0x0000000086100000, 0x0000000086100000| Untracked 
|  97|0x0000000086100000, 0x0000000086200000, 0x0000000086200000|100%|HS|  |TAMS 0x0000000086200000, 0x0000000086200000| Complete 
|  98|0x0000000086200000, 0x0000000086300000, 0x0000000086300000|100%| O|  |TAMS 0x0000000086300000, 0x0000000086300000| Untracked 
|  99|0x0000000086300000, 0x0000000086400000, 0x0000000086400000|100%|HS|  |TAMS 0x0000000086400000, 0x0000000086400000| Complete 
| 100|0x0000000086400000, 0x0000000086500000, 0x0000000086500000|100%| O|  |TAMS 0x0000000086500000, 0x0000000086500000| Untracked 
| 101|0x0000000086500000, 0x0000000086600000, 0x0000000086600000|100%| O|  |TAMS 0x0000000086600000, 0x0000000086600000| Untracked 
| 102|0x0000000086600000, 0x0000000086700000, 0x0000000086700000|100%| O|  |TAMS 0x0000000086700000, 0x0000000086700000| Untracked 
| 103|0x0000000086700000, 0x0000000086800000, 0x0000000086800000|100%|HS|  |TAMS 0x0000000086800000, 0x0000000086800000| Complete 
| 104|0x0000000086800000, 0x0000000086900000, 0x0000000086900000|100%|HC|  |TAMS 0x0000000086900000, 0x0000000086900000| Complete 
| 105|0x0000000086900000, 0x0000000086a00000, 0x0000000086a00000|100%|HC|  |TAMS 0x0000000086a00000, 0x0000000086a00000| Complete 
| 106|0x0000000086a00000, 0x0000000086b00000, 0x0000000086b00000|100%| O|  |TAMS 0x0000000086b00000, 0x0000000086b00000| Untracked 
| 107|0x0000000086b00000, 0x0000000086c00000, 0x0000000086c00000|100%| O|  |TAMS 0x0000000086c00000, 0x0000000086c00000| Untracked 
| 108|0x0000000086c00000, 0x0000000086d00000, 0x0000000086d00000|100%| O|  |TAMS 0x0000000086d00000, 0x0000000086d00000| Untracked 
| 109|0x0000000086d00000, 0x0000000086e00000, 0x0000000086e00000|100%| O|  |TAMS 0x0000000086e00000, 0x0000000086e00000| Untracked 
| 110|0x0000000086e00000, 0x0000000086f00000, 0x0000000086f00000|100%| O|  |TAMS 0x0000000086f00000, 0x0000000086f00000| Untracked 
| 111|0x0000000086f00000, 0x0000000087000000, 0x0000000087000000|100%| O|  |TAMS 0x0000000087000000, 0x0000000087000000| Untracked 
| 112|0x0000000087000000, 0x0000000087100000, 0x0000000087100000|100%| O|  |TAMS 0x0000000087100000, 0x0000000087100000| Untracked 
| 113|0x0000000087100000, 0x0000000087200000, 0x0000000087200000|100%| O|  |TAMS 0x0000000087200000, 0x0000000087200000| Untracked 
| 114|0x0000000087200000, 0x0000000087300000, 0x0000000087300000|100%| O|  |TAMS 0x0000000087300000, 0x0000000087300000| Untracked 
| 115|0x0000000087300000, 0x0000000087400000, 0x0000000087400000|100%| O|  |TAMS 0x0000000087400000, 0x0000000087400000| Untracked 
| 116|0x0000000087400000, 0x0000000087500000, 0x0000000087500000|100%| O|  |TAMS 0x0000000087500000, 0x0000000087500000| Untracked 
| 117|0x0000000087500000, 0x0000000087600000, 0x0000000087600000|100%| O|  |TAMS 0x0000000087600000, 0x0000000087600000| Untracked 
| 118|0x0000000087600000, 0x0000000087700000, 0x0000000087700000|100%| O|  |TAMS 0x0000000087700000, 0x0000000087700000| Untracked 
| 119|0x0000000087700000, 0x0000000087800000, 0x0000000087800000|100%| O|  |TAMS 0x0000000087800000, 0x0000000087800000| Untracked 
| 120|0x0000000087800000, 0x0000000087900000, 0x0000000087900000|100%| O|  |TAMS 0x0000000087900000, 0x0000000087900000| Untracked 
| 121|0x0000000087900000, 0x0000000087a00000, 0x0000000087a00000|100%| O|  |TAMS 0x0000000087a00000, 0x0000000087a00000| Untracked 
| 122|0x0000000087a00000, 0x0000000087b00000, 0x0000000087b00000|100%| O|  |TAMS 0x0000000087b00000, 0x0000000087b00000| Untracked 
| 123|0x0000000087b00000, 0x0000000087c00000, 0x0000000087c00000|100%|HS|  |TAMS 0x0000000087b00000, 0x0000000087c00000| Complete 
| 124|0x0000000087c00000, 0x0000000087d00000, 0x0000000087d00000|100%|HS|  |TAMS 0x0000000087c00000, 0x0000000087d00000| Complete 
| 125|0x0000000087d00000, 0x0000000087e00000, 0x0000000087e00000|100%| O|  |TAMS 0x0000000087d00000, 0x0000000087e00000| Untracked 
| 126|0x0000000087e00000, 0x0000000087f00000, 0x0000000087f00000|100%| O|  |TAMS 0x0000000087e00000, 0x0000000087f00000| Untracked 
| 127|0x0000000087f00000, 0x0000000088000000, 0x0000000088000000|100%| O|  |TAMS 0x0000000087f00000, 0x0000000088000000| Untracked 
| 128|0x0000000088000000, 0x0000000088100000, 0x0000000088100000|100%| O|  |TAMS 0x0000000088000000, 0x0000000088100000| Untracked 
| 129|0x0000000088100000, 0x0000000088200000, 0x0000000088200000|100%| O|  |TAMS 0x0000000088100000, 0x0000000088200000| Untracked 
| 130|0x0000000088200000, 0x0000000088300000, 0x0000000088300000|100%| O|  |TAMS 0x0000000088200000, 0x0000000088300000| Untracked 
| 131|0x0000000088300000, 0x0000000088400000, 0x0000000088400000|100%| O|  |TAMS 0x0000000088300000, 0x0000000088400000| Untracked 
| 132|0x0000000088400000, 0x0000000088500000, 0x0000000088500000|100%| O|  |TAMS 0x0000000088400000, 0x0000000088500000| Untracked 
| 133|0x0000000088500000, 0x0000000088600000, 0x0000000088600000|100%| O|  |TAMS 0x0000000088500000, 0x0000000088600000| Untracked 
| 134|0x0000000088600000, 0x0000000088700000, 0x0000000088700000|100%| O|  |TAMS 0x0000000088600000, 0x0000000088700000| Untracked 
| 135|0x0000000088700000, 0x0000000088800000, 0x0000000088800000|100%| O|  |TAMS 0x0000000088700000, 0x0000000088800000| Untracked 
| 136|0x0000000088800000, 0x0000000088900000, 0x0000000088900000|100%| O|  |TAMS 0x0000000088900000, 0x0000000088900000| Untracked 
| 137|0x0000000088900000, 0x0000000088a00000, 0x0000000088a00000|100%| O|  |TAMS 0x0000000088a00000, 0x0000000088a00000| Untracked 
| 138|0x0000000088a00000, 0x0000000088b00000, 0x0000000088b00000|100%| O|  |TAMS 0x0000000088b00000, 0x0000000088b00000| Untracked 
| 139|0x0000000088b00000, 0x0000000088c00000, 0x0000000088c00000|100%| O|  |TAMS 0x0000000088c00000, 0x0000000088c00000| Untracked 
| 140|0x0000000088c00000, 0x0000000088d00000, 0x0000000088d00000|100%| O|  |TAMS 0x0000000088c69200, 0x0000000088d00000| Untracked 
| 141|0x0000000088d00000, 0x0000000088e00000, 0x0000000088e00000|100%| O|  |TAMS 0x0000000088d00000, 0x0000000088e00000| Untracked 
| 142|0x0000000088e00000, 0x0000000088f00000, 0x0000000088f00000|100%| O|  |TAMS 0x0000000088e00000, 0x0000000088f00000| Untracked 
| 143|0x0000000088f00000, 0x0000000089000000, 0x0000000089000000|100%| O|  |TAMS 0x0000000088f00000, 0x0000000089000000| Untracked 
| 144|0x0000000089000000, 0x0000000089100000, 0x0000000089100000|100%| O|  |TAMS 0x0000000089000000, 0x0000000089100000| Untracked 
| 145|0x0000000089100000, 0x0000000089200000, 0x0000000089200000|100%| O|  |TAMS 0x0000000089100000, 0x0000000089200000| Untracked 
| 146|0x0000000089200000, 0x0000000089300000, 0x0000000089300000|100%| O|  |TAMS 0x0000000089200000, 0x0000000089300000| Untracked 
| 147|0x0000000089300000, 0x0000000089400000, 0x0000000089400000|100%| O|  |TAMS 0x0000000089300000, 0x0000000089400000| Untracked 
| 148|0x0000000089400000, 0x0000000089500000, 0x0000000089500000|100%| O|  |TAMS 0x0000000089400000, 0x0000000089500000| Untracked 
| 149|0x0000000089500000, 0x0000000089600000, 0x0000000089600000|100%| O|  |TAMS 0x0000000089500000, 0x0000000089600000| Untracked 
| 150|0x0000000089600000, 0x0000000089700000, 0x0000000089700000|100%| O|  |TAMS 0x0000000089600000, 0x0000000089700000| Untracked 
| 151|0x0000000089700000, 0x0000000089800000, 0x0000000089800000|100%| O|  |TAMS 0x0000000089700000, 0x0000000089800000| Untracked 
| 152|0x0000000089800000, 0x0000000089900000, 0x0000000089900000|100%| O|  |TAMS 0x0000000089800000, 0x0000000089900000| Untracked 
| 153|0x0000000089900000, 0x0000000089a00000, 0x0000000089a00000|100%| O|  |TAMS 0x0000000089900000, 0x0000000089a00000| Untracked 
| 154|0x0000000089a00000, 0x0000000089b00000, 0x0000000089b00000|100%| O|  |TAMS 0x0000000089a00000, 0x0000000089b00000| Untracked 
| 155|0x0000000089b00000, 0x0000000089c00000, 0x0000000089c00000|100%| O|  |TAMS 0x0000000089b00000, 0x0000000089c00000| Untracked 
| 156|0x0000000089c00000, 0x0000000089d00000, 0x0000000089d00000|100%| O|  |TAMS 0x0000000089c00000, 0x0000000089d00000| Untracked 
| 157|0x0000000089d00000, 0x0000000089e00000, 0x0000000089e00000|100%| O|  |TAMS 0x0000000089d00000, 0x0000000089e00000| Untracked 
| 158|0x0000000089e00000, 0x0000000089f00000, 0x0000000089f00000|100%| O|  |TAMS 0x0000000089e00000, 0x0000000089f00000| Untracked 
| 159|0x0000000089f00000, 0x000000008a000000, 0x000000008a000000|100%| O|  |TAMS 0x0000000089f00000, 0x000000008a000000| Untracked 
| 160|0x000000008a000000, 0x000000008a100000, 0x000000008a100000|100%| O|  |TAMS 0x000000008a000000, 0x000000008a100000| Untracked 
| 161|0x000000008a100000, 0x000000008a200000, 0x000000008a200000|100%| O|  |TAMS 0x000000008a100000, 0x000000008a200000| Untracked 
| 162|0x000000008a200000, 0x000000008a300000, 0x000000008a300000|100%| O|  |TAMS 0x000000008a200000, 0x000000008a300000| Untracked 
| 163|0x000000008a300000, 0x000000008a400000, 0x000000008a400000|100%| O|  |TAMS 0x000000008a300000, 0x000000008a400000| Untracked 
| 164|0x000000008a400000, 0x000000008a500000, 0x000000008a500000|100%| O|  |TAMS 0x000000008a400000, 0x000000008a500000| Untracked 
| 165|0x000000008a500000, 0x000000008a600000, 0x000000008a600000|100%| O|  |TAMS 0x000000008a500000, 0x000000008a600000| Untracked 
| 166|0x000000008a600000, 0x000000008a700000, 0x000000008a700000|100%| O|  |TAMS 0x000000008a600000, 0x000000008a700000| Untracked 
| 167|0x000000008a700000, 0x000000008a738a00, 0x000000008a800000| 22%| O|  |TAMS 0x000000008a700000, 0x000000008a738a00| Untracked 
| 168|0x000000008a800000, 0x000000008a800000, 0x000000008a900000|  0%| F|  |TAMS 0x000000008a800000, 0x000000008a800000| Untracked 
| 169|0x000000008a900000, 0x000000008a900000, 0x000000008aa00000|  0%| F|  |TAMS 0x000000008a900000, 0x000000008a900000| Untracked 
| 170|0x000000008aa00000, 0x000000008aa00000, 0x000000008ab00000|  0%| F|  |TAMS 0x000000008aa00000, 0x000000008aa00000| Untracked 
| 171|0x000000008ab00000, 0x000000008ab00000, 0x000000008ac00000|  0%| F|  |TAMS 0x000000008ab00000, 0x000000008ab00000| Untracked 
| 172|0x000000008ac00000, 0x000000008ac00000, 0x000000008ad00000|  0%| F|  |TAMS 0x000000008ac00000, 0x000000008ac00000| Untracked 
| 173|0x000000008ad00000, 0x000000008ad00000, 0x000000008ae00000|  0%| F|  |TAMS 0x000000008ad00000, 0x000000008ad00000| Untracked 
| 174|0x000000008ae00000, 0x000000008ae00000, 0x000000008af00000|  0%| F|  |TAMS 0x000000008ae00000, 0x000000008ae00000| Untracked 
| 175|0x000000008af00000, 0x000000008af00000, 0x000000008b000000|  0%| F|  |TAMS 0x000000008af00000, 0x000000008af00000| Untracked 
| 176|0x000000008b000000, 0x000000008b000000, 0x000000008b100000|  0%| F|  |TAMS 0x000000008b000000, 0x000000008b000000| Untracked 
| 177|0x000000008b100000, 0x000000008b100000, 0x000000008b200000|  0%| F|  |TAMS 0x000000008b100000, 0x000000008b100000| Untracked 
| 178|0x000000008b200000, 0x000000008b200000, 0x000000008b300000|  0%| F|  |TAMS 0x000000008b200000, 0x000000008b200000| Untracked 
| 179|0x000000008b300000, 0x000000008b300000, 0x000000008b400000|  0%| F|  |TAMS 0x000000008b300000, 0x000000008b300000| Untracked 
| 180|0x000000008b400000, 0x000000008b400000, 0x000000008b500000|  0%| F|  |TAMS 0x000000008b400000, 0x000000008b400000| Untracked 
| 181|0x000000008b500000, 0x000000008b500000, 0x000000008b600000|  0%| F|  |TAMS 0x000000008b500000, 0x000000008b500000| Untracked 
| 182|0x000000008b600000, 0x000000008b600000, 0x000000008b700000|  0%| F|  |TAMS 0x000000008b600000, 0x000000008b600000| Untracked 
| 183|0x000000008b700000, 0x000000008b700000, 0x000000008b800000|  0%| F|  |TAMS 0x000000008b700000, 0x000000008b700000| Untracked 
| 184|0x000000008b800000, 0x000000008b800000, 0x000000008b900000|  0%| F|  |TAMS 0x000000008b800000, 0x000000008b800000| Untracked 
| 185|0x000000008b900000, 0x000000008b900000, 0x000000008ba00000|  0%| F|  |TAMS 0x000000008b900000, 0x000000008b900000| Untracked 
| 186|0x000000008ba00000, 0x000000008ba00000, 0x000000008bb00000|  0%| F|  |TAMS 0x000000008ba00000, 0x000000008ba00000| Untracked 
| 187|0x000000008bb00000, 0x000000008bb00000, 0x000000008bc00000|  0%| F|  |TAMS 0x000000008bb00000, 0x000000008bb00000| Untracked 
| 188|0x000000008bc00000, 0x000000008bc00000, 0x000000008bd00000|  0%| F|  |TAMS 0x000000008bc00000, 0x000000008bc00000| Untracked 
| 189|0x000000008bd00000, 0x000000008bd00000, 0x000000008be00000|  0%| F|  |TAMS 0x000000008bd00000, 0x000000008bd00000| Untracked 
| 190|0x000000008be00000, 0x000000008be00000, 0x000000008bf00000|  0%| F|  |TAMS 0x000000008be00000, 0x000000008be00000| Untracked 
| 191|0x000000008bf00000, 0x000000008bf00000, 0x000000008c000000|  0%| F|  |TAMS 0x000000008bf00000, 0x000000008bf00000| Untracked 
| 192|0x000000008c000000, 0x000000008c000000, 0x000000008c100000|  0%| F|  |TAMS 0x000000008c000000, 0x000000008c000000| Untracked 
| 193|0x000000008c100000, 0x000000008c100000, 0x000000008c200000|  0%| F|  |TAMS 0x000000008c100000, 0x000000008c100000| Untracked 
| 194|0x000000008c200000, 0x000000008c200000, 0x000000008c300000|  0%| F|  |TAMS 0x000000008c200000, 0x000000008c200000| Untracked 
| 195|0x000000008c300000, 0x000000008c300000, 0x000000008c400000|  0%| F|  |TAMS 0x000000008c300000, 0x000000008c300000| Untracked 
| 196|0x000000008c400000, 0x000000008c400000, 0x000000008c500000|  0%| F|  |TAMS 0x000000008c400000, 0x000000008c400000| Untracked 
| 197|0x000000008c500000, 0x000000008c500000, 0x000000008c600000|  0%| F|  |TAMS 0x000000008c500000, 0x000000008c500000| Untracked 
| 198|0x000000008c600000, 0x000000008c600000, 0x000000008c700000|  0%| F|  |TAMS 0x000000008c600000, 0x000000008c600000| Untracked 
| 199|0x000000008c700000, 0x000000008c700000, 0x000000008c800000|  0%| F|  |TAMS 0x000000008c700000, 0x000000008c700000| Untracked 
| 200|0x000000008c800000, 0x000000008c800000, 0x000000008c900000|  0%| F|  |TAMS 0x000000008c800000, 0x000000008c800000| Untracked 
| 201|0x000000008c900000, 0x000000008c900000, 0x000000008ca00000|  0%| F|  |TAMS 0x000000008c900000, 0x000000008c900000| Untracked 
| 202|0x000000008ca00000, 0x000000008ca00000, 0x000000008cb00000|  0%| F|  |TAMS 0x000000008ca00000, 0x000000008ca00000| Untracked 
| 203|0x000000008cb00000, 0x000000008cb00000, 0x000000008cc00000|  0%| F|  |TAMS 0x000000008cb00000, 0x000000008cb00000| Untracked 
| 204|0x000000008cc00000, 0x000000008cc00000, 0x000000008cd00000|  0%| F|  |TAMS 0x000000008cc00000, 0x000000008cc00000| Untracked 
| 205|0x000000008cd00000, 0x000000008cd00000, 0x000000008ce00000|  0%| F|  |TAMS 0x000000008cd00000, 0x000000008cd00000| Untracked 
| 206|0x000000008ce00000, 0x000000008ce00000, 0x000000008cf00000|  0%| F|  |TAMS 0x000000008ce00000, 0x000000008ce00000| Untracked 
| 207|0x000000008cf00000, 0x000000008cf00000, 0x000000008d000000|  0%| F|  |TAMS 0x000000008cf00000, 0x000000008cf00000| Untracked 
| 208|0x000000008d000000, 0x000000008d100000, 0x000000008d100000|100%| S|CS|TAMS 0x000000008d000000, 0x000000008d000000| Complete 
| 209|0x000000008d100000, 0x000000008d200000, 0x000000008d200000|100%| S|CS|TAMS 0x000000008d100000, 0x000000008d100000| Complete 
| 210|0x000000008d200000, 0x000000008d300000, 0x000000008d300000|100%| S|CS|TAMS 0x000000008d200000, 0x000000008d200000| Complete 
| 211|0x000000008d300000, 0x000000008d400000, 0x000000008d400000|100%| S|CS|TAMS 0x000000008d300000, 0x000000008d300000| Complete 
| 212|0x000000008d400000, 0x000000008d500000, 0x000000008d500000|100%| S|CS|TAMS 0x000000008d400000, 0x000000008d400000| Complete 
| 213|0x000000008d500000, 0x000000008d600000, 0x000000008d600000|100%| S|CS|TAMS 0x000000008d500000, 0x000000008d500000| Complete 
| 214|0x000000008d600000, 0x000000008d600000, 0x000000008d700000|  0%| F|  |TAMS 0x000000008d600000, 0x000000008d600000| Untracked 
| 215|0x000000008d700000, 0x000000008d700000, 0x000000008d800000|  0%| F|  |TAMS 0x000000008d700000, 0x000000008d700000| Untracked 
| 216|0x000000008d800000, 0x000000008d800000, 0x000000008d900000|  0%| F|  |TAMS 0x000000008d800000, 0x000000008d800000| Untracked 
| 217|0x000000008d900000, 0x000000008d900000, 0x000000008da00000|  0%| F|  |TAMS 0x000000008d900000, 0x000000008d900000| Untracked 
| 218|0x000000008da00000, 0x000000008da00000, 0x000000008db00000|  0%| F|  |TAMS 0x000000008da00000, 0x000000008da00000| Untracked 
| 219|0x000000008db00000, 0x000000008db00000, 0x000000008dc00000|  0%| F|  |TAMS 0x000000008db00000, 0x000000008db00000| Untracked 
| 220|0x000000008dc00000, 0x000000008dc00000, 0x000000008dd00000|  0%| F|  |TAMS 0x000000008dc00000, 0x000000008dc00000| Untracked 
| 221|0x000000008dd00000, 0x000000008dd00000, 0x000000008de00000|  0%| F|  |TAMS 0x000000008dd00000, 0x000000008dd00000| Untracked 
| 222|0x000000008de00000, 0x000000008de00000, 0x000000008df00000|  0%| F|  |TAMS 0x000000008de00000, 0x000000008de00000| Untracked 
| 223|0x000000008df00000, 0x000000008df00000, 0x000000008e000000|  0%| F|  |TAMS 0x000000008df00000, 0x000000008df00000| Untracked 
| 224|0x000000008e000000, 0x000000008e000000, 0x000000008e100000|  0%| F|  |TAMS 0x000000008e000000, 0x000000008e000000| Untracked 
| 225|0x000000008e100000, 0x000000008e100000, 0x000000008e200000|  0%| F|  |TAMS 0x000000008e100000, 0x000000008e100000| Untracked 
| 226|0x000000008e200000, 0x000000008e200000, 0x000000008e300000|  0%| F|  |TAMS 0x000000008e200000, 0x000000008e200000| Untracked 
| 227|0x000000008e300000, 0x000000008e300000, 0x000000008e400000|  0%| F|  |TAMS 0x000000008e300000, 0x000000008e300000| Untracked 
| 228|0x000000008e400000, 0x000000008e400000, 0x000000008e500000|  0%| F|  |TAMS 0x000000008e400000, 0x000000008e400000| Untracked 
| 229|0x000000008e500000, 0x000000008e500000, 0x000000008e600000|  0%| F|  |TAMS 0x000000008e500000, 0x000000008e500000| Untracked 
| 230|0x000000008e600000, 0x000000008e600000, 0x000000008e700000|  0%| F|  |TAMS 0x000000008e600000, 0x000000008e600000| Untracked 
| 231|0x000000008e700000, 0x000000008e700000, 0x000000008e800000|  0%| F|  |TAMS 0x000000008e700000, 0x000000008e700000| Untracked 
| 232|0x000000008e800000, 0x000000008e800000, 0x000000008e900000|  0%| F|  |TAMS 0x000000008e800000, 0x000000008e800000| Untracked 
| 233|0x000000008e900000, 0x000000008e900000, 0x000000008ea00000|  0%| F|  |TAMS 0x000000008e900000, 0x000000008e900000| Untracked 
| 234|0x000000008ea00000, 0x000000008ea00000, 0x000000008eb00000|  0%| F|  |TAMS 0x000000008ea00000, 0x000000008ea00000| Untracked 
| 235|0x000000008eb00000, 0x000000008eb00000, 0x000000008ec00000|  0%| F|  |TAMS 0x000000008eb00000, 0x000000008eb00000| Untracked 
| 236|0x000000008ec00000, 0x000000008ec00000, 0x000000008ed00000|  0%| F|  |TAMS 0x000000008ec00000, 0x000000008ec00000| Untracked 
| 237|0x000000008ed00000, 0x000000008ed00000, 0x000000008ee00000|  0%| F|  |TAMS 0x000000008ed00000, 0x000000008ed00000| Untracked 
| 238|0x000000008ee00000, 0x000000008ee00000, 0x000000008ef00000|  0%| F|  |TAMS 0x000000008ee00000, 0x000000008ee00000| Untracked 
| 239|0x000000008ef00000, 0x000000008ef00000, 0x000000008f000000|  0%| F|  |TAMS 0x000000008ef00000, 0x000000008ef00000| Untracked 
| 240|0x000000008f000000, 0x000000008f000000, 0x000000008f100000|  0%| F|  |TAMS 0x000000008f000000, 0x000000008f000000| Untracked 
| 241|0x000000008f100000, 0x000000008f100000, 0x000000008f200000|  0%| F|  |TAMS 0x000000008f100000, 0x000000008f100000| Untracked 
| 242|0x000000008f200000, 0x000000008f200000, 0x000000008f300000|  0%| F|  |TAMS 0x000000008f200000, 0x000000008f200000| Untracked 
| 243|0x000000008f300000, 0x000000008f300000, 0x000000008f400000|  0%| F|  |TAMS 0x000000008f300000, 0x000000008f300000| Untracked 
| 244|0x000000008f400000, 0x000000008f400000, 0x000000008f500000|  0%| F|  |TAMS 0x000000008f400000, 0x000000008f400000| Untracked 
| 245|0x000000008f500000, 0x000000008f500000, 0x000000008f600000|  0%| F|  |TAMS 0x000000008f500000, 0x000000008f500000| Untracked 
| 246|0x000000008f600000, 0x000000008f600000, 0x000000008f700000|  0%| F|  |TAMS 0x000000008f600000, 0x000000008f600000| Untracked 
| 247|0x000000008f700000, 0x000000008f700000, 0x000000008f800000|  0%| F|  |TAMS 0x000000008f700000, 0x000000008f700000| Untracked 

Card table byte_map: [0x00000203b3360000,0x00000203b3760000] _byte_map_base: 0x00000203b2f60000

Marking Bits (Prev, Next): (CMBitMap*) 0x000002039fc39bc0, (CMBitMap*) 0x000002039fc39b88
 Prev Bits: [0x00000203b5b60000, 0x00000203b7b60000)
 Next Bits: [0x00000203b3b60000, 0x00000203b5b60000)

Polling page: 0x000002039dbe0000

Metaspace:

Usage:
  Non-class:     82.06 MB capacity,    80.62 MB ( 98%) used,     1.17 MB (  1%) free+waste,   271.25 KB ( <1%) overhead. 
      Class:     12.95 MB capacity,    12.10 MB ( 93%) used,   747.29 KB (  6%) free+waste,   122.56 KB ( <1%) overhead. 
       Both:     95.01 MB capacity,    92.72 MB ( 98%) used,     1.90 MB (  2%) free+waste,   393.81 KB ( <1%) overhead. 

Virtual space:
  Non-class space:       84.00 MB reserved,      82.75 MB ( 99%) committed 
      Class space:        1.00 GB reserved,      13.38 MB (  1%) committed 
             Both:        1.08 GB reserved,      96.13 MB (  9%) committed 

Chunk freelists:
   Non-Class:  643.00 KB
       Class:  342.00 KB
        Both:  985.00 KB

MaxMetaspaceSize: 17179869184.00 GB
CompressedClassSpaceSize: 1.00 GB

CodeHeap 'non-profiled nmethods': size=119168Kb used=8929Kb max_used=8929Kb free=110238Kb
 bounds [0x00000203ab280000, 0x00000203abb40000, 0x00000203b26e0000]
CodeHeap 'profiled nmethods': size=119168Kb used=28756Kb max_used=28756Kb free=90411Kb
 bounds [0x00000203a3e20000, 0x00000203a5a40000, 0x00000203ab280000]
CodeHeap 'non-nmethods': size=7424Kb used=4013Kb max_used=4072Kb free=3411Kb
 bounds [0x00000203a36e0000, 0x00000203a3af0000, 0x00000203a3e20000]
 total_blobs=13902 nmethods=12988 adapters=820
 compilation: enabled
              stopped_count=0, restarted_count=0
 full_count=0

Compilation events (20 events):
Event: 15.090 Thread 0x00000203bb439800 13085       3       com.android.tools.r8.internal.mu$e::<init> (10 bytes)
Event: 15.091 Thread 0x00000203bb439800 nmethod 13085 0x00000203a5a31d90 code [0x00000203a5a31f60, 0x00000203a5a32298]
Event: 15.091 Thread 0x00000203bbcd8800 13086       3       com.android.tools.r8.internal.A0::<init> (5 bytes)
Event: 15.091 Thread 0x00000203bb439800 13087       3       com.android.tools.r8.internal.t0::<init> (5 bytes)
Event: 15.091 Thread 0x00000203bbcd8800 nmethod 13086 0x00000203a5a32410 code [0x00000203a5a325e0, 0x00000203a5a32858]
Event: 15.091 Thread 0x00000203bb936000 nmethod 13083 0x00000203a5a32990 code [0x00000203a5a32b80, 0x00000203a5a33078]
Event: 15.091 Thread 0x00000203bb552000 nmethod 13084 0x00000203a5a33290 code [0x00000203a5a33460, 0x00000203a5a337f8]
Event: 15.091 Thread 0x00000203bbcd8800 13088       3       com.android.tools.r8.internal.A0::iterator (5 bytes)
Event: 15.091 Thread 0x00000203bb552000 13089       3       com.android.tools.r8.internal.mu$e::iterator (12 bytes)
Event: 15.091 Thread 0x00000203bb936000 13090       3       com.android.tools.r8.internal.mu$a::<init> (12 bytes)
Event: 15.091 Thread 0x00000203bb439800 nmethod 13087 0x00000203a5a33990 code [0x00000203a5a33b40, 0x00000203a5a33cf8]
Event: 15.091 Thread 0x00000203c42c9800 nmethod 12980 0x00000203abb37e90 code [0x00000203abb38020, 0x00000203abb380f8]
Event: 15.091 Thread 0x00000203c42c9800 13073       4       com.android.tools.r8.code.F0::hashCode (20 bytes)
Event: 15.092 Thread 0x00000203bb936000 nmethod 13090 0x00000203a5a33e10 code [0x00000203a5a33fe0, 0x00000203a5a341c8]
Event: 15.092 Thread 0x00000203bb552000 nmethod 13089 0x00000203a5a34290 code [0x00000203a5a34460, 0x00000203a5a34728]
Event: 15.092 Thread 0x00000203bb936000 13091       3       com.android.tools.r8.internal.mu$f::<init> (6 bytes)
Event: 15.093 Thread 0x00000203c42c9800 nmethod 13073 0x00000203abb38210 code [0x00000203abb383a0, 0x00000203abb38468]
Event: 15.093 Thread 0x00000203bbcd8800 nmethod 13088 0x00000203a5a34890 code [0x00000203a5a34a60, 0x00000203a5a34d88]
Event: 15.093 Thread 0x00000203c42c9800 12925       4       com.android.tools.r8.code.H::<init> (6 bytes)
Event: 15.093 Thread 0x00000203bb936000 nmethod 13091 0x00000203a5a34f10 code [0x00000203a5a350c0, 0x00000203a5a351e8]

GC Heap History (20 events):
Event: 7.486 GC heap after
{Heap after GC invocations=9 (full 0):
 garbage-first heap   total 253952K, used 51546K [0x0000000080000000, 0x0000000100000000)
  region size 1024K, 3 young (3072K), 3 survivors (3072K)
 Metaspace       used 58568K, capacity 60080K, committed 60160K, reserved 1101824K
  class space    used 7410K, capacity 8023K, committed 8064K, reserved 1048576K
}
Event: 8.324 GC heap before
{Heap before GC invocations=10 (full 0):
 garbage-first heap   total 253952K, used 139610K [0x0000000080000000, 0x0000000100000000)
  region size 1024K, 89 young (91136K), 3 survivors (3072K)
 Metaspace       used 66159K, capacity 67784K, committed 67840K, reserved 1107968K
  class space    used 8347K, capacity 8949K, committed 8960K, reserved 1048576K
}
Event: 8.331 GC heap after
{Heap after GC invocations=11 (full 0):
 garbage-first heap   total 253952K, used 56111K [0x0000000080000000, 0x0000000100000000)
  region size 1024K, 8 young (8192K), 8 survivors (8192K)
 Metaspace       used 66159K, capacity 67784K, committed 67840K, reserved 1107968K
  class space    used 8347K, capacity 8949K, committed 8960K, reserved 1048576K
}
Event: 9.251 GC heap before
{Heap before GC invocations=12 (full 0):
 garbage-first heap   total 253952K, used 149295K [0x0000000080000000, 0x0000000100000000)
  region size 1024K, 99 young (101376K), 8 survivors (8192K)
 Metaspace       used 71985K, capacity 73610K, committed 73984K, reserved 1114112K
  class space    used 9237K, capacity 9862K, committed 9984K, reserved 1048576K
}
Event: 9.260 GC heap after
{Heap after GC invocations=13 (full 0):
 garbage-first heap   total 253952K, used 63066K [0x0000000080000000, 0x0000000100000000)
  region size 1024K, 13 young (13312K), 13 survivors (13312K)
 Metaspace       used 71985K, capacity 73610K, committed 73984K, reserved 1114112K
  class space    used 9237K, capacity 9862K, committed 9984K, reserved 1048576K
}
Event: 10.670 GC heap before
{Heap before GC invocations=13 (full 0):
 garbage-first heap   total 253952K, used 161370K [0x0000000080000000, 0x0000000100000000)
  region size 1024K, 109 young (111616K), 13 survivors (13312K)
 Metaspace       used 80330K, capacity 82183K, committed 82304K, reserved 1120256K
  class space    used 10376K, capacity 11051K, committed 11136K, reserved 1048576K
}
Event: 10.682 GC heap after
{Heap after GC invocations=14 (full 0):
 garbage-first heap   total 253952K, used 70207K [0x0000000080000000, 0x0000000100000000)
  region size 1024K, 14 young (14336K), 14 survivors (14336K)
 Metaspace       used 80330K, capacity 82183K, committed 82304K, reserved 1120256K
  class space    used 10376K, capacity 11051K, committed 11136K, reserved 1048576K
}
Event: 11.869 GC heap before
{Heap before GC invocations=14 (full 0):
 garbage-first heap   total 253952K, used 168511K [0x0000000080000000, 0x0000000100000000)
  region size 1024K, 111 young (113664K), 14 survivors (14336K)
 Metaspace       used 84537K, capacity 87019K, committed 87168K, reserved 1124352K
  class space    used 11068K, capacity 12045K, committed 12160K, reserved 1048576K
}
Event: 11.882 GC heap after
{Heap after GC invocations=15 (full 0):
 garbage-first heap   total 253952K, used 77690K [0x0000000080000000, 0x0000000100000000)
  region size 1024K, 14 young (14336K), 14 survivors (14336K)
 Metaspace       used 84537K, capacity 87019K, committed 87168K, reserved 1124352K
  class space    used 11068K, capacity 12045K, committed 12160K, reserved 1048576K
}
Event: 12.621 GC heap before
{Heap before GC invocations=15 (full 0):
 garbage-first heap   total 253952K, used 177018K [0x0000000080000000, 0x0000000100000000)
  region size 1024K, 112 young (114688K), 14 survivors (14336K)
 Metaspace       used 85338K, capacity 87899K, committed 88192K, reserved 1126400K
  class space    used 11127K, capacity 12102K, committed 12160K, reserved 1048576K
}
Event: 12.635 GC heap after
{Heap after GC invocations=16 (full 0):
 garbage-first heap   total 253952K, used 83327K [0x0000000080000000, 0x0000000100000000)
  region size 1024K, 13 young (13312K), 13 survivors (13312K)
 Metaspace       used 85338K, capacity 87899K, committed 88192K, reserved 1126400K
  class space    used 11127K, capacity 12102K, committed 12160K, reserved 1048576K
}
Event: 13.613 GC heap before
{Heap before GC invocations=16 (full 0):
 garbage-first heap   total 253952K, used 183679K [0x0000000080000000, 0x0000000100000000)
  region size 1024K, 112 young (114688K), 13 survivors (13312K)
 Metaspace       used 87815K, capacity 90382K, committed 90496K, reserved 1128448K
  class space    used 11418K, capacity 12398K, committed 12416K, reserved 1048576K
}
Event: 13.625 GC heap after
{Heap after GC invocations=17 (full 0):
 garbage-first heap   total 253952K, used 87698K [0x0000000080000000, 0x0000000100000000)
  region size 1024K, 11 young (11264K), 11 survivors (11264K)
 Metaspace       used 87815K, capacity 90382K, committed 90496K, reserved 1128448K
  class space    used 11418K, capacity 12398K, committed 12416K, reserved 1048576K
}
Event: 14.478 GC heap before
{Heap before GC invocations=17 (full 0):
 garbage-first heap   total 253952K, used 219794K [0x0000000080000000, 0x0000000100000000)
  region size 1024K, 111 young (113664K), 11 survivors (11264K)
 Metaspace       used 93421K, capacity 96090K, committed 96384K, reserved 1132544K
  class space    used 12136K, capacity 13127K, committed 13184K, reserved 1048576K
}
Event: 14.497 GC heap after
{Heap after GC invocations=18 (full 0):
 garbage-first heap   total 253952K, used 129707K [0x0000000080000000, 0x0000000100000000)
  region size 1024K, 14 young (14336K), 14 survivors (14336K)
 Metaspace       used 93421K, capacity 96090K, committed 96384K, reserved 1132544K
  class space    used 12136K, capacity 13127K, committed 13184K, reserved 1048576K
}
Event: 14.646 GC heap before
{Heap before GC invocations=18 (full 0):
 garbage-first heap   total 253952K, used 149163K [0x0000000080000000, 0x0000000100000000)
  region size 1024K, 35 young (35840K), 14 survivors (14336K)
 Metaspace       used 93424K, capacity 96090K, committed 96384K, reserved 1132544K
  class space    used 12136K, capacity 13127K, committed 13184K, reserved 1048576K
}
Event: 14.666 GC heap after
{Heap after GC invocations=19 (full 0):
 garbage-first heap   total 253952K, used 140383K [0x0000000080000000, 0x0000000100000000)
  region size 1024K, 10 young (10240K), 10 survivors (10240K)
 Metaspace       used 93424K, capacity 96090K, committed 96384K, reserved 1132544K
  class space    used 12136K, capacity 13127K, committed 13184K, reserved 1048576K
}
Event: 14.954 GC heap before
{Heap before GC invocations=20 (full 0):
 garbage-first heap   total 253952K, used 185439K [0x0000000080000000, 0x0000000100000000)
  region size 1024K, 53 young (54272K), 10 survivors (10240K)
 Metaspace       used 94904K, capacity 97284K, committed 98432K, reserved 1134592K
  class space    used 12388K, capacity 13258K, committed 13696K, reserved 1048576K
}
Event: 14.976 GC heap after
{Heap after GC invocations=21 (full 0):
 garbage-first heap   total 253952K, used 158241K [0x0000000080000000, 0x0000000100000000)
  region size 1024K, 7 young (7168K), 7 survivors (7168K)
 Metaspace       used 94904K, capacity 97284K, committed 98432K, reserved 1134592K
  class space    used 12388K, capacity 13258K, committed 13696K, reserved 1048576K
}
Event: 15.094 GC heap before
{Heap before GC invocations=21 (full 0):
 garbage-first heap   total 253952K, used 192033K [0x0000000080000000, 0x0000000100000000)
  region size 1024K, 41 young (41984K), 7 survivors (7168K)
 Metaspace       used 94943K, capacity 97287K, committed 98432K, reserved 1134592K
  class space    used 12388K, capacity 13258K, committed 13696K, reserved 1048576K
}

Deoptimization events (20 events):
Event: 14.822 Thread 0x00000203cb226800 Uncommon trap: trap_request=0xffffff4d fr.pc=0x00000203abadca20 relative=0x0000000000000320
Event: 14.822 Thread 0x00000203cb226800 Uncommon trap: reason=unstable_if action=reinterpret pc=0x00000203abadca20 method=com.android.tools.r8.internal.Ah.a(ILjava/lang/Object;)Ljava/lang/Object; @ 1 c2
Event: 14.822 Thread 0x00000203cb226800 DEOPT PACKING pc=0x00000203abadca20 sp=0x0000001c998fe960
Event: 14.822 Thread 0x00000203cb226800 DEOPT UNPACKING pc=0x00000203a37078af sp=0x0000001c998fe928 mode 2
Event: 14.862 Thread 0x00000203c5161000 Uncommon trap: trap_request=0xffffff4d fr.pc=0x00000203abadbaa8 relative=0x00000000000002a8
Event: 14.862 Thread 0x00000203c5161000 Uncommon trap: reason=unstable_if action=reinterpret pc=0x00000203abadbaa8 method=com.android.tools.r8.graph.X.g(Ljava/lang/Object;)Z @ 37 c2
Event: 14.862 Thread 0x00000203c515e800 Uncommon trap: trap_request=0xffffff4d fr.pc=0x00000203abadbaa8 relative=0x00000000000002a8
Event: 14.862 Thread 0x00000203c515e800 Uncommon trap: reason=unstable_if action=reinterpret pc=0x00000203abadbaa8 method=com.android.tools.r8.graph.X.g(Ljava/lang/Object;)Z @ 37 c2
Event: 14.862 Thread 0x00000203c515e800 DEOPT PACKING pc=0x00000203abadbaa8 sp=0x0000001c992fe8d0
Event: 14.862 Thread 0x00000203cb225800 Uncommon trap: trap_request=0xffffff4d fr.pc=0x00000203abafd758 relative=0x0000000000000c58
Event: 14.862 Thread 0x00000203cb225800 Uncommon trap: reason=unstable_if action=reinterpret pc=0x00000203abafd758 method=com.android.tools.r8.dex.j.a(ILjava/util/function/Supplier;)Ljava/lang/Object; @ 1 c2
Event: 14.862 Thread 0x00000203cb225800 DEOPT PACKING pc=0x00000203abafd758 sp=0x0000001c997fe740
Event: 14.862 Thread 0x00000203c515e800 DEOPT UNPACKING pc=0x00000203a37078af sp=0x0000001c992fe870 mode 2
Event: 14.862 Thread 0x00000203cb225800 DEOPT UNPACKING pc=0x00000203a37078af sp=0x0000001c997fe748 mode 2
Event: 14.862 Thread 0x00000203c5161000 DEOPT PACKING pc=0x00000203abadbaa8 sp=0x0000001c990fec90
Event: 14.863 Thread 0x00000203c5161000 DEOPT UNPACKING pc=0x00000203a37078af sp=0x0000001c990fec30 mode 2
Event: 14.877 Thread 0x00000203cb228800 Uncommon trap: trap_request=0xffffff4d fr.pc=0x00000203abb0d878 relative=0x00000000000002b8
Event: 14.877 Thread 0x00000203cb228800 Uncommon trap: reason=unstable_if action=reinterpret pc=0x00000203abb0d878 method=com.android.tools.r8.graph.c0.a(Lcom/android/tools/r8/graph/c0;)I @ 49 c2
Event: 14.877 Thread 0x00000203cb228800 DEOPT PACKING pc=0x00000203abb0d878 sp=0x0000001c99cfe890
Event: 14.877 Thread 0x00000203cb228800 DEOPT UNPACKING pc=0x00000203a37078af sp=0x0000001c99cfe810 mode 2

Classes redefined (0 events):
No events

Internal exceptions (20 events):
Event: 12.896 Thread 0x00000203c2650800 Exception <a 'java/lang/NoSuchMethodError'{0x000000008e44ee58}: <clinit>> (0x000000008e44ee58) thrown at [./src/hotspot/share/prims/jni.cpp, line 1362]
Event: 12.902 Thread 0x00000203c2650800 Exception <a 'java/lang/NoSuchMethodError'{0x000000008e48b1b0}: <clinit>> (0x000000008e48b1b0) thrown at [./src/hotspot/share/prims/jni.cpp, line 1362]
Event: 12.904 Thread 0x00000203c2650800 Exception <a 'java/lang/NoSuchMethodError'{0x000000008e49df88}: <clinit>> (0x000000008e49df88) thrown at [./src/hotspot/share/prims/jni.cpp, line 1362]
Event: 14.048 Thread 0x00000203c5157800 Exception <a 'sun/nio/fs/WindowsException'{0x000000008c1a0b78}> (0x000000008c1a0b78) thrown at [./src/hotspot/share/prims/jni.cpp, line 615]
Event: 14.279 Thread 0x00000203c5157800 Exception <a 'java/lang/NoSuchMethodError'{0x000000008afa0520}: 'java.lang.Object java.lang.invoke.DirectMethodHandle$Holder.invokeStatic(java.lang.Object, java.lang.Object, java.lang.Object, java.lang.Object, java.lang.Object, java.lang.Object, java.lang.Object, java.lang.Object, java.lang.Object, java.lang.Object, java.lang.Object, java.lang.Object, java.lang.Object, java.lang.Object, java.lang.Object, java.lang.Object, java.lang.Object, java.lang.Object, int, java.lang.Object)'> (0x000000008afa0520) thr
Event: 14.279 Thread 0x00000203c5157800 Exception <a 'java/lang/NoSuchMethodError'{0x000000008afa5db0}: 'java.lang.Object java.lang.invoke.DirectMethodHandle$Holder.invokeStaticInit(java.lang.Object, java.lang.Object, java.lang.Object, java.lang.Object, java.lang.Object, java.lang.Object, java.lang.Object, java.lang.Object, java.lang.Object, java.lang.Object, java.lang.Object, java.lang.Object, java.lang.Object, java.lang.Object, java.lang.Object, java.lang.Object, java.lang.Object, java.lang.Object, int, java.lang.Object)'> (0x000000008afa5db0)
Event: 14.280 Thread 0x00000203c515d000 Exception <a 'java/lang/NoSuchMethodError'{0x000000008af3c9d0}: 'void java.lang.invoke.DirectMethodHandle$Holder.invokeStatic(java.lang.Object, long)'> (0x000000008af3c9d0) thrown at [./src/hotspot/share/interpreter/linkResolver.cpp, line 773]
Event: 14.280 Thread 0x00000203c515d000 Exception <a 'java/lang/NoSuchMethodError'{0x000000008af41be8}: 'java.lang.Object java.lang.invoke.DirectMethodHandle$Holder.invokeStatic(java.lang.Object, long)'> (0x000000008af41be8) thrown at [./src/hotspot/share/interpreter/linkResolver.cpp, line 773]
Event: 14.283 Thread 0x00000203c515d000 Exception <a 'java/lang/NoSuchMethodError'{0x000000008af4ff50}: 'java.lang.Object java.lang.invoke.DirectMethodHandle$Holder.invokeStaticInit(java.lang.Object, java.lang.Object, long, java.lang.Object)'> (0x000000008af4ff50) thrown at [./src/hotspot/share/interpreter/linkResolver.cpp, line 773]
Event: 14.284 Thread 0x00000203c515d000 Exception <a 'java/lang/NoSuchMethodError'{0x000000008af560e8}: 'java.lang.Object java.lang.invoke.DirectMethodHandle$Holder.invokeStatic(java.lang.Object, java.lang.Object, long)'> (0x000000008af560e8) thrown at [./src/hotspot/share/interpreter/linkResolver.cpp, line 773]
Event: 14.285 Thread 0x00000203c515d000 Exception <a 'java/lang/NoSuchMethodError'{0x000000008afd8f58}: 'java.lang.Object java.lang.invoke.Invokers$Holder.linkToTargetMethod(java.lang.Object, long, java.lang.Object)'> (0x000000008afd8f58) thrown at [./src/hotspot/share/interpreter/linkResolver.cpp, line 773]
Event: 14.410 Thread 0x00000203c515d000 Exception <a 'java/lang/NoSuchMethodError'{0x0000000089c29500}: 'int java.lang.invoke.DirectMethodHandle$Holder.invokeSpecialIFC(java.lang.Object, java.lang.Object, java.lang.Object)'> (0x0000000089c29500) thrown at [./src/hotspot/share/interpreter/linkResolver.cpp, line 773]
Event: 14.788 Thread 0x00000203c5165000 Exception <a 'java/lang/IncompatibleClassChangeError'{0x000000008e5f3158}: Found class java.lang.Object, but interface was expected> (0x000000008e5f3158) thrown at [./src/hotspot/share/interpreter/linkResolver.cpp, line 839]
Event: 14.809 Thread 0x00000203cb227000 Exception <a 'java/lang/IncompatibleClassChangeError'{0x000000008e3f8290}: Found class java.lang.Object, but interface was expected> (0x000000008e3f8290) thrown at [./src/hotspot/share/interpreter/linkResolver.cpp, line 839]
Event: 14.809 Thread 0x00000203c5166000 Exception <a 'java/lang/IncompatibleClassChangeError'{0x000000008d81f408}: Found class java.lang.Object, but interface was expected> (0x000000008d81f408) thrown at [./src/hotspot/share/interpreter/linkResolver.cpp, line 839]
Event: 14.809 Thread 0x00000203c5162000 Exception <a 'java/lang/IncompatibleClassChangeError'{0x000000008d817f60}: Found class java.lang.Object, but interface was expected> (0x000000008d817f60) thrown at [./src/hotspot/share/interpreter/linkResolver.cpp, line 839]
Event: 14.810 Thread 0x00000203cb226800 Exception <a 'java/lang/IncompatibleClassChangeError'{0x000000008d862358}: Found class java.lang.Object, but interface was expected> (0x000000008d862358) thrown at [./src/hotspot/share/interpreter/linkResolver.cpp, line 839]
Event: 14.810 Thread 0x00000203cb227000 Exception <a 'java/lang/IncompatibleClassChangeError'{0x000000008d874610}: Found class java.lang.Object, but interface was expected> (0x000000008d874610) thrown at [./src/hotspot/share/interpreter/linkResolver.cpp, line 839]
Event: 14.810 Thread 0x00000203c5166000 Exception <a 'java/lang/IncompatibleClassChangeError'{0x000000008d8767d8}: Found class java.lang.Object, but interface was expected> (0x000000008d8767d8) thrown at [./src/hotspot/share/interpreter/linkResolver.cpp, line 839]
Event: 14.812 Thread 0x00000203c515f800 Exception <a 'java/lang/NoSuchMethodError'{0x000000008d84d330}: 'java.lang.Object java.lang.invoke.DirectMethodHandle$Holder.newInvokeSpecial(java.lang.Object, int)'> (0x000000008d84d330) thrown at [./src/hotspot/share/interpreter/linkResolver.cpp, line 773]

Events (20 events):
Event: 14.887 loading class com/android/tools/r8/internal/qr done
Event: 14.887 loading class com/android/tools/r8/internal/mu$a
Event: 14.887 loading class com/android/tools/r8/internal/mu$a done
Event: 14.888 loading class com/android/tools/r8/internal/Ju
Event: 14.888 loading class com/android/tools/r8/internal/Ju done
Event: 14.889 loading class com/android/tools/r8/internal/mu$f
Event: 14.889 loading class com/android/tools/r8/internal/mu$f done
Event: 14.890 loading class com/android/tools/r8/internal/Sb$a
Event: 14.890 loading class com/android/tools/r8/internal/Sb$a done
Event: 14.891 loading class com/android/tools/r8/internal/mu$d
Event: 14.891 loading class com/android/tools/r8/internal/mu$d done
Event: 14.892 loading class com/android/tools/r8/internal/nu
Event: 14.892 loading class com/android/tools/r8/internal/nu done
Event: 14.894 loading class com/android/tools/r8/internal/g8
Event: 14.894 loading class com/android/tools/r8/internal/g8 done
Event: 14.896 loading class com/android/tools/r8/internal/Zc
Event: 14.896 loading class com/android/tools/r8/internal/Zc done
Event: 14.953 Executing VM operation: G1CollectForAllocation
Event: 14.976 Executing VM operation: G1CollectForAllocation done
Event: 15.093 Executing VM operation: G1CollectForAllocation


Dynamic libraries:
0x00007ff6cc790000 - 0x00007ff6cc79a000 	C:\Program Files\Android\Android Studio\jre\bin\java.exe
0x00007ffdf5500000 - 0x00007ffdf570f000 	C:\WINDOWS\SYSTEM32\ntdll.dll
0x00007ffdf3370000 - 0x00007ffdf342d000 	C:\WINDOWS\System32\KERNEL32.DLL
0x00007ffdf2ef0000 - 0x00007ffdf327c000 	C:\WINDOWS\System32\KERNELBASE.dll
0x00007ffdf2bc0000 - 0x00007ffdf2cd1000 	C:\WINDOWS\System32\ucrtbase.dll
0x00007ffde5110000 - 0x00007ffde5129000 	C:\Program Files\Android\Android Studio\jre\bin\jli.dll
0x00007ffde50f0000 - 0x00007ffde5107000 	C:\Program Files\Android\Android Studio\jre\bin\VCRUNTIME140.dll
0x00007ffdf4620000 - 0x00007ffdf47c6000 	C:\WINDOWS\System32\USER32.dll
0x00007ffdf2ce0000 - 0x00007ffdf2d06000 	C:\WINDOWS\System32\win32u.dll
0x00007ffde0db0000 - 0x00007ffde1051000 	C:\WINDOWS\WinSxS\amd64_microsoft.windows.common-controls_6595b64144ccf1df_6.0.22494.1000_none_23deebcec6cdf010\COMCTL32.dll
0x00007ffdf5370000 - 0x00007ffdf5399000 	C:\WINDOWS\System32\GDI32.dll
0x00007ffdf40c0000 - 0x00007ffdf4164000 	C:\WINDOWS\System32\msvcrt.dll
0x00007ffdf2d10000 - 0x00007ffdf2e27000 	C:\WINDOWS\System32\gdi32full.dll
0x00007ffdf2b20000 - 0x00007ffdf2bba000 	C:\WINDOWS\System32\msvcp_win.dll
0x00007ffdf45e0000 - 0x00007ffdf4611000 	C:\WINDOWS\System32\IMM32.DLL
0x00007ffdb6160000 - 0x00007ffdb61fd000 	C:\Program Files\Android\Android Studio\jre\bin\msvcp140.dll
0x00007ffda35e0000 - 0x00007ffda40af000 	C:\Program Files\Android\Android Studio\jre\bin\server\jvm.dll
0x00007ffdf3430000 - 0x00007ffdf34de000 	C:\WINDOWS\System32\ADVAPI32.dll
0x00007ffdf34e0000 - 0x00007ffdf3581000 	C:\WINDOWS\System32\sechost.dll
0x00007ffdf53a0000 - 0x00007ffdf54bf000 	C:\WINDOWS\System32\RPCRT4.dll
0x00007ffdf36f0000 - 0x00007ffdf36f8000 	C:\WINDOWS\System32\PSAPI.DLL
0x00007ffdec240000 - 0x00007ffdec274000 	C:\WINDOWS\SYSTEM32\WINMM.dll
0x00007ffddc060000 - 0x00007ffddc069000 	C:\WINDOWS\SYSTEM32\WSOCK32.dll
0x00007ffdebb80000 - 0x00007ffdebb8a000 	C:\WINDOWS\SYSTEM32\VERSION.dll
0x00007ffdf50b0000 - 0x00007ffdf5121000 	C:\WINDOWS\System32\WS2_32.dll
0x00007ffdf1a50000 - 0x00007ffdf1a68000 	C:\WINDOWS\SYSTEM32\kernel.appcore.dll
0x00007ffdda3e0000 - 0x00007ffdda3f1000 	C:\Program Files\Android\Android Studio\jre\bin\verify.dll
0x00007ffdf0510000 - 0x00007ffdf0736000 	C:\WINDOWS\SYSTEM32\DBGHELP.DLL
0x00007ffdf4170000 - 0x00007ffdf44eb000 	C:\WINDOWS\System32\combase.dll
0x00007ffddd580000 - 0x00007ffddd5b1000 	C:\WINDOWS\SYSTEM32\dbgcore.DLL
0x00007ffdf32e0000 - 0x00007ffdf3361000 	C:\WINDOWS\System32\bcryptPrimitives.dll
0x00007ffdc6e70000 - 0x00007ffdc6e99000 	C:\Program Files\Android\Android Studio\jre\bin\java.dll
0x00007ffdef240000 - 0x00007ffdef24b000 	C:\Program Files\Android\Android Studio\jre\bin\jimage.dll
0x00007ffdd9890000 - 0x00007ffdd98a8000 	C:\Program Files\Android\Android Studio\jre\bin\zip.dll
0x00007ffdf48f0000 - 0x00007ffdf50a4000 	C:\WINDOWS\System32\SHELL32.dll
0x00007ffdf0a10000 - 0x00007ffdf126d000 	C:\WINDOWS\SYSTEM32\windows.storage.dll
0x00007ffdf08c0000 - 0x00007ffdf0a09000 	C:\WINDOWS\SYSTEM32\wintypes.dll
0x00007ffdf44f0000 - 0x00007ffdf45e0000 	C:\WINDOWS\System32\SHCORE.dll
0x00007ffdf3700000 - 0x00007ffdf375b000 	C:\WINDOWS\System32\shlwapi.dll
0x00007ffdf28f0000 - 0x00007ffdf2911000 	C:\WINDOWS\SYSTEM32\profapi.dll
0x00007ffdd6e10000 - 0x00007ffdd6e2a000 	C:\Program Files\Android\Android Studio\jre\bin\net.dll
0x00007ffdeba10000 - 0x00007ffdebb22000 	C:\WINDOWS\SYSTEM32\WINHTTP.dll
0x00007ffdf1e90000 - 0x00007ffdf1ef9000 	C:\WINDOWS\system32\mswsock.dll
0x00007ffdd6ce0000 - 0x00007ffdd6cf4000 	C:\Program Files\Android\Android Studio\jre\bin\nio.dll
0x00007ffdbdb00000 - 0x00007ffdbdb27000 	C:\Users\TUF Gaming\.gradle\native\8bec1ad78214c89d9ad589b4d07fe93259594b29d510b10fafb7a158f7737e5d\windows-amd64\native-platform.dll
0x00007ffd5a8c0000 - 0x00007ffd5a9fd000 	C:\Users\TUF Gaming\.gradle\native\53dbd7edfb1c66fb8903c78663c9afc45aea4f116125fa6feffd364cf09443e8\windows-amd64\native-platform-file-events.dll
0x00007ffde8dc0000 - 0x00007ffde8dca000 	C:\Program Files\Android\Android Studio\jre\bin\management.dll
0x00007ffde6a40000 - 0x00007ffde6a4c000 	C:\Program Files\Android\Android Studio\jre\bin\management_ext.dll
0x00007ffdf2130000 - 0x00007ffdf2148000 	C:\WINDOWS\SYSTEM32\CRYPTSP.dll
0x00007ffdf19b0000 - 0x00007ffdf19e5000 	C:\WINDOWS\system32\rsaenh.dll
0x00007ffdf1fb0000 - 0x00007ffdf1fd9000 	C:\WINDOWS\SYSTEM32\USERENV.dll
0x00007ffdf2310000 - 0x00007ffdf2338000 	C:\WINDOWS\SYSTEM32\bcrypt.dll
0x00007ffdf2120000 - 0x00007ffdf212c000 	C:\WINDOWS\SYSTEM32\CRYPTBASE.dll
0x00007ffdf14c0000 - 0x00007ffdf14ed000 	C:\WINDOWS\SYSTEM32\IPHLPAPI.DLL
0x00007ffdf3f80000 - 0x00007ffdf3f89000 	C:\WINDOWS\System32\NSI.dll
0x00007ffdeb980000 - 0x00007ffdeb999000 	C:\WINDOWS\SYSTEM32\dhcpcsvc6.DLL
0x00007ffdeb760000 - 0x00007ffdeb77e000 	C:\WINDOWS\SYSTEM32\dhcpcsvc.DLL
0x00007ffdf14f0000 - 0x00007ffdf15e7000 	C:\WINDOWS\SYSTEM32\DNSAPI.dll

dbghelp: loaded successfully - version: 4.0.5 - missing functions: none
symbol engine: initialized successfully - sym options: 0x614 - pdb path: .;C:\Program Files\Android\Android Studio\jre\bin;C:\WINDOWS\SYSTEM32;C:\WINDOWS\WinSxS\amd64_microsoft.windows.common-controls_6595b64144ccf1df_6.0.22494.1000_none_23deebcec6cdf010;C:\Program Files\Android\Android Studio\jre\bin\server;C:\Users\TUF Gaming\.gradle\native\8bec1ad78214c89d9ad589b4d07fe93259594b29d510b10fafb7a158f7737e5d\windows-amd64;C:\Users\TUF Gaming\.gradle\native\53dbd7edfb1c66fb8903c78663c9afc45aea4f116125fa6feffd364cf09443e8\windows-amd64

VM Arguments:
jvm_args: --add-opens=java.base/java.util=ALL-UNNAMED --add-opens=java.base/java.lang=ALL-UNNAMED --add-opens=java.base/java.lang.invoke=ALL-UNNAMED --add-opens=java.base/java.util=ALL-UNNAMED --add-opens=java.prefs/java.util.prefs=ALL-UNNAMED --add-opens=java.prefs/java.util.prefs=ALL-UNNAMED --add-opens=java.base/java.nio.charset=ALL-UNNAMED --add-opens=java.base/java.net=ALL-UNNAMED --add-opens=java.base/java.util.concurrent.atomic=ALL-UNNAMED -Xmx2048m -Dfile.encoding=UTF-8 -Duser.country=ID -Duser.language=en -Duser.variant 
java_command: org.gradle.launcher.daemon.bootstrap.GradleDaemon 7.0.2
java_class_path (initial): C:\Users\TUF Gaming\.gradle\wrapper\dists\gradle-7.0.2-bin\857tjihv64xamwrf0h14cai3r\gradle-7.0.2\lib\gradle-launcher-7.0.2.jar
Launcher Type: SUN_STANDARD

[Global flags]
     intx CICompilerCount                          = 12                                        {product} {ergonomic}
     uint ConcGCThreads                            = 3                                         {product} {ergonomic}
     uint G1ConcRefinementThreads                  = 13                                        {product} {ergonomic}
   size_t G1HeapRegionSize                         = 1048576                                   {product} {ergonomic}
    uintx GCDrainStackTargetSize                   = 64                                        {product} {ergonomic}
   size_t InitialHeapSize                          = 260046848                                 {product} {ergonomic}
   size_t MarkStackSize                            = 4194304                                   {product} {ergonomic}
   size_t MaxHeapSize                              = 2147483648                                {product} {command line}
   size_t MaxNewSize                               = 1287651328                                {product} {ergonomic}
   size_t MinHeapDeltaBytes                        = 1048576                                   {product} {ergonomic}
    uintx NonNMethodCodeHeapSize                   = 7594288                                {pd product} {ergonomic}
    uintx NonProfiledCodeHeapSize                  = 122031976                              {pd product} {ergonomic}
    uintx ProfiledCodeHeapSize                     = 122031976                              {pd product} {ergonomic}
    uintx ReservedCodeCacheSize                    = 251658240                              {pd product} {ergonomic}
     bool SegmentedCodeCache                       = true                                      {product} {ergonomic}
     bool UseCompressedClassPointers               = true                                 {lp64_product} {ergonomic}
     bool UseCompressedOops                        = true                                 {lp64_product} {ergonomic}
     bool UseG1GC                                  = true                                      {product} {ergonomic}
     bool UseLargePagesIndividualAllocation        = false                                  {pd product} {ergonomic}

Logging:
Log output configuration:
 #0: stdout all=warning uptime,level,tags
 #1: stderr all=off uptime,level,tags

Environment Variables:
JAVA_HOME=C:\Program Files\Java\jdk-17.0.1\bin
PATH=C:\ProgramData\Oracle\Java\javapath;C:\Python39\Scripts\;C:\Python39\;C:\Program Files\Common Files\Oracle\Java\javapath;C:\Program Files (x86)\Common Files\Oracle\Java\javapath;C:\Program Files (x86)\Common Files\Intel\Shared Libraries\redist\intel64_win\compiler;C:\Program Files (x86)\Common Files\Intel\Shared Libraries\redist\intel64\compiler;C:\Windows\system32;C:\Windows;C:\Windows\System32\Wbem;C:\Windows\System32\WindowsPowerShell\v1.0\;C:\Windows\System32\OpenSSH\;C:\Program Files (x86)\NVIDIA Corporation\PhysX\Common;C:\Program Files\NVIDIA Corporation\NVIDIA NvDLISR;C:\WINDOWS\system32;C:\WINDOWS;C:\WINDOWS\System32\Wbem;C:\WINDOWS\System32\WindowsPowerShell\v1.0\;C:\WINDOWS\System32\OpenSSH\;C:\xampp\php;C:\ProgramData\ComposerSetup\bin;C:\Program Files\nodejs\;C:\ProgramData\chocolatey\bin;C:\Program Files\Git\cmd;C:\Program Files (x86)\dotnet\;C:\Program Files\PowerShell\7\;C:\Program Files\Java\jdk-17.0.1\bin;C:\Users\TUF Gaming\AppData\Local\Microsoft\WindowsApps;C:\Users\TUF Gaming\AppData\Local\Programs\Microsoft VS Code\bin;C:\Users\TUF Gaming\AppData\Roaming\Composer\vendor\bin;C:\Users\TUF Gaming\AppData\Roaming\npm;C:\Users\TUF Gaming\AppData\Local\GitHubDesktop\bin;
USERNAME=TUF Gaming
OS=Windows_NT
PROCESSOR_IDENTIFIER=AMD64 Family 23 Model 96 Stepping 1, AuthenticAMD



---------------  S Y S T E M  ---------------

OS: Windows 10 , 64 bit Build 22494 (10.0.22494.1000)
OS uptime: 3 days 7:46 hours
Hyper-V role detected

CPU:total 16 (initial active 16) (16 cores per cpu, 2 threads per core) family 23 model 96 stepping 1 microcode 0x0, cmov, cx8, fxsr, mmx, sse, sse2, sse3, ssse3, sse4.1, sse4.2, popcnt, avx, avx2, aes, clmul, mmxext, 3dnowpref, lzcnt, sse4a, ht, tsc, tscinvbit, tscinv, bmi1, bmi2, adx, 

Memory: 4k page, system-wide physical 15789M (3197M free)
TotalPageFile size 23789M (AvailPageFile size 13M)
current process WorkingSet (physical memory assigned to process): 610M, peak: 614M
current process commit charge ("private bytes"): 663M, peak: 713M

vm_info: OpenJDK 64-Bit Server VM (11.0.10+0-b96-7249189) for windows-amd64 JRE (11.0.10+0-b96-7249189), built on Mar 31 2021 21:44:00 by "builder" with MS VC++ 14.0 (VS2015)

END.
