#
# There is insufficient memory for the Java Runtime Environment to continue.
# Native memory allocation (malloc) failed to allocate 131088 bytes for Chunk::new
# Possible reasons:
#   The system is out of physical RAM or swap space
#   The process is running with CompressedOops enabled, and the Java Heap may be blocking the growth of the native heap
# Possible solutions:
#   Reduce memory load on the system
#   Increase physical memory or swap space
#   Check if swap backing store is full
#   Decrease Java heap size (-Xmx/-Xms)
#   Decrease number of Java threads
#   Decrease Java thread stack sizes (-Xss)
#   Set larger code cache with -XX:ReservedCodeCacheSize=
#   JVM is running with Unscaled Compressed Oops mode in which the Java heap is
#     placed in the first 4GB address space. The Java Heap base address is the
#     maximum limit for the native heap growth. Please use -XX:HeapBaseMinAddress
#     to set the Java Heap base and to place the Java Heap above 4GB virtual address.
# This output file may be truncated or incomplete.
#
#  Out of Memory Error (./src/hotspot/share/memory/arena.cpp:197), pid=32324, tid=4200
#
# JRE version: OpenJDK Runtime Environment (11.0.10) (build 11.0.10+0-b96-7249189)
# Java VM: OpenJDK 64-Bit Server VM (11.0.10+0-b96-7249189, mixed mode, tiered, compressed oops, g1 gc, windows-amd64)
# No core dump will be written. Minidumps are not enabled by default on client versions of Windows
#

---------------  S U M M A R Y ------------

Command Line: --add-opens=java.base/java.util=ALL-UNNAMED --add-opens=java.base/java.lang=ALL-UNNAMED --add-opens=java.base/java.lang.invoke=ALL-UNNAMED --add-opens=java.base/java.util=ALL-UNNAMED --add-opens=java.prefs/java.util.prefs=ALL-UNNAMED --add-opens=java.prefs/java.util.prefs=ALL-UNNAMED --add-opens=java.base/java.nio.charset=ALL-UNNAMED --add-opens=java.base/java.net=ALL-UNNAMED --add-opens=java.base/java.util.concurrent.atomic=ALL-UNNAMED -Xmx2048m -Dfile.encoding=UTF-8 -Duser.country=ID -Duser.language=en -Duser.variant org.gradle.launcher.daemon.bootstrap.GradleDaemon 7.0.2

Host: AMD Ryzen 9 4900H with Radeon Graphics         , 16 cores, 15G,  Windows 10 , 64 bit Build 22494 (10.0.22494.1000)
Time: Mon Nov 29 23:35:53 2021 SE Asia Standard Time elapsed time: 3.090903 seconds (0d 0h 0m 3s)

---------------  T H R E A D  ---------------

Current thread (0x0000020e84f30000):  JavaThread "C2 CompilerThread0" daemon [_thread_in_native, id=4200, stack(0x00000034c8000000,0x00000034c8100000)]


Current CompileTask:
C2:   3090 2517   !   4       java.net.URL::<init> (543 bytes)

Stack: [0x00000034c8000000,0x00000034c8100000]
Native frames: (J=compiled Java code, j=interpreted, Vv=VM code, C=native code)
V  [jvm.dll+0x5ecfaa]
V  [jvm.dll+0x722bd5]
V  [jvm.dll+0x72412d]
V  [jvm.dll+0x7247e3]
V  [jvm.dll+0x242928]
V  [jvm.dll+0xbc4fc]
V  [jvm.dll+0xbca0c]
V  [jvm.dll+0xbc608]
V  [jvm.dll+0x5cc470]
V  [jvm.dll+0x51029a]
V  [jvm.dll+0x4fcf75]
V  [jvm.dll+0x4fed2e]
V  [jvm.dll+0x4feafb]
V  [jvm.dll+0x4fea76]
V  [jvm.dll+0x4feb47]
V  [jvm.dll+0x4feb47]
V  [jvm.dll+0x4feb47]
V  [jvm.dll+0x5065f8]
V  [jvm.dll+0x203253]
V  [jvm.dll+0x1fd07c]
V  [jvm.dll+0x1fa77f]
V  [jvm.dll+0x18354c]
V  [jvm.dll+0x208ee7]
V  [jvm.dll+0x207731]
V  [jvm.dll+0x6eb1cf]
V  [jvm.dll+0x6e3d45]
V  [jvm.dll+0x5ebe96]
C  [ucrtbase.dll+0x293cc]
C  [KERNEL32.DLL+0x16ab0]
C  [ntdll.dll+0x51edb]


---------------  P R O C E S S  ---------------

Threads class SMR info:
_java_thread_list=0x0000020e87c66020, length=33, elements={
0x0000020ee95ce000, 0x0000020e84636800, 0x0000020e84641800, 0x0000020e84f29800,
0x0000020e84f2a800, 0x0000020e84f2c800, 0x0000020e84f30000, 0x0000020e84f39800,
0x0000020e84f3b800, 0x0000020e85085800, 0x0000020e8509b800, 0x0000020e85c5e800,
0x0000020e8695c800, 0x0000020e871f4800, 0x0000020e85425800, 0x0000020e8731c800,
0x0000020e876b6800, 0x0000020e87025000, 0x0000020e8748f800, 0x0000020e87985800,
0x0000020e8740a000, 0x0000020e87650800, 0x0000020e87069800, 0x0000020e8706a800,
0x0000020e87068000, 0x0000020e87069000, 0x0000020e87c7d800, 0x0000020e8807c000,
0x0000020e887e0000, 0x0000020e887de800, 0x0000020e887e0800, 0x0000020e887e1800,
0x0000020e887e2800
}

Java Threads: ( => current thread )
  0x0000020ee95ce000 JavaThread "main" [_thread_blocked, id=32872, stack(0x00000034c7400000,0x00000034c7500000)]
  0x0000020e84636800 JavaThread "Reference Handler" daemon [_thread_blocked, id=31176, stack(0x00000034c7b00000,0x00000034c7c00000)]
  0x0000020e84641800 JavaThread "Finalizer" daemon [_thread_blocked, id=36752, stack(0x00000034c7c00000,0x00000034c7d00000)]
  0x0000020e84f29800 JavaThread "Signal Dispatcher" daemon [_thread_blocked, id=12556, stack(0x00000034c7d00000,0x00000034c7e00000)]
  0x0000020e84f2a800 JavaThread "Attach Listener" daemon [_thread_blocked, id=21664, stack(0x00000034c7e00000,0x00000034c7f00000)]
  0x0000020e84f2c800 JavaThread "Service Thread" daemon [_thread_blocked, id=876, stack(0x00000034c7f00000,0x00000034c8000000)]
=>0x0000020e84f30000 JavaThread "C2 CompilerThread0" daemon [_thread_in_native, id=4200, stack(0x00000034c8000000,0x00000034c8100000)]
  0x0000020e84f39800 JavaThread "C1 CompilerThread0" daemon [_thread_blocked, id=36068, stack(0x00000034c8100000,0x00000034c8200000)]
  0x0000020e84f3b800 JavaThread "Sweeper thread" daemon [_thread_blocked, id=14496, stack(0x00000034c8200000,0x00000034c8300000)]
  0x0000020e85085800 JavaThread "C1 CompilerThread1" daemon [_thread_blocked, id=20576, stack(0x00000034c8300000,0x00000034c8400000)]
  0x0000020e8509b800 JavaThread "Common-Cleaner" daemon [_thread_blocked, id=22236, stack(0x00000034c8400000,0x00000034c8500000)]
  0x0000020e85c5e800 JavaThread "C1 CompilerThread2" daemon [_thread_blocked, id=4164, stack(0x00000034c8800000,0x00000034c8900000)]
  0x0000020e8695c800 JavaThread "C1 CompilerThread3" daemon [_thread_blocked, id=15952, stack(0x00000034c8d00000,0x00000034c8e00000)]
  0x0000020e871f4800 JavaThread "Daemon health stats" [_thread_blocked, id=35468, stack(0x00000034c8e00000,0x00000034c8f00000)]
  0x0000020e85425800 JavaThread "Incoming local TCP Connector on port 63929" [_thread_in_native, id=21688, stack(0x00000034c8600000,0x00000034c8700000)]
  0x0000020e8731c800 JavaThread "Daemon periodic checks" [_thread_blocked, id=33992, stack(0x00000034c8700000,0x00000034c8800000)]
  0x0000020e876b6800 JavaThread "Daemon" [_thread_blocked, id=37460, stack(0x00000034c8f00000,0x00000034c9000000)]
  0x0000020e87025000 JavaThread "Handler for socket connection from /127.0.0.1:63929 to /127.0.0.1:63930" [_thread_in_native, id=30884, stack(0x00000034c9000000,0x00000034c9100000)]
  0x0000020e8748f800 JavaThread "Cancel handler" [_thread_blocked, id=31496, stack(0x00000034c9100000,0x00000034c9200000)]
  0x0000020e87985800 JavaThread "Daemon worker" [_thread_in_vm, id=33688, stack(0x00000034c9200000,0x00000034c9300000)]
  0x0000020e8740a000 JavaThread "Asynchronous log dispatcher for DefaultDaemonConnection: socket connection from /127.0.0.1:63929 to /127.0.0.1:63930" [_thread_blocked, id=17368, stack(0x00000034c9300000,0x00000034c9400000)]
  0x0000020e87650800 JavaThread "Stdin handler" [_thread_blocked, id=11112, stack(0x00000034c9400000,0x00000034c9500000)]
  0x0000020e87069800 JavaThread "Daemon client event forwarder" [_thread_blocked, id=27572, stack(0x00000034c9500000,0x00000034c9600000)]
  0x0000020e8706a800 JavaThread "Cache worker for file hash cache (C:\Users\TUF Gaming\.gradle\caches\7.0.2\fileHashes)" [_thread_blocked, id=12488, stack(0x00000034c9600000,0x00000034c9700000)]
  0x0000020e87068000 JavaThread "File lock request listener" [_thread_in_native, id=24272, stack(0x00000034c9700000,0x00000034c9800000)]
  0x0000020e87069000 JavaThread "Cache worker for journal cache (C:\Users\TUF Gaming\.gradle\caches\journal-1)" [_thread_blocked, id=30356, stack(0x00000034ca200000,0x00000034ca300000)]
  0x0000020e87c7d800 JavaThread "C2 CompilerThread1" daemon [_thread_in_native, id=2824, stack(0x00000034ca300000,0x00000034ca400000)]
  0x0000020e8807c000 JavaThread "C2 CompilerThread2" daemon [_thread_in_native, id=37468, stack(0x00000034ca400000,0x00000034ca500000)]
  0x0000020e887e0000 JavaThread "Cache worker for file hash cache (D:\KULIAH\Semester 5\Rekayasa Perangkat Lunak\ParkTikomAdmin\.gradle\7.0.2\fileHashes)" [_thread_blocked, id=1712, stack(0x00000034ca500000,0x00000034ca600000)]
  0x0000020e887de800 JavaThread "File watcher server" daemon [_thread_in_native, id=15008, stack(0x00000034ca600000,0x00000034ca700000)]
  0x0000020e887e0800 JavaThread "File watcher consumer" daemon [_thread_blocked, id=25932, stack(0x00000034ca700000,0x00000034ca800000)]
  0x0000020e887e1800 JavaThread "Cache worker for checksums cache (D:\KULIAH\Semester 5\Rekayasa Perangkat Lunak\ParkTikomAdmin\.gradle\checksums)" [_thread_blocked, id=12624, stack(0x00000034ca800000,0x00000034ca900000)]
  0x0000020e887e2800 JavaThread "Cache worker for cache directory md-supplier (C:\Users\TUF Gaming\.gradle\caches\7.0.2\md-supplier)" [_thread_blocked, id=37880, stack(0x00000034ca900000,0x00000034caa00000)]

Other Threads:
  0x0000020e84ed8800 VMThread "VM Thread" [stack: 0x00000034c7a00000,0x00000034c7b00000] [id=36264]
  0x0000020e85105000 WatcherThread [stack: 0x00000034c8500000,0x00000034c8600000] [id=31208]
  0x0000020ee751a800 GCTaskThread "GC Thread#0" [stack: 0x00000034c7500000,0x00000034c7600000] [id=23012]
  0x0000020e86454800 GCTaskThread "GC Thread#1" [stack: 0x00000034c8900000,0x00000034c8a00000] [id=37448]
  0x0000020e857d7000 GCTaskThread "GC Thread#2" [stack: 0x00000034c8a00000,0x00000034c8b00000] [id=28540]
  0x0000020e857d7800 GCTaskThread "GC Thread#3" [stack: 0x00000034c8b00000,0x00000034c8c00000] [id=37796]
  0x0000020e85e68000 GCTaskThread "GC Thread#4" [stack: 0x00000034c8c00000,0x00000034c8d00000] [id=9408]
  0x0000020e85e66000 GCTaskThread "GC Thread#5" [stack: 0x00000034c9800000,0x00000034c9900000] [id=36936]
  0x0000020e85e64000 GCTaskThread "GC Thread#6" [stack: 0x00000034c9900000,0x00000034c9a00000] [id=36112]
  0x0000020e85e69000 GCTaskThread "GC Thread#7" [stack: 0x00000034c9a00000,0x00000034c9b00000] [id=35704]
  0x0000020e85e66800 GCTaskThread "GC Thread#8" [stack: 0x00000034c9b00000,0x00000034c9c00000] [id=344]
  0x0000020e85e62800 GCTaskThread "GC Thread#9" [stack: 0x00000034c9c00000,0x00000034c9d00000] [id=33704]
  0x0000020e85e65000 GCTaskThread "GC Thread#10" [stack: 0x00000034c9d00000,0x00000034c9e00000] [id=11632]
  0x0000020e85e67800 GCTaskThread "GC Thread#11" [stack: 0x00000034c9e00000,0x00000034c9f00000] [id=29588]
  0x0000020e85e69800 GCTaskThread "GC Thread#12" [stack: 0x00000034c9f00000,0x00000034ca000000] [id=35396]
  0x0000020ee961b800 ConcurrentGCThread "G1 Main Marker" [stack: 0x00000034c7600000,0x00000034c7700000] [id=35272]
  0x0000020ee961c800 ConcurrentGCThread "G1 Conc#0" [stack: 0x00000034c7700000,0x00000034c7800000] [id=32512]
  0x0000020e85e63000 ConcurrentGCThread "G1 Conc#1" [stack: 0x00000034ca000000,0x00000034ca100000] [id=10792]
  0x0000020e85e64800 ConcurrentGCThread "G1 Conc#2" [stack: 0x00000034ca100000,0x00000034ca200000] [id=9196]
  0x0000020e84509800 ConcurrentGCThread "G1 Refine#0" [stack: 0x00000034c7800000,0x00000034c7900000] [id=37876]
  0x0000020e8450a800 ConcurrentGCThread "G1 Young RemSet Sampling" [stack: 0x00000034c7900000,0x00000034c7a00000] [id=9504]

Threads with active compile tasks:
C2 CompilerThread0   3105 2517   !   4       java.net.URL::<init> (543 bytes)
C2 CompilerThread1   3105 2378       4       java.net.URLClassLoader$1::run (5 bytes)
C2 CompilerThread2   3105 2379   !   4       java.net.URLClassLoader$1::run (63 bytes)

VM state:not at safepoint (normal execution)

VM Mutex/Monitor currently owned by a thread: None

Heap address: 0x0000000080000000, size: 2048 MB, Compressed Oops mode: 32-bit
Narrow klass base: 0x0000000000000000, Narrow klass shift: 3
Compressed class space size: 1073741824 Address: 0x0000000100000000

Heap:
 garbage-first heap   total 253952K, used 66489K [0x0000000080000000, 0x0000000100000000)
  region size 1024K, 51 young (52224K), 2 survivors (2048K)
 Metaspace       used 27873K, capacity 28568K, committed 28800K, reserved 1075200K
  class space    used 3682K, capacity 3929K, committed 3968K, reserved 1048576K
Heap Regions: E=young(eden), S=young(survivor), O=old, HS=humongous(starts), HC=humongous(continues), CS=collection set, F=free, A=archive, TAMS=top-at-mark-start (previous, next)
|   0|0x0000000080000000, 0x0000000080100000, 0x0000000080100000|100%| O|  |TAMS 0x0000000080000000, 0x0000000080000000| Untracked 
|   1|0x0000000080100000, 0x0000000080200000, 0x0000000080200000|100%| O|  |TAMS 0x0000000080100000, 0x0000000080100000| Untracked 
|   2|0x0000000080200000, 0x0000000080300000, 0x0000000080300000|100%| O|  |TAMS 0x0000000080200000, 0x0000000080200000| Untracked 
|   3|0x0000000080300000, 0x0000000080400000, 0x0000000080400000|100%|HS|  |TAMS 0x0000000080400000, 0x0000000080300000| Complete 
|   4|0x0000000080400000, 0x0000000080500000, 0x0000000080500000|100%|HC|  |TAMS 0x0000000080500000, 0x0000000080400000| Complete 
|   5|0x0000000080500000, 0x0000000080600000, 0x0000000080600000|100%|HC|  |TAMS 0x0000000080600000, 0x0000000080500000| Complete 
|   6|0x0000000080600000, 0x0000000080700000, 0x0000000080700000|100%| O|  |TAMS 0x0000000080700000, 0x0000000080600000| Untracked 
|   7|0x0000000080700000, 0x0000000080800000, 0x0000000080800000|100%| O|  |TAMS 0x0000000080800000, 0x0000000080700000| Untracked 
|   8|0x0000000080800000, 0x0000000080900000, 0x0000000080900000|100%| O|  |TAMS 0x00000000808d6600, 0x0000000080800000| Untracked 
|   9|0x0000000080900000, 0x0000000080a00000, 0x0000000080a00000|100%| O|  |TAMS 0x0000000080900000, 0x0000000080900000| Untracked 
|  10|0x0000000080a00000, 0x0000000080b00000, 0x0000000080b00000|100%| O|  |TAMS 0x0000000080a00000, 0x0000000080a00000| Untracked 
|  11|0x0000000080b00000, 0x0000000080c00000, 0x0000000080c00000|100%| O|  |TAMS 0x0000000080b00000, 0x0000000080b00000| Untracked 
|  12|0x0000000080c00000, 0x0000000080d00000, 0x0000000080d00000|100%| O|  |TAMS 0x0000000080c00000, 0x0000000080c00000| Untracked 
|  13|0x0000000080d00000, 0x0000000080e00000, 0x0000000080e00000|100%| O|  |TAMS 0x0000000080d00000, 0x0000000080d00000| Untracked 
|  14|0x0000000080e00000, 0x0000000080f00000, 0x0000000080f00000|100%| O|  |TAMS 0x0000000080e00000, 0x0000000080e00000| Untracked 
|  15|0x0000000080f00000, 0x0000000080fabe00, 0x0000000081000000| 67%| O|  |TAMS 0x0000000080f00000, 0x0000000080f00000| Untracked 
|  16|0x0000000081000000, 0x0000000081000000, 0x0000000081100000|  0%| F|  |TAMS 0x0000000081000000, 0x0000000081000000| Untracked 
|  17|0x0000000081100000, 0x0000000081100000, 0x0000000081200000|  0%| F|  |TAMS 0x0000000081100000, 0x0000000081100000| Untracked 
|  18|0x0000000081200000, 0x0000000081200000, 0x0000000081300000|  0%| F|  |TAMS 0x0000000081200000, 0x0000000081200000| Untracked 
|  19|0x0000000081300000, 0x0000000081300000, 0x0000000081400000|  0%| F|  |TAMS 0x0000000081300000, 0x0000000081300000| Untracked 
|  20|0x0000000081400000, 0x0000000081400000, 0x0000000081500000|  0%| F|  |TAMS 0x0000000081400000, 0x0000000081400000| Untracked 
|  21|0x0000000081500000, 0x0000000081500000, 0x0000000081600000|  0%| F|  |TAMS 0x0000000081500000, 0x0000000081500000| Untracked 
|  22|0x0000000081600000, 0x0000000081600000, 0x0000000081700000|  0%| F|  |TAMS 0x0000000081600000, 0x0000000081600000| Untracked 
|  23|0x0000000081700000, 0x0000000081700000, 0x0000000081800000|  0%| F|  |TAMS 0x0000000081700000, 0x0000000081700000| Untracked 
|  24|0x0000000081800000, 0x0000000081800000, 0x0000000081900000|  0%| F|  |TAMS 0x0000000081800000, 0x0000000081800000| Untracked 
|  25|0x0000000081900000, 0x0000000081900000, 0x0000000081a00000|  0%| F|  |TAMS 0x0000000081900000, 0x0000000081900000| Untracked 
|  26|0x0000000081a00000, 0x0000000081a00000, 0x0000000081b00000|  0%| F|  |TAMS 0x0000000081a00000, 0x0000000081a00000| Untracked 
|  27|0x0000000081b00000, 0x0000000081b00000, 0x0000000081c00000|  0%| F|  |TAMS 0x0000000081b00000, 0x0000000081b00000| Untracked 
|  28|0x0000000081c00000, 0x0000000081c00000, 0x0000000081d00000|  0%| F|  |TAMS 0x0000000081c00000, 0x0000000081c00000| Untracked 
|  29|0x0000000081d00000, 0x0000000081d00000, 0x0000000081e00000|  0%| F|  |TAMS 0x0000000081d00000, 0x0000000081d00000| Untracked 
|  30|0x0000000081e00000, 0x0000000081e00000, 0x0000000081f00000|  0%| F|  |TAMS 0x0000000081e00000, 0x0000000081e00000| Untracked 
|  31|0x0000000081f00000, 0x0000000081f00000, 0x0000000082000000|  0%| F|  |TAMS 0x0000000081f00000, 0x0000000081f00000| Untracked 
|  32|0x0000000082000000, 0x0000000082000000, 0x0000000082100000|  0%| F|  |TAMS 0x0000000082000000, 0x0000000082000000| Untracked 
|  33|0x0000000082100000, 0x0000000082100000, 0x0000000082200000|  0%| F|  |TAMS 0x0000000082100000, 0x0000000082100000| Untracked 
|  34|0x0000000082200000, 0x0000000082200000, 0x0000000082300000|  0%| F|  |TAMS 0x0000000082200000, 0x0000000082200000| Untracked 
|  35|0x0000000082300000, 0x0000000082300000, 0x0000000082400000|  0%| F|  |TAMS 0x0000000082300000, 0x0000000082300000| Untracked 
|  36|0x0000000082400000, 0x0000000082400000, 0x0000000082500000|  0%| F|  |TAMS 0x0000000082400000, 0x0000000082400000| Untracked 
|  37|0x0000000082500000, 0x0000000082500000, 0x0000000082600000|  0%| F|  |TAMS 0x0000000082500000, 0x0000000082500000| Untracked 
|  38|0x0000000082600000, 0x0000000082600000, 0x0000000082700000|  0%| F|  |TAMS 0x0000000082600000, 0x0000000082600000| Untracked 
|  39|0x0000000082700000, 0x0000000082700000, 0x0000000082800000|  0%| F|  |TAMS 0x0000000082700000, 0x0000000082700000| Untracked 
|  40|0x0000000082800000, 0x0000000082800000, 0x0000000082900000|  0%| F|  |TAMS 0x0000000082800000, 0x0000000082800000| Untracked 
|  41|0x0000000082900000, 0x0000000082900000, 0x0000000082a00000|  0%| F|  |TAMS 0x0000000082900000, 0x0000000082900000| Untracked 
|  42|0x0000000082a00000, 0x0000000082a00000, 0x0000000082b00000|  0%| F|  |TAMS 0x0000000082a00000, 0x0000000082a00000| Untracked 
|  43|0x0000000082b00000, 0x0000000082b00000, 0x0000000082c00000|  0%| F|  |TAMS 0x0000000082b00000, 0x0000000082b00000| Untracked 
|  44|0x0000000082c00000, 0x0000000082c00000, 0x0000000082d00000|  0%| F|  |TAMS 0x0000000082c00000, 0x0000000082c00000| Untracked 
|  45|0x0000000082d00000, 0x0000000082d00000, 0x0000000082e00000|  0%| F|  |TAMS 0x0000000082d00000, 0x0000000082d00000| Untracked 
|  46|0x0000000082e00000, 0x0000000082e00000, 0x0000000082f00000|  0%| F|  |TAMS 0x0000000082e00000, 0x0000000082e00000| Untracked 
|  47|0x0000000082f00000, 0x0000000082f00000, 0x0000000083000000|  0%| F|  |TAMS 0x0000000082f00000, 0x0000000082f00000| Untracked 
|  48|0x0000000083000000, 0x0000000083000000, 0x0000000083100000|  0%| F|  |TAMS 0x0000000083000000, 0x0000000083000000| Untracked 
|  49|0x0000000083100000, 0x0000000083100000, 0x0000000083200000|  0%| F|  |TAMS 0x0000000083100000, 0x0000000083100000| Untracked 
|  50|0x0000000083200000, 0x0000000083200000, 0x0000000083300000|  0%| F|  |TAMS 0x0000000083200000, 0x0000000083200000| Untracked 
|  51|0x0000000083300000, 0x0000000083300000, 0x0000000083400000|  0%| F|  |TAMS 0x0000000083300000, 0x0000000083300000| Untracked 
|  52|0x0000000083400000, 0x0000000083400000, 0x0000000083500000|  0%| F|  |TAMS 0x0000000083400000, 0x0000000083400000| Untracked 
|  53|0x0000000083500000, 0x0000000083500000, 0x0000000083600000|  0%| F|  |TAMS 0x0000000083500000, 0x0000000083500000| Untracked 
|  54|0x0000000083600000, 0x0000000083600000, 0x0000000083700000|  0%| F|  |TAMS 0x0000000083600000, 0x0000000083600000| Untracked 
|  55|0x0000000083700000, 0x0000000083700000, 0x0000000083800000|  0%| F|  |TAMS 0x0000000083700000, 0x0000000083700000| Untracked 
|  56|0x0000000083800000, 0x0000000083800000, 0x0000000083900000|  0%| F|  |TAMS 0x0000000083800000, 0x0000000083800000| Untracked 
|  57|0x0000000083900000, 0x0000000083900000, 0x0000000083a00000|  0%| F|  |TAMS 0x0000000083900000, 0x0000000083900000| Untracked 
|  58|0x0000000083a00000, 0x0000000083a00000, 0x0000000083b00000|  0%| F|  |TAMS 0x0000000083a00000, 0x0000000083a00000| Untracked 
|  59|0x0000000083b00000, 0x0000000083b00000, 0x0000000083c00000|  0%| F|  |TAMS 0x0000000083b00000, 0x0000000083b00000| Untracked 
|  60|0x0000000083c00000, 0x0000000083c00000, 0x0000000083d00000|  0%| F|  |TAMS 0x0000000083c00000, 0x0000000083c00000| Untracked 
|  61|0x0000000083d00000, 0x0000000083d00000, 0x0000000083e00000|  0%| F|  |TAMS 0x0000000083d00000, 0x0000000083d00000| Untracked 
|  62|0x0000000083e00000, 0x0000000083e00000, 0x0000000083f00000|  0%| F|  |TAMS 0x0000000083e00000, 0x0000000083e00000| Untracked 
|  63|0x0000000083f00000, 0x0000000083f00000, 0x0000000084000000|  0%| F|  |TAMS 0x0000000083f00000, 0x0000000083f00000| Untracked 
|  64|0x0000000084000000, 0x0000000084000000, 0x0000000084100000|  0%| F|  |TAMS 0x0000000084000000, 0x0000000084000000| Untracked 
|  65|0x0000000084100000, 0x0000000084100000, 0x0000000084200000|  0%| F|  |TAMS 0x0000000084100000, 0x0000000084100000| Untracked 
|  66|0x0000000084200000, 0x0000000084200000, 0x0000000084300000|  0%| F|  |TAMS 0x0000000084200000, 0x0000000084200000| Untracked 
|  67|0x0000000084300000, 0x0000000084300000, 0x0000000084400000|  0%| F|  |TAMS 0x0000000084300000, 0x0000000084300000| Untracked 
|  68|0x0000000084400000, 0x0000000084400000, 0x0000000084500000|  0%| F|  |TAMS 0x0000000084400000, 0x0000000084400000| Untracked 
|  69|0x0000000084500000, 0x0000000084500000, 0x0000000084600000|  0%| F|  |TAMS 0x0000000084500000, 0x0000000084500000| Untracked 
|  70|0x0000000084600000, 0x0000000084600000, 0x0000000084700000|  0%| F|  |TAMS 0x0000000084600000, 0x0000000084600000| Untracked 
|  71|0x0000000084700000, 0x0000000084700000, 0x0000000084800000|  0%| F|  |TAMS 0x0000000084700000, 0x0000000084700000| Untracked 
|  72|0x0000000084800000, 0x0000000084800000, 0x0000000084900000|  0%| F|  |TAMS 0x0000000084800000, 0x0000000084800000| Untracked 
|  73|0x0000000084900000, 0x0000000084900000, 0x0000000084a00000|  0%| F|  |TAMS 0x0000000084900000, 0x0000000084900000| Untracked 
|  74|0x0000000084a00000, 0x0000000084a00000, 0x0000000084b00000|  0%| F|  |TAMS 0x0000000084a00000, 0x0000000084a00000| Untracked 
|  75|0x0000000084b00000, 0x0000000084b00000, 0x0000000084c00000|  0%| F|  |TAMS 0x0000000084b00000, 0x0000000084b00000| Untracked 
|  76|0x0000000084c00000, 0x0000000084c00000, 0x0000000084d00000|  0%| F|  |TAMS 0x0000000084c00000, 0x0000000084c00000| Untracked 
|  77|0x0000000084d00000, 0x0000000084d00000, 0x0000000084e00000|  0%| F|  |TAMS 0x0000000084d00000, 0x0000000084d00000| Untracked 
|  78|0x0000000084e00000, 0x0000000084e00000, 0x0000000084f00000|  0%| F|  |TAMS 0x0000000084e00000, 0x0000000084e00000| Untracked 
|  79|0x0000000084f00000, 0x0000000084f00000, 0x0000000085000000|  0%| F|  |TAMS 0x0000000084f00000, 0x0000000084f00000| Untracked 
|  80|0x0000000085000000, 0x0000000085000000, 0x0000000085100000|  0%| F|  |TAMS 0x0000000085000000, 0x0000000085000000| Untracked 
|  81|0x0000000085100000, 0x0000000085100000, 0x0000000085200000|  0%| F|  |TAMS 0x0000000085100000, 0x0000000085100000| Untracked 
|  82|0x0000000085200000, 0x0000000085200000, 0x0000000085300000|  0%| F|  |TAMS 0x0000000085200000, 0x0000000085200000| Untracked 
|  83|0x0000000085300000, 0x0000000085300000, 0x0000000085400000|  0%| F|  |TAMS 0x0000000085300000, 0x0000000085300000| Untracked 
|  84|0x0000000085400000, 0x0000000085400000, 0x0000000085500000|  0%| F|  |TAMS 0x0000000085400000, 0x0000000085400000| Untracked 
|  85|0x0000000085500000, 0x0000000085500000, 0x0000000085600000|  0%| F|  |TAMS 0x0000000085500000, 0x0000000085500000| Untracked 
|  86|0x0000000085600000, 0x0000000085600000, 0x0000000085700000|  0%| F|  |TAMS 0x0000000085600000, 0x0000000085600000| Untracked 
|  87|0x0000000085700000, 0x0000000085700000, 0x0000000085800000|  0%| F|  |TAMS 0x0000000085700000, 0x0000000085700000| Untracked 
|  88|0x0000000085800000, 0x0000000085800000, 0x0000000085900000|  0%| F|  |TAMS 0x0000000085800000, 0x0000000085800000| Untracked 
|  89|0x0000000085900000, 0x0000000085900000, 0x0000000085a00000|  0%| F|  |TAMS 0x0000000085900000, 0x0000000085900000| Untracked 
|  90|0x0000000085a00000, 0x0000000085a00000, 0x0000000085b00000|  0%| F|  |TAMS 0x0000000085a00000, 0x0000000085a00000| Untracked 
|  91|0x0000000085b00000, 0x0000000085b00000, 0x0000000085c00000|  0%| F|  |TAMS 0x0000000085b00000, 0x0000000085b00000| Untracked 
|  92|0x0000000085c00000, 0x0000000085c00000, 0x0000000085d00000|  0%| F|  |TAMS 0x0000000085c00000, 0x0000000085c00000| Untracked 
|  93|0x0000000085d00000, 0x0000000085d00000, 0x0000000085e00000|  0%| F|  |TAMS 0x0000000085d00000, 0x0000000085d00000| Untracked 
|  94|0x0000000085e00000, 0x0000000085e00000, 0x0000000085f00000|  0%| F|  |TAMS 0x0000000085e00000, 0x0000000085e00000| Untracked 
|  95|0x0000000085f00000, 0x0000000085f00000, 0x0000000086000000|  0%| F|  |TAMS 0x0000000085f00000, 0x0000000085f00000| Untracked 
|  96|0x0000000086000000, 0x0000000086000000, 0x0000000086100000|  0%| F|  |TAMS 0x0000000086000000, 0x0000000086000000| Untracked 
|  97|0x0000000086100000, 0x0000000086100000, 0x0000000086200000|  0%| F|  |TAMS 0x0000000086100000, 0x0000000086100000| Untracked 
|  98|0x0000000086200000, 0x0000000086200000, 0x0000000086300000|  0%| F|  |TAMS 0x0000000086200000, 0x0000000086200000| Untracked 
|  99|0x0000000086300000, 0x0000000086300000, 0x0000000086400000|  0%| F|  |TAMS 0x0000000086300000, 0x0000000086300000| Untracked 
| 100|0x0000000086400000, 0x0000000086400000, 0x0000000086500000|  0%| F|  |TAMS 0x0000000086400000, 0x0000000086400000| Untracked 
| 101|0x0000000086500000, 0x0000000086500000, 0x0000000086600000|  0%| F|  |TAMS 0x0000000086500000, 0x0000000086500000| Untracked 
| 102|0x0000000086600000, 0x0000000086600000, 0x0000000086700000|  0%| F|  |TAMS 0x0000000086600000, 0x0000000086600000| Untracked 
| 103|0x0000000086700000, 0x0000000086700000, 0x0000000086800000|  0%| F|  |TAMS 0x0000000086700000, 0x0000000086700000| Untracked 
| 104|0x0000000086800000, 0x0000000086800000, 0x0000000086900000|  0%| F|  |TAMS 0x0000000086800000, 0x0000000086800000| Untracked 
| 105|0x0000000086900000, 0x0000000086900000, 0x0000000086a00000|  0%| F|  |TAMS 0x0000000086900000, 0x0000000086900000| Untracked 
| 106|0x0000000086a00000, 0x0000000086a00000, 0x0000000086b00000|  0%| F|  |TAMS 0x0000000086a00000, 0x0000000086a00000| Untracked 
| 107|0x0000000086b00000, 0x0000000086b00000, 0x0000000086c00000|  0%| F|  |TAMS 0x0000000086b00000, 0x0000000086b00000| Untracked 
| 108|0x0000000086c00000, 0x0000000086c00000, 0x0000000086d00000|  0%| F|  |TAMS 0x0000000086c00000, 0x0000000086c00000| Untracked 
| 109|0x0000000086d00000, 0x0000000086d00000, 0x0000000086e00000|  0%| F|  |TAMS 0x0000000086d00000, 0x0000000086d00000| Untracked 
| 110|0x0000000086e00000, 0x0000000086e00000, 0x0000000086f00000|  0%| F|  |TAMS 0x0000000086e00000, 0x0000000086e00000| Untracked 
| 111|0x0000000086f00000, 0x0000000086f00000, 0x0000000087000000|  0%| F|  |TAMS 0x0000000086f00000, 0x0000000086f00000| Untracked 
| 112|0x0000000087000000, 0x0000000087000000, 0x0000000087100000|  0%| F|  |TAMS 0x0000000087000000, 0x0000000087000000| Untracked 
| 113|0x0000000087100000, 0x0000000087100000, 0x0000000087200000|  0%| F|  |TAMS 0x0000000087100000, 0x0000000087100000| Untracked 
| 114|0x0000000087200000, 0x0000000087200000, 0x0000000087300000|  0%| F|  |TAMS 0x0000000087200000, 0x0000000087200000| Untracked 
| 115|0x0000000087300000, 0x0000000087300000, 0x0000000087400000|  0%| F|  |TAMS 0x0000000087300000, 0x0000000087300000| Untracked 
| 116|0x0000000087400000, 0x0000000087400000, 0x0000000087500000|  0%| F|  |TAMS 0x0000000087400000, 0x0000000087400000| Untracked 
| 117|0x0000000087500000, 0x0000000087500000, 0x0000000087600000|  0%| F|  |TAMS 0x0000000087500000, 0x0000000087500000| Untracked 
| 118|0x0000000087600000, 0x0000000087600000, 0x0000000087700000|  0%| F|  |TAMS 0x0000000087600000, 0x0000000087600000| Untracked 
| 119|0x0000000087700000, 0x0000000087700000, 0x0000000087800000|  0%| F|  |TAMS 0x0000000087700000, 0x0000000087700000| Untracked 
| 120|0x0000000087800000, 0x0000000087800000, 0x0000000087900000|  0%| F|  |TAMS 0x0000000087800000, 0x0000000087800000| Untracked 
| 121|0x0000000087900000, 0x0000000087900000, 0x0000000087a00000|  0%| F|  |TAMS 0x0000000087900000, 0x0000000087900000| Untracked 
| 122|0x0000000087a00000, 0x0000000087a00000, 0x0000000087b00000|  0%| F|  |TAMS 0x0000000087a00000, 0x0000000087a00000| Untracked 
| 123|0x0000000087b00000, 0x0000000087b00000, 0x0000000087c00000|  0%| F|  |TAMS 0x0000000087b00000, 0x0000000087b00000| Untracked 
| 124|0x0000000087c00000, 0x0000000087c00000, 0x0000000087d00000|  0%| F|  |TAMS 0x0000000087c00000, 0x0000000087c00000| Untracked 
| 125|0x0000000087d00000, 0x0000000087d00000, 0x0000000087e00000|  0%| F|  |TAMS 0x0000000087d00000, 0x0000000087d00000| Untracked 
| 126|0x0000000087e00000, 0x0000000087e00000, 0x0000000087f00000|  0%| F|  |TAMS 0x0000000087e00000, 0x0000000087e00000| Untracked 
| 127|0x0000000087f00000, 0x0000000087f00000, 0x0000000088000000|  0%| F|  |TAMS 0x0000000087f00000, 0x0000000087f00000| Untracked 
| 128|0x0000000088000000, 0x0000000088000000, 0x0000000088100000|  0%| F|  |TAMS 0x0000000088000000, 0x0000000088000000| Untracked 
| 129|0x0000000088100000, 0x0000000088100000, 0x0000000088200000|  0%| F|  |TAMS 0x0000000088100000, 0x0000000088100000| Untracked 
| 130|0x0000000088200000, 0x0000000088200000, 0x0000000088300000|  0%| F|  |TAMS 0x0000000088200000, 0x0000000088200000| Untracked 
| 131|0x0000000088300000, 0x0000000088300000, 0x0000000088400000|  0%| F|  |TAMS 0x0000000088300000, 0x0000000088300000| Untracked 
| 132|0x0000000088400000, 0x0000000088400000, 0x0000000088500000|  0%| F|  |TAMS 0x0000000088400000, 0x0000000088400000| Untracked 
| 133|0x0000000088500000, 0x0000000088500000, 0x0000000088600000|  0%| F|  |TAMS 0x0000000088500000, 0x0000000088500000| Untracked 
| 134|0x0000000088600000, 0x0000000088600000, 0x0000000088700000|  0%| F|  |TAMS 0x0000000088600000, 0x0000000088600000| Untracked 
| 135|0x0000000088700000, 0x0000000088700000, 0x0000000088800000|  0%| F|  |TAMS 0x0000000088700000, 0x0000000088700000| Untracked 
| 136|0x0000000088800000, 0x0000000088800000, 0x0000000088900000|  0%| F|  |TAMS 0x0000000088800000, 0x0000000088800000| Untracked 
| 137|0x0000000088900000, 0x0000000088900000, 0x0000000088a00000|  0%| F|  |TAMS 0x0000000088900000, 0x0000000088900000| Untracked 
| 138|0x0000000088a00000, 0x0000000088a00000, 0x0000000088b00000|  0%| F|  |TAMS 0x0000000088a00000, 0x0000000088a00000| Untracked 
| 139|0x0000000088b00000, 0x0000000088b00000, 0x0000000088c00000|  0%| F|  |TAMS 0x0000000088b00000, 0x0000000088b00000| Untracked 
| 140|0x0000000088c00000, 0x0000000088c00000, 0x0000000088d00000|  0%| F|  |TAMS 0x0000000088c00000, 0x0000000088c00000| Untracked 
| 141|0x0000000088d00000, 0x0000000088d00000, 0x0000000088e00000|  0%| F|  |TAMS 0x0000000088d00000, 0x0000000088d00000| Untracked 
| 142|0x0000000088e00000, 0x0000000088e00000, 0x0000000088f00000|  0%| F|  |TAMS 0x0000000088e00000, 0x0000000088e00000| Untracked 
| 143|0x0000000088f00000, 0x0000000088f00000, 0x0000000089000000|  0%| F|  |TAMS 0x0000000088f00000, 0x0000000088f00000| Untracked 
| 144|0x0000000089000000, 0x0000000089000000, 0x0000000089100000|  0%| F|  |TAMS 0x0000000089000000, 0x0000000089000000| Untracked 
| 145|0x0000000089100000, 0x0000000089100000, 0x0000000089200000|  0%| F|  |TAMS 0x0000000089100000, 0x0000000089100000| Untracked 
| 146|0x0000000089200000, 0x0000000089200000, 0x0000000089300000|  0%| F|  |TAMS 0x0000000089200000, 0x0000000089200000| Untracked 
| 147|0x0000000089300000, 0x0000000089300000, 0x0000000089400000|  0%| F|  |TAMS 0x0000000089300000, 0x0000000089300000| Untracked 
| 148|0x0000000089400000, 0x0000000089400000, 0x0000000089500000|  0%| F|  |TAMS 0x0000000089400000, 0x0000000089400000| Untracked 
| 149|0x0000000089500000, 0x0000000089500000, 0x0000000089600000|  0%| F|  |TAMS 0x0000000089500000, 0x0000000089500000| Untracked 
| 150|0x0000000089600000, 0x0000000089600000, 0x0000000089700000|  0%| F|  |TAMS 0x0000000089600000, 0x0000000089600000| Untracked 
| 151|0x0000000089700000, 0x0000000089700000, 0x0000000089800000|  0%| F|  |TAMS 0x0000000089700000, 0x0000000089700000| Untracked 
| 152|0x0000000089800000, 0x0000000089800000, 0x0000000089900000|  0%| F|  |TAMS 0x0000000089800000, 0x0000000089800000| Untracked 
| 153|0x0000000089900000, 0x0000000089900000, 0x0000000089a00000|  0%| F|  |TAMS 0x0000000089900000, 0x0000000089900000| Untracked 
| 154|0x0000000089a00000, 0x0000000089a00000, 0x0000000089b00000|  0%| F|  |TAMS 0x0000000089a00000, 0x0000000089a00000| Untracked 
| 155|0x0000000089b00000, 0x0000000089b00000, 0x0000000089c00000|  0%| F|  |TAMS 0x0000000089b00000, 0x0000000089b00000| Untracked 
| 156|0x0000000089c00000, 0x0000000089c00000, 0x0000000089d00000|  0%| F|  |TAMS 0x0000000089c00000, 0x0000000089c00000| Untracked 
| 157|0x0000000089d00000, 0x0000000089d00000, 0x0000000089e00000|  0%| F|  |TAMS 0x0000000089d00000, 0x0000000089d00000| Untracked 
| 158|0x0000000089e00000, 0x0000000089e00000, 0x0000000089f00000|  0%| F|  |TAMS 0x0000000089e00000, 0x0000000089e00000| Untracked 
| 159|0x0000000089f00000, 0x0000000089f00000, 0x000000008a000000|  0%| F|  |TAMS 0x0000000089f00000, 0x0000000089f00000| Untracked 
| 160|0x000000008a000000, 0x000000008a000000, 0x000000008a100000|  0%| F|  |TAMS 0x000000008a000000, 0x000000008a000000| Untracked 
| 161|0x000000008a100000, 0x000000008a100000, 0x000000008a200000|  0%| F|  |TAMS 0x000000008a100000, 0x000000008a100000| Untracked 
| 162|0x000000008a200000, 0x000000008a200000, 0x000000008a300000|  0%| F|  |TAMS 0x000000008a200000, 0x000000008a200000| Untracked 
| 163|0x000000008a300000, 0x000000008a300000, 0x000000008a400000|  0%| F|  |TAMS 0x000000008a300000, 0x000000008a300000| Untracked 
| 164|0x000000008a400000, 0x000000008a400000, 0x000000008a500000|  0%| F|  |TAMS 0x000000008a400000, 0x000000008a400000| Untracked 
| 165|0x000000008a500000, 0x000000008a500000, 0x000000008a600000|  0%| F|  |TAMS 0x000000008a500000, 0x000000008a500000| Untracked 
| 166|0x000000008a600000, 0x000000008a600000, 0x000000008a700000|  0%| F|  |TAMS 0x000000008a600000, 0x000000008a600000| Untracked 
| 167|0x000000008a700000, 0x000000008a700000, 0x000000008a800000|  0%| F|  |TAMS 0x000000008a700000, 0x000000008a700000| Untracked 
| 168|0x000000008a800000, 0x000000008a800000, 0x000000008a900000|  0%| F|  |TAMS 0x000000008a800000, 0x000000008a800000| Untracked 
| 169|0x000000008a900000, 0x000000008a900000, 0x000000008aa00000|  0%| F|  |TAMS 0x000000008a900000, 0x000000008a900000| Untracked 
| 170|0x000000008aa00000, 0x000000008aa00000, 0x000000008ab00000|  0%| F|  |TAMS 0x000000008aa00000, 0x000000008aa00000| Untracked 
| 171|0x000000008ab00000, 0x000000008ab00000, 0x000000008ac00000|  0%| F|  |TAMS 0x000000008ab00000, 0x000000008ab00000| Untracked 
| 172|0x000000008ac00000, 0x000000008ac00000, 0x000000008ad00000|  0%| F|  |TAMS 0x000000008ac00000, 0x000000008ac00000| Untracked 
| 173|0x000000008ad00000, 0x000000008ad00000, 0x000000008ae00000|  0%| F|  |TAMS 0x000000008ad00000, 0x000000008ad00000| Untracked 
| 174|0x000000008ae00000, 0x000000008ae00000, 0x000000008af00000|  0%| F|  |TAMS 0x000000008ae00000, 0x000000008ae00000| Untracked 
| 175|0x000000008af00000, 0x000000008af00000, 0x000000008b000000|  0%| F|  |TAMS 0x000000008af00000, 0x000000008af00000| Untracked 
| 176|0x000000008b000000, 0x000000008b000000, 0x000000008b100000|  0%| F|  |TAMS 0x000000008b000000, 0x000000008b000000| Untracked 
| 177|0x000000008b100000, 0x000000008b100000, 0x000000008b200000|  0%| F|  |TAMS 0x000000008b100000, 0x000000008b100000| Untracked 
| 178|0x000000008b200000, 0x000000008b200000, 0x000000008b300000|  0%| F|  |TAMS 0x000000008b200000, 0x000000008b200000| Untracked 
| 179|0x000000008b300000, 0x000000008b300000, 0x000000008b400000|  0%| F|  |TAMS 0x000000008b300000, 0x000000008b300000| Untracked 
| 180|0x000000008b400000, 0x000000008b400000, 0x000000008b500000|  0%| F|  |TAMS 0x000000008b400000, 0x000000008b400000| Untracked 
| 181|0x000000008b500000, 0x000000008b500000, 0x000000008b600000|  0%| F|  |TAMS 0x000000008b500000, 0x000000008b500000| Untracked 
| 182|0x000000008b600000, 0x000000008b600000, 0x000000008b700000|  0%| F|  |TAMS 0x000000008b600000, 0x000000008b600000| Untracked 
| 183|0x000000008b700000, 0x000000008b700000, 0x000000008b800000|  0%| F|  |TAMS 0x000000008b700000, 0x000000008b700000| Untracked 
| 184|0x000000008b800000, 0x000000008b800000, 0x000000008b900000|  0%| F|  |TAMS 0x000000008b800000, 0x000000008b800000| Untracked 
| 185|0x000000008b900000, 0x000000008b900000, 0x000000008ba00000|  0%| F|  |TAMS 0x000000008b900000, 0x000000008b900000| Untracked 
| 186|0x000000008ba00000, 0x000000008ba00000, 0x000000008bb00000|  0%| F|  |TAMS 0x000000008ba00000, 0x000000008ba00000| Untracked 
| 187|0x000000008bb00000, 0x000000008bb00000, 0x000000008bc00000|  0%| F|  |TAMS 0x000000008bb00000, 0x000000008bb00000| Untracked 
| 188|0x000000008bc00000, 0x000000008bc00000, 0x000000008bd00000|  0%| F|  |TAMS 0x000000008bc00000, 0x000000008bc00000| Untracked 
| 189|0x000000008bd00000, 0x000000008bd00000, 0x000000008be00000|  0%| F|  |TAMS 0x000000008bd00000, 0x000000008bd00000| Untracked 
| 190|0x000000008be00000, 0x000000008be00000, 0x000000008bf00000|  0%| F|  |TAMS 0x000000008be00000, 0x000000008be00000| Untracked 
| 191|0x000000008bf00000, 0x000000008bf00000, 0x000000008c000000|  0%| F|  |TAMS 0x000000008bf00000, 0x000000008bf00000| Untracked 
| 192|0x000000008c000000, 0x000000008c000000, 0x000000008c100000|  0%| F|  |TAMS 0x000000008c000000, 0x000000008c000000| Untracked 
| 193|0x000000008c100000, 0x000000008c100000, 0x000000008c200000|  0%| F|  |TAMS 0x000000008c100000, 0x000000008c100000| Untracked 
| 194|0x000000008c200000, 0x000000008c200000, 0x000000008c300000|  0%| F|  |TAMS 0x000000008c200000, 0x000000008c200000| Untracked 
| 195|0x000000008c300000, 0x000000008c300000, 0x000000008c400000|  0%| F|  |TAMS 0x000000008c300000, 0x000000008c300000| Untracked 
| 196|0x000000008c400000, 0x000000008c400000, 0x000000008c500000|  0%| F|  |TAMS 0x000000008c400000, 0x000000008c400000| Untracked 
| 197|0x000000008c500000, 0x000000008c580800, 0x000000008c600000| 50%| E|  |TAMS 0x000000008c500000, 0x000000008c500000| Complete 
| 198|0x000000008c600000, 0x000000008c700000, 0x000000008c700000|100%| E|CS|TAMS 0x000000008c600000, 0x000000008c600000| Complete 
| 199|0x000000008c700000, 0x000000008c800000, 0x000000008c800000|100%| E|CS|TAMS 0x000000008c700000, 0x000000008c700000| Complete 
| 200|0x000000008c800000, 0x000000008c900000, 0x000000008c900000|100%| E|CS|TAMS 0x000000008c800000, 0x000000008c800000| Complete 
| 201|0x000000008c900000, 0x000000008ca00000, 0x000000008ca00000|100%| E|CS|TAMS 0x000000008c900000, 0x000000008c900000| Complete 
| 202|0x000000008ca00000, 0x000000008cb00000, 0x000000008cb00000|100%| E|CS|TAMS 0x000000008ca00000, 0x000000008ca00000| Complete 
| 203|0x000000008cb00000, 0x000000008cc00000, 0x000000008cc00000|100%| E|CS|TAMS 0x000000008cb00000, 0x000000008cb00000| Complete 
| 204|0x000000008cc00000, 0x000000008cd00000, 0x000000008cd00000|100%| E|CS|TAMS 0x000000008cc00000, 0x000000008cc00000| Complete 
| 205|0x000000008cd00000, 0x000000008ce00000, 0x000000008ce00000|100%| E|CS|TAMS 0x000000008cd00000, 0x000000008cd00000| Complete 
| 206|0x000000008ce00000, 0x000000008cf00000, 0x000000008cf00000|100%| E|CS|TAMS 0x000000008ce00000, 0x000000008ce00000| Complete 
| 207|0x000000008cf00000, 0x000000008d000000, 0x000000008d000000|100%| E|CS|TAMS 0x000000008cf00000, 0x000000008cf00000| Complete 
| 208|0x000000008d000000, 0x000000008d100000, 0x000000008d100000|100%| E|CS|TAMS 0x000000008d000000, 0x000000008d000000| Complete 
| 209|0x000000008d100000, 0x000000008d200000, 0x000000008d200000|100%| E|CS|TAMS 0x000000008d100000, 0x000000008d100000| Complete 
| 210|0x000000008d200000, 0x000000008d300000, 0x000000008d300000|100%| E|CS|TAMS 0x000000008d200000, 0x000000008d200000| Complete 
| 211|0x000000008d300000, 0x000000008d400000, 0x000000008d400000|100%| E|CS|TAMS 0x000000008d300000, 0x000000008d300000| Complete 
| 212|0x000000008d400000, 0x000000008d500000, 0x000000008d500000|100%| E|CS|TAMS 0x000000008d400000, 0x000000008d400000| Complete 
| 213|0x000000008d500000, 0x000000008d600000, 0x000000008d600000|100%| E|CS|TAMS 0x000000008d500000, 0x000000008d500000| Complete 
| 214|0x000000008d600000, 0x000000008d700000, 0x000000008d700000|100%| E|CS|TAMS 0x000000008d600000, 0x000000008d600000| Complete 
| 215|0x000000008d700000, 0x000000008d800000, 0x000000008d800000|100%| E|CS|TAMS 0x000000008d700000, 0x000000008d700000| Complete 
| 216|0x000000008d800000, 0x000000008d900000, 0x000000008d900000|100%| E|CS|TAMS 0x000000008d800000, 0x000000008d800000| Complete 
| 217|0x000000008d900000, 0x000000008da00000, 0x000000008da00000|100%| E|CS|TAMS 0x000000008d900000, 0x000000008d900000| Complete 
| 218|0x000000008da00000, 0x000000008db00000, 0x000000008db00000|100%| E|CS|TAMS 0x000000008da00000, 0x000000008da00000| Complete 
| 219|0x000000008db00000, 0x000000008dc00000, 0x000000008dc00000|100%| E|CS|TAMS 0x000000008db00000, 0x000000008db00000| Complete 
| 220|0x000000008dc00000, 0x000000008dd00000, 0x000000008dd00000|100%| E|CS|TAMS 0x000000008dc00000, 0x000000008dc00000| Complete 
| 221|0x000000008dd00000, 0x000000008dd428e0, 0x000000008de00000| 25%| S|CS|TAMS 0x000000008dd00000, 0x000000008dd00000| Complete 
| 222|0x000000008de00000, 0x000000008df00000, 0x000000008df00000|100%| S|CS|TAMS 0x000000008de00000, 0x000000008de00000| Complete 
| 223|0x000000008df00000, 0x000000008e000000, 0x000000008e000000|100%| E|CS|TAMS 0x000000008df00000, 0x000000008df00000| Complete 
| 224|0x000000008e000000, 0x000000008e100000, 0x000000008e100000|100%| E|CS|TAMS 0x000000008e000000, 0x000000008e000000| Complete 
| 225|0x000000008e100000, 0x000000008e200000, 0x000000008e200000|100%| E|CS|TAMS 0x000000008e100000, 0x000000008e100000| Complete 
| 226|0x000000008e200000, 0x000000008e300000, 0x000000008e300000|100%| E|CS|TAMS 0x000000008e200000, 0x000000008e200000| Complete 
| 227|0x000000008e300000, 0x000000008e400000, 0x000000008e400000|100%| E|CS|TAMS 0x000000008e300000, 0x000000008e300000| Complete 
| 228|0x000000008e400000, 0x000000008e500000, 0x000000008e500000|100%| E|CS|TAMS 0x000000008e400000, 0x000000008e400000| Complete 
| 229|0x000000008e500000, 0x000000008e600000, 0x000000008e600000|100%| E|CS|TAMS 0x000000008e500000, 0x000000008e500000| Complete 
| 230|0x000000008e600000, 0x000000008e700000, 0x000000008e700000|100%| E|CS|TAMS 0x000000008e600000, 0x000000008e600000| Complete 
| 231|0x000000008e700000, 0x000000008e800000, 0x000000008e800000|100%| E|CS|TAMS 0x000000008e700000, 0x000000008e700000| Complete 
| 232|0x000000008e800000, 0x000000008e900000, 0x000000008e900000|100%| E|CS|TAMS 0x000000008e800000, 0x000000008e800000| Complete 
| 233|0x000000008e900000, 0x000000008ea00000, 0x000000008ea00000|100%| E|CS|TAMS 0x000000008e900000, 0x000000008e900000| Complete 
| 234|0x000000008ea00000, 0x000000008eb00000, 0x000000008eb00000|100%| E|CS|TAMS 0x000000008ea00000, 0x000000008ea00000| Complete 
| 235|0x000000008eb00000, 0x000000008ec00000, 0x000000008ec00000|100%| E|CS|TAMS 0x000000008eb00000, 0x000000008eb00000| Complete 
| 236|0x000000008ec00000, 0x000000008ed00000, 0x000000008ed00000|100%| E|CS|TAMS 0x000000008ec00000, 0x000000008ec00000| Complete 
| 237|0x000000008ed00000, 0x000000008ee00000, 0x000000008ee00000|100%| E|CS|TAMS 0x000000008ed00000, 0x000000008ed00000| Complete 
| 238|0x000000008ee00000, 0x000000008ef00000, 0x000000008ef00000|100%| E|CS|TAMS 0x000000008ee00000, 0x000000008ee00000| Complete 
| 239|0x000000008ef00000, 0x000000008f000000, 0x000000008f000000|100%| E|CS|TAMS 0x000000008ef00000, 0x000000008ef00000| Complete 
| 240|0x000000008f000000, 0x000000008f100000, 0x000000008f100000|100%| E|CS|TAMS 0x000000008f000000, 0x000000008f000000| Complete 
| 241|0x000000008f100000, 0x000000008f200000, 0x000000008f200000|100%| E|CS|TAMS 0x000000008f100000, 0x000000008f100000| Complete 
| 242|0x000000008f200000, 0x000000008f300000, 0x000000008f300000|100%| E|CS|TAMS 0x000000008f200000, 0x000000008f200000| Complete 
| 243|0x000000008f300000, 0x000000008f400000, 0x000000008f400000|100%| E|CS|TAMS 0x000000008f300000, 0x000000008f300000| Complete 
| 244|0x000000008f400000, 0x000000008f500000, 0x000000008f500000|100%| E|CS|TAMS 0x000000008f400000, 0x000000008f400000| Complete 
| 245|0x000000008f500000, 0x000000008f600000, 0x000000008f600000|100%| E|CS|TAMS 0x000000008f500000, 0x000000008f500000| Complete 
| 246|0x000000008f600000, 0x000000008f700000, 0x000000008f700000|100%| E|CS|TAMS 0x000000008f600000, 0x000000008f600000| Complete 
| 247|0x000000008f700000, 0x000000008f800000, 0x000000008f800000|100%| E|CS|TAMS 0x000000008f700000, 0x000000008f700000| Complete 

Card table byte_map: [0x0000020efcd30000,0x0000020efd130000] _byte_map_base: 0x0000020efc930000

Marking Bits (Prev, Next): (CMBitMap*) 0x0000020ee9611a20, (CMBitMap*) 0x0000020ee96119e8
 Prev Bits: [0x0000020e80000000, 0x0000020e82000000)
 Next Bits: [0x0000020efd530000, 0x0000020eff530000)

Polling page: 0x0000020ee7560000

Metaspace:

Usage:
  Non-class:     24.06 MB capacity,    23.62 MB ( 98%) used,   391.89 KB (  2%) free+waste,    56.44 KB ( <1%) overhead. 
      Class:      3.84 MB capacity,     3.60 MB ( 94%) used,   217.68 KB (  6%) free+waste,    28.50 KB ( <1%) overhead. 
       Both:     27.90 MB capacity,    27.22 MB ( 98%) used,   609.57 KB (  2%) free+waste,    84.94 KB ( <1%) overhead. 

Virtual space:
  Non-class space:       26.00 MB reserved,      24.25 MB ( 93%) committed 
      Class space:        1.00 GB reserved,       3.88 MB ( <1%) committed 
             Both:        1.03 GB reserved,      28.13 MB (  3%) committed 

Chunk freelists:
   Non-Class:  1.00 KB
       Class:  7.00 KB
        Both:  8.00 KB

MaxMetaspaceSize: 17179869184.00 GB
CompressedClassSpaceSize: 1.00 GB

CodeHeap 'non-profiled nmethods': size=119168Kb used=1223Kb max_used=1223Kb free=117944Kb
 bounds [0x0000020ef4c50000, 0x0000020ef4ec0000, 0x0000020efc0b0000]
CodeHeap 'profiled nmethods': size=119168Kb used=5714Kb max_used=5714Kb free=113453Kb
 bounds [0x0000020eed7f0000, 0x0000020eedd90000, 0x0000020ef4c50000]
CodeHeap 'non-nmethods': size=7424Kb used=2889Kb max_used=2889Kb free=4534Kb
 bounds [0x0000020eed0b0000, 0x0000020eed3a0000, 0x0000020eed7f0000]
 total_blobs=3107 nmethods=2598 adapters=415
 compilation: enabled
              stopped_count=0, restarted_count=0
 full_count=0

Compilation events (20 events):
Event: 3.080 Thread 0x0000020e84f39800 2595       3       sun.reflect.generics.reflectiveObjects.ParameterizedTypeImpl::getActualTypeArguments (11 bytes)
Event: 3.080 Thread 0x0000020e85085800 nmethod 2594 0x0000020eedd7fc90 code [0x0000020eedd7fe40, 0x0000020eedd80058]
Event: 3.081 Thread 0x0000020e85c5e800 nmethod 2593 0x0000020eedd80110 code [0x0000020eedd80320, 0x0000020eedd808f8]
Event: 3.081 Thread 0x0000020e85085800 2596       3       java.lang.Class::annotationData (44 bytes)
Event: 3.081 Thread 0x0000020e84f39800 nmethod 2595 0x0000020eedd80b90 code [0x0000020eedd80d60, 0x0000020eedd81028]
Event: 3.081 Thread 0x0000020e8695c800 2597       3       java.lang.Class::getAnnotation (22 bytes)
Event: 3.082 Thread 0x0000020e8695c800 nmethod 2597 0x0000020eedd81110 code [0x0000020eedd81300, 0x0000020eedd81748]
Event: 3.082 Thread 0x0000020e85085800 nmethod 2596 0x0000020eedd81910 code [0x0000020eedd81ae0, 0x0000020eedd81e48]
Event: 3.082 Thread 0x0000020e85c5e800 2598       3       java.util.TreeMap$PrivateEntryIterator::hasNext (13 bytes)
Event: 3.082 Thread 0x0000020e85c5e800 nmethod 2598 0x0000020eedd81f90 code [0x0000020eedd82140, 0x0000020eedd82298]
Event: 3.083 Thread 0x0000020e84f39800 2599       3       org.gradle.internal.instantiation.generator.AbstractClassGenerator$DslMixInPropertyType::visitInstanceMethod (104 bytes)
Event: 3.084 Thread 0x0000020e85c5e800 2602       3       org.objectweb.asm.Type::getDescriptor (93 bytes)
Event: 3.084 Thread 0x0000020e84f39800 nmethod 2599 0x0000020eedd82310 code [0x0000020eedd82560, 0x0000020eedd82f18]
Event: 3.084 Thread 0x0000020e8695c800 2603       1       com.google.common.collect.LinkedHashMultimap$ValueSet::size (5 bytes)
Event: 3.084 Thread 0x0000020e85085800 2604       1       com.google.common.collect.LinkedHashMultimap$ValueSet::access$100 (5 bytes)
Event: 3.084 Thread 0x0000020e8695c800 nmethod 2603 0x0000020ef4d81390 code [0x0000020ef4d81540, 0x0000020ef4d815f8]
Event: 3.084 Thread 0x0000020e85085800 nmethod 2604 0x0000020ef4d81690 code [0x0000020ef4d81840, 0x0000020ef4d818d8]
Event: 3.084 Thread 0x0000020e85c5e800 nmethod 2602 0x0000020eedd83210 code [0x0000020eedd834a0, 0x0000020eedd83e08]
Event: 3.085 Thread 0x0000020e84f39800 2605       3       jdk.internal.reflect.ConstantPool::getUTF8At (10 bytes)
Event: 3.085 Thread 0x0000020e84f39800 nmethod 2605 0x0000020eedd84190 code [0x0000020eedd84340, 0x0000020eedd84468]

GC Heap History (6 events):
Event: 0.777 GC heap before
{Heap before GC invocations=0 (full 0):
 garbage-first heap   total 253952K, used 29696K [0x0000000080000000, 0x0000000100000000)
  region size 1024K, 24 young (24576K), 0 survivors (0K)
 Metaspace       used 10150K, capacity 10334K, committed 10624K, reserved 1058816K
  class space    used 1048K, capacity 1107K, committed 1152K, reserved 1048576K
}
Event: 0.782 GC heap after
{Heap after GC invocations=1 (full 0):
 garbage-first heap   total 253952K, used 9049K [0x0000000080000000, 0x0000000100000000)
  region size 1024K, 3 young (3072K), 3 survivors (3072K)
 Metaspace       used 10150K, capacity 10334K, committed 10624K, reserved 1058816K
  class space    used 1048K, capacity 1107K, committed 1152K, reserved 1048576K
}
Event: 2.364 GC heap before
{Heap before GC invocations=1 (full 0):
 garbage-first heap   total 253952K, used 109401K [0x0000000080000000, 0x0000000100000000)
  region size 1024K, 102 young (104448K), 3 survivors (3072K)
 Metaspace       used 20620K, capacity 21097K, committed 21248K, reserved 1067008K
  class space    used 2500K, capacity 2689K, committed 2816K, reserved 1048576K
}
Event: 2.372 GC heap after
{Heap after GC invocations=2 (full 0):
 garbage-first heap   total 253952K, used 16183K [0x0000000080000000, 0x0000000100000000)
  region size 1024K, 10 young (10240K), 10 survivors (10240K)
 Metaspace       used 20620K, capacity 21097K, committed 21248K, reserved 1067008K
  class space    used 2500K, capacity 2689K, committed 2816K, reserved 1048576K
}
Event: 2.547 GC heap before
{Heap before GC invocations=3 (full 0):
 garbage-first heap   total 253952K, used 41783K [0x0000000080000000, 0x0000000100000000)
  region size 1024K, 35 young (35840K), 10 survivors (10240K)
 Metaspace       used 22976K, capacity 23498K, committed 23680K, reserved 1069056K
  class space    used 2910K, capacity 3109K, committed 3200K, reserved 1048576K
}
Event: 2.553 GC heap after
{Heap after GC invocations=4 (full 0):
 garbage-first heap   total 253952K, used 17337K [0x0000000080000000, 0x0000000100000000)
  region size 1024K, 2 young (2048K), 2 survivors (2048K)
 Metaspace       used 22976K, capacity 23498K, committed 23680K, reserved 1069056K
  class space    used 2910K, capacity 3109K, committed 3200K, reserved 1048576K
}

Deoptimization events (20 events):
Event: 2.745 Thread 0x0000020e87985800 DEOPT PACKING pc=0x0000020ef4d6b3dc sp=0x00000034c92fbe20
Event: 2.745 Thread 0x0000020e87985800 DEOPT UNPACKING pc=0x0000020eed0d78af sp=0x00000034c92fbdb0 mode 2
Event: 2.782 Thread 0x0000020e87985800 Uncommon trap: trap_request=0xffffffde fr.pc=0x0000020ef4d4c7e0 relative=0x0000000000000320
Event: 2.782 Thread 0x0000020e87985800 Uncommon trap: reason=class_check action=maybe_recompile pc=0x0000020ef4d4c7e0 method=java.util.Collections$SetFromMap.remove(Ljava/lang/Object;)Z @ 5 c2
Event: 2.782 Thread 0x0000020e87985800 DEOPT PACKING pc=0x0000020ef4d4c7e0 sp=0x00000034c92fc7e0
Event: 2.782 Thread 0x0000020e87985800 DEOPT UNPACKING pc=0x0000020eed0d78af sp=0x00000034c92fc7c8 mode 2
Event: 2.782 Thread 0x0000020e87985800 Uncommon trap: trap_request=0xffffffde fr.pc=0x0000020ef4d4c7e0 relative=0x0000000000000320
Event: 2.782 Thread 0x0000020e87985800 Uncommon trap: reason=class_check action=maybe_recompile pc=0x0000020ef4d4c7e0 method=java.util.Collections$SetFromMap.remove(Ljava/lang/Object;)Z @ 5 c2
Event: 2.782 Thread 0x0000020e87985800 DEOPT PACKING pc=0x0000020ef4d4c7e0 sp=0x00000034c92fc760
Event: 2.782 Thread 0x0000020e87985800 DEOPT UNPACKING pc=0x0000020eed0d78af sp=0x00000034c92fc748 mode 2
Event: 2.804 Thread 0x0000020e87985800 Uncommon trap: trap_request=0xffffff4d fr.pc=0x0000020ef4ce2fec relative=0x0000000000000e0c
Event: 2.804 Thread 0x0000020e87985800 Uncommon trap: reason=unstable_if action=reinterpret pc=0x0000020ef4ce2fec method=java.net.URI.quote(Ljava/lang/String;JJ)Ljava/lang/String; @ 58 c2
Event: 2.804 Thread 0x0000020e87985800 DEOPT PACKING pc=0x0000020ef4ce2fec sp=0x00000034c92fb320
Event: 2.804 Thread 0x0000020e87985800 DEOPT UNPACKING pc=0x0000020eed0d78af sp=0x00000034c92fb2f8 mode 2
Event: 2.902 Thread 0x0000020e87985800 DEOPT PACKING pc=0x0000020eedccf776 sp=0x00000034c92f91a0
Event: 2.902 Thread 0x0000020e87985800 DEOPT UNPACKING pc=0x0000020eed0d76ce sp=0x00000034c92f86c0 mode 0
Event: 3.028 Thread 0x0000020e87985800 Uncommon trap: trap_request=0xffffff4d fr.pc=0x0000020ef4d6c9cc relative=0x000000000000020c
Event: 3.028 Thread 0x0000020e87985800 Uncommon trap: reason=unstable_if action=reinterpret pc=0x0000020ef4d6c9cc method=java.util.HashMap.hash(Ljava/lang/Object;)I @ 1 c2
Event: 3.028 Thread 0x0000020e87985800 DEOPT PACKING pc=0x0000020ef4d6c9cc sp=0x00000034c92f9560
Event: 3.028 Thread 0x0000020e87985800 DEOPT UNPACKING pc=0x0000020eed0d78af sp=0x00000034c92f9498 mode 2

Classes redefined (0 events):
No events

Internal exceptions (20 events):
Event: 2.387 Thread 0x0000020e87985800 Exception <a 'java/lang/IncompatibleClassChangeError'{0x000000008f7e7c50}: Found class java.lang.Object, but interface was expected> (0x000000008f7e7c50) thrown at [./src/hotspot/share/interpreter/linkResolver.cpp, line 839]
Event: 2.392 Thread 0x0000020e87985800 Exception <a 'java/lang/NoSuchMethodError'{0x000000008f69e398}: 'void java.lang.invoke.DirectMethodHandle$Holder.invokeStatic(java.lang.Object, java.lang.Object, java.lang.Object, java.lang.Object, java.lang.Object)'> (0x000000008f69e398) thrown at [./src/hotspot/share/interpreter/linkResolver.cpp, line 773]
Event: 2.429 Thread 0x0000020e87985800 Exception <a 'java/lang/NoSuchMethodError'{0x000000008f13a7e0}: 'void java.lang.invoke.DirectMethodHandle$Holder.invokeSpecial(java.lang.Object, java.lang.Object)'> (0x000000008f13a7e0) thrown at [./src/hotspot/share/interpreter/linkResolver.cpp, line 773]
Event: 2.448 Thread 0x0000020e87985800 Exception <a 'java/lang/NoSuchMethodError'{0x000000008eff8db8}: 'java.lang.Object java.lang.invoke.DirectMethodHandle$Holder.invokeSpecial(java.lang.Object, java.lang.Object, java.lang.Object, java.lang.Object, java.lang.Object, java.lang.Object, java.lang.Object, java.lang.Object, java.lang.Object)'> (0x000000008eff8db8) thrown at [./src/hotspot/share/interpreter/linkResolver.cpp, line 773]
Event: 2.490 Thread 0x0000020e87985800 Exception <a 'java/lang/NoSuchMethodError'{0x000000008e5a63a0}: 'java.lang.Object java.lang.invoke.DirectMethodHandle$Holder.invokeVirtual(java.lang.Object, java.lang.Object, java.lang.Object, java.lang.Object)'> (0x000000008e5a63a0) thrown at [./src/hotspot/share/interpreter/linkResolver.cpp, line 773]
Event: 2.503 Thread 0x0000020e87985800 Exception <a 'java/lang/NoSuchMethodError'{0x000000008e2839b0}: 'java.lang.Object java.lang.invoke.Invokers$Holder.invoker(java.lang.Object, java.lang.Object, java.lang.Object, java.lang.Object, java.lang.Object)'> (0x000000008e2839b0) thrown at [./src/hotspot/share/interpreter/linkResolver.cpp, line 773]
Event: 2.568 Thread 0x0000020e87985800 Exception <a 'java/lang/NoSuchMethodError'{0x000000008f7e76e0}: 'void java.lang.invoke.DirectMethodHandle$Holder.invokeSpecial(java.lang.Object, java.lang.Object, java.lang.Object, java.lang.Object, java.lang.Object, java.lang.Object)'> (0x000000008f7e76e0) thrown at [./src/hotspot/share/interpreter/linkResolver.cpp, line 773]
Event: 2.576 Thread 0x0000020e87985800 Exception <a 'java/lang/NoSuchMethodError'{0x000000008f661ed8}: 'void java.lang.invoke.DirectMethodHandle$Holder.invokeSpecial(java.lang.Object, java.lang.Object, java.lang.Object, java.lang.Object, java.lang.Object, java.lang.Object, java.lang.Object)'> (0x000000008f661ed8) thrown at [./src/hotspot/share/interpreter/linkResolver.cpp, line 773]
Event: 2.577 Thread 0x0000020e87985800 Exception <a 'java/lang/NoSuchMethodError'{0x000000008f66a120}: 'java.lang.Object java.lang.invoke.Invokers$Holder.linkToTargetMethod(java.lang.Object, java.lang.Object, java.lang.Object, java.lang.Object, java.lang.Object, java.lang.Object)'> (0x000000008f66a120) thrown at [./src/hotspot/share/interpreter/linkResolver.cpp, line 773]
Event: 2.683 Thread 0x0000020e87985800 Exception <a 'java/lang/NoSuchMethodError'{0x000000008e9ac478}: 'void java.lang.invoke.DirectMethodHandle$Holder.invokeStaticInit(java.lang.Object, java.lang.Object)'> (0x000000008e9ac478) thrown at [./src/hotspot/share/interpreter/linkResolver.cpp, line 773]
Event: 2.773 Thread 0x0000020e87985800 Exception <a 'java/lang/NoSuchMethodError'{0x000000008e22b0e8}: 'void java.lang.invoke.DirectMethodHandle$Holder.invokeStatic(java.lang.Object, java.lang.Object, java.lang.Object, java.lang.Object)'> (0x000000008e22b0e8) thrown at [./src/hotspot/share/interpreter/linkResolver.cpp, line 773]
Event: 2.775 Thread 0x0000020e87985800 Exception <a 'java/lang/NoSuchMethodError'{0x000000008e23ec08}: 'int java.lang.invoke.DirectMethodHandle$Holder.invokeInterface(java.lang.Object, java.lang.Object)'> (0x000000008e23ec08) thrown at [./src/hotspot/share/interpreter/linkResolver.cpp, line 773]
Event: 2.890 Thread 0x0000020e87985800 Exception <a 'java/lang/NoSuchMethodError'{0x000000008d5e49d8}: 'java.lang.Object java.lang.invoke.DirectMethodHandle$Holder.invokeSpecialIFC(java.lang.Object, java.lang.Object, java.lang.Object, java.lang.Object)'> (0x000000008d5e49d8) thrown at [./src/hotspot/share/interpreter/linkResolver.cpp, line 773]
Event: 2.901 Thread 0x0000020e87985800 Exception <a 'java/lang/NoSuchMethodError'{0x000000008d4c6978}: 'java.lang.Object java.lang.invoke.DirectMethodHandle$Holder.invokeSpecial(java.lang.Object, java.lang.Object, java.lang.Object, java.lang.Object, java.lang.Object, java.lang.Object, java.lang.Object, java.lang.Object, java.lang.Object, java.lang.Object, java.lang.Object, java.lang.Object, java.lang.Object)'> (0x000000008d4c6978) thrown at [./src/hotspot/share/interpreter/linkResolver.cpp, line 773]
Event: 2.903 Thread 0x0000020e87985800 Exception <a 'java/lang/NoSuchMethodError'{0x000000008d4dadb0}: 'java.lang.Object java.lang.invoke.DirectMethodHandle$Holder.invokeSpecial(java.lang.Object, java.lang.Object, java.lang.Object, java.lang.Object, java.lang.Object, java.lang.Object, java.lang.Object, java.lang.Object, java.lang.Object, java.lang.Object, java.lang.Object, java.lang.Object)'> (0x000000008d4dadb0) thrown at [./src/hotspot/share/interpreter/linkResolver.cpp, line 773]
Event: 2.903 Thread 0x0000020e87985800 Exception <a 'java/lang/NoSuchMethodError'{0x000000008d4dfed8}: 'java.lang.Object java.lang.invoke.Invokers$Holder.linkToTargetMethod(java.lang.Object, java.lang.Object, java.lang.Object, java.lang.Object, java.lang.Object, java.lang.Object, java.lang.Object, java.lang.Object, java.lang.Object, java.lang.Object, java.lang.Object)'> (0x000000008d4dfed8) thrown at [./src/hotspot/share/interpreter/linkResolver.cpp, line 773]
Event: 2.917 Thread 0x0000020e87985800 Exception <a 'java/lang/NoSuchMethodError'{0x000000008d22b760}: 'java.lang.Object java.lang.invoke.DirectMethodHandle$Holder.invokeSpecial(java.lang.Object, java.lang.Object, java.lang.Object, java.lang.Object, java.lang.Object, java.lang.Object, java.lang.Object, java.lang.Object, java.lang.Object, java.lang.Object, java.lang.Object, java.lang.Object, java.lang.Object, java.lang.Object)'> (0x000000008d22b760) thrown at [./src/hotspot/share/interpreter/linkResolver.cpp, line 773]
Event: 2.918 Thread 0x0000020e87985800 Exception <a 'java/lang/NoSuchMethodError'{0x000000008d23cd58}: 'java.lang.Object java.lang.invoke.Invokers$Holder.linkToTargetMethod(java.lang.Object, java.lang.Object, java.lang.Object, java.lang.Object, java.lang.Object, java.lang.Object, java.lang.Object, java.lang.Object, java.lang.Object, java.lang.Object, java.lang.Object, java.lang.Object)'> (0x000000008d23cd58) thrown at [./src/hotspot/share/interpreter/linkResolver.cpp, line 773]
Event: 2.926 Thread 0x0000020e87985800 Exception <a 'java/lang/NoSuchMethodError'{0x000000008d2d1f68}: 'java.lang.Object java.lang.invoke.DirectMethodHandle$Holder.invokeStaticInit(java.lang.Object, java.lang.Object, java.lang.Object, java.lang.Object)'> (0x000000008d2d1f68) thrown at [./src/hotspot/share/interpreter/linkResolver.cpp, line 773]
Event: 3.028 Thread 0x0000020e87985800 Implicit null exception at 0x0000020ef4d6c7f5 to 0x0000020ef4d6c9bc

Events (20 events):
Event: 3.084 loading class sun/reflect/generics/scope/ConstructorScope
Event: 3.084 loading class sun/reflect/generics/scope/ConstructorScope done
Event: 3.086 loading class org/gradle/internal/instantiation/generator/InjectUtil
Event: 3.086 loading class org/gradle/internal/instantiation/generator/InjectUtil done
Event: 3.087 loading class java/util/regex/Pattern$GroupCurly
Event: 3.088 loading class java/util/regex/Pattern$GroupCurly done
Event: 3.088 loading class org/gradle/api/Named$Namer
Event: 3.088 loading class org/gradle/api/Named$Namer done
Event: 3.088 loading class org/gradle/api/internal/collections/SortedSetElementSource
Event: 3.088 loading class org/gradle/api/internal/collections/SortedSetElementSource done
Event: 3.088 loading class org/gradle/api/Namer$Comparator
Event: 3.088 loading class org/gradle/api/Namer$Comparator done
Event: 3.089 loading class org/gradle/api/internal/collections/DefaultPendingSource
Event: 3.089 loading class org/gradle/api/internal/collections/DefaultPendingSource done
Event: 3.089 loading class java/util/TreeSet
Event: 3.089 loading class java/util/TreeSet done
Event: 3.089 loading class java/util/TreeMap$KeyIterator
Event: 3.089 loading class java/util/TreeMap$KeyIterator done
Event: 3.089 loading class com/google/common/collect/MapMakerInternalMap$StrongKeyDummyValueEntry$Helper
Event: 3.089 loading class com/google/common/collect/MapMakerInternalMap$StrongKeyDummyValueEntry$Helper done


Dynamic libraries:
0x00007ff6cc790000 - 0x00007ff6cc79a000 	C:\Program Files\Android\Android Studio\jre\bin\java.exe
0x00007ffdf5500000 - 0x00007ffdf570f000 	C:\WINDOWS\SYSTEM32\ntdll.dll
0x00007ffdf3370000 - 0x00007ffdf342d000 	C:\WINDOWS\System32\KERNEL32.DLL
0x00007ffdf2ef0000 - 0x00007ffdf327c000 	C:\WINDOWS\System32\KERNELBASE.dll
0x00007ffdf2bc0000 - 0x00007ffdf2cd1000 	C:\WINDOWS\System32\ucrtbase.dll
0x00007ffde5110000 - 0x00007ffde5129000 	C:\Program Files\Android\Android Studio\jre\bin\jli.dll
0x00007ffde50f0000 - 0x00007ffde5107000 	C:\Program Files\Android\Android Studio\jre\bin\VCRUNTIME140.dll
0x00007ffdf4620000 - 0x00007ffdf47c6000 	C:\WINDOWS\System32\USER32.dll
0x00007ffdf2ce0000 - 0x00007ffdf2d06000 	C:\WINDOWS\System32\win32u.dll
0x00007ffde0db0000 - 0x00007ffde1051000 	C:\WINDOWS\WinSxS\amd64_microsoft.windows.common-controls_6595b64144ccf1df_6.0.22494.1000_none_23deebcec6cdf010\COMCTL32.dll
0x00007ffdf5370000 - 0x00007ffdf5399000 	C:\WINDOWS\System32\GDI32.dll
0x00007ffdf40c0000 - 0x00007ffdf4164000 	C:\WINDOWS\System32\msvcrt.dll
0x00007ffdf2d10000 - 0x00007ffdf2e27000 	C:\WINDOWS\System32\gdi32full.dll
0x00007ffdf2b20000 - 0x00007ffdf2bba000 	C:\WINDOWS\System32\msvcp_win.dll
0x00007ffdf45e0000 - 0x00007ffdf4611000 	C:\WINDOWS\System32\IMM32.DLL
0x00007ffdb6160000 - 0x00007ffdb61fd000 	C:\Program Files\Android\Android Studio\jre\bin\msvcp140.dll
0x00007ffda35e0000 - 0x00007ffda40af000 	C:\Program Files\Android\Android Studio\jre\bin\server\jvm.dll
0x00007ffdf3430000 - 0x00007ffdf34de000 	C:\WINDOWS\System32\ADVAPI32.dll
0x00007ffdf34e0000 - 0x00007ffdf3581000 	C:\WINDOWS\System32\sechost.dll
0x00007ffdf53a0000 - 0x00007ffdf54bf000 	C:\WINDOWS\System32\RPCRT4.dll
0x00007ffdf36f0000 - 0x00007ffdf36f8000 	C:\WINDOWS\System32\PSAPI.DLL
0x00007ffdec240000 - 0x00007ffdec274000 	C:\WINDOWS\SYSTEM32\WINMM.dll
0x00007ffdebb80000 - 0x00007ffdebb8a000 	C:\WINDOWS\SYSTEM32\VERSION.dll
0x00007ffddc060000 - 0x00007ffddc069000 	C:\WINDOWS\SYSTEM32\WSOCK32.dll
0x00007ffdf50b0000 - 0x00007ffdf5121000 	C:\WINDOWS\System32\WS2_32.dll
0x00007ffdf1a50000 - 0x00007ffdf1a68000 	C:\WINDOWS\SYSTEM32\kernel.appcore.dll
0x00007ffdda3e0000 - 0x00007ffdda3f1000 	C:\Program Files\Android\Android Studio\jre\bin\verify.dll
0x00007ffdf0510000 - 0x00007ffdf0736000 	C:\WINDOWS\SYSTEM32\DBGHELP.DLL
0x00007ffdf4170000 - 0x00007ffdf44eb000 	C:\WINDOWS\System32\combase.dll
0x00007ffddd580000 - 0x00007ffddd5b1000 	C:\WINDOWS\SYSTEM32\dbgcore.DLL
0x00007ffdf32e0000 - 0x00007ffdf3361000 	C:\WINDOWS\System32\bcryptPrimitives.dll
0x00007ffdc6e70000 - 0x00007ffdc6e99000 	C:\Program Files\Android\Android Studio\jre\bin\java.dll
0x00007ffdef240000 - 0x00007ffdef24b000 	C:\Program Files\Android\Android Studio\jre\bin\jimage.dll
0x00007ffdd9890000 - 0x00007ffdd98a8000 	C:\Program Files\Android\Android Studio\jre\bin\zip.dll
0x00007ffdf48f0000 - 0x00007ffdf50a4000 	C:\WINDOWS\System32\SHELL32.dll
0x00007ffdf0a10000 - 0x00007ffdf126d000 	C:\WINDOWS\SYSTEM32\windows.storage.dll
0x00007ffdf08c0000 - 0x00007ffdf0a09000 	C:\WINDOWS\SYSTEM32\wintypes.dll
0x00007ffdf44f0000 - 0x00007ffdf45e0000 	C:\WINDOWS\System32\SHCORE.dll
0x00007ffdf3700000 - 0x00007ffdf375b000 	C:\WINDOWS\System32\shlwapi.dll
0x00007ffdf28f0000 - 0x00007ffdf2911000 	C:\WINDOWS\SYSTEM32\profapi.dll
0x00007ffdd6e10000 - 0x00007ffdd6e2a000 	C:\Program Files\Android\Android Studio\jre\bin\net.dll
0x00007ffdeba10000 - 0x00007ffdebb22000 	C:\WINDOWS\SYSTEM32\WINHTTP.dll
0x00007ffdf1e90000 - 0x00007ffdf1ef9000 	C:\WINDOWS\system32\mswsock.dll
0x00007ffdd6ce0000 - 0x00007ffdd6cf4000 	C:\Program Files\Android\Android Studio\jre\bin\nio.dll
0x00007ffdbdb00000 - 0x00007ffdbdb27000 	C:\Users\TUF Gaming\.gradle\native\8bec1ad78214c89d9ad589b4d07fe93259594b29d510b10fafb7a158f7737e5d\windows-amd64\native-platform.dll
0x00007ffd5a8c0000 - 0x00007ffd5a9fd000 	C:\Users\TUF Gaming\.gradle\native\53dbd7edfb1c66fb8903c78663c9afc45aea4f116125fa6feffd364cf09443e8\windows-amd64\native-platform-file-events.dll
0x00007ffde8dc0000 - 0x00007ffde8dca000 	C:\Program Files\Android\Android Studio\jre\bin\management.dll
0x00007ffde6a40000 - 0x00007ffde6a4c000 	C:\Program Files\Android\Android Studio\jre\bin\management_ext.dll
0x00007ffdf2130000 - 0x00007ffdf2148000 	C:\WINDOWS\SYSTEM32\CRYPTSP.dll
0x00007ffdf19b0000 - 0x00007ffdf19e5000 	C:\WINDOWS\system32\rsaenh.dll
0x00007ffdf1fb0000 - 0x00007ffdf1fd9000 	C:\WINDOWS\SYSTEM32\USERENV.dll
0x00007ffdf2310000 - 0x00007ffdf2338000 	C:\WINDOWS\SYSTEM32\bcrypt.dll
0x00007ffdf2120000 - 0x00007ffdf212c000 	C:\WINDOWS\SYSTEM32\CRYPTBASE.dll
0x00007ffdf14c0000 - 0x00007ffdf14ed000 	C:\WINDOWS\SYSTEM32\IPHLPAPI.DLL
0x00007ffdf3f80000 - 0x00007ffdf3f89000 	C:\WINDOWS\System32\NSI.dll
0x00007ffdeb980000 - 0x00007ffdeb999000 	C:\WINDOWS\SYSTEM32\dhcpcsvc6.DLL
0x00007ffdeb760000 - 0x00007ffdeb77e000 	C:\WINDOWS\SYSTEM32\dhcpcsvc.DLL
0x00007ffdf14f0000 - 0x00007ffdf15e7000 	C:\WINDOWS\SYSTEM32\DNSAPI.dll

dbghelp: loaded successfully - version: 4.0.5 - missing functions: none
symbol engine: initialized successfully - sym options: 0x614 - pdb path: .;C:\Program Files\Android\Android Studio\jre\bin;C:\WINDOWS\SYSTEM32;C:\WINDOWS\WinSxS\amd64_microsoft.windows.common-controls_6595b64144ccf1df_6.0.22494.1000_none_23deebcec6cdf010;C:\Program Files\Android\Android Studio\jre\bin\server;C:\Users\TUF Gaming\.gradle\native\8bec1ad78214c89d9ad589b4d07fe93259594b29d510b10fafb7a158f7737e5d\windows-amd64;C:\Users\TUF Gaming\.gradle\native\53dbd7edfb1c66fb8903c78663c9afc45aea4f116125fa6feffd364cf09443e8\windows-amd64

VM Arguments:
jvm_args: --add-opens=java.base/java.util=ALL-UNNAMED --add-opens=java.base/java.lang=ALL-UNNAMED --add-opens=java.base/java.lang.invoke=ALL-UNNAMED --add-opens=java.base/java.util=ALL-UNNAMED --add-opens=java.prefs/java.util.prefs=ALL-UNNAMED --add-opens=java.prefs/java.util.prefs=ALL-UNNAMED --add-opens=java.base/java.nio.charset=ALL-UNNAMED --add-opens=java.base/java.net=ALL-UNNAMED --add-opens=java.base/java.util.concurrent.atomic=ALL-UNNAMED -Xmx2048m -Dfile.encoding=UTF-8 -Duser.country=ID -Duser.language=en -Duser.variant 
java_command: org.gradle.launcher.daemon.bootstrap.GradleDaemon 7.0.2
java_class_path (initial): C:\Users\TUF Gaming\.gradle\wrapper\dists\gradle-7.0.2-bin\857tjihv64xamwrf0h14cai3r\gradle-7.0.2\lib\gradle-launcher-7.0.2.jar
Launcher Type: SUN_STANDARD

[Global flags]
     intx CICompilerCount                          = 12                                        {product} {ergonomic}
     uint ConcGCThreads                            = 3                                         {product} {ergonomic}
     uint G1ConcRefinementThreads                  = 13                                        {product} {ergonomic}
   size_t G1HeapRegionSize                         = 1048576                                   {product} {ergonomic}
    uintx GCDrainStackTargetSize                   = 64                                        {product} {ergonomic}
   size_t InitialHeapSize                          = 260046848                                 {product} {ergonomic}
   size_t MarkStackSize                            = 4194304                                   {product} {ergonomic}
   size_t MaxHeapSize                              = 2147483648                                {product} {command line}
   size_t MaxNewSize                               = 1287651328                                {product} {ergonomic}
   size_t MinHeapDeltaBytes                        = 1048576                                   {product} {ergonomic}
    uintx NonNMethodCodeHeapSize                   = 7594288                                {pd product} {ergonomic}
    uintx NonProfiledCodeHeapSize                  = 122031976                              {pd product} {ergonomic}
    uintx ProfiledCodeHeapSize                     = 122031976                              {pd product} {ergonomic}
    uintx ReservedCodeCacheSize                    = 251658240                              {pd product} {ergonomic}
     bool SegmentedCodeCache                       = true                                      {product} {ergonomic}
     bool UseCompressedClassPointers               = true                                 {lp64_product} {ergonomic}
     bool UseCompressedOops                        = true                                 {lp64_product} {ergonomic}
     bool UseG1GC                                  = true                                      {product} {ergonomic}
     bool UseLargePagesIndividualAllocation        = false                                  {pd product} {ergonomic}

Logging:
Log output configuration:
 #0: stdout all=warning uptime,level,tags
 #1: stderr all=off uptime,level,tags

Environment Variables:
JAVA_HOME=C:\Program Files\Java\jdk-17.0.1\bin
PATH=C:\ProgramData\Oracle\Java\javapath;C:\Python39\Scripts\;C:\Python39\;C:\Program Files\Common Files\Oracle\Java\javapath;C:\Program Files (x86)\Common Files\Oracle\Java\javapath;C:\Program Files (x86)\Common Files\Intel\Shared Libraries\redist\intel64_win\compiler;C:\Program Files (x86)\Common Files\Intel\Shared Libraries\redist\intel64\compiler;C:\Windows\system32;C:\Windows;C:\Windows\System32\Wbem;C:\Windows\System32\WindowsPowerShell\v1.0\;C:\Windows\System32\OpenSSH\;C:\Program Files (x86)\NVIDIA Corporation\PhysX\Common;C:\Program Files\NVIDIA Corporation\NVIDIA NvDLISR;C:\WINDOWS\system32;C:\WINDOWS;C:\WINDOWS\System32\Wbem;C:\WINDOWS\System32\WindowsPowerShell\v1.0\;C:\WINDOWS\System32\OpenSSH\;C:\xampp\php;C:\ProgramData\ComposerSetup\bin;C:\Program Files\nodejs\;C:\ProgramData\chocolatey\bin;C:\Program Files\Git\cmd;C:\Program Files (x86)\dotnet\;C:\Program Files\PowerShell\7\;C:\Program Files\Java\jdk-17.0.1\bin;C:\Users\TUF Gaming\AppData\Local\Microsoft\WindowsApps;C:\Users\TUF Gaming\AppData\Local\Programs\Microsoft VS Code\bin;C:\Users\TUF Gaming\AppData\Roaming\Composer\vendor\bin;C:\Users\TUF Gaming\AppData\Roaming\npm;C:\Users\TUF Gaming\AppData\Local\GitHubDesktop\bin;
USERNAME=TUF Gaming
OS=Windows_NT
PROCESSOR_IDENTIFIER=AMD64 Family 23 Model 96 Stepping 1, AuthenticAMD



---------------  S Y S T E M  ---------------

OS: Windows 10 , 64 bit Build 22494 (10.0.22494.1000)
OS uptime: 3 days 7:45 hours
Hyper-V role detected

CPU:total 16 (initial active 16) (16 cores per cpu, 2 threads per core) family 23 model 96 stepping 1 microcode 0x0, cmov, cx8, fxsr, mmx, sse, sse2, sse3, ssse3, sse4.1, sse4.2, popcnt, avx, avx2, aes, clmul, mmxext, 3dnowpref, lzcnt, sse4a, ht, tsc, tscinvbit, tscinv, bmi1, bmi2, adx, 

Memory: 4k page, system-wide physical 15789M (2929M free)
TotalPageFile size 23789M (AvailPageFile size 5M)
current process WorkingSet (physical memory assigned to process): 281M, peak: 283M
current process commit charge ("private bytes"): 455M, peak: 457M

vm_info: OpenJDK 64-Bit Server VM (11.0.10+0-b96-7249189) for windows-amd64 JRE (11.0.10+0-b96-7249189), built on Mar 31 2021 21:44:00 by "builder" with MS VC++ 14.0 (VS2015)

END.
