#
# There is insufficient memory for the Java Runtime Environment to continue.
# Native memory allocation (malloc) failed to allocate 1992336 bytes for Chunk::new
# Possible reasons:
#   The system is out of physical RAM or swap space
#   The process is running with CompressedOops enabled, and the Java Heap may be blocking the growth of the native heap
# Possible solutions:
#   Reduce memory load on the system
#   Increase physical memory or swap space
#   Check if swap backing store is full
#   Decrease Java heap size (-Xmx/-Xms)
#   Decrease number of Java threads
#   Decrease Java thread stack sizes (-Xss)
#   Set larger code cache with -XX:ReservedCodeCacheSize=
#   JVM is running with Unscaled Compressed Oops mode in which the Java heap is
#     placed in the first 4GB address space. The Java Heap base address is the
#     maximum limit for the native heap growth. Please use -XX:HeapBaseMinAddress
#     to set the Java Heap base and to place the Java Heap above 4GB virtual address.
# This output file may be truncated or incomplete.
#
#  Out of Memory Error (./src/hotspot/share/memory/arena.cpp:197), pid=33348, tid=6416
#
# JRE version: OpenJDK Runtime Environment (11.0.10) (build 11.0.10+0-b96-7249189)
# Java VM: OpenJDK 64-Bit Server VM (11.0.10+0-b96-7249189, mixed mode, tiered, compressed oops, g1 gc, windows-amd64)
# No core dump will be written. Minidumps are not enabled by default on client versions of Windows
#

---------------  S U M M A R Y ------------

Command Line: --add-opens=java.base/java.util=ALL-UNNAMED --add-opens=java.base/java.lang=ALL-UNNAMED --add-opens=java.base/java.lang.invoke=ALL-UNNAMED --add-opens=java.base/java.util=ALL-UNNAMED --add-opens=java.prefs/java.util.prefs=ALL-UNNAMED --add-opens=java.prefs/java.util.prefs=ALL-UNNAMED --add-opens=java.base/java.nio.charset=ALL-UNNAMED --add-opens=java.base/java.net=ALL-UNNAMED --add-opens=java.base/java.util.concurrent.atomic=ALL-UNNAMED -Xmx2048m -Dfile.encoding=UTF-8 -Duser.country=ID -Duser.language=en -Duser.variant org.gradle.launcher.daemon.bootstrap.GradleDaemon 7.0.2

Host: AMD Ryzen 9 4900H with Radeon Graphics         , 16 cores, 15G,  Windows 10 , 64 bit Build 22494 (10.0.22494.1000)
Time: Mon Nov 29 23:36:15 2021 SE Asia Standard Time elapsed time: 3.301303 seconds (0d 0h 0m 3s)

---------------  T H R E A D  ---------------

Current thread (0x000001f8048c0000):  JavaThread "C2 CompilerThread2" daemon [_thread_in_native, id=6416, stack(0x0000009fa0900000,0x0000009fa0a00000)]


Current CompileTask:
C2:   3301 2954       4       jdk.internal.loader.URLClassPath::getResource (74 bytes)

Stack: [0x0000009fa0900000,0x0000009fa0a00000]
Native frames: (J=compiled Java code, j=interpreted, Vv=VM code, C=native code)
V  [jvm.dll+0x5ecfaa]
V  [jvm.dll+0x722bd5]
V  [jvm.dll+0x72412d]
V  [jvm.dll+0x7247e3]
V  [jvm.dll+0x242928]
V  [jvm.dll+0xbc4fc]
V  [jvm.dll+0xbca0c]
V  [jvm.dll+0x352d7d]
V  [jvm.dll+0x320ad3]
V  [jvm.dll+0x31ffca]
V  [jvm.dll+0x1fb602]
V  [jvm.dll+0x1fa7f4]
V  [jvm.dll+0x18354c]
V  [jvm.dll+0x208ee7]
V  [jvm.dll+0x207731]
V  [jvm.dll+0x6eb1cf]
V  [jvm.dll+0x6e3d45]
V  [jvm.dll+0x5ebe96]
C  [ucrtbase.dll+0x293cc]
C  [KERNEL32.DLL+0x16ab0]
C  [ntdll.dll+0x51edb]


---------------  P R O C E S S  ---------------

Threads class SMR info:
_java_thread_list=0x000001f8071f4ef0, length=35, elements={
0x000001f866498800, 0x000001f87fc30000, 0x000001f87fc37800, 0x000001f87fc90800,
0x000001f87fc91800, 0x000001f87fc94000, 0x000001f87fc95000, 0x000001f87fc96000,
0x000001f87fc9a800, 0x000001f87f3ce000, 0x000001f87fe2c000, 0x000001f802824000,
0x000001f804886800, 0x000001f804334000, 0x000001f8042dc800, 0x000001f803231000,
0x000001f8034a2800, 0x000001f8034a3800, 0x000001f804744800, 0x000001f803123000,
0x000001f803f92000, 0x000001f80440f800, 0x000001f803e53800, 0x000001f803e52800,
0x000001f803e51000, 0x000001f803e52000, 0x000001f804806800, 0x000001f8048c0000,
0x000001f804807800, 0x000001f804801800, 0x000001f804802800, 0x000001f804805800,
0x000001f804804000, 0x000001f804808000, 0x000001f804809000
}

Java Threads: ( => current thread )
  0x000001f866498800 JavaThread "main" [_thread_blocked, id=17620, stack(0x0000009f9d900000,0x0000009f9da00000)]
  0x000001f87fc30000 JavaThread "Reference Handler" daemon [_thread_blocked, id=30028, stack(0x0000009f9e000000,0x0000009f9e100000)]
  0x000001f87fc37800 JavaThread "Finalizer" daemon [_thread_blocked, id=32412, stack(0x0000009f9e100000,0x0000009f9e200000)]
  0x000001f87fc90800 JavaThread "Signal Dispatcher" daemon [_thread_blocked, id=33152, stack(0x0000009f9e200000,0x0000009f9e300000)]
  0x000001f87fc91800 JavaThread "Attach Listener" daemon [_thread_blocked, id=33584, stack(0x0000009f9e300000,0x0000009f9e400000)]
  0x000001f87fc94000 JavaThread "Service Thread" daemon [_thread_blocked, id=33808, stack(0x0000009f9e400000,0x0000009f9e500000)]
  0x000001f87fc95000 JavaThread "C2 CompilerThread0" daemon [_thread_blocked, id=33176, stack(0x0000009f9e500000,0x0000009f9e600000)]
  0x000001f87fc96000 JavaThread "C1 CompilerThread0" daemon [_thread_blocked, id=4196, stack(0x0000009f9e600000,0x0000009f9e700000)]
  0x000001f87fc9a800 JavaThread "Sweeper thread" daemon [_thread_blocked, id=27312, stack(0x0000009f9e700000,0x0000009f9e800000)]
  0x000001f87f3ce000 JavaThread "C1 CompilerThread1" daemon [_thread_blocked, id=30584, stack(0x0000009f9e800000,0x0000009f9e900000)]
  0x000001f87fe2c000 JavaThread "Common-Cleaner" daemon [_thread_blocked, id=29736, stack(0x0000009f9e900000,0x0000009f9ea00000)]
  0x000001f802824000 JavaThread "C1 CompilerThread2" daemon [_thread_blocked, id=22320, stack(0x0000009f9ed00000,0x0000009f9ee00000)]
  0x000001f804886800 JavaThread "C1 CompilerThread3" daemon [_thread_blocked, id=24148, stack(0x0000009f9f200000,0x0000009f9f300000)]
  0x000001f804334000 JavaThread "Daemon health stats" [_thread_blocked, id=3008, stack(0x0000009f9f300000,0x0000009f9f400000)]
  0x000001f8042dc800 JavaThread "Incoming local TCP Connector on port 63939" [_thread_in_native, id=27524, stack(0x0000009f9eb00000,0x0000009f9ec00000)]
  0x000001f803231000 JavaThread "Daemon periodic checks" [_thread_blocked, id=35888, stack(0x0000009f9ec00000,0x0000009f9ed00000)]
  0x000001f8034a2800 JavaThread "Daemon" [_thread_blocked, id=20584, stack(0x0000009f9f400000,0x0000009f9f500000)]
  0x000001f8034a3800 JavaThread "Handler for socket connection from /127.0.0.1:63939 to /127.0.0.1:63940" [_thread_in_native, id=30360, stack(0x0000009f9f500000,0x0000009f9f600000)]
  0x000001f804744800 JavaThread "Cancel handler" [_thread_blocked, id=7876, stack(0x0000009f9f600000,0x0000009f9f700000)]
  0x000001f803123000 JavaThread "Daemon worker" [_thread_in_vm, id=26836, stack(0x0000009f9f700000,0x0000009f9f800000)]
  0x000001f803f92000 JavaThread "C2 CompilerThread1" daemon [_thread_blocked, id=29128, stack(0x0000009f9f800000,0x0000009f9f900000)]
  0x000001f80440f800 JavaThread "Asynchronous log dispatcher for DefaultDaemonConnection: socket connection from /127.0.0.1:63939 to /127.0.0.1:63940" [_thread_blocked, id=17432, stack(0x0000009f9f900000,0x0000009f9fa00000)]
  0x000001f803e53800 JavaThread "Stdin handler" [_thread_blocked, id=31756, stack(0x0000009f9fa00000,0x0000009f9fb00000)]
  0x000001f803e52800 JavaThread "Daemon client event forwarder" [_thread_blocked, id=13004, stack(0x0000009f9fb00000,0x0000009f9fc00000)]
  0x000001f803e51000 JavaThread "Cache worker for file hash cache (C:\Users\TUF Gaming\.gradle\caches\7.0.2\fileHashes)" [_thread_blocked, id=18800, stack(0x0000009f9fc00000,0x0000009f9fd00000)]
  0x000001f803e52000 JavaThread "File lock request listener" [_thread_in_native, id=22184, stack(0x0000009f9fd00000,0x0000009f9fe00000)]
  0x000001f804806800 JavaThread "Cache worker for journal cache (C:\Users\TUF Gaming\.gradle\caches\journal-1)" [_thread_blocked, id=18384, stack(0x0000009fa0800000,0x0000009fa0900000)]
=>0x000001f8048c0000 JavaThread "C2 CompilerThread2" daemon [_thread_in_native, id=6416, stack(0x0000009fa0900000,0x0000009fa0a00000)]
  0x000001f804807800 JavaThread "Cache worker for file hash cache (D:\KULIAH\Semester 5\Rekayasa Perangkat Lunak\ParkTikomAdmin\.gradle\7.0.2\fileHashes)" [_thread_blocked, id=17100, stack(0x0000009fa0a00000,0x0000009fa0b00000)]
  0x000001f804801800 JavaThread "File watcher server" daemon [_thread_in_native, id=5696, stack(0x0000009fa0b00000,0x0000009fa0c00000)]
  0x000001f804802800 JavaThread "File watcher consumer" daemon [_thread_blocked, id=37472, stack(0x0000009fa0c00000,0x0000009fa0d00000)]
  0x000001f804805800 JavaThread "Cache worker for checksums cache (D:\KULIAH\Semester 5\Rekayasa Perangkat Lunak\ParkTikomAdmin\.gradle\checksums)" [_thread_blocked, id=25624, stack(0x0000009fa0d00000,0x0000009fa0e00000)]
  0x000001f804804000 JavaThread "Cache worker for cache directory md-supplier (C:\Users\TUF Gaming\.gradle\caches\7.0.2\md-supplier)" [_thread_blocked, id=6460, stack(0x0000009fa0e00000,0x0000009fa0f00000)]
  0x000001f804808000 JavaThread "Cache worker for cache directory md-rule (C:\Users\TUF Gaming\.gradle\caches\7.0.2\md-rule)" [_thread_blocked, id=27532, stack(0x0000009fa0f00000,0x0000009fa1000000)]
  0x000001f804809000 JavaThread "Cache worker for execution history cache (C:\Users\TUF Gaming\.gradle\caches\7.0.2\executionHistory)" [_thread_blocked, id=27708, stack(0x0000009fa1000000,0x0000009fa1100000)]

Other Threads:
  0x000001f87fc2e000 VMThread "VM Thread" [stack: 0x0000009f9df00000,0x0000009f9e000000] [id=12020]
  0x000001f87ff00800 WatcherThread [stack: 0x0000009f9ea00000,0x0000009f9eb00000] [id=33608]
  0x000001f8664b2000 GCTaskThread "GC Thread#0" [stack: 0x0000009f9da00000,0x0000009f9db00000] [id=20512]
  0x000001f802a86000 GCTaskThread "GC Thread#1" [stack: 0x0000009f9ee00000,0x0000009f9ef00000] [id=36324]
  0x000001f802a25000 GCTaskThread "GC Thread#2" [stack: 0x0000009f9ef00000,0x0000009f9f000000] [id=28068]
  0x000001f80274a800 GCTaskThread "GC Thread#3" [stack: 0x0000009f9f000000,0x0000009f9f100000] [id=37424]
  0x000001f8029cf000 GCTaskThread "GC Thread#4" [stack: 0x0000009f9f100000,0x0000009f9f200000] [id=32420]
  0x000001f8042af800 GCTaskThread "GC Thread#5" [stack: 0x0000009f9fe00000,0x0000009f9ff00000] [id=21820]
  0x000001f8043ac800 GCTaskThread "GC Thread#6" [stack: 0x0000009f9ff00000,0x0000009fa0000000] [id=31168]
  0x000001f8043ad800 GCTaskThread "GC Thread#7" [stack: 0x0000009fa0000000,0x0000009fa0100000] [id=1412]
  0x000001f803481800 GCTaskThread "GC Thread#8" [stack: 0x0000009fa0100000,0x0000009fa0200000] [id=20704]
  0x000001f803482800 GCTaskThread "GC Thread#9" [stack: 0x0000009fa0200000,0x0000009fa0300000] [id=16324]
  0x000001f804506000 GCTaskThread "GC Thread#10" [stack: 0x0000009fa0300000,0x0000009fa0400000] [id=20980]
  0x000001f804506800 GCTaskThread "GC Thread#11" [stack: 0x0000009fa0400000,0x0000009fa0500000] [id=31356]
  0x000001f80432e000 GCTaskThread "GC Thread#12" [stack: 0x0000009fa0500000,0x0000009fa0600000] [id=11136]
  0x000001f8664e6000 ConcurrentGCThread "G1 Main Marker" [stack: 0x0000009f9db00000,0x0000009f9dc00000] [id=31376]
  0x000001f8664e7000 ConcurrentGCThread "G1 Conc#0" [stack: 0x0000009f9dc00000,0x0000009f9dd00000] [id=32004]
  0x000001f8029c8000 ConcurrentGCThread "G1 Conc#1" [stack: 0x0000009fa0600000,0x0000009fa0700000] [id=4728]
  0x000001f8029c9000 ConcurrentGCThread "G1 Conc#2" [stack: 0x0000009fa0700000,0x0000009fa0800000] [id=34168]
  0x000001f87f27d800 ConcurrentGCThread "G1 Refine#0" [stack: 0x0000009f9dd00000,0x0000009f9de00000] [id=35240]
  0x000001f87f27e800 ConcurrentGCThread "G1 Young RemSet Sampling" [stack: 0x0000009f9de00000,0x0000009f9df00000] [id=33324]

Threads with active compile tasks:
C2 CompilerThread2   3310 2954       4       jdk.internal.loader.URLClassPath::getResource (74 bytes)

VM state:not at safepoint (normal execution)

VM Mutex/Monitor currently owned by a thread: None

Heap address: 0x0000000080000000, size: 2048 MB, Compressed Oops mode: 32-bit
Narrow klass base: 0x0000000000000000, Narrow klass shift: 3
Compressed class space size: 1073741824 Address: 0x0000000100000000

Heap:
 garbage-first heap   total 253952K, used 22070K [0x0000000080000000, 0x0000000100000000)
  region size 1024K, 8 young (8192K), 6 survivors (6144K)
 Metaspace       used 35118K, capacity 35937K, committed 36220K, reserved 1081344K
  class space    used 4542K, capacity 4833K, committed 4864K, reserved 1048576K
Heap Regions: E=young(eden), S=young(survivor), O=old, HS=humongous(starts), HC=humongous(continues), CS=collection set, F=free, A=archive, TAMS=top-at-mark-start (previous, next)
|   0|0x0000000080000000, 0x0000000080100000, 0x0000000080100000|100%| O|  |TAMS 0x0000000080100000, 0x0000000080000000| Untracked 
|   1|0x0000000080100000, 0x0000000080200000, 0x0000000080200000|100%| O|  |TAMS 0x0000000080200000, 0x0000000080100000| Untracked 
|   2|0x0000000080200000, 0x0000000080300000, 0x0000000080300000|100%| O|  |TAMS 0x0000000080300000, 0x0000000080200000| Untracked 
|   3|0x0000000080300000, 0x0000000080400000, 0x0000000080400000|100%|HS|  |TAMS 0x0000000080400000, 0x0000000080300000| Complete 
|   4|0x0000000080400000, 0x0000000080500000, 0x0000000080500000|100%|HC|  |TAMS 0x0000000080500000, 0x0000000080400000| Complete 
|   5|0x0000000080500000, 0x0000000080600000, 0x0000000080600000|100%|HC|  |TAMS 0x0000000080600000, 0x0000000080500000| Complete 
|   6|0x0000000080600000, 0x0000000080700000, 0x0000000080700000|100%| O|  |TAMS 0x0000000080700000, 0x0000000080600000| Untracked 
|   7|0x0000000080700000, 0x0000000080800000, 0x0000000080800000|100%| O|  |TAMS 0x0000000080800000, 0x0000000080700000| Untracked 
|   8|0x0000000080800000, 0x0000000080900000, 0x0000000080900000|100%| O|  |TAMS 0x0000000080900000, 0x0000000080800000| Untracked 
|   9|0x0000000080900000, 0x0000000080a00000, 0x0000000080a00000|100%| O|  |TAMS 0x0000000080a00000, 0x0000000080900000| Untracked 
|  10|0x0000000080a00000, 0x0000000080b00000, 0x0000000080b00000|100%| O|  |TAMS 0x0000000080b00000, 0x0000000080a00000| Untracked 
|  11|0x0000000080b00000, 0x0000000080c00000, 0x0000000080c00000|100%| O|  |TAMS 0x0000000080c00000, 0x0000000080b00000| Untracked 
|  12|0x0000000080c00000, 0x0000000080d00000, 0x0000000080d00000|100%| O|  |TAMS 0x0000000080d00000, 0x0000000080c00000| Untracked 
|  13|0x0000000080d00000, 0x0000000080e00000, 0x0000000080e00000|100%| O|  |TAMS 0x0000000080e00000, 0x0000000080d00000| Untracked 
|  14|0x0000000080e00000, 0x0000000080f00000, 0x0000000080f00000|100%| O|  |TAMS 0x0000000080f00000, 0x0000000080e00000| Untracked 
|  15|0x0000000080f00000, 0x0000000081000000, 0x0000000081000000|100%| O|  |TAMS 0x0000000081000000, 0x0000000080f00000| Untracked 
|  16|0x0000000081000000, 0x000000008101fa00, 0x0000000081100000| 12%| O|  |TAMS 0x000000008101fa00, 0x0000000081000000| Untracked 
|  17|0x0000000081100000, 0x0000000081100000, 0x0000000081200000|  0%| F|  |TAMS 0x0000000081100000, 0x0000000081100000| Untracked 
|  18|0x0000000081200000, 0x0000000081200000, 0x0000000081300000|  0%| F|  |TAMS 0x0000000081200000, 0x0000000081200000| Untracked 
|  19|0x0000000081300000, 0x0000000081300000, 0x0000000081400000|  0%| F|  |TAMS 0x0000000081300000, 0x0000000081300000| Untracked 
|  20|0x0000000081400000, 0x0000000081400000, 0x0000000081500000|  0%| F|  |TAMS 0x0000000081400000, 0x0000000081400000| Untracked 
|  21|0x0000000081500000, 0x0000000081500000, 0x0000000081600000|  0%| F|  |TAMS 0x0000000081500000, 0x0000000081500000| Untracked 
|  22|0x0000000081600000, 0x0000000081600000, 0x0000000081700000|  0%| F|  |TAMS 0x0000000081600000, 0x0000000081600000| Untracked 
|  23|0x0000000081700000, 0x0000000081700000, 0x0000000081800000|  0%| F|  |TAMS 0x0000000081700000, 0x0000000081700000| Untracked 
|  24|0x0000000081800000, 0x0000000081800000, 0x0000000081900000|  0%| F|  |TAMS 0x0000000081800000, 0x0000000081800000| Untracked 
|  25|0x0000000081900000, 0x0000000081900000, 0x0000000081a00000|  0%| F|  |TAMS 0x0000000081900000, 0x0000000081900000| Untracked 
|  26|0x0000000081a00000, 0x0000000081a00000, 0x0000000081b00000|  0%| F|  |TAMS 0x0000000081a00000, 0x0000000081a00000| Untracked 
|  27|0x0000000081b00000, 0x0000000081b00000, 0x0000000081c00000|  0%| F|  |TAMS 0x0000000081b00000, 0x0000000081b00000| Untracked 
|  28|0x0000000081c00000, 0x0000000081c00000, 0x0000000081d00000|  0%| F|  |TAMS 0x0000000081c00000, 0x0000000081c00000| Untracked 
|  29|0x0000000081d00000, 0x0000000081d00000, 0x0000000081e00000|  0%| F|  |TAMS 0x0000000081d00000, 0x0000000081d00000| Untracked 
|  30|0x0000000081e00000, 0x0000000081e00000, 0x0000000081f00000|  0%| F|  |TAMS 0x0000000081e00000, 0x0000000081e00000| Untracked 
|  31|0x0000000081f00000, 0x0000000081f00000, 0x0000000082000000|  0%| F|  |TAMS 0x0000000081f00000, 0x0000000081f00000| Untracked 
|  32|0x0000000082000000, 0x0000000082000000, 0x0000000082100000|  0%| F|  |TAMS 0x0000000082000000, 0x0000000082000000| Untracked 
|  33|0x0000000082100000, 0x0000000082100000, 0x0000000082200000|  0%| F|  |TAMS 0x0000000082100000, 0x0000000082100000| Untracked 
|  34|0x0000000082200000, 0x0000000082200000, 0x0000000082300000|  0%| F|  |TAMS 0x0000000082200000, 0x0000000082200000| Untracked 
|  35|0x0000000082300000, 0x0000000082300000, 0x0000000082400000|  0%| F|  |TAMS 0x0000000082300000, 0x0000000082300000| Untracked 
|  36|0x0000000082400000, 0x0000000082400000, 0x0000000082500000|  0%| F|  |TAMS 0x0000000082400000, 0x0000000082400000| Untracked 
|  37|0x0000000082500000, 0x0000000082500000, 0x0000000082600000|  0%| F|  |TAMS 0x0000000082500000, 0x0000000082500000| Untracked 
|  38|0x0000000082600000, 0x0000000082600000, 0x0000000082700000|  0%| F|  |TAMS 0x0000000082600000, 0x0000000082600000| Untracked 
|  39|0x0000000082700000, 0x0000000082700000, 0x0000000082800000|  0%| F|  |TAMS 0x0000000082700000, 0x0000000082700000| Untracked 
|  40|0x0000000082800000, 0x0000000082800000, 0x0000000082900000|  0%| F|  |TAMS 0x0000000082800000, 0x0000000082800000| Untracked 
|  41|0x0000000082900000, 0x0000000082900000, 0x0000000082a00000|  0%| F|  |TAMS 0x0000000082900000, 0x0000000082900000| Untracked 
|  42|0x0000000082a00000, 0x0000000082a00000, 0x0000000082b00000|  0%| F|  |TAMS 0x0000000082a00000, 0x0000000082a00000| Untracked 
|  43|0x0000000082b00000, 0x0000000082b00000, 0x0000000082c00000|  0%| F|  |TAMS 0x0000000082b00000, 0x0000000082b00000| Untracked 
|  44|0x0000000082c00000, 0x0000000082c00000, 0x0000000082d00000|  0%| F|  |TAMS 0x0000000082c00000, 0x0000000082c00000| Untracked 
|  45|0x0000000082d00000, 0x0000000082d00000, 0x0000000082e00000|  0%| F|  |TAMS 0x0000000082d00000, 0x0000000082d00000| Untracked 
|  46|0x0000000082e00000, 0x0000000082e00000, 0x0000000082f00000|  0%| F|  |TAMS 0x0000000082e00000, 0x0000000082e00000| Untracked 
|  47|0x0000000082f00000, 0x0000000082f00000, 0x0000000083000000|  0%| F|  |TAMS 0x0000000082f00000, 0x0000000082f00000| Untracked 
|  48|0x0000000083000000, 0x0000000083000000, 0x0000000083100000|  0%| F|  |TAMS 0x0000000083000000, 0x0000000083000000| Untracked 
|  49|0x0000000083100000, 0x0000000083100000, 0x0000000083200000|  0%| F|  |TAMS 0x0000000083100000, 0x0000000083100000| Untracked 
|  50|0x0000000083200000, 0x0000000083200000, 0x0000000083300000|  0%| F|  |TAMS 0x0000000083200000, 0x0000000083200000| Untracked 
|  51|0x0000000083300000, 0x0000000083300000, 0x0000000083400000|  0%| F|  |TAMS 0x0000000083300000, 0x0000000083300000| Untracked 
|  52|0x0000000083400000, 0x0000000083400000, 0x0000000083500000|  0%| F|  |TAMS 0x0000000083400000, 0x0000000083400000| Untracked 
|  53|0x0000000083500000, 0x0000000083500000, 0x0000000083600000|  0%| F|  |TAMS 0x0000000083500000, 0x0000000083500000| Untracked 
|  54|0x0000000083600000, 0x0000000083600000, 0x0000000083700000|  0%| F|  |TAMS 0x0000000083600000, 0x0000000083600000| Untracked 
|  55|0x0000000083700000, 0x0000000083700000, 0x0000000083800000|  0%| F|  |TAMS 0x0000000083700000, 0x0000000083700000| Untracked 
|  56|0x0000000083800000, 0x0000000083800000, 0x0000000083900000|  0%| F|  |TAMS 0x0000000083800000, 0x0000000083800000| Untracked 
|  57|0x0000000083900000, 0x0000000083900000, 0x0000000083a00000|  0%| F|  |TAMS 0x0000000083900000, 0x0000000083900000| Untracked 
|  58|0x0000000083a00000, 0x0000000083a00000, 0x0000000083b00000|  0%| F|  |TAMS 0x0000000083a00000, 0x0000000083a00000| Untracked 
|  59|0x0000000083b00000, 0x0000000083b00000, 0x0000000083c00000|  0%| F|  |TAMS 0x0000000083b00000, 0x0000000083b00000| Untracked 
|  60|0x0000000083c00000, 0x0000000083c00000, 0x0000000083d00000|  0%| F|  |TAMS 0x0000000083c00000, 0x0000000083c00000| Untracked 
|  61|0x0000000083d00000, 0x0000000083d00000, 0x0000000083e00000|  0%| F|  |TAMS 0x0000000083d00000, 0x0000000083d00000| Untracked 
|  62|0x0000000083e00000, 0x0000000083e00000, 0x0000000083f00000|  0%| F|  |TAMS 0x0000000083e00000, 0x0000000083e00000| Untracked 
|  63|0x0000000083f00000, 0x0000000083f00000, 0x0000000084000000|  0%| F|  |TAMS 0x0000000083f00000, 0x0000000083f00000| Untracked 
|  64|0x0000000084000000, 0x0000000084000000, 0x0000000084100000|  0%| F|  |TAMS 0x0000000084000000, 0x0000000084000000| Untracked 
|  65|0x0000000084100000, 0x0000000084100000, 0x0000000084200000|  0%| F|  |TAMS 0x0000000084100000, 0x0000000084100000| Untracked 
|  66|0x0000000084200000, 0x0000000084200000, 0x0000000084300000|  0%| F|  |TAMS 0x0000000084200000, 0x0000000084200000| Untracked 
|  67|0x0000000084300000, 0x0000000084300000, 0x0000000084400000|  0%| F|  |TAMS 0x0000000084300000, 0x0000000084300000| Untracked 
|  68|0x0000000084400000, 0x0000000084400000, 0x0000000084500000|  0%| F|  |TAMS 0x0000000084400000, 0x0000000084400000| Untracked 
|  69|0x0000000084500000, 0x0000000084500000, 0x0000000084600000|  0%| F|  |TAMS 0x0000000084500000, 0x0000000084500000| Untracked 
|  70|0x0000000084600000, 0x0000000084600000, 0x0000000084700000|  0%| F|  |TAMS 0x0000000084600000, 0x0000000084600000| Untracked 
|  71|0x0000000084700000, 0x0000000084700000, 0x0000000084800000|  0%| F|  |TAMS 0x0000000084700000, 0x0000000084700000| Untracked 
|  72|0x0000000084800000, 0x0000000084800000, 0x0000000084900000|  0%| F|  |TAMS 0x0000000084800000, 0x0000000084800000| Untracked 
|  73|0x0000000084900000, 0x0000000084900000, 0x0000000084a00000|  0%| F|  |TAMS 0x0000000084900000, 0x0000000084900000| Untracked 
|  74|0x0000000084a00000, 0x0000000084a00000, 0x0000000084b00000|  0%| F|  |TAMS 0x0000000084a00000, 0x0000000084a00000| Untracked 
|  75|0x0000000084b00000, 0x0000000084b00000, 0x0000000084c00000|  0%| F|  |TAMS 0x0000000084b00000, 0x0000000084b00000| Untracked 
|  76|0x0000000084c00000, 0x0000000084c00000, 0x0000000084d00000|  0%| F|  |TAMS 0x0000000084c00000, 0x0000000084c00000| Untracked 
|  77|0x0000000084d00000, 0x0000000084d00000, 0x0000000084e00000|  0%| F|  |TAMS 0x0000000084d00000, 0x0000000084d00000| Untracked 
|  78|0x0000000084e00000, 0x0000000084e00000, 0x0000000084f00000|  0%| F|  |TAMS 0x0000000084e00000, 0x0000000084e00000| Untracked 
|  79|0x0000000084f00000, 0x0000000084f00000, 0x0000000085000000|  0%| F|  |TAMS 0x0000000084f00000, 0x0000000084f00000| Untracked 
|  80|0x0000000085000000, 0x0000000085000000, 0x0000000085100000|  0%| F|  |TAMS 0x0000000085000000, 0x0000000085000000| Untracked 
|  81|0x0000000085100000, 0x0000000085100000, 0x0000000085200000|  0%| F|  |TAMS 0x0000000085100000, 0x0000000085100000| Untracked 
|  82|0x0000000085200000, 0x0000000085200000, 0x0000000085300000|  0%| F|  |TAMS 0x0000000085200000, 0x0000000085200000| Untracked 
|  83|0x0000000085300000, 0x0000000085300000, 0x0000000085400000|  0%| F|  |TAMS 0x0000000085300000, 0x0000000085300000| Untracked 
|  84|0x0000000085400000, 0x0000000085400000, 0x0000000085500000|  0%| F|  |TAMS 0x0000000085400000, 0x0000000085400000| Untracked 
|  85|0x0000000085500000, 0x0000000085500000, 0x0000000085600000|  0%| F|  |TAMS 0x0000000085500000, 0x0000000085500000| Untracked 
|  86|0x0000000085600000, 0x0000000085600000, 0x0000000085700000|  0%| F|  |TAMS 0x0000000085600000, 0x0000000085600000| Untracked 
|  87|0x0000000085700000, 0x0000000085700000, 0x0000000085800000|  0%| F|  |TAMS 0x0000000085700000, 0x0000000085700000| Untracked 
|  88|0x0000000085800000, 0x0000000085800000, 0x0000000085900000|  0%| F|  |TAMS 0x0000000085800000, 0x0000000085800000| Untracked 
|  89|0x0000000085900000, 0x0000000085900000, 0x0000000085a00000|  0%| F|  |TAMS 0x0000000085900000, 0x0000000085900000| Untracked 
|  90|0x0000000085a00000, 0x0000000085a00000, 0x0000000085b00000|  0%| F|  |TAMS 0x0000000085a00000, 0x0000000085a00000| Untracked 
|  91|0x0000000085b00000, 0x0000000085b00000, 0x0000000085c00000|  0%| F|  |TAMS 0x0000000085b00000, 0x0000000085b00000| Untracked 
|  92|0x0000000085c00000, 0x0000000085c00000, 0x0000000085d00000|  0%| F|  |TAMS 0x0000000085c00000, 0x0000000085c00000| Untracked 
|  93|0x0000000085d00000, 0x0000000085d00000, 0x0000000085e00000|  0%| F|  |TAMS 0x0000000085d00000, 0x0000000085d00000| Untracked 
|  94|0x0000000085e00000, 0x0000000085e00000, 0x0000000085f00000|  0%| F|  |TAMS 0x0000000085e00000, 0x0000000085e00000| Untracked 
|  95|0x0000000085f00000, 0x0000000085f00000, 0x0000000086000000|  0%| F|  |TAMS 0x0000000085f00000, 0x0000000085f00000| Untracked 
|  96|0x0000000086000000, 0x0000000086000000, 0x0000000086100000|  0%| F|  |TAMS 0x0000000086000000, 0x0000000086000000| Untracked 
|  97|0x0000000086100000, 0x0000000086100000, 0x0000000086200000|  0%| F|  |TAMS 0x0000000086100000, 0x0000000086100000| Untracked 
|  98|0x0000000086200000, 0x0000000086200000, 0x0000000086300000|  0%| F|  |TAMS 0x0000000086200000, 0x0000000086200000| Untracked 
|  99|0x0000000086300000, 0x0000000086300000, 0x0000000086400000|  0%| F|  |TAMS 0x0000000086300000, 0x0000000086300000| Untracked 
| 100|0x0000000086400000, 0x0000000086400000, 0x0000000086500000|  0%| F|  |TAMS 0x0000000086400000, 0x0000000086400000| Untracked 
| 101|0x0000000086500000, 0x0000000086500000, 0x0000000086600000|  0%| F|  |TAMS 0x0000000086500000, 0x0000000086500000| Untracked 
| 102|0x0000000086600000, 0x0000000086600000, 0x0000000086700000|  0%| F|  |TAMS 0x0000000086600000, 0x0000000086600000| Untracked 
| 103|0x0000000086700000, 0x0000000086700000, 0x0000000086800000|  0%| F|  |TAMS 0x0000000086700000, 0x0000000086700000| Untracked 
| 104|0x0000000086800000, 0x0000000086800000, 0x0000000086900000|  0%| F|  |TAMS 0x0000000086800000, 0x0000000086800000| Untracked 
| 105|0x0000000086900000, 0x0000000086900000, 0x0000000086a00000|  0%| F|  |TAMS 0x0000000086900000, 0x0000000086900000| Untracked 
| 106|0x0000000086a00000, 0x0000000086a00000, 0x0000000086b00000|  0%| F|  |TAMS 0x0000000086a00000, 0x0000000086a00000| Untracked 
| 107|0x0000000086b00000, 0x0000000086b00000, 0x0000000086c00000|  0%| F|  |TAMS 0x0000000086b00000, 0x0000000086b00000| Untracked 
| 108|0x0000000086c00000, 0x0000000086c00000, 0x0000000086d00000|  0%| F|  |TAMS 0x0000000086c00000, 0x0000000086c00000| Untracked 
| 109|0x0000000086d00000, 0x0000000086d00000, 0x0000000086e00000|  0%| F|  |TAMS 0x0000000086d00000, 0x0000000086d00000| Untracked 
| 110|0x0000000086e00000, 0x0000000086e00000, 0x0000000086f00000|  0%| F|  |TAMS 0x0000000086e00000, 0x0000000086e00000| Untracked 
| 111|0x0000000086f00000, 0x0000000086f00000, 0x0000000087000000|  0%| F|  |TAMS 0x0000000086f00000, 0x0000000086f00000| Untracked 
| 112|0x0000000087000000, 0x0000000087000000, 0x0000000087100000|  0%| F|  |TAMS 0x0000000087000000, 0x0000000087000000| Untracked 
| 113|0x0000000087100000, 0x0000000087100000, 0x0000000087200000|  0%| F|  |TAMS 0x0000000087100000, 0x0000000087100000| Untracked 
| 114|0x0000000087200000, 0x0000000087200000, 0x0000000087300000|  0%| F|  |TAMS 0x0000000087200000, 0x0000000087200000| Untracked 
| 115|0x0000000087300000, 0x0000000087300000, 0x0000000087400000|  0%| F|  |TAMS 0x0000000087300000, 0x0000000087300000| Untracked 
| 116|0x0000000087400000, 0x0000000087400000, 0x0000000087500000|  0%| F|  |TAMS 0x0000000087400000, 0x0000000087400000| Untracked 
| 117|0x0000000087500000, 0x0000000087500000, 0x0000000087600000|  0%| F|  |TAMS 0x0000000087500000, 0x0000000087500000| Untracked 
| 118|0x0000000087600000, 0x0000000087600000, 0x0000000087700000|  0%| F|  |TAMS 0x0000000087600000, 0x0000000087600000| Untracked 
| 119|0x0000000087700000, 0x0000000087700000, 0x0000000087800000|  0%| F|  |TAMS 0x0000000087700000, 0x0000000087700000| Untracked 
| 120|0x0000000087800000, 0x0000000087800000, 0x0000000087900000|  0%| F|  |TAMS 0x0000000087800000, 0x0000000087800000| Untracked 
| 121|0x0000000087900000, 0x0000000087900000, 0x0000000087a00000|  0%| F|  |TAMS 0x0000000087900000, 0x0000000087900000| Untracked 
| 122|0x0000000087a00000, 0x0000000087a00000, 0x0000000087b00000|  0%| F|  |TAMS 0x0000000087a00000, 0x0000000087a00000| Untracked 
| 123|0x0000000087b00000, 0x0000000087b00000, 0x0000000087c00000|  0%| F|  |TAMS 0x0000000087b00000, 0x0000000087b00000| Untracked 
| 124|0x0000000087c00000, 0x0000000087c00000, 0x0000000087d00000|  0%| F|  |TAMS 0x0000000087c00000, 0x0000000087c00000| Untracked 
| 125|0x0000000087d00000, 0x0000000087d00000, 0x0000000087e00000|  0%| F|  |TAMS 0x0000000087d00000, 0x0000000087d00000| Untracked 
| 126|0x0000000087e00000, 0x0000000087e00000, 0x0000000087f00000|  0%| F|  |TAMS 0x0000000087e00000, 0x0000000087e00000| Untracked 
| 127|0x0000000087f00000, 0x0000000087f00000, 0x0000000088000000|  0%| F|  |TAMS 0x0000000087f00000, 0x0000000087f00000| Untracked 
| 128|0x0000000088000000, 0x0000000088000000, 0x0000000088100000|  0%| F|  |TAMS 0x0000000088000000, 0x0000000088000000| Untracked 
| 129|0x0000000088100000, 0x0000000088100000, 0x0000000088200000|  0%| F|  |TAMS 0x0000000088100000, 0x0000000088100000| Untracked 
| 130|0x0000000088200000, 0x0000000088200000, 0x0000000088300000|  0%| F|  |TAMS 0x0000000088200000, 0x0000000088200000| Untracked 
| 131|0x0000000088300000, 0x0000000088300000, 0x0000000088400000|  0%| F|  |TAMS 0x0000000088300000, 0x0000000088300000| Untracked 
| 132|0x0000000088400000, 0x0000000088400000, 0x0000000088500000|  0%| F|  |TAMS 0x0000000088400000, 0x0000000088400000| Untracked 
| 133|0x0000000088500000, 0x0000000088500000, 0x0000000088600000|  0%| F|  |TAMS 0x0000000088500000, 0x0000000088500000| Untracked 
| 134|0x0000000088600000, 0x0000000088600000, 0x0000000088700000|  0%| F|  |TAMS 0x0000000088600000, 0x0000000088600000| Untracked 
| 135|0x0000000088700000, 0x0000000088700000, 0x0000000088800000|  0%| F|  |TAMS 0x0000000088700000, 0x0000000088700000| Untracked 
| 136|0x0000000088800000, 0x0000000088800000, 0x0000000088900000|  0%| F|  |TAMS 0x0000000088800000, 0x0000000088800000| Untracked 
| 137|0x0000000088900000, 0x0000000088900000, 0x0000000088a00000|  0%| F|  |TAMS 0x0000000088900000, 0x0000000088900000| Untracked 
| 138|0x0000000088a00000, 0x0000000088a00000, 0x0000000088b00000|  0%| F|  |TAMS 0x0000000088a00000, 0x0000000088a00000| Untracked 
| 139|0x0000000088b00000, 0x0000000088b00000, 0x0000000088c00000|  0%| F|  |TAMS 0x0000000088b00000, 0x0000000088b00000| Untracked 
| 140|0x0000000088c00000, 0x0000000088c00000, 0x0000000088d00000|  0%| F|  |TAMS 0x0000000088c00000, 0x0000000088c00000| Untracked 
| 141|0x0000000088d00000, 0x0000000088d00000, 0x0000000088e00000|  0%| F|  |TAMS 0x0000000088d00000, 0x0000000088d00000| Untracked 
| 142|0x0000000088e00000, 0x0000000088e00000, 0x0000000088f00000|  0%| F|  |TAMS 0x0000000088e00000, 0x0000000088e00000| Untracked 
| 143|0x0000000088f00000, 0x0000000088f00000, 0x0000000089000000|  0%| F|  |TAMS 0x0000000088f00000, 0x0000000088f00000| Untracked 
| 144|0x0000000089000000, 0x0000000089000000, 0x0000000089100000|  0%| F|  |TAMS 0x0000000089000000, 0x0000000089000000| Untracked 
| 145|0x0000000089100000, 0x0000000089100000, 0x0000000089200000|  0%| F|  |TAMS 0x0000000089100000, 0x0000000089100000| Untracked 
| 146|0x0000000089200000, 0x0000000089200000, 0x0000000089300000|  0%| F|  |TAMS 0x0000000089200000, 0x0000000089200000| Untracked 
| 147|0x0000000089300000, 0x0000000089300000, 0x0000000089400000|  0%| F|  |TAMS 0x0000000089300000, 0x0000000089300000| Untracked 
| 148|0x0000000089400000, 0x0000000089400000, 0x0000000089500000|  0%| F|  |TAMS 0x0000000089400000, 0x0000000089400000| Untracked 
| 149|0x0000000089500000, 0x0000000089500000, 0x0000000089600000|  0%| F|  |TAMS 0x0000000089500000, 0x0000000089500000| Untracked 
| 150|0x0000000089600000, 0x0000000089600000, 0x0000000089700000|  0%| F|  |TAMS 0x0000000089600000, 0x0000000089600000| Untracked 
| 151|0x0000000089700000, 0x0000000089700000, 0x0000000089800000|  0%| F|  |TAMS 0x0000000089700000, 0x0000000089700000| Untracked 
| 152|0x0000000089800000, 0x0000000089800000, 0x0000000089900000|  0%| F|  |TAMS 0x0000000089800000, 0x0000000089800000| Untracked 
| 153|0x0000000089900000, 0x0000000089900000, 0x0000000089a00000|  0%| F|  |TAMS 0x0000000089900000, 0x0000000089900000| Untracked 
| 154|0x0000000089a00000, 0x0000000089a00000, 0x0000000089b00000|  0%| F|  |TAMS 0x0000000089a00000, 0x0000000089a00000| Untracked 
| 155|0x0000000089b00000, 0x0000000089b00000, 0x0000000089c00000|  0%| F|  |TAMS 0x0000000089b00000, 0x0000000089b00000| Untracked 
| 156|0x0000000089c00000, 0x0000000089c00000, 0x0000000089d00000|  0%| F|  |TAMS 0x0000000089c00000, 0x0000000089c00000| Untracked 
| 157|0x0000000089d00000, 0x0000000089d00000, 0x0000000089e00000|  0%| F|  |TAMS 0x0000000089d00000, 0x0000000089d00000| Untracked 
| 158|0x0000000089e00000, 0x0000000089e00000, 0x0000000089f00000|  0%| F|  |TAMS 0x0000000089e00000, 0x0000000089e00000| Untracked 
| 159|0x0000000089f00000, 0x0000000089f00000, 0x000000008a000000|  0%| F|  |TAMS 0x0000000089f00000, 0x0000000089f00000| Untracked 
| 160|0x000000008a000000, 0x000000008a000000, 0x000000008a100000|  0%| F|  |TAMS 0x000000008a000000, 0x000000008a000000| Untracked 
| 161|0x000000008a100000, 0x000000008a100000, 0x000000008a200000|  0%| F|  |TAMS 0x000000008a100000, 0x000000008a100000| Untracked 
| 162|0x000000008a200000, 0x000000008a200000, 0x000000008a300000|  0%| F|  |TAMS 0x000000008a200000, 0x000000008a200000| Untracked 
| 163|0x000000008a300000, 0x000000008a300000, 0x000000008a400000|  0%| F|  |TAMS 0x000000008a300000, 0x000000008a300000| Untracked 
| 164|0x000000008a400000, 0x000000008a400000, 0x000000008a500000|  0%| F|  |TAMS 0x000000008a400000, 0x000000008a400000| Untracked 
| 165|0x000000008a500000, 0x000000008a500000, 0x000000008a600000|  0%| F|  |TAMS 0x000000008a500000, 0x000000008a500000| Untracked 
| 166|0x000000008a600000, 0x000000008a600000, 0x000000008a700000|  0%| F|  |TAMS 0x000000008a600000, 0x000000008a600000| Untracked 
| 167|0x000000008a700000, 0x000000008a700000, 0x000000008a800000|  0%| F|  |TAMS 0x000000008a700000, 0x000000008a700000| Untracked 
| 168|0x000000008a800000, 0x000000008a800000, 0x000000008a900000|  0%| F|  |TAMS 0x000000008a800000, 0x000000008a800000| Untracked 
| 169|0x000000008a900000, 0x000000008a900000, 0x000000008aa00000|  0%| F|  |TAMS 0x000000008a900000, 0x000000008a900000| Untracked 
| 170|0x000000008aa00000, 0x000000008aa00000, 0x000000008ab00000|  0%| F|  |TAMS 0x000000008aa00000, 0x000000008aa00000| Untracked 
| 171|0x000000008ab00000, 0x000000008ab00000, 0x000000008ac00000|  0%| F|  |TAMS 0x000000008ab00000, 0x000000008ab00000| Untracked 
| 172|0x000000008ac00000, 0x000000008ac6e040, 0x000000008ad00000| 42%| S|CS|TAMS 0x000000008ac00000, 0x000000008ac00000| Complete 
| 173|0x000000008ad00000, 0x000000008ae00000, 0x000000008ae00000|100%| S|CS|TAMS 0x000000008ad00000, 0x000000008ad00000| Complete 
| 174|0x000000008ae00000, 0x000000008af00000, 0x000000008af00000|100%| S|CS|TAMS 0x000000008ae00000, 0x000000008ae00000| Complete 
| 175|0x000000008af00000, 0x000000008b000000, 0x000000008b000000|100%| S|CS|TAMS 0x000000008af00000, 0x000000008af00000| Complete 
| 176|0x000000008b000000, 0x000000008b100000, 0x000000008b100000|100%| S|CS|TAMS 0x000000008b000000, 0x000000008b000000| Complete 
| 177|0x000000008b100000, 0x000000008b200000, 0x000000008b200000|100%| S|CS|TAMS 0x000000008b100000, 0x000000008b100000| Complete 
| 178|0x000000008b200000, 0x000000008b200000, 0x000000008b300000|  0%| F|  |TAMS 0x000000008b200000, 0x000000008b200000| Untracked 
| 179|0x000000008b300000, 0x000000008b300000, 0x000000008b400000|  0%| F|  |TAMS 0x000000008b300000, 0x000000008b300000| Untracked 
| 180|0x000000008b400000, 0x000000008b400000, 0x000000008b500000|  0%| F|  |TAMS 0x000000008b400000, 0x000000008b400000| Untracked 
| 181|0x000000008b500000, 0x000000008b500000, 0x000000008b600000|  0%| F|  |TAMS 0x000000008b500000, 0x000000008b500000| Untracked 
| 182|0x000000008b600000, 0x000000008b600000, 0x000000008b700000|  0%| F|  |TAMS 0x000000008b600000, 0x000000008b600000| Untracked 
| 183|0x000000008b700000, 0x000000008b700000, 0x000000008b800000|  0%| F|  |TAMS 0x000000008b700000, 0x000000008b700000| Untracked 
| 184|0x000000008b800000, 0x000000008b800000, 0x000000008b900000|  0%| F|  |TAMS 0x000000008b800000, 0x000000008b800000| Untracked 
| 185|0x000000008b900000, 0x000000008b900000, 0x000000008ba00000|  0%| F|  |TAMS 0x000000008b900000, 0x000000008b900000| Untracked 
| 186|0x000000008ba00000, 0x000000008ba00000, 0x000000008bb00000|  0%| F|  |TAMS 0x000000008ba00000, 0x000000008ba00000| Untracked 
| 187|0x000000008bb00000, 0x000000008bb00000, 0x000000008bc00000|  0%| F|  |TAMS 0x000000008bb00000, 0x000000008bb00000| Untracked 
| 188|0x000000008bc00000, 0x000000008bc00000, 0x000000008bd00000|  0%| F|  |TAMS 0x000000008bc00000, 0x000000008bc00000| Untracked 
| 189|0x000000008bd00000, 0x000000008bd00000, 0x000000008be00000|  0%| F|  |TAMS 0x000000008bd00000, 0x000000008bd00000| Untracked 
| 190|0x000000008be00000, 0x000000008be00000, 0x000000008bf00000|  0%| F|  |TAMS 0x000000008be00000, 0x000000008be00000| Untracked 
| 191|0x000000008bf00000, 0x000000008bf00000, 0x000000008c000000|  0%| F|  |TAMS 0x000000008bf00000, 0x000000008bf00000| Untracked 
| 192|0x000000008c000000, 0x000000008c000000, 0x000000008c100000|  0%| F|  |TAMS 0x000000008c000000, 0x000000008c000000| Untracked 
| 193|0x000000008c100000, 0x000000008c100000, 0x000000008c200000|  0%| F|  |TAMS 0x000000008c100000, 0x000000008c100000| Untracked 
| 194|0x000000008c200000, 0x000000008c200000, 0x000000008c300000|  0%| F|  |TAMS 0x000000008c200000, 0x000000008c200000| Untracked 
| 195|0x000000008c300000, 0x000000008c300000, 0x000000008c400000|  0%| F|  |TAMS 0x000000008c300000, 0x000000008c300000| Untracked 
| 196|0x000000008c400000, 0x000000008c400000, 0x000000008c500000|  0%| F|  |TAMS 0x000000008c400000, 0x000000008c400000| Untracked 
| 197|0x000000008c500000, 0x000000008c500000, 0x000000008c600000|  0%| F|  |TAMS 0x000000008c500000, 0x000000008c500000| Untracked 
| 198|0x000000008c600000, 0x000000008c600000, 0x000000008c700000|  0%| F|  |TAMS 0x000000008c600000, 0x000000008c600000| Untracked 
| 199|0x000000008c700000, 0x000000008c700000, 0x000000008c800000|  0%| F|  |TAMS 0x000000008c700000, 0x000000008c700000| Untracked 
| 200|0x000000008c800000, 0x000000008c800000, 0x000000008c900000|  0%| F|  |TAMS 0x000000008c800000, 0x000000008c800000| Untracked 
| 201|0x000000008c900000, 0x000000008c900000, 0x000000008ca00000|  0%| F|  |TAMS 0x000000008c900000, 0x000000008c900000| Untracked 
| 202|0x000000008ca00000, 0x000000008ca00000, 0x000000008cb00000|  0%| F|  |TAMS 0x000000008ca00000, 0x000000008ca00000| Untracked 
| 203|0x000000008cb00000, 0x000000008cb00000, 0x000000008cc00000|  0%| F|  |TAMS 0x000000008cb00000, 0x000000008cb00000| Untracked 
| 204|0x000000008cc00000, 0x000000008cc00000, 0x000000008cd00000|  0%| F|  |TAMS 0x000000008cc00000, 0x000000008cc00000| Untracked 
| 205|0x000000008cd00000, 0x000000008cd00000, 0x000000008ce00000|  0%| F|  |TAMS 0x000000008cd00000, 0x000000008cd00000| Untracked 
| 206|0x000000008ce00000, 0x000000008ce00000, 0x000000008cf00000|  0%| F|  |TAMS 0x000000008ce00000, 0x000000008ce00000| Untracked 
| 207|0x000000008cf00000, 0x000000008cf00000, 0x000000008d000000|  0%| F|  |TAMS 0x000000008cf00000, 0x000000008cf00000| Untracked 
| 208|0x000000008d000000, 0x000000008d000000, 0x000000008d100000|  0%| F|  |TAMS 0x000000008d000000, 0x000000008d000000| Untracked 
| 209|0x000000008d100000, 0x000000008d100000, 0x000000008d200000|  0%| F|  |TAMS 0x000000008d100000, 0x000000008d100000| Untracked 
| 210|0x000000008d200000, 0x000000008d200000, 0x000000008d300000|  0%| F|  |TAMS 0x000000008d200000, 0x000000008d200000| Untracked 
| 211|0x000000008d300000, 0x000000008d300000, 0x000000008d400000|  0%| F|  |TAMS 0x000000008d300000, 0x000000008d300000| Untracked 
| 212|0x000000008d400000, 0x000000008d400000, 0x000000008d500000|  0%| F|  |TAMS 0x000000008d400000, 0x000000008d400000| Untracked 
| 213|0x000000008d500000, 0x000000008d500000, 0x000000008d600000|  0%| F|  |TAMS 0x000000008d500000, 0x000000008d500000| Untracked 
| 214|0x000000008d600000, 0x000000008d600000, 0x000000008d700000|  0%| F|  |TAMS 0x000000008d600000, 0x000000008d600000| Untracked 
| 215|0x000000008d700000, 0x000000008d700000, 0x000000008d800000|  0%| F|  |TAMS 0x000000008d700000, 0x000000008d700000| Untracked 
| 216|0x000000008d800000, 0x000000008d800000, 0x000000008d900000|  0%| F|  |TAMS 0x000000008d800000, 0x000000008d800000| Untracked 
| 217|0x000000008d900000, 0x000000008d900000, 0x000000008da00000|  0%| F|  |TAMS 0x000000008d900000, 0x000000008d900000| Untracked 
| 218|0x000000008da00000, 0x000000008da00000, 0x000000008db00000|  0%| F|  |TAMS 0x000000008da00000, 0x000000008da00000| Untracked 
| 219|0x000000008db00000, 0x000000008db00000, 0x000000008dc00000|  0%| F|  |TAMS 0x000000008db00000, 0x000000008db00000| Untracked 
| 220|0x000000008dc00000, 0x000000008dc00000, 0x000000008dd00000|  0%| F|  |TAMS 0x000000008dc00000, 0x000000008dc00000| Untracked 
| 221|0x000000008dd00000, 0x000000008dd00000, 0x000000008de00000|  0%| F|  |TAMS 0x000000008dd00000, 0x000000008dd00000| Untracked 
| 222|0x000000008de00000, 0x000000008de00000, 0x000000008df00000|  0%| F|  |TAMS 0x000000008de00000, 0x000000008de00000| Untracked 
| 223|0x000000008df00000, 0x000000008df00000, 0x000000008e000000|  0%| F|  |TAMS 0x000000008df00000, 0x000000008df00000| Untracked 
| 224|0x000000008e000000, 0x000000008e000000, 0x000000008e100000|  0%| F|  |TAMS 0x000000008e000000, 0x000000008e000000| Untracked 
| 225|0x000000008e100000, 0x000000008e100000, 0x000000008e200000|  0%| F|  |TAMS 0x000000008e100000, 0x000000008e100000| Untracked 
| 226|0x000000008e200000, 0x000000008e200000, 0x000000008e300000|  0%| F|  |TAMS 0x000000008e200000, 0x000000008e200000| Untracked 
| 227|0x000000008e300000, 0x000000008e300000, 0x000000008e400000|  0%| F|  |TAMS 0x000000008e300000, 0x000000008e300000| Untracked 
| 228|0x000000008e400000, 0x000000008e400000, 0x000000008e500000|  0%| F|  |TAMS 0x000000008e400000, 0x000000008e400000| Untracked 
| 229|0x000000008e500000, 0x000000008e500000, 0x000000008e600000|  0%| F|  |TAMS 0x000000008e500000, 0x000000008e500000| Untracked 
| 230|0x000000008e600000, 0x000000008e600000, 0x000000008e700000|  0%| F|  |TAMS 0x000000008e600000, 0x000000008e600000| Untracked 
| 231|0x000000008e700000, 0x000000008e700000, 0x000000008e800000|  0%| F|  |TAMS 0x000000008e700000, 0x000000008e700000| Untracked 
| 232|0x000000008e800000, 0x000000008e800000, 0x000000008e900000|  0%| F|  |TAMS 0x000000008e800000, 0x000000008e800000| Untracked 
| 233|0x000000008e900000, 0x000000008e900000, 0x000000008ea00000|  0%| F|  |TAMS 0x000000008e900000, 0x000000008e900000| Untracked 
| 234|0x000000008ea00000, 0x000000008ea00000, 0x000000008eb00000|  0%| F|  |TAMS 0x000000008ea00000, 0x000000008ea00000| Untracked 
| 235|0x000000008eb00000, 0x000000008eb00000, 0x000000008ec00000|  0%| F|  |TAMS 0x000000008eb00000, 0x000000008eb00000| Untracked 
| 236|0x000000008ec00000, 0x000000008ec00000, 0x000000008ed00000|  0%| F|  |TAMS 0x000000008ec00000, 0x000000008ec00000| Untracked 
| 237|0x000000008ed00000, 0x000000008ed00000, 0x000000008ee00000|  0%| F|  |TAMS 0x000000008ed00000, 0x000000008ed00000| Untracked 
| 238|0x000000008ee00000, 0x000000008ee00000, 0x000000008ef00000|  0%| F|  |TAMS 0x000000008ee00000, 0x000000008ee00000| Untracked 
| 239|0x000000008ef00000, 0x000000008ef00000, 0x000000008f000000|  0%| F|  |TAMS 0x000000008ef00000, 0x000000008ef00000| Untracked 
| 240|0x000000008f000000, 0x000000008f000000, 0x000000008f100000|  0%| F|  |TAMS 0x000000008f000000, 0x000000008f000000| Untracked 
| 241|0x000000008f100000, 0x000000008f100000, 0x000000008f200000|  0%| F|  |TAMS 0x000000008f100000, 0x000000008f100000| Untracked 
| 242|0x000000008f200000, 0x000000008f200000, 0x000000008f300000|  0%| F|  |TAMS 0x000000008f200000, 0x000000008f200000| Untracked 
| 243|0x000000008f300000, 0x000000008f300000, 0x000000008f400000|  0%| F|  |TAMS 0x000000008f300000, 0x000000008f300000| Untracked 
| 244|0x000000008f400000, 0x000000008f400000, 0x000000008f500000|  0%| F|  |TAMS 0x000000008f400000, 0x000000008f400000| Untracked 
| 245|0x000000008f500000, 0x000000008f500000, 0x000000008f600000|  0%| F|  |TAMS 0x000000008f500000, 0x000000008f500000| Untracked 
| 246|0x000000008f600000, 0x000000008f67e310, 0x000000008f700000| 49%| E|  |TAMS 0x000000008f600000, 0x000000008f600000| Complete 
| 247|0x000000008f700000, 0x000000008f7d2f90, 0x000000008f800000| 82%| E|  |TAMS 0x000000008f700000, 0x000000008f700000| Complete 

Card table byte_map: [0x000001f879c00000,0x000001f87a000000] _byte_map_base: 0x000001f879800000

Marking Bits (Prev, Next): (CMBitMap*) 0x000001f8664dc928, (CMBitMap*) 0x000001f8664dc960
 Prev Bits: [0x000001f87a400000, 0x000001f87c400000)
 Next Bits: [0x000001f87c400000, 0x000001f87e400000)

Polling page: 0x000001f864420000

Metaspace:

Usage:
  Non-class:     30.38 MB capacity,    29.86 MB ( 98%) used,   450.38 KB (  1%) free+waste,    74.25 KB ( <1%) overhead. 
      Class:      4.72 MB capacity,     4.44 MB ( 94%) used,   254.56 KB (  5%) free+waste,    36.38 KB ( <1%) overhead. 
       Both:     35.09 MB capacity,    34.30 MB ( 98%) used,   704.95 KB (  2%) free+waste,   110.63 KB ( <1%) overhead. 

Virtual space:
  Non-class space:       32.00 MB reserved,      30.62 MB ( 96%) committed 
      Class space:        1.00 GB reserved,       4.75 MB ( <1%) committed 
             Both:        1.03 GB reserved,      35.37 MB (  3%) committed 

Chunk freelists:
   Non-Class:  48.00 KB
       Class:  31.00 KB
        Both:  79.00 KB

MaxMetaspaceSize: 17179869184.00 GB
CompressedClassSpaceSize: 1.00 GB

CodeHeap 'non-profiled nmethods': size=119168Kb used=1595Kb max_used=1595Kb free=117572Kb
 bounds [0x000001f871b20000, 0x000001f871d90000, 0x000001f878f80000]
CodeHeap 'profiled nmethods': size=119168Kb used=6867Kb max_used=6867Kb free=112300Kb
 bounds [0x000001f86a6c0000, 0x000001f86ad80000, 0x000001f871b20000]
CodeHeap 'non-nmethods': size=7424Kb used=3194Kb max_used=3194Kb free=4229Kb
 bounds [0x000001f869f80000, 0x000001f86a2a0000, 0x000001f86a6c0000]
 total_blobs=3758 nmethods=3145 adapters=521
 compilation: enabled
              stopped_count=0, restarted_count=0
 full_count=0

Compilation events (20 events):
Event: 3.235 Thread 0x000001f803f92000 nmethod 3136 0x000001f871cad290 code [0x000001f871cad420, 0x000001f871cad498]
Event: 3.236 Thread 0x000001f87fc96000 nmethod 3135 0x000001f86ad6ea10 code [0x000001f86ad6eee0, 0x000001f86ad71598]
Event: 3.236 Thread 0x000001f802824000 3137       1       java.lang.reflect.Field::getDeclaringClass (5 bytes)
Event: 3.237 Thread 0x000001f802824000 nmethod 3137 0x000001f871cad510 code [0x000001f871cad6c0, 0x000001f871cad778]
Event: 3.238 Thread 0x000001f87f3ce000 3138       3       org.codehaus.groovy.reflection.CachedMethod::getReturnType (8 bytes)
Event: 3.238 Thread 0x000001f804886800 3140       3       java.beans.MethodRef::get (91 bytes)
Event: 3.238 Thread 0x000001f802824000 3139       1       groovy.lang.MetaProperty::getName (5 bytes)
Event: 3.238 Thread 0x000001f802824000 nmethod 3139 0x000001f871cad810 code [0x000001f871cad9c0, 0x000001f871cada78]
Event: 3.238 Thread 0x000001f87f3ce000 nmethod 3138 0x000001f86ad72210 code [0x000001f86ad723c0, 0x000001f86ad724d8]
Event: 3.238 Thread 0x000001f87fc95000 3141       4       java.util.AbstractCollection::addAll (42 bytes)
Event: 3.239 Thread 0x000001f804886800 nmethod 3140 0x000001f86ad72590 code [0x000001f86ad72800, 0x000001f86ad733b8]
Event: 3.239 Thread 0x000001f804886800 3142       3       org.codehaus.groovy.util.ComplexKeyHashMap::hash (31 bytes)
Event: 3.239 Thread 0x000001f804886800 nmethod 3142 0x000001f86ad73690 code [0x000001f86ad73840, 0x000001f86ad73938]
Event: 3.239 Thread 0x000001f87fc96000 3143       3       org.codehaus.groovy.util.SingleKeyHashMap::getOrPut (137 bytes)
Event: 3.239 Thread 0x000001f87fc96000 nmethod 3143 0x000001f86ad73a10 code [0x000001f86ad73c60, 0x000001f86ad747c8]
Event: 3.240 Thread 0x000001f87fc95000 nmethod 3141 0x000001f871cadb10 code [0x000001f871cadcc0, 0x000001f871cade68]
Event: 3.251 Thread 0x000001f803f92000 3144       4       java.lang.Throwable::<init> (39 bytes)
Event: 3.255 Thread 0x000001f803f92000 nmethod 3144 0x000001f871cae090 code [0x000001f871cae240, 0x000001f871caea28]
Event: 3.292 Thread 0x000001f87f3ce000 3145       3       java.lang.invoke.MethodHandleNatives$CallSiteContext::run (5 bytes)
Event: 3.293 Thread 0x000001f87f3ce000 nmethod 3145 0x000001f86ad74b10 code [0x000001f86ad74cc0, 0x000001f86ad74de8]

GC Heap History (8 events):
Event: 0.542 GC heap before
{Heap before GC invocations=0 (full 0):
 garbage-first heap   total 253952K, used 29696K [0x0000000080000000, 0x0000000100000000)
  region size 1024K, 24 young (24576K), 0 survivors (0K)
 Metaspace       used 10206K, capacity 10398K, committed 10624K, reserved 1058816K
  class space    used 1056K, capacity 1107K, committed 1152K, reserved 1048576K
}
Event: 0.546 GC heap after
{Heap after GC invocations=1 (full 0):
 garbage-first heap   total 253952K, used 9071K [0x0000000080000000, 0x0000000100000000)
  region size 1024K, 3 young (3072K), 3 survivors (3072K)
 Metaspace       used 10206K, capacity 10398K, committed 10624K, reserved 1058816K
  class space    used 1056K, capacity 1107K, committed 1152K, reserved 1048576K
}
Event: 2.097 GC heap before
{Heap before GC invocations=1 (full 0):
 garbage-first heap   total 253952K, used 108399K [0x0000000080000000, 0x0000000100000000)
  region size 1024K, 101 young (103424K), 3 survivors (3072K)
 Metaspace       used 20618K, capacity 21129K, committed 21296K, reserved 1069056K
  class space    used 2497K, capacity 2657K, committed 2688K, reserved 1048576K
}
Event: 2.105 GC heap after
{Heap after GC invocations=2 (full 0):
 garbage-first heap   total 253952K, used 16739K [0x0000000080000000, 0x0000000100000000)
  region size 1024K, 11 young (11264K), 11 survivors (11264K)
 Metaspace       used 20618K, capacity 21129K, committed 21296K, reserved 1069056K
  class space    used 2497K, capacity 2657K, committed 2688K, reserved 1048576K
}
Event: 2.450 GC heap before
{Heap before GC invocations=3 (full 0):
 garbage-first heap   total 253952K, used 58723K [0x0000000080000000, 0x0000000100000000)
  region size 1024K, 53 young (54272K), 11 survivors (11264K)
 Metaspace       used 24855K, capacity 25413K, committed 25648K, reserved 1071104K
  class space    used 3196K, capacity 3387K, committed 3456K, reserved 1048576K
}
Event: 2.457 GC heap after
{Heap after GC invocations=4 (full 0):
 garbage-first heap   total 253952K, used 18558K [0x0000000080000000, 0x0000000100000000)
  region size 1024K, 2 young (2048K), 2 survivors (2048K)
 Metaspace       used 24855K, capacity 25413K, committed 25648K, reserved 1071104K
  class space    used 3196K, capacity 3387K, committed 3456K, reserved 1048576K
}
Event: 3.257 GC heap before
{Heap before GC invocations=4 (full 0):
 garbage-first heap   total 253952K, used 87166K [0x0000000080000000, 0x0000000100000000)
  region size 1024K, 70 young (71680K), 2 survivors (2048K)
 Metaspace       used 34853K, capacity 35617K, committed 35708K, reserved 1081344K
  class space    used 4532K, capacity 4833K, committed 4864K, reserved 1048576K
}
Event: 3.292 GC heap after
{Heap after GC invocations=5 (full 0):
 garbage-first heap   total 253952K, used 22070K [0x0000000080000000, 0x0000000100000000)
  region size 1024K, 6 young (6144K), 6 survivors (6144K)
 Metaspace       used 34853K, capacity 35617K, committed 35708K, reserved 1081344K
  class space    used 4532K, capacity 4833K, committed 4864K, reserved 1048576K
}

Deoptimization events (20 events):
Event: 3.051 Thread 0x000001f803123000 DEOPT PACKING pc=0x000001f86ab9e5f6 sp=0x0000009f9f7f5a40
Event: 3.051 Thread 0x000001f803123000 DEOPT UNPACKING pc=0x000001f869fa76ce sp=0x0000009f9f7f4f60 mode 0
Event: 3.120 Thread 0x000001f804334000 Uncommon trap: trap_request=0xffffffde fr.pc=0x000001f871c92110 relative=0x0000000000000310
Event: 3.120 Thread 0x000001f804334000 Uncommon trap: reason=class_check action=maybe_recompile pc=0x000001f871c92110 method=java.util.stream.ReferencePipeline.forEachWithCancel(Ljava/util/Spliterator;Ljava/util/stream/Sink;)Z @ 1 c2
Event: 3.120 Thread 0x000001f804334000 DEOPT PACKING pc=0x000001f871c92110 sp=0x0000009f9f3fea40
Event: 3.120 Thread 0x000001f804334000 DEOPT UNPACKING pc=0x000001f869fa78af sp=0x0000009f9f3fe9e0 mode 2
Event: 3.139 Thread 0x000001f803123000 Uncommon trap: trap_request=0xffffff4d fr.pc=0x000001f871c34008 relative=0x0000000000005348
Event: 3.140 Thread 0x000001f803123000 Uncommon trap: reason=unstable_if action=reinterpret pc=0x000001f871c34008 method=jdk.internal.loader.BuiltinClassLoader.loadClassOrNull(Ljava/lang/String;Z)Ljava/lang/Class; @ 42 c2
Event: 3.140 Thread 0x000001f803123000 DEOPT PACKING pc=0x000001f871c34008 sp=0x0000009f9f7f56e0
Event: 3.140 Thread 0x000001f803123000 DEOPT UNPACKING pc=0x000001f869fa78af sp=0x0000009f9f7f5570 mode 2
Event: 3.140 Thread 0x000001f803123000 Uncommon trap: trap_request=0xffffff4d fr.pc=0x000001f871c63dc4 relative=0x00000000000000a4
Event: 3.140 Thread 0x000001f803123000 Uncommon trap: reason=unstable_if action=reinterpret pc=0x000001f871c63dc4 method=java.nio.Buffer.limit(I)Ljava/nio/Buffer; @ 42 c2
Event: 3.140 Thread 0x000001f803123000 DEOPT PACKING pc=0x000001f871c63dc4 sp=0x0000009f9f7f5140
Event: 3.140 Thread 0x000001f803123000 DEOPT UNPACKING pc=0x000001f869fa78af sp=0x0000009f9f7f50c8 mode 2
Event: 3.218 Thread 0x000001f803123000 DEOPT PACKING pc=0x000001f86ab4c8f9 sp=0x0000009f9f7f6410
Event: 3.218 Thread 0x000001f803123000 DEOPT UNPACKING pc=0x000001f869fa76ce sp=0x0000009f9f7f5958 mode 0
Event: 3.222 Thread 0x000001f803123000 Uncommon trap: trap_request=0xffffff5c fr.pc=0x000001f871bcc2a4 relative=0x0000000000000e64
Event: 3.222 Thread 0x000001f803123000 Uncommon trap: reason=speculate_null_assert action=make_not_entrant pc=0x000001f871bcc2a4 method=jdk.internal.loader.URLClassPath$JarLoader.getResource(Ljava/lang/String;ZLjava/util/Set;)Ljdk/internal/loader/Resource; @ 17 c2
Event: 3.222 Thread 0x000001f803123000 DEOPT PACKING pc=0x000001f871bcc2a4 sp=0x0000009f9f7f5590
Event: 3.222 Thread 0x000001f803123000 DEOPT UNPACKING pc=0x000001f869fa78af sp=0x0000009f9f7f5538 mode 2

Classes redefined (0 events):
No events

Internal exceptions (20 events):
Event: 2.635 Thread 0x000001f803123000 Exception <a 'java/lang/NoSuchMethodError'{0x000000008e434db0}: 'java.lang.Object java.lang.invoke.DirectMethodHandle$Holder.invokeSpecial(java.lang.Object, java.lang.Object, java.lang.Object, java.lang.Object, java.lang.Object, java.lang.Object, java.lang.Object, java.lang.Object, java.lang.Object, java.lang.Object, java.lang.Object, java.lang.Object, java.lang.Object, java.lang.Object)'> (0x000000008e434db0) thrown at [./src/hotspot/share/interpreter/linkResolver.cpp, line 773]
Event: 2.636 Thread 0x000001f803123000 Exception <a 'java/lang/NoSuchMethodError'{0x000000008e4463a8}: 'java.lang.Object java.lang.invoke.Invokers$Holder.linkToTargetMethod(java.lang.Object, java.lang.Object, java.lang.Object, java.lang.Object, java.lang.Object, java.lang.Object, java.lang.Object, java.lang.Object, java.lang.Object, java.lang.Object, java.lang.Object, java.lang.Object)'> (0x000000008e4463a8) thrown at [./src/hotspot/share/interpreter/linkResolver.cpp, line 773]
Event: 2.642 Thread 0x000001f803123000 Exception <a 'java/lang/NoSuchMethodError'{0x000000008e4db5b0}: 'java.lang.Object java.lang.invoke.DirectMethodHandle$Holder.invokeStaticInit(java.lang.Object, java.lang.Object, java.lang.Object, java.lang.Object)'> (0x000000008e4db5b0) thrown at [./src/hotspot/share/interpreter/linkResolver.cpp, line 773]
Event: 2.712 Thread 0x000001f803123000 Implicit null exception at 0x000001f871c43475 to 0x000001f871c4363c
Event: 3.018 Thread 0x000001f803123000 Exception <a 'java/lang/NoSuchMethodError'{0x000000008bd301c0}: 'void java.lang.invoke.DirectMethodHandle$Holder.invokeStaticInit(java.lang.Object, java.lang.Object, java.lang.Object)'> (0x000000008bd301c0) thrown at [./src/hotspot/share/interpreter/linkResolver.cpp, line 773]
Event: 3.018 Thread 0x000001f803123000 Exception <a 'java/lang/NoSuchMethodError'{0x000000008bd36f98}: 'void java.lang.invoke.DirectMethodHandle$Holder.invokeStaticInit(java.lang.Object, java.lang.Object, java.lang.Object, java.lang.Object)'> (0x000000008bd36f98) thrown at [./src/hotspot/share/interpreter/linkResolver.cpp, line 773]
Event: 3.021 Thread 0x000001f803123000 Exception <a 'java/lang/NoSuchMethodError'{0x000000008bd595d0}: 'void java.lang.invoke.DirectMethodHandle$Holder.invokeStaticInit(java.lang.Object, java.lang.Object, java.lang.Object, java.lang.Object, java.lang.Object)'> (0x000000008bd595d0) thrown at [./src/hotspot/share/interpreter/linkResolver.cpp, line 773]
Event: 3.022 Thread 0x000001f803123000 Exception <a 'java/lang/NoSuchMethodError'{0x000000008bd60ce0}: 'int java.lang.invoke.DirectMethodHandle$Holder.invokeStaticInit(java.lang.Object, java.lang.Object, java.lang.Object)'> (0x000000008bd60ce0) thrown at [./src/hotspot/share/interpreter/linkResolver.cpp, line 773]
Event: 3.047 Thread 0x000001f803123000 Exception <a 'java/lang/NoSuchMethodError'{0x000000008bdbf920}: 'int java.lang.invoke.DirectMethodHandle$Holder.invokeStaticInit(java.lang.Object, java.lang.Object, java.lang.Object, java.lang.Object)'> (0x000000008bdbf920) thrown at [./src/hotspot/share/interpreter/linkResolver.cpp, line 773]
Event: 3.048 Thread 0x000001f803123000 Exception <a 'java/lang/IncompatibleClassChangeError'{0x000000008bdc8e80}: Found class java.lang.Object, but interface was expected> (0x000000008bdc8e80) thrown at [./src/hotspot/share/interpreter/linkResolver.cpp, line 839]
Event: 3.217 Thread 0x000001f803123000 Exception <a 'java/lang/NoSuchMethodError'{0x000000008b535b18}: 'java.lang.Object java.lang.invoke.DirectMethodHandle$Holder.invokeStatic(java.lang.Object, java.lang.Object, java.lang.Object, java.lang.Object, java.lang.Object, java.lang.Object, java.lang.Object, java.lang.Object, java.lang.Object, java.lang.Object, java.lang.Object, int)'> (0x000000008b535b18) thrown at [./src/hotspot/share/interpreter/linkResolver.cpp, line 773]
Event: 3.219 Thread 0x000001f803123000 Exception <a 'java/lang/NoSuchMethodError'{0x000000008b554598}: 'java.lang.Object java.lang.invoke.DirectMethodHandle$Holder.invokeStatic(java.lang.Object, java.lang.Object, java.lang.Object, java.lang.Object, java.lang.Object, java.lang.Object, java.lang.Object, java.lang.Object, java.lang.Object, java.lang.Object, java.lang.Object, int, int)'> (0x000000008b554598) thrown at [./src/hotspot/share/interpreter/linkResolver.cpp, line 773]
Event: 3.220 Thread 0x000001f803123000 Exception <a 'java/lang/NoSuchMethodError'{0x000000008b573dc8}: 'java.lang.Object java.lang.invoke.DirectMethodHandle$Holder.invokeStatic(java.lang.Object, java.lang.Object, java.lang.Object, java.lang.Object, java.lang.Object, java.lang.Object, java.lang.Object, java.lang.Object, java.lang.Object, java.lang.Object, java.lang.Object, int, int, java.lang.Object)'> (0x000000008b573dc8) thrown at [./src/hotspot/share/interpreter/linkResolver.cpp, line 773]
Event: 3.221 Thread 0x000001f803123000 Exception <a 'java/lang/NoSuchMethodError'{0x000000008b595108}: 'java.lang.Object java.lang.invoke.DirectMethodHandle$Holder.invokeStatic(java.lang.Object, java.lang.Object, java.lang.Object, java.lang.Object, java.lang.Object, java.lang.Object, java.lang.Object, java.lang.Object, java.lang.Object, java.lang.Object, java.lang.Object, int, int, java.lang.Object, java.lang.Object)'> (0x000000008b595108) thrown at [./src/hotspot/share/interpreter/linkResolver.cpp, line 773]
Event: 3.223 Thread 0x000001f803123000 Exception <a 'java/lang/ClassNotFoundException'{0x000000008b5c3eb0}: groovy/lang/ExpandoMetaClassBeanInfo> (0x000000008b5c3eb0) thrown at [./src/hotspot/share/classfile/systemDictionary.cpp, line 231]
Event: 3.224 Thread 0x000001f803123000 Exception <a 'java/lang/ClassNotFoundException'{0x000000008b5e2fd8}: groovy/lang/MetaClassImplBeanInfo> (0x000000008b5e2fd8) thrown at [./src/hotspot/share/classfile/systemDictionary.cpp, line 231]
Event: 3.224 Thread 0x000001f803123000 Exception <a 'java/lang/ClassNotFoundException'{0x000000008b5eb780}: java/lang/ObjectBeanInfo> (0x000000008b5eb780) thrown at [./src/hotspot/share/classfile/systemDictionary.cpp, line 231]
Event: 3.225 Thread 0x000001f803123000 Exception <a 'java/lang/ClassNotFoundException'{0x000000008b5f6360}: java/lang/ObjectCustomizer> (0x000000008b5f6360) thrown at [./src/hotspot/share/classfile/systemDictionary.cpp, line 231]
Event: 3.231 Thread 0x000001f803123000 Exception <a 'java/lang/ClassNotFoundException'{0x000000008b41c6d8}: groovy/lang/MetaClassImplCustomizer> (0x000000008b41c6d8) thrown at [./src/hotspot/share/classfile/systemDictionary.cpp, line 231]
Event: 3.233 Thread 0x000001f803123000 Exception <a 'java/lang/ClassNotFoundException'{0x000000008b45b180}: groovy/lang/ExpandoMetaClassCustomizer> (0x000000008b45b180) thrown at [./src/hotspot/share/classfile/systemDictionary.cpp, line 231]

Events (20 events):
Event: 3.294 loading class java/lang/invoke/VarHandleLongs$FieldInstanceReadWrite done
Event: 3.294 loading class java/util/concurrent/locks/StampedLock$WNode
Event: 3.294 loading class java/util/concurrent/locks/StampedLock$WNode done
Event: 3.294 loading class org/codehaus/groovy/runtime/memoize/CommonCache
Event: 3.294 loading class org/codehaus/groovy/runtime/memoize/CommonCache done
Event: 3.295 loading class groovy/lang/GroovyClassLoader$1
Event: 3.295 loading class groovy/lang/GroovyClassLoader$1 done
Event: 3.296 loading class org/codehaus/groovy/control/CompilerConfiguration
Event: 3.296 loading class org/codehaus/groovy/control/CompilerConfiguration done
Event: 3.297 loading class org/codehaus/groovy/control/ConfigurationException
Event: 3.297 loading class org/codehaus/groovy/control/ConfigurationException done
Event: 3.297 loading class org/codehaus/groovy/GroovyExceptionInterface
Event: 3.297 loading class org/codehaus/groovy/GroovyExceptionInterface done
Event: 3.298 loading class org/codehaus/groovy/control/io/NullWriter
Event: 3.298 loading class org/codehaus/groovy/control/io/NullWriter done
Event: 3.298 loading class org/codehaus/groovy/control/CompilerConfiguration$1
Event: 3.298 loading class org/codehaus/groovy/control/CompilerConfiguration$1 done
Event: 3.298 loading class org/apache/groovy/util/Maps
Event: 3.298 loading class org/apache/groovy/util/Maps done
Event: 3.299 Executing VM operation: CGC_Operation


Dynamic libraries:
0x00007ff6cc790000 - 0x00007ff6cc79a000 	C:\Program Files\Android\Android Studio\jre\bin\java.exe
0x00007ffdf5500000 - 0x00007ffdf570f000 	C:\WINDOWS\SYSTEM32\ntdll.dll
0x00007ffdf3370000 - 0x00007ffdf342d000 	C:\WINDOWS\System32\KERNEL32.DLL
0x00007ffdf2ef0000 - 0x00007ffdf327c000 	C:\WINDOWS\System32\KERNELBASE.dll
0x00007ffdf2bc0000 - 0x00007ffdf2cd1000 	C:\WINDOWS\System32\ucrtbase.dll
0x00007ffde50f0000 - 0x00007ffde5107000 	C:\Program Files\Android\Android Studio\jre\bin\VCRUNTIME140.dll
0x00007ffde5110000 - 0x00007ffde5129000 	C:\Program Files\Android\Android Studio\jre\bin\jli.dll
0x00007ffdf4620000 - 0x00007ffdf47c6000 	C:\WINDOWS\System32\USER32.dll
0x00007ffdf2ce0000 - 0x00007ffdf2d06000 	C:\WINDOWS\System32\win32u.dll
0x00007ffde0db0000 - 0x00007ffde1051000 	C:\WINDOWS\WinSxS\amd64_microsoft.windows.common-controls_6595b64144ccf1df_6.0.22494.1000_none_23deebcec6cdf010\COMCTL32.dll
0x00007ffdf5370000 - 0x00007ffdf5399000 	C:\WINDOWS\System32\GDI32.dll
0x00007ffdf40c0000 - 0x00007ffdf4164000 	C:\WINDOWS\System32\msvcrt.dll
0x00007ffdf2d10000 - 0x00007ffdf2e27000 	C:\WINDOWS\System32\gdi32full.dll
0x00007ffdf2b20000 - 0x00007ffdf2bba000 	C:\WINDOWS\System32\msvcp_win.dll
0x00007ffdf45e0000 - 0x00007ffdf4611000 	C:\WINDOWS\System32\IMM32.DLL
0x00007ffdb6160000 - 0x00007ffdb61fd000 	C:\Program Files\Android\Android Studio\jre\bin\msvcp140.dll
0x00007ffda35e0000 - 0x00007ffda40af000 	C:\Program Files\Android\Android Studio\jre\bin\server\jvm.dll
0x00007ffdf3430000 - 0x00007ffdf34de000 	C:\WINDOWS\System32\ADVAPI32.dll
0x00007ffdf34e0000 - 0x00007ffdf3581000 	C:\WINDOWS\System32\sechost.dll
0x00007ffdf53a0000 - 0x00007ffdf54bf000 	C:\WINDOWS\System32\RPCRT4.dll
0x00007ffdf36f0000 - 0x00007ffdf36f8000 	C:\WINDOWS\System32\PSAPI.DLL
0x00007ffdec240000 - 0x00007ffdec274000 	C:\WINDOWS\SYSTEM32\WINMM.dll
0x00007ffddc060000 - 0x00007ffddc069000 	C:\WINDOWS\SYSTEM32\WSOCK32.dll
0x00007ffdebb80000 - 0x00007ffdebb8a000 	C:\WINDOWS\SYSTEM32\VERSION.dll
0x00007ffdf50b0000 - 0x00007ffdf5121000 	C:\WINDOWS\System32\WS2_32.dll
0x00007ffdf1a50000 - 0x00007ffdf1a68000 	C:\WINDOWS\SYSTEM32\kernel.appcore.dll
0x00007ffdda3e0000 - 0x00007ffdda3f1000 	C:\Program Files\Android\Android Studio\jre\bin\verify.dll
0x00007ffdf0510000 - 0x00007ffdf0736000 	C:\WINDOWS\SYSTEM32\DBGHELP.DLL
0x00007ffdf4170000 - 0x00007ffdf44eb000 	C:\WINDOWS\System32\combase.dll
0x00007ffddd580000 - 0x00007ffddd5b1000 	C:\WINDOWS\SYSTEM32\dbgcore.DLL
0x00007ffdf32e0000 - 0x00007ffdf3361000 	C:\WINDOWS\System32\bcryptPrimitives.dll
0x00007ffdc6e70000 - 0x00007ffdc6e99000 	C:\Program Files\Android\Android Studio\jre\bin\java.dll
0x00007ffdef240000 - 0x00007ffdef24b000 	C:\Program Files\Android\Android Studio\jre\bin\jimage.dll
0x00007ffdd9890000 - 0x00007ffdd98a8000 	C:\Program Files\Android\Android Studio\jre\bin\zip.dll
0x00007ffdf48f0000 - 0x00007ffdf50a4000 	C:\WINDOWS\System32\SHELL32.dll
0x00007ffdf0a10000 - 0x00007ffdf126d000 	C:\WINDOWS\SYSTEM32\windows.storage.dll
0x00007ffdf08c0000 - 0x00007ffdf0a09000 	C:\WINDOWS\SYSTEM32\wintypes.dll
0x00007ffdf44f0000 - 0x00007ffdf45e0000 	C:\WINDOWS\System32\SHCORE.dll
0x00007ffdf3700000 - 0x00007ffdf375b000 	C:\WINDOWS\System32\shlwapi.dll
0x00007ffdf28f0000 - 0x00007ffdf2911000 	C:\WINDOWS\SYSTEM32\profapi.dll
0x00007ffdd6e10000 - 0x00007ffdd6e2a000 	C:\Program Files\Android\Android Studio\jre\bin\net.dll
0x00007ffdeba10000 - 0x00007ffdebb22000 	C:\WINDOWS\SYSTEM32\WINHTTP.dll
0x00007ffdf1e90000 - 0x00007ffdf1ef9000 	C:\WINDOWS\system32\mswsock.dll
0x00007ffdd6ce0000 - 0x00007ffdd6cf4000 	C:\Program Files\Android\Android Studio\jre\bin\nio.dll
0x00007ffdbdb00000 - 0x00007ffdbdb27000 	C:\Users\TUF Gaming\.gradle\native\8bec1ad78214c89d9ad589b4d07fe93259594b29d510b10fafb7a158f7737e5d\windows-amd64\native-platform.dll
0x00007ffd5a8c0000 - 0x00007ffd5a9fd000 	C:\Users\TUF Gaming\.gradle\native\53dbd7edfb1c66fb8903c78663c9afc45aea4f116125fa6feffd364cf09443e8\windows-amd64\native-platform-file-events.dll
0x00007ffde8dc0000 - 0x00007ffde8dca000 	C:\Program Files\Android\Android Studio\jre\bin\management.dll
0x00007ffde6a40000 - 0x00007ffde6a4c000 	C:\Program Files\Android\Android Studio\jre\bin\management_ext.dll
0x00007ffdf2130000 - 0x00007ffdf2148000 	C:\WINDOWS\SYSTEM32\CRYPTSP.dll
0x00007ffdf19b0000 - 0x00007ffdf19e5000 	C:\WINDOWS\system32\rsaenh.dll
0x00007ffdf1fb0000 - 0x00007ffdf1fd9000 	C:\WINDOWS\SYSTEM32\USERENV.dll
0x00007ffdf2310000 - 0x00007ffdf2338000 	C:\WINDOWS\SYSTEM32\bcrypt.dll
0x00007ffdf2120000 - 0x00007ffdf212c000 	C:\WINDOWS\SYSTEM32\CRYPTBASE.dll
0x00007ffdf14c0000 - 0x00007ffdf14ed000 	C:\WINDOWS\SYSTEM32\IPHLPAPI.DLL
0x00007ffdf3f80000 - 0x00007ffdf3f89000 	C:\WINDOWS\System32\NSI.dll
0x00007ffdeb980000 - 0x00007ffdeb999000 	C:\WINDOWS\SYSTEM32\dhcpcsvc6.DLL
0x00007ffdeb760000 - 0x00007ffdeb77e000 	C:\WINDOWS\SYSTEM32\dhcpcsvc.DLL
0x00007ffdf14f0000 - 0x00007ffdf15e7000 	C:\WINDOWS\SYSTEM32\DNSAPI.dll

dbghelp: loaded successfully - version: 4.0.5 - missing functions: none
symbol engine: initialized successfully - sym options: 0x614 - pdb path: .;C:\Program Files\Android\Android Studio\jre\bin;C:\WINDOWS\SYSTEM32;C:\WINDOWS\WinSxS\amd64_microsoft.windows.common-controls_6595b64144ccf1df_6.0.22494.1000_none_23deebcec6cdf010;C:\Program Files\Android\Android Studio\jre\bin\server;C:\Users\TUF Gaming\.gradle\native\8bec1ad78214c89d9ad589b4d07fe93259594b29d510b10fafb7a158f7737e5d\windows-amd64;C:\Users\TUF Gaming\.gradle\native\53dbd7edfb1c66fb8903c78663c9afc45aea4f116125fa6feffd364cf09443e8\windows-amd64

VM Arguments:
jvm_args: --add-opens=java.base/java.util=ALL-UNNAMED --add-opens=java.base/java.lang=ALL-UNNAMED --add-opens=java.base/java.lang.invoke=ALL-UNNAMED --add-opens=java.base/java.util=ALL-UNNAMED --add-opens=java.prefs/java.util.prefs=ALL-UNNAMED --add-opens=java.prefs/java.util.prefs=ALL-UNNAMED --add-opens=java.base/java.nio.charset=ALL-UNNAMED --add-opens=java.base/java.net=ALL-UNNAMED --add-opens=java.base/java.util.concurrent.atomic=ALL-UNNAMED -Xmx2048m -Dfile.encoding=UTF-8 -Duser.country=ID -Duser.language=en -Duser.variant 
java_command: org.gradle.launcher.daemon.bootstrap.GradleDaemon 7.0.2
java_class_path (initial): C:\Users\TUF Gaming\.gradle\wrapper\dists\gradle-7.0.2-bin\857tjihv64xamwrf0h14cai3r\gradle-7.0.2\lib\gradle-launcher-7.0.2.jar
Launcher Type: SUN_STANDARD

[Global flags]
     intx CICompilerCount                          = 12                                        {product} {ergonomic}
     uint ConcGCThreads                            = 3                                         {product} {ergonomic}
     uint G1ConcRefinementThreads                  = 13                                        {product} {ergonomic}
   size_t G1HeapRegionSize                         = 1048576                                   {product} {ergonomic}
    uintx GCDrainStackTargetSize                   = 64                                        {product} {ergonomic}
   size_t InitialHeapSize                          = 260046848                                 {product} {ergonomic}
   size_t MarkStackSize                            = 4194304                                   {product} {ergonomic}
   size_t MaxHeapSize                              = 2147483648                                {product} {command line}
   size_t MaxNewSize                               = 1287651328                                {product} {ergonomic}
   size_t MinHeapDeltaBytes                        = 1048576                                   {product} {ergonomic}
    uintx NonNMethodCodeHeapSize                   = 7594288                                {pd product} {ergonomic}
    uintx NonProfiledCodeHeapSize                  = 122031976                              {pd product} {ergonomic}
    uintx ProfiledCodeHeapSize                     = 122031976                              {pd product} {ergonomic}
    uintx ReservedCodeCacheSize                    = 251658240                              {pd product} {ergonomic}
     bool SegmentedCodeCache                       = true                                      {product} {ergonomic}
     bool UseCompressedClassPointers               = true                                 {lp64_product} {ergonomic}
     bool UseCompressedOops                        = true                                 {lp64_product} {ergonomic}
     bool UseG1GC                                  = true                                      {product} {ergonomic}
     bool UseLargePagesIndividualAllocation        = false                                  {pd product} {ergonomic}

Logging:
Log output configuration:
 #0: stdout all=warning uptime,level,tags
 #1: stderr all=off uptime,level,tags

Environment Variables:
JAVA_HOME=C:\Program Files\Java\jdk-17.0.1\bin
PATH=C:\ProgramData\Oracle\Java\javapath;C:\Python39\Scripts\;C:\Python39\;C:\Program Files\Common Files\Oracle\Java\javapath;C:\Program Files (x86)\Common Files\Oracle\Java\javapath;C:\Program Files (x86)\Common Files\Intel\Shared Libraries\redist\intel64_win\compiler;C:\Program Files (x86)\Common Files\Intel\Shared Libraries\redist\intel64\compiler;C:\Windows\system32;C:\Windows;C:\Windows\System32\Wbem;C:\Windows\System32\WindowsPowerShell\v1.0\;C:\Windows\System32\OpenSSH\;C:\Program Files (x86)\NVIDIA Corporation\PhysX\Common;C:\Program Files\NVIDIA Corporation\NVIDIA NvDLISR;C:\WINDOWS\system32;C:\WINDOWS;C:\WINDOWS\System32\Wbem;C:\WINDOWS\System32\WindowsPowerShell\v1.0\;C:\WINDOWS\System32\OpenSSH\;C:\xampp\php;C:\ProgramData\ComposerSetup\bin;C:\Program Files\nodejs\;C:\ProgramData\chocolatey\bin;C:\Program Files\Git\cmd;C:\Program Files (x86)\dotnet\;C:\Program Files\PowerShell\7\;C:\Program Files\Java\jdk-17.0.1\bin;C:\Users\TUF Gaming\AppData\Local\Microsoft\WindowsApps;C:\Users\TUF Gaming\AppData\Local\Programs\Microsoft VS Code\bin;C:\Users\TUF Gaming\AppData\Roaming\Composer\vendor\bin;C:\Users\TUF Gaming\AppData\Roaming\npm;C:\Users\TUF Gaming\AppData\Local\GitHubDesktop\bin;
USERNAME=TUF Gaming
OS=Windows_NT
PROCESSOR_IDENTIFIER=AMD64 Family 23 Model 96 Stepping 1, AuthenticAMD



---------------  S Y S T E M  ---------------

OS: Windows 10 , 64 bit Build 22494 (10.0.22494.1000)
OS uptime: 3 days 7:45 hours
Hyper-V role detected

CPU:total 16 (initial active 16) (16 cores per cpu, 2 threads per core) family 23 model 96 stepping 1 microcode 0x0, cmov, cx8, fxsr, mmx, sse, sse2, sse3, ssse3, sse4.1, sse4.2, popcnt, avx, avx2, aes, clmul, mmxext, 3dnowpref, lzcnt, sse4a, ht, tsc, tscinvbit, tscinv, bmi1, bmi2, adx, 

Memory: 4k page, system-wide physical 15789M (2929M free)
TotalPageFile size 23789M (AvailPageFile size 8M)
current process WorkingSet (physical memory assigned to process): 275M, peak: 275M
current process commit charge ("private bytes"): 446M, peak: 447M

vm_info: OpenJDK 64-Bit Server VM (11.0.10+0-b96-7249189) for windows-amd64 JRE (11.0.10+0-b96-7249189), built on Mar 31 2021 21:44:00 by "builder" with MS VC++ 14.0 (VS2015)

END.
