#
# There is insufficient memory for the Java Runtime Environment to continue.
# Native memory allocation (malloc) failed to allocate 32744 bytes for ChunkPool::allocate
# Possible reasons:
#   The system is out of physical RAM or swap space
#   The process is running with CompressedOops enabled, and the Java Heap may be blocking the growth of the native heap
# Possible solutions:
#   Reduce memory load on the system
#   Increase physical memory or swap space
#   Check if swap backing store is full
#   Decrease Java heap size (-Xmx/-Xms)
#   Decrease number of Java threads
#   Decrease Java thread stack sizes (-Xss)
#   Set larger code cache with -XX:ReservedCodeCacheSize=
#   JVM is running with Unscaled Compressed Oops mode in which the Java heap is
#     placed in the first 4GB address space. The Java Heap base address is the
#     maximum limit for the native heap growth. Please use -XX:HeapBaseMinAddress
#     to set the Java Heap base and to place the Java Heap above 4GB virtual address.
# This output file may be truncated or incomplete.
#
#  Out of Memory Error (./src/hotspot/share/memory/arena.cpp:81), pid=2060, tid=21256
#
# JRE version: OpenJDK Runtime Environment (11.0.10) (build 11.0.10+0-b96-7249189)
# Java VM: OpenJDK 64-Bit Server VM (11.0.10+0-b96-7249189, mixed mode, tiered, compressed oops, g1 gc, windows-amd64)
# No core dump will be written. Minidumps are not enabled by default on client versions of Windows
#

---------------  S U M M A R Y ------------

Command Line: --add-opens=java.base/java.util=ALL-UNNAMED --add-opens=java.base/java.lang=ALL-UNNAMED --add-opens=java.base/java.lang.invoke=ALL-UNNAMED --add-opens=java.base/java.util=ALL-UNNAMED --add-opens=java.prefs/java.util.prefs=ALL-UNNAMED --add-opens=java.prefs/java.util.prefs=ALL-UNNAMED --add-opens=java.base/java.nio.charset=ALL-UNNAMED --add-opens=java.base/java.net=ALL-UNNAMED --add-opens=java.base/java.util.concurrent.atomic=ALL-UNNAMED -Xmx2048m -Dfile.encoding=UTF-8 -Duser.country=ID -Duser.language=en -Duser.variant org.gradle.launcher.daemon.bootstrap.GradleDaemon 7.0.2

Host: AMD Ryzen 9 4900H with Radeon Graphics         , 16 cores, 15G,  Windows 10 , 64 bit Build 22494 (10.0.22494.1000)
Time: Mon Nov 29 23:38:10 2021 SE Asia Standard Time elapsed time: 15.719590 seconds (0d 0h 0m 15s)

---------------  T H R E A D  ---------------

Current thread (0x000002ccc71f8000):  JavaThread "C2 CompilerThread7" daemon [_thread_in_native, id=21256, stack(0x000000d9d2700000,0x000000d9d2800000)]


Current CompileTask:
C2:  15719 16233   !   4       java.nio.file.FileTreeWalker::next (144 bytes)

Stack: [0x000000d9d2700000,0x000000d9d2800000]
Native frames: (J=compiled Java code, j=interpreted, Vv=VM code, C=native code)
V  [jvm.dll+0x5ecfaa]
V  [jvm.dll+0x722bd5]
V  [jvm.dll+0x72412d]
V  [jvm.dll+0x7247e3]
V  [jvm.dll+0x242928]
V  [jvm.dll+0xbc75b]
V  [jvm.dll+0xbca0c]
V  [jvm.dll+0xbc608]
V  [jvm.dll+0x5cd2ee]
V  [jvm.dll+0x846d8]
V  [jvm.dll+0x5943fe]
V  [jvm.dll+0x2bfb3d]
V  [jvm.dll+0x2bb617]
V  [jvm.dll+0x2bbafc]
V  [jvm.dll+0x1fc9d5]
V  [jvm.dll+0x1fa77f]
V  [jvm.dll+0x18354c]
V  [jvm.dll+0x208ee7]
V  [jvm.dll+0x207731]
V  [jvm.dll+0x6eb1cf]
V  [jvm.dll+0x6e3d45]
V  [jvm.dll+0x5ebe96]
C  [ucrtbase.dll+0x293cc]
C  [KERNEL32.DLL+0x16ab0]
C  [ntdll.dll+0x51edb]


---------------  P R O C E S S  ---------------

Threads class SMR info:
_java_thread_list=0x000002cccb4b9ca0, length=109, elements={
0x000002cca47f6800, 0x000002ccbff88000, 0x000002ccbff8b000, 0x000002ccbffe1800,
0x000002ccbffe2800, 0x000002ccbffe5000, 0x000002ccbffea000, 0x000002ccbffeb000,
0x000002ccbffed800, 0x000002ccc0157800, 0x000002ccc015a800, 0x000002ccc0179800,
0x000002ccc0ed4800, 0x000002ccc22c2800, 0x000002ccc1952000, 0x000002ccc14ff000,
0x000002ccc14d2800, 0x000002ccc2346000, 0x000002ccc22c1000, 0x000002ccc2325000,
0x000002ccc2377800, 0x000002ccc280f800, 0x000002ccc288e000, 0x000002ccc214f800,
0x000002ccc214e000, 0x000002ccc214d000, 0x000002ccc2150800, 0x000002ccc214e800,
0x000002ccc2151000, 0x000002ccc2152000, 0x000002ccc214c000, 0x000002ccc2152800,
0x000002ccc4694800, 0x000002ccc4692800, 0x000002ccc4695000, 0x000002ccc4690000,
0x000002ccc4696000, 0x000002ccc4691000, 0x000002ccc4697800, 0x000002ccc4698800,
0x000002ccc4699000, 0x000002ccc4693800, 0x000002ccc469a000, 0x000002ccc469c800,
0x000002ccc469b000, 0x000002ccc469d800, 0x000002ccc469e000, 0x000002ccc469b800,
0x000002ccc419b000, 0x000002ccc419f000, 0x000002ccc41a0000, 0x000002ccc419a000,
0x000002ccc41a1800, 0x000002ccc419c000, 0x000002ccc41a0800, 0x000002ccc41a2800,
0x000002ccc419c800, 0x000002ccc41a3000, 0x000002ccc419d800, 0x000002ccc41a4000,
0x000002ccc419e000, 0x000002ccc41a9000, 0x000002ccc41a5000, 0x000002ccc41a5800,
0x000002ccc41a6800, 0x000002ccc41a7000, 0x000002ccc41a8000, 0x000002ccc5e9f000,
0x000002ccc5e9a000, 0x000002ccc4db1000, 0x000002ccc5e99000, 0x000002ccc5e9d000,
0x000002ccc154c000, 0x000002ccc5ea0800, 0x000002ccc5e9c800, 0x000002ccc5e9a800,
0x000002ccc5e9e000, 0x000002ccc5ea1000, 0x000002ccc5e9b800, 0x000002ccc5ea6000,
0x000002ccc5ea7800, 0x000002ccc5ea2000, 0x000002ccc5ea3800, 0x000002ccc5ea3000,
0x000002ccc5ea4800, 0x000002ccc5ea5800, 0x000002ccc5ea7000, 0x000002ccc71f6000,
0x000002ccc71fa800, 0x000002ccc71f7000, 0x000002ccc71fb000, 0x000002ccc71fd800,
0x000002ccc71fc000, 0x000002ccc71fd000, 0x000002ccc71f8000, 0x000002ccc71ff000,
0x000002ccc71fe800, 0x000002ccc71f9800, 0x000002ccc7201800, 0x000002ccc7202800,
0x000002ccc7200000, 0x000002ccc7201000, 0x000002ccc7203800, 0x000002cccca00000,
0x000002cccca06800, 0x000002cccca02000, 0x000002cccca04000, 0x000002cccca03800,
0x000002cccca05000
}

Java Threads: ( => current thread )
  0x000002cca47f6800 JavaThread "main" [_thread_blocked, id=23572, stack(0x000000d9cb000000,0x000000d9cb100000)]
  0x000002ccbff88000 JavaThread "Reference Handler" daemon [_thread_blocked, id=34020, stack(0x000000d9cb700000,0x000000d9cb800000)]
  0x000002ccbff8b000 JavaThread "Finalizer" daemon [_thread_blocked, id=31192, stack(0x000000d9cb800000,0x000000d9cb900000)]
  0x000002ccbffe1800 JavaThread "Signal Dispatcher" daemon [_thread_blocked, id=37320, stack(0x000000d9cb900000,0x000000d9cba00000)]
  0x000002ccbffe2800 JavaThread "Attach Listener" daemon [_thread_blocked, id=30776, stack(0x000000d9cba00000,0x000000d9cbb00000)]
  0x000002ccbffe5000 JavaThread "Service Thread" daemon [_thread_blocked, id=37588, stack(0x000000d9cbb00000,0x000000d9cbc00000)]
  0x000002ccbffea000 JavaThread "C2 CompilerThread0" daemon [_thread_blocked, id=29484, stack(0x000000d9cbc00000,0x000000d9cbd00000)]
  0x000002ccbffeb000 JavaThread "C1 CompilerThread0" daemon [_thread_blocked, id=37396, stack(0x000000d9cbd00000,0x000000d9cbe00000)]
  0x000002ccbffed800 JavaThread "Sweeper thread" daemon [_thread_blocked, id=23676, stack(0x000000d9cbe00000,0x000000d9cbf00000)]
  0x000002ccc0157800 JavaThread "C1 CompilerThread1" daemon [_thread_in_vm, id=30344, stack(0x000000d9cbf00000,0x000000d9cc000000)]
  0x000002ccc015a800 JavaThread "C1 CompilerThread2" daemon [_thread_blocked, id=36328, stack(0x000000d9cc000000,0x000000d9cc100000)]
  0x000002ccc0179800 JavaThread "Common-Cleaner" daemon [_thread_blocked, id=1048, stack(0x000000d9cc100000,0x000000d9cc200000)]
  0x000002ccc0ed4800 JavaThread "C1 CompilerThread3" daemon [_thread_in_vm, id=8568, stack(0x000000d9cc900000,0x000000d9cca00000)]
  0x000002ccc22c2800 JavaThread "Daemon health stats" [_thread_blocked, id=19160, stack(0x000000d9cca00000,0x000000d9ccb00000)]
  0x000002ccc1952000 JavaThread "Incoming local TCP Connector on port 64104" [_thread_in_native, id=15308, stack(0x000000d9cc300000,0x000000d9cc400000)]
  0x000002ccc14ff000 JavaThread "Daemon periodic checks" [_thread_blocked, id=14672, stack(0x000000d9cc400000,0x000000d9cc500000)]
  0x000002ccc14d2800 JavaThread "Daemon" [_thread_blocked, id=29216, stack(0x000000d9ccb00000,0x000000d9ccc00000)]
  0x000002ccc2346000 JavaThread "Handler for socket connection from /127.0.0.1:64104 to /127.0.0.1:64105" [_thread_in_native, id=21336, stack(0x000000d9ccc00000,0x000000d9ccd00000)]
  0x000002ccc22c1000 JavaThread "Cancel handler" [_thread_blocked, id=26620, stack(0x000000d9ccd00000,0x000000d9cce00000)]
  0x000002ccc2325000 JavaThread "Daemon worker" [_thread_blocked, id=14052, stack(0x000000d9cce00000,0x000000d9ccf00000)]
  0x000002ccc2377800 JavaThread "C2 CompilerThread1" daemon [_thread_in_native, id=8628, stack(0x000000d9ccf00000,0x000000d9cd000000)]
  0x000002ccc280f800 JavaThread "Asynchronous log dispatcher for DefaultDaemonConnection: socket connection from /127.0.0.1:64104 to /127.0.0.1:64105" [_thread_blocked, id=11232, stack(0x000000d9cd000000,0x000000d9cd100000)]
  0x000002ccc288e000 JavaThread "Stdin handler" [_thread_blocked, id=25584, stack(0x000000d9cd100000,0x000000d9cd200000)]
  0x000002ccc214f800 JavaThread "Daemon client event forwarder" [_thread_blocked, id=33588, stack(0x000000d9cd200000,0x000000d9cd300000)]
  0x000002ccc214e000 JavaThread "Cache worker for file hash cache (C:\Users\TUF Gaming\.gradle\caches\7.0.2\fileHashes)" [_thread_blocked, id=27688, stack(0x000000d9cd300000,0x000000d9cd400000)]
  0x000002ccc214d000 JavaThread "File lock request listener" [_thread_in_native, id=35196, stack(0x000000d9cd400000,0x000000d9cd500000)]
  0x000002ccc2150800 JavaThread "Cache worker for journal cache (C:\Users\TUF Gaming\.gradle\caches\journal-1)" [_thread_blocked, id=23888, stack(0x000000d9cdf00000,0x000000d9ce000000)]
  0x000002ccc214e800 JavaThread "Cache worker for file hash cache (D:\KULIAH\Semester 5\Rekayasa Perangkat Lunak\ParkTikomAdmin\.gradle\7.0.2\fileHashes)" [_thread_blocked, id=32320, stack(0x000000d9ce000000,0x000000d9ce100000)]
  0x000002ccc2151000 JavaThread "File watcher server" daemon [_thread_in_native, id=33320, stack(0x000000d9ce100000,0x000000d9ce200000)]
  0x000002ccc2152000 JavaThread "File watcher consumer" daemon [_thread_blocked, id=35340, stack(0x000000d9ce200000,0x000000d9ce300000)]
  0x000002ccc214c000 JavaThread "Cache worker for checksums cache (D:\KULIAH\Semester 5\Rekayasa Perangkat Lunak\ParkTikomAdmin\.gradle\checksums)" [_thread_blocked, id=22488, stack(0x000000d9ce400000,0x000000d9ce500000)]
  0x000002ccc2152800 JavaThread "Cache worker for cache directory md-supplier (C:\Users\TUF Gaming\.gradle\caches\7.0.2\md-supplier)" [_thread_blocked, id=26472, stack(0x000000d9ce500000,0x000000d9ce600000)]
  0x000002ccc4694800 JavaThread "Cache worker for cache directory md-rule (C:\Users\TUF Gaming\.gradle\caches\7.0.2\md-rule)" [_thread_blocked, id=35068, stack(0x000000d9ce600000,0x000000d9ce700000)]
  0x000002ccc4692800 JavaThread "Cache worker for execution history cache (C:\Users\TUF Gaming\.gradle\caches\7.0.2\executionHistory)" [_thread_blocked, id=26248, stack(0x000000d9ce700000,0x000000d9ce800000)]
  0x000002ccc4695000 JavaThread "jar transforms" [_thread_blocked, id=29996, stack(0x000000d9ceb00000,0x000000d9cec00000)]
  0x000002ccc4690000 JavaThread "jar transforms Thread 2" [_thread_blocked, id=18376, stack(0x000000d9cec00000,0x000000d9ced00000)]
  0x000002ccc4696000 JavaThread "Cache worker for file content cache (C:\Users\TUF Gaming\.gradle\caches\7.0.2\fileContent)" [_thread_blocked, id=34968, stack(0x000000d9ced00000,0x000000d9cee00000)]
  0x000002ccc4691000 JavaThread "Cache worker for dependencies-accessors (D:\KULIAH\Semester 5\Rekayasa Perangkat Lunak\ParkTikomAdmin\.gradle\7.0.2\dependencies-accessors)" [_thread_blocked, id=29120, stack(0x000000d9cee00000,0x000000d9cef00000)]
  0x000002ccc4697800 JavaThread "jar transforms Thread 3" [_thread_blocked, id=18684, stack(0x000000d9cef00000,0x000000d9cf000000)]
  0x000002ccc4698800 JavaThread "Cache worker for Build Output Cleanup Cache (D:\KULIAH\Semester 5\Rekayasa Perangkat Lunak\ParkTikomAdmin\.gradle\buildOutputCleanup)" [_thread_blocked, id=31740, stack(0x000000d9cea00000,0x000000d9ceb00000)]
  0x000002ccc4699000 JavaThread "Build operations" [_thread_blocked, id=7844, stack(0x000000d9cf000000,0x000000d9cf100000)]
  0x000002ccc4693800 JavaThread "Build operations Thread 2" [_thread_blocked, id=15168, stack(0x000000d9cf100000,0x000000d9cf200000)]
  0x000002ccc469a000 JavaThread "Build operations Thread 3" [_thread_blocked, id=15244, stack(0x000000d9cf200000,0x000000d9cf300000)]
  0x000002ccc469c800 JavaThread "Build operations Thread 4" [_thread_blocked, id=23236, stack(0x000000d9cf300000,0x000000d9cf400000)]
  0x000002ccc469b000 JavaThread "Build operations Thread 5" [_thread_blocked, id=28032, stack(0x000000d9cf400000,0x000000d9cf500000)]
  0x000002ccc469d800 JavaThread "Build operations Thread 6" [_thread_blocked, id=26120, stack(0x000000d9cf500000,0x000000d9cf600000)]
  0x000002ccc469e000 JavaThread "Build operations Thread 7" [_thread_blocked, id=19512, stack(0x000000d9cf600000,0x000000d9cf700000)]
  0x000002ccc469b800 JavaThread "Build operations Thread 8" [_thread_blocked, id=23852, stack(0x000000d9cf700000,0x000000d9cf800000)]
  0x000002ccc419b000 JavaThread "Build operations Thread 9" [_thread_blocked, id=15496, stack(0x000000d9cf800000,0x000000d9cf900000)]
  0x000002ccc419f000 JavaThread "Build operations Thread 10" [_thread_blocked, id=13736, stack(0x000000d9cf900000,0x000000d9cfa00000)]
  0x000002ccc41a0000 JavaThread "Build operations Thread 11" [_thread_blocked, id=13352, stack(0x000000d9cfa00000,0x000000d9cfb00000)]
  0x000002ccc419a000 JavaThread "Build operations Thread 12" [_thread_blocked, id=29704, stack(0x000000d9cfb00000,0x000000d9cfc00000)]
  0x000002ccc41a1800 JavaThread "Build operations Thread 13" [_thread_blocked, id=29444, stack(0x000000d9cfc00000,0x000000d9cfd00000)]
  0x000002ccc419c000 JavaThread "Build operations Thread 14" [_thread_blocked, id=7276, stack(0x000000d9cfd00000,0x000000d9cfe00000)]
  0x000002ccc41a0800 JavaThread "Build operations Thread 15" [_thread_blocked, id=34892, stack(0x000000d9cfe00000,0x000000d9cff00000)]
  0x000002ccc41a2800 JavaThread "Build operations Thread 16" [_thread_blocked, id=29208, stack(0x000000d9cff00000,0x000000d9d0000000)]
  0x000002ccc419c800 JavaThread "jar transforms Thread 4" [_thread_blocked, id=5940, stack(0x000000d9d0000000,0x000000d9d0100000)]
  0x000002ccc41a3000 JavaThread "jar transforms Thread 5" [_thread_blocked, id=1072, stack(0x000000d9d0100000,0x000000d9d0200000)]
  0x000002ccc419d800 JavaThread "jar transforms Thread 6" [_thread_blocked, id=28948, stack(0x000000d9d0200000,0x000000d9d0300000)]
  0x000002ccc41a4000 JavaThread "jar transforms Thread 7" [_thread_blocked, id=37668, stack(0x000000d9d0300000,0x000000d9d0400000)]
  0x000002ccc419e000 JavaThread "jar transforms Thread 8" [_thread_blocked, id=11212, stack(0x000000d9d0400000,0x000000d9d0500000)]
  0x000002ccc41a9000 JavaThread "jar transforms Thread 9" [_thread_blocked, id=320, stack(0x000000d9d0500000,0x000000d9d0600000)]
  0x000002ccc41a5000 JavaThread "jar transforms Thread 10" [_thread_blocked, id=31880, stack(0x000000d9d0600000,0x000000d9d0700000)]
  0x000002ccc41a5800 JavaThread "jar transforms Thread 11" [_thread_blocked, id=12848, stack(0x000000d9d0700000,0x000000d9d0800000)]
  0x000002ccc41a6800 JavaThread "jar transforms Thread 12" [_thread_blocked, id=30848, stack(0x000000d9d0800000,0x000000d9d0900000)]
  0x000002ccc41a7000 JavaThread "jar transforms Thread 13" [_thread_blocked, id=13160, stack(0x000000d9d0900000,0x000000d9d0a00000)]
  0x000002ccc41a8000 JavaThread "jar transforms Thread 14" [_thread_blocked, id=30128, stack(0x000000d9d0a00000,0x000000d9d0b00000)]
  0x000002ccc5e9f000 JavaThread "jar transforms Thread 15" [_thread_blocked, id=35284, stack(0x000000d9d0b00000,0x000000d9d0c00000)]
  0x000002ccc5e9a000 JavaThread "jar transforms Thread 16" [_thread_blocked, id=29380, stack(0x000000d9d0c00000,0x000000d9d0d00000)]
  0x000002ccc4db1000 JavaThread "C2 CompilerThread2" daemon [_thread_in_native, id=30228, stack(0x000000d9ce300000,0x000000d9ce400000)]
  0x000002ccc5e99000 JavaThread "Memory manager" [_thread_blocked, id=3244, stack(0x000000d9ce800000,0x000000d9ce900000)]
  0x000002ccc5e9d000 JavaThread "build event listener" [_thread_blocked, id=32396, stack(0x000000d9d1100000,0x000000d9d1200000)]
  0x000002ccc154c000 JavaThread "C2 CompilerThread3" daemon [_thread_in_native, id=10704, stack(0x000000d9d1000000,0x000000d9d1100000)]
  0x000002ccc5ea0800 JavaThread "build event listener" [_thread_blocked, id=25768, stack(0x000000d9d1400000,0x000000d9d1500000)]
  0x000002ccc5e9c800 JavaThread "Execution worker for ':'" [_thread_blocked, id=36872, stack(0x000000d9d1500000,0x000000d9d1600000)]
  0x000002ccc5e9a800 JavaThread "Execution worker for ':' Thread 2" [_thread_blocked, id=26556, stack(0x000000d9d1600000,0x000000d9d1700000)]
  0x000002ccc5e9e000 JavaThread "Execution worker for ':' Thread 3" [_thread_blocked, id=12416, stack(0x000000d9d1700000,0x000000d9d1800000)]
  0x000002ccc5ea1000 JavaThread "Execution worker for ':' Thread 4" [_thread_blocked, id=25612, stack(0x000000d9d1800000,0x000000d9d1900000)]
  0x000002ccc5e9b800 JavaThread "Execution worker for ':' Thread 5" [_thread_blocked, id=37296, stack(0x000000d9d1900000,0x000000d9d1a00000)]
  0x000002ccc5ea6000 JavaThread "Execution worker for ':' Thread 6" [_thread_blocked, id=31436, stack(0x000000d9d1a00000,0x000000d9d1b00000)]
  0x000002ccc5ea7800 JavaThread "Execution worker for ':' Thread 7" [_thread_blocked, id=4520, stack(0x000000d9d1b00000,0x000000d9d1c00000)]
  0x000002ccc5ea2000 JavaThread "Execution worker for ':' Thread 8" [_thread_blocked, id=34844, stack(0x000000d9d1c00000,0x000000d9d1d00000)]
  0x000002ccc5ea3800 JavaThread "Execution worker for ':' Thread 9" [_thread_blocked, id=17064, stack(0x000000d9d1d00000,0x000000d9d1e00000)]
  0x000002ccc5ea3000 JavaThread "Execution worker for ':' Thread 10" [_thread_blocked, id=33380, stack(0x000000d9d1e00000,0x000000d9d1f00000)]
  0x000002ccc5ea4800 JavaThread "Execution worker for ':' Thread 11" [_thread_blocked, id=12880, stack(0x000000d9d1f00000,0x000000d9d2000000)]
  0x000002ccc5ea5800 JavaThread "Execution worker for ':' Thread 12" [_thread_blocked, id=12568, stack(0x000000d9d2000000,0x000000d9d2100000)]
  0x000002ccc5ea7000 JavaThread "Execution worker for ':' Thread 13" [_thread_blocked, id=27732, stack(0x000000d9d2100000,0x000000d9d2200000)]
  0x000002ccc71f6000 JavaThread "Execution worker for ':' Thread 14" [_thread_blocked, id=22592, stack(0x000000d9d2200000,0x000000d9d2300000)]
  0x000002ccc71fa800 JavaThread "Execution worker for ':' Thread 15" [_thread_blocked, id=34588, stack(0x000000d9d2300000,0x000000d9d2400000)]
  0x000002ccc71f7000 JavaThread "Cache worker for execution history cache (D:\KULIAH\Semester 5\Rekayasa Perangkat Lunak\ParkTikomAdmin\.gradle\7.0.2\executionHistory)" [_thread_blocked, id=22452, stack(0x000000d9d2400000,0x000000d9d2500000)]
  0x000002ccc71fb000 JavaThread "WorkerExecutor Queue" [_thread_blocked, id=33548, stack(0x000000d9d1200000,0x000000d9d1300000)]
  0x000002ccc71fd800 JavaThread "C2 CompilerThread4" daemon [_thread_in_native, id=19816, stack(0x000000d9d1300000,0x000000d9d1400000)]
  0x000002ccc71fc000 JavaThread "C2 CompilerThread5" daemon [_thread_in_native, id=27916, stack(0x000000d9d2500000,0x000000d9d2600000)]
  0x000002ccc71fd000 JavaThread "C2 CompilerThread6" daemon [_thread_in_native, id=34920, stack(0x000000d9d2600000,0x000000d9d2700000)]
=>0x000002ccc71f8000 JavaThread "C2 CompilerThread7" daemon [_thread_in_native, id=21256, stack(0x000000d9d2700000,0x000000d9d2800000)]
  0x000002ccc71ff000 JavaThread "WorkerExecutor Queue Thread 2" [_thread_blocked, id=32452, stack(0x000000d9d2800000,0x000000d9d2900000)]
  0x000002ccc71fe800 JavaThread "WorkerExecutor Queue Thread 3" [_thread_blocked, id=36232, stack(0x000000d9d2900000,0x000000d9d2a00000)]
  0x000002ccc71f9800 JavaThread "WorkerExecutor Queue Thread 4" [_thread_blocked, id=26456, stack(0x000000d9d2a00000,0x000000d9d2b00000)]
  0x000002ccc7201800 JavaThread "WorkerExecutor Queue Thread 5" [_thread_blocked, id=32212, stack(0x000000d9d2b00000,0x000000d9d2c00000)]
  0x000002ccc7202800 JavaThread "WorkerExecutor Queue Thread 6" [_thread_blocked, id=22432, stack(0x000000d9d2c00000,0x000000d9d2d00000)]
  0x000002ccc7200000 JavaThread "WorkerExecutor Queue Thread 7" [_thread_blocked, id=22276, stack(0x000000d9d2d00000,0x000000d9d2e00000)]
  0x000002ccc7201000 JavaThread "WorkerExecutor Queue Thread 8" [_thread_blocked, id=36604, stack(0x000000d9d2e00000,0x000000d9d2f00000)]
  0x000002ccc7203800 JavaThread "WorkerExecutor Queue Thread 9" [_thread_blocked, id=26880, stack(0x000000d9d2f00000,0x000000d9d3000000)]
  0x000002cccca00000 JavaThread "WorkerExecutor Queue Thread 10" [_thread_blocked, id=6120, stack(0x000000d9d3000000,0x000000d9d3100000)]
  0x000002cccca06800 JavaThread "WorkerExecutor Queue Thread 11" [_thread_blocked, id=31664, stack(0x000000d9d3100000,0x000000d9d3200000)]
  0x000002cccca02000 JavaThread "WorkerExecutor Queue Thread 12" [_thread_blocked, id=30936, stack(0x000000d9d3200000,0x000000d9d3300000)]
  0x000002cccca04000 JavaThread "WorkerExecutor Queue Thread 13" [_thread_blocked, id=14636, stack(0x000000d9d3300000,0x000000d9d3400000)]
  0x000002cccca03800 JavaThread "WorkerExecutor Queue Thread 14" [_thread_blocked, id=24680, stack(0x000000d9d3400000,0x000000d9d3500000)]
  0x000002cccca05000 JavaThread "WorkerExecutor Queue Thread 15" [_thread_blocked, id=23608, stack(0x000000d9d3500000,0x000000d9d3600000)]

Other Threads:
  0x000002ccbff81800 VMThread "VM Thread" [stack: 0x000000d9cb600000,0x000000d9cb700000] [id=1404]
  0x000002ccc01d0000 WatcherThread [stack: 0x000000d9cc200000,0x000000d9cc300000] [id=15508]
  0x000002cca4811800 GCTaskThread "GC Thread#0" [stack: 0x000000d9cb100000,0x000000d9cb200000] [id=22180]
  0x000002ccc12dd800 GCTaskThread "GC Thread#1" [stack: 0x000000d9cc500000,0x000000d9cc600000] [id=18832]
  0x000002ccc12de000 GCTaskThread "GC Thread#2" [stack: 0x000000d9cc600000,0x000000d9cc700000] [id=18072]
  0x000002ccc09f4000 GCTaskThread "GC Thread#3" [stack: 0x000000d9cc700000,0x000000d9cc800000] [id=22424]
  0x000002ccc09f4800 GCTaskThread "GC Thread#4" [stack: 0x000000d9cc800000,0x000000d9cc900000] [id=17596]
  0x000002ccc104e800 GCTaskThread "GC Thread#5" [stack: 0x000000d9cd500000,0x000000d9cd600000] [id=15676]
  0x000002ccc2830800 GCTaskThread "GC Thread#6" [stack: 0x000000d9cd600000,0x000000d9cd700000] [id=30220]
  0x000002ccc121b800 GCTaskThread "GC Thread#7" [stack: 0x000000d9cd700000,0x000000d9cd800000] [id=37656]
  0x000002ccc288c800 GCTaskThread "GC Thread#8" [stack: 0x000000d9cd800000,0x000000d9cd900000] [id=35656]
  0x000002ccc25d1800 GCTaskThread "GC Thread#9" [stack: 0x000000d9cd900000,0x000000d9cda00000] [id=33452]
  0x000002ccc1665000 GCTaskThread "GC Thread#10" [stack: 0x000000d9cda00000,0x000000d9cdb00000] [id=26436]
  0x000002ccc233c000 GCTaskThread "GC Thread#11" [stack: 0x000000d9cdb00000,0x000000d9cdc00000] [id=26588]
  0x000002ccc233d000 GCTaskThread "GC Thread#12" [stack: 0x000000d9cdc00000,0x000000d9cdd00000] [id=12980]
  0x000002cca4844800 ConcurrentGCThread "G1 Main Marker" [stack: 0x000000d9cb200000,0x000000d9cb300000] [id=30392]
  0x000002cca4846000 ConcurrentGCThread "G1 Conc#0" [stack: 0x000000d9cb300000,0x000000d9cb400000] [id=23892]
  0x000002ccc13ff000 ConcurrentGCThread "G1 Conc#1" [stack: 0x000000d9cdd00000,0x000000d9cde00000] [id=31796]
  0x000002ccc1432800 ConcurrentGCThread "G1 Conc#2" [stack: 0x000000d9cde00000,0x000000d9cdf00000] [id=9756]
  0x000002ccbf5d1800 ConcurrentGCThread "G1 Refine#0" [stack: 0x000000d9cb400000,0x000000d9cb500000] [id=13096]
  0x000002ccc08bf800 ConcurrentGCThread "G1 Refine#1" [stack: 0x000000d9d0d00000,0x000000d9d0e00000] [id=5688]
  0x000002ccc6181800 ConcurrentGCThread "G1 Refine#2" [stack: 0x000000d9ce900000,0x000000d9cea00000] [id=18132]
  0x000002ccc586e800 ConcurrentGCThread "G1 Refine#3" [stack: 0x000000d9d0e00000,0x000000d9d0f00000] [id=19304]
  0x000002ccc2da6000 ConcurrentGCThread "G1 Refine#4" [stack: 0x000000d9d0f00000,0x000000d9d1000000] [id=36204]
  0x000002ccbf5d2800 ConcurrentGCThread "G1 Young RemSet Sampling" [stack: 0x000000d9cb500000,0x000000d9cb600000] [id=14296]

Threads with active compile tasks:
C2 CompilerThread0  15735 16246   !   4       java.nio.file.FileTreeWalker::visit (204 bytes)
C1 CompilerThread1  15735 16347       3       java.util.HashMap::capacity (32 bytes)
C1 CompilerThread3  15735 16345       1       org.gradle.internal.build.event.types.DefaultTaskDescriptor::getDisplayName (5 bytes)
C2 CompilerThread1  15735 16201 %     4       org.gradle.internal.instantiation.generator.AbstractClassGenerator::inspectType @ 107 (560 bytes)
C2 CompilerThread2  15735 15450       4       com.android.tools.r8.internal.d9::a (485 bytes)
C2 CompilerThread3  15735 15528       4       com.android.tools.r8.internal.Mv::a (406 bytes)
C2 CompilerThread4  15735 15458       4       com.android.tools.r8.graph.H::a (1035 bytes)
C2 CompilerThread5  15735 15524 %     4       com.android.tools.r8.ir.regalloc.a::a @ 1405 (3985 bytes)
C2 CompilerThread6  15735 15536       4       com.android.tools.r8.internal.Mv::a (1305 bytes)
C2 CompilerThread7  15735 16233   !   4       java.nio.file.FileTreeWalker::next (144 bytes)

VM state:synchronizing (normal execution)

VM Mutex/Monitor currently owned by a thread:  ([mutex/lock_event])
[0x000002cca47f3c60] Threads_lock - owner thread: 0x000002ccbff81800
[0x000002cca47f2d30] Heap_lock - owner thread: 0x000002ccc7203800

Heap address: 0x0000000080000000, size: 2048 MB, Compressed Oops mode: 32-bit
Narrow klass base: 0x0000000000000000, Narrow klass shift: 3
Compressed class space size: 1073741824 Address: 0x0000000100000000

Heap:
 garbage-first heap   total 253952K, used 201424K [0x0000000080000000, 0x0000000100000000)
  region size 1024K, 111 young (113664K), 10 survivors (10240K)
 Metaspace       used 105206K, capacity 108618K, committed 108800K, reserved 1142784K
  class space    used 13760K, capacity 15061K, committed 15104K, reserved 1048576K
Heap Regions: E=young(eden), S=young(survivor), O=old, HS=humongous(starts), HC=humongous(continues), CS=collection set, F=free, A=archive, TAMS=top-at-mark-start (previous, next)
|   0|0x0000000080000000, 0x0000000080100000, 0x0000000080100000|100%| O|  |TAMS 0x0000000080100000, 0x0000000080000000| Untracked 
|   1|0x0000000080100000, 0x0000000080200000, 0x0000000080200000|100%| O|  |TAMS 0x0000000080200000, 0x0000000080100000| Untracked 
|   2|0x0000000080200000, 0x0000000080300000, 0x0000000080300000|100%| O|  |TAMS 0x0000000080300000, 0x0000000080200000| Untracked 
|   3|0x0000000080300000, 0x0000000080400000, 0x0000000080400000|100%|HS|  |TAMS 0x0000000080400000, 0x0000000080300000| Complete 
|   4|0x0000000080400000, 0x0000000080500000, 0x0000000080500000|100%|HC|  |TAMS 0x0000000080500000, 0x0000000080400000| Complete 
|   5|0x0000000080500000, 0x0000000080600000, 0x0000000080600000|100%|HC|  |TAMS 0x0000000080600000, 0x0000000080500000| Complete 
|   6|0x0000000080600000, 0x0000000080700000, 0x0000000080700000|100%| O|  |TAMS 0x0000000080700000, 0x0000000080600000| Untracked 
|   7|0x0000000080700000, 0x0000000080800000, 0x0000000080800000|100%| O|  |TAMS 0x0000000080800000, 0x0000000080700000| Untracked 
|   8|0x0000000080800000, 0x0000000080900000, 0x0000000080900000|100%| O|  |TAMS 0x0000000080900000, 0x0000000080800000| Untracked 
|   9|0x0000000080900000, 0x0000000080a00000, 0x0000000080a00000|100%| O|  |TAMS 0x0000000080a00000, 0x0000000080900000| Untracked 
|  10|0x0000000080a00000, 0x0000000080b00000, 0x0000000080b00000|100%| O|  |TAMS 0x0000000080b00000, 0x0000000080a00000| Untracked 
|  11|0x0000000080b00000, 0x0000000080c00000, 0x0000000080c00000|100%| O|  |TAMS 0x0000000080c00000, 0x0000000080b00000| Untracked 
|  12|0x0000000080c00000, 0x0000000080d00000, 0x0000000080d00000|100%| O|  |TAMS 0x0000000080d00000, 0x0000000080c00000| Untracked 
|  13|0x0000000080d00000, 0x0000000080e00000, 0x0000000080e00000|100%| O|  |TAMS 0x0000000080e00000, 0x0000000080d00000| Untracked 
|  14|0x0000000080e00000, 0x0000000080f00000, 0x0000000080f00000|100%| O|  |TAMS 0x0000000080f00000, 0x0000000080e00000| Untracked 
|  15|0x0000000080f00000, 0x0000000081000000, 0x0000000081000000|100%| O|  |TAMS 0x0000000081000000, 0x0000000080f00000| Untracked 
|  16|0x0000000081000000, 0x0000000081100000, 0x0000000081100000|100%| O|  |TAMS 0x0000000081100000, 0x0000000081000000| Untracked 
|  17|0x0000000081100000, 0x0000000081200000, 0x0000000081200000|100%|HS|  |TAMS 0x0000000081200000, 0x0000000081100000| Complete 
|  18|0x0000000081200000, 0x0000000081300000, 0x0000000081300000|100%|HS|  |TAMS 0x0000000081300000, 0x0000000081200000| Complete 
|  19|0x0000000081300000, 0x0000000081400000, 0x0000000081400000|100%|HS|  |TAMS 0x0000000081400000, 0x0000000081300000| Complete 
|  20|0x0000000081400000, 0x0000000081500000, 0x0000000081500000|100%|HS|  |TAMS 0x0000000081500000, 0x0000000081400000| Complete 
|  21|0x0000000081500000, 0x0000000081600000, 0x0000000081600000|100%|HC|  |TAMS 0x0000000081600000, 0x0000000081500000| Complete 
|  22|0x0000000081600000, 0x0000000081700000, 0x0000000081700000|100%|HC|  |TAMS 0x0000000081700000, 0x0000000081600000| Complete 
|  23|0x0000000081700000, 0x0000000081800000, 0x0000000081800000|100%|HS|  |TAMS 0x0000000081800000, 0x0000000081700000| Complete 
|  24|0x0000000081800000, 0x0000000081900000, 0x0000000081900000|100%|HC|  |TAMS 0x0000000081900000, 0x0000000081800000| Complete 
|  25|0x0000000081900000, 0x0000000081a00000, 0x0000000081a00000|100%| O|  |TAMS 0x0000000081a00000, 0x0000000081900000| Untracked 
|  26|0x0000000081a00000, 0x0000000081b00000, 0x0000000081b00000|100%| O|  |TAMS 0x0000000081b00000, 0x0000000081a00000| Untracked 
|  27|0x0000000081b00000, 0x0000000081c00000, 0x0000000081c00000|100%| O|  |TAMS 0x0000000081c00000, 0x0000000081b00000| Untracked 
|  28|0x0000000081c00000, 0x0000000081d00000, 0x0000000081d00000|100%| O|  |TAMS 0x0000000081d00000, 0x0000000081c00000| Untracked 
|  29|0x0000000081d00000, 0x0000000081e00000, 0x0000000081e00000|100%| O|  |TAMS 0x0000000081e00000, 0x0000000081d00000| Untracked 
|  30|0x0000000081e00000, 0x0000000081f00000, 0x0000000081f00000|100%| O|  |TAMS 0x0000000081f00000, 0x0000000081e00000| Untracked 
|  31|0x0000000081f00000, 0x0000000082000000, 0x0000000082000000|100%| O|  |TAMS 0x0000000082000000, 0x0000000081f00000| Untracked 
|  32|0x0000000082000000, 0x0000000082100000, 0x0000000082100000|100%| O|  |TAMS 0x0000000082100000, 0x0000000082000000| Untracked 
|  33|0x0000000082100000, 0x0000000082200000, 0x0000000082200000|100%| O|  |TAMS 0x0000000082200000, 0x0000000082100000| Untracked 
|  34|0x0000000082200000, 0x0000000082300000, 0x0000000082300000|100%| O|  |TAMS 0x0000000082300000, 0x0000000082200000| Untracked 
|  35|0x0000000082300000, 0x0000000082400000, 0x0000000082400000|100%| O|  |TAMS 0x0000000082400000, 0x0000000082300000| Untracked 
|  36|0x0000000082400000, 0x0000000082500000, 0x0000000082500000|100%| O|  |TAMS 0x0000000082500000, 0x0000000082400000| Untracked 
|  37|0x0000000082500000, 0x0000000082600000, 0x0000000082600000|100%| O|  |TAMS 0x0000000082600000, 0x0000000082500000| Untracked 
|  38|0x0000000082600000, 0x0000000082700000, 0x0000000082700000|100%| O|  |TAMS 0x0000000082700000, 0x0000000082600000| Untracked 
|  39|0x0000000082700000, 0x0000000082800000, 0x0000000082800000|100%| O|  |TAMS 0x0000000082800000, 0x0000000082700000| Untracked 
|  40|0x0000000082800000, 0x0000000082900000, 0x0000000082900000|100%| O|  |TAMS 0x0000000082900000, 0x0000000082800000| Untracked 
|  41|0x0000000082900000, 0x0000000082a00000, 0x0000000082a00000|100%| O|  |TAMS 0x0000000082a00000, 0x0000000082900000| Untracked 
|  42|0x0000000082a00000, 0x0000000082b00000, 0x0000000082b00000|100%| O|  |TAMS 0x0000000082b00000, 0x0000000082a00000| Untracked 
|  43|0x0000000082b00000, 0x0000000082c00000, 0x0000000082c00000|100%| O|  |TAMS 0x0000000082c00000, 0x0000000082b00000| Untracked 
|  44|0x0000000082c00000, 0x0000000082d00000, 0x0000000082d00000|100%| O|  |TAMS 0x0000000082d00000, 0x0000000082c00000| Untracked 
|  45|0x0000000082d00000, 0x0000000082e00000, 0x0000000082e00000|100%| O|  |TAMS 0x0000000082e00000, 0x0000000082d00000| Untracked 
|  46|0x0000000082e00000, 0x0000000082f00000, 0x0000000082f00000|100%| O|  |TAMS 0x0000000082f00000, 0x0000000082e00000| Untracked 
|  47|0x0000000082f00000, 0x0000000083000000, 0x0000000083000000|100%| O|  |TAMS 0x0000000082f00000, 0x0000000082f00000| Untracked 
|  48|0x0000000083000000, 0x0000000083100000, 0x0000000083100000|100%| O|  |TAMS 0x0000000083000000, 0x0000000083000000| Untracked 
|  49|0x0000000083100000, 0x0000000083200000, 0x0000000083200000|100%| O|  |TAMS 0x0000000083100000, 0x0000000083100000| Untracked 
|  50|0x0000000083200000, 0x0000000083300000, 0x0000000083300000|100%| O|  |TAMS 0x0000000083200000, 0x0000000083200000| Untracked 
|  51|0x0000000083300000, 0x0000000083400000, 0x0000000083400000|100%| O|  |TAMS 0x0000000083300000, 0x0000000083300000| Untracked 
|  52|0x0000000083400000, 0x0000000083500000, 0x0000000083500000|100%| O|  |TAMS 0x0000000083400000, 0x0000000083400000| Untracked 
|  53|0x0000000083500000, 0x0000000083600000, 0x0000000083600000|100%| O|  |TAMS 0x0000000083500000, 0x0000000083500000| Untracked 
|  54|0x0000000083600000, 0x0000000083700000, 0x0000000083700000|100%| O|  |TAMS 0x0000000083600000, 0x0000000083600000| Untracked 
|  55|0x0000000083700000, 0x0000000083800000, 0x0000000083800000|100%| O|  |TAMS 0x0000000083700000, 0x0000000083700000| Untracked 
|  56|0x0000000083800000, 0x0000000083900000, 0x0000000083900000|100%| O|  |TAMS 0x0000000083800000, 0x0000000083800000| Untracked 
|  57|0x0000000083900000, 0x0000000083a00000, 0x0000000083a00000|100%| O|  |TAMS 0x0000000083900000, 0x0000000083900000| Untracked 
|  58|0x0000000083a00000, 0x0000000083b00000, 0x0000000083b00000|100%| O|  |TAMS 0x0000000083a00000, 0x0000000083a00000| Untracked 
|  59|0x0000000083b00000, 0x0000000083c00000, 0x0000000083c00000|100%| O|  |TAMS 0x0000000083b00000, 0x0000000083b00000| Untracked 
|  60|0x0000000083c00000, 0x0000000083d00000, 0x0000000083d00000|100%| O|  |TAMS 0x0000000083c00000, 0x0000000083c00000| Untracked 
|  61|0x0000000083d00000, 0x0000000083e00000, 0x0000000083e00000|100%| O|  |TAMS 0x0000000083d00000, 0x0000000083d00000| Untracked 
|  62|0x0000000083e00000, 0x0000000083f00000, 0x0000000083f00000|100%| O|  |TAMS 0x0000000083e00000, 0x0000000083e00000| Untracked 
|  63|0x0000000083f00000, 0x0000000084000000, 0x0000000084000000|100%| O|  |TAMS 0x0000000083f00000, 0x0000000083f00000| Untracked 
|  64|0x0000000084000000, 0x0000000084100000, 0x0000000084100000|100%| O|  |TAMS 0x0000000084000000, 0x0000000084000000| Untracked 
|  65|0x0000000084100000, 0x0000000084200000, 0x0000000084200000|100%| O|  |TAMS 0x0000000084100000, 0x0000000084100000| Untracked 
|  66|0x0000000084200000, 0x0000000084300000, 0x0000000084300000|100%| O|  |TAMS 0x0000000084200000, 0x0000000084200000| Untracked 
|  67|0x0000000084300000, 0x0000000084400000, 0x0000000084400000|100%| O|  |TAMS 0x0000000084300000, 0x0000000084300000| Untracked 
|  68|0x0000000084400000, 0x0000000084500000, 0x0000000084500000|100%| O|  |TAMS 0x0000000084400000, 0x0000000084400000| Untracked 
|  69|0x0000000084500000, 0x0000000084600000, 0x0000000084600000|100%| O|  |TAMS 0x0000000084500000, 0x0000000084500000| Untracked 
|  70|0x0000000084600000, 0x0000000084700000, 0x0000000084700000|100%| O|  |TAMS 0x0000000084600000, 0x0000000084600000| Untracked 
|  71|0x0000000084700000, 0x0000000084800000, 0x0000000084800000|100%| O|  |TAMS 0x0000000084700000, 0x0000000084700000| Untracked 
|  72|0x0000000084800000, 0x0000000084900000, 0x0000000084900000|100%| O|  |TAMS 0x0000000084800000, 0x0000000084800000| Untracked 
|  73|0x0000000084900000, 0x0000000084a00000, 0x0000000084a00000|100%| O|  |TAMS 0x0000000084900000, 0x0000000084900000| Untracked 
|  74|0x0000000084a00000, 0x0000000084b00000, 0x0000000084b00000|100%| O|  |TAMS 0x0000000084a00000, 0x0000000084a00000| Untracked 
|  75|0x0000000084b00000, 0x0000000084c00000, 0x0000000084c00000|100%| O|  |TAMS 0x0000000084b00000, 0x0000000084b00000| Untracked 
|  76|0x0000000084c00000, 0x0000000084d00000, 0x0000000084d00000|100%| O|  |TAMS 0x0000000084c00000, 0x0000000084c00000| Untracked 
|  77|0x0000000084d00000, 0x0000000084e00000, 0x0000000084e00000|100%| O|  |TAMS 0x0000000084d00000, 0x0000000084d00000| Untracked 
|  78|0x0000000084e00000, 0x0000000084f00000, 0x0000000084f00000|100%| O|  |TAMS 0x0000000084e00000, 0x0000000084e00000| Untracked 
|  79|0x0000000084f00000, 0x0000000085000000, 0x0000000085000000|100%| O|  |TAMS 0x0000000084f00000, 0x0000000084f00000| Untracked 
|  80|0x0000000085000000, 0x00000000850c0200, 0x0000000085100000| 75%| O|  |TAMS 0x0000000085000000, 0x0000000085000000| Untracked 
|  81|0x0000000085100000, 0x0000000085200000, 0x0000000085200000|100%|HS|  |TAMS 0x0000000085100000, 0x0000000085100000| Complete 
|  82|0x0000000085200000, 0x0000000085300000, 0x0000000085300000|100%|HC|  |TAMS 0x0000000085200000, 0x0000000085200000| Complete 
|  83|0x0000000085300000, 0x0000000085400000, 0x0000000085400000|100%|HS|  |TAMS 0x0000000085300000, 0x0000000085300000| Complete 
|  84|0x0000000085400000, 0x0000000085500000, 0x0000000085500000|100%|HS|  |TAMS 0x0000000085400000, 0x0000000085400000| Complete 
|  85|0x0000000085500000, 0x0000000085600000, 0x0000000085600000|100%|HS|  |TAMS 0x0000000085500000, 0x0000000085500000| Complete 
|  86|0x0000000085600000, 0x0000000085700000, 0x0000000085700000|100%|HS|  |TAMS 0x0000000085600000, 0x0000000085600000| Complete 
|  87|0x0000000085700000, 0x0000000085700000, 0x0000000085800000|  0%| F|  |TAMS 0x0000000085700000, 0x0000000085700000| Untracked 
|  88|0x0000000085800000, 0x0000000085800000, 0x0000000085900000|  0%| F|  |TAMS 0x0000000085800000, 0x0000000085800000| Untracked 
|  89|0x0000000085900000, 0x0000000085900000, 0x0000000085a00000|  0%| F|  |TAMS 0x0000000085900000, 0x0000000085900000| Untracked 
|  90|0x0000000085a00000, 0x0000000085a00000, 0x0000000085b00000|  0%| F|  |TAMS 0x0000000085a00000, 0x0000000085a00000| Untracked 
|  91|0x0000000085b00000, 0x0000000085b00000, 0x0000000085c00000|  0%| F|  |TAMS 0x0000000085b00000, 0x0000000085b00000| Untracked 
|  92|0x0000000085c00000, 0x0000000085c00000, 0x0000000085d00000|  0%| F|  |TAMS 0x0000000085c00000, 0x0000000085c00000| Untracked 
|  93|0x0000000085d00000, 0x0000000085d00000, 0x0000000085e00000|  0%| F|  |TAMS 0x0000000085d00000, 0x0000000085d00000| Untracked 
|  94|0x0000000085e00000, 0x0000000085e00000, 0x0000000085f00000|  0%| F|  |TAMS 0x0000000085e00000, 0x0000000085e00000| Untracked 
|  95|0x0000000085f00000, 0x0000000085f00000, 0x0000000086000000|  0%| F|  |TAMS 0x0000000085f00000, 0x0000000085f00000| Untracked 
|  96|0x0000000086000000, 0x0000000086000000, 0x0000000086100000|  0%| F|  |TAMS 0x0000000086000000, 0x0000000086000000| Untracked 
|  97|0x0000000086100000, 0x0000000086100000, 0x0000000086200000|  0%| F|  |TAMS 0x0000000086100000, 0x0000000086100000| Untracked 
|  98|0x0000000086200000, 0x0000000086200000, 0x0000000086300000|  0%| F|  |TAMS 0x0000000086200000, 0x0000000086200000| Untracked 
|  99|0x0000000086300000, 0x0000000086300000, 0x0000000086400000|  0%| F|  |TAMS 0x0000000086300000, 0x0000000086300000| Untracked 
| 100|0x0000000086400000, 0x0000000086400000, 0x0000000086500000|  0%| F|  |TAMS 0x0000000086400000, 0x0000000086400000| Untracked 
| 101|0x0000000086500000, 0x0000000086500000, 0x0000000086600000|  0%| F|  |TAMS 0x0000000086500000, 0x0000000086500000| Untracked 
| 102|0x0000000086600000, 0x0000000086600000, 0x0000000086700000|  0%| F|  |TAMS 0x0000000086600000, 0x0000000086600000| Untracked 
| 103|0x0000000086700000, 0x0000000086700000, 0x0000000086800000|  0%| F|  |TAMS 0x0000000086700000, 0x0000000086700000| Untracked 
| 104|0x0000000086800000, 0x0000000086800000, 0x0000000086900000|  0%| F|  |TAMS 0x0000000086800000, 0x0000000086800000| Untracked 
| 105|0x0000000086900000, 0x0000000086900000, 0x0000000086a00000|  0%| F|  |TAMS 0x0000000086900000, 0x0000000086900000| Untracked 
| 106|0x0000000086a00000, 0x0000000086a00000, 0x0000000086b00000|  0%| F|  |TAMS 0x0000000086a00000, 0x0000000086a00000| Untracked 
| 107|0x0000000086b00000, 0x0000000086b00000, 0x0000000086c00000|  0%| F|  |TAMS 0x0000000086b00000, 0x0000000086b00000| Untracked 
| 108|0x0000000086c00000, 0x0000000086c00000, 0x0000000086d00000|  0%| F|  |TAMS 0x0000000086c00000, 0x0000000086c00000| Untracked 
| 109|0x0000000086d00000, 0x0000000086d00000, 0x0000000086e00000|  0%| F|  |TAMS 0x0000000086d00000, 0x0000000086d00000| Untracked 
| 110|0x0000000086e00000, 0x0000000086e00000, 0x0000000086f00000|  0%| F|  |TAMS 0x0000000086e00000, 0x0000000086e00000| Untracked 
| 111|0x0000000086f00000, 0x0000000086f00000, 0x0000000087000000|  0%| F|  |TAMS 0x0000000086f00000, 0x0000000086f00000| Untracked 
| 112|0x0000000087000000, 0x0000000087000000, 0x0000000087100000|  0%| F|  |TAMS 0x0000000087000000, 0x0000000087000000| Untracked 
| 113|0x0000000087100000, 0x0000000087100000, 0x0000000087200000|  0%| F|  |TAMS 0x0000000087100000, 0x0000000087100000| Untracked 
| 114|0x0000000087200000, 0x0000000087200000, 0x0000000087300000|  0%| F|  |TAMS 0x0000000087200000, 0x0000000087200000| Untracked 
| 115|0x0000000087300000, 0x0000000087300000, 0x0000000087400000|  0%| F|  |TAMS 0x0000000087300000, 0x0000000087300000| Untracked 
| 116|0x0000000087400000, 0x0000000087400000, 0x0000000087500000|  0%| F|  |TAMS 0x0000000087400000, 0x0000000087400000| Untracked 
| 117|0x0000000087500000, 0x0000000087500000, 0x0000000087600000|  0%| F|  |TAMS 0x0000000087500000, 0x0000000087500000| Untracked 
| 118|0x0000000087600000, 0x0000000087600000, 0x0000000087700000|  0%| F|  |TAMS 0x0000000087600000, 0x0000000087600000| Untracked 
| 119|0x0000000087700000, 0x0000000087700000, 0x0000000087800000|  0%| F|  |TAMS 0x0000000087700000, 0x0000000087700000| Untracked 
| 120|0x0000000087800000, 0x0000000087800000, 0x0000000087900000|  0%| F|  |TAMS 0x0000000087800000, 0x0000000087800000| Untracked 
| 121|0x0000000087900000, 0x0000000087900000, 0x0000000087a00000|  0%| F|  |TAMS 0x0000000087900000, 0x0000000087900000| Untracked 
| 122|0x0000000087a00000, 0x0000000087a00000, 0x0000000087b00000|  0%| F|  |TAMS 0x0000000087a00000, 0x0000000087a00000| Untracked 
| 123|0x0000000087b00000, 0x0000000087b00000, 0x0000000087c00000|  0%| F|  |TAMS 0x0000000087b00000, 0x0000000087b00000| Untracked 
| 124|0x0000000087c00000, 0x0000000087c00000, 0x0000000087d00000|  0%| F|  |TAMS 0x0000000087c00000, 0x0000000087c00000| Untracked 
| 125|0x0000000087d00000, 0x0000000087d00000, 0x0000000087e00000|  0%| F|  |TAMS 0x0000000087d00000, 0x0000000087d00000| Untracked 
| 126|0x0000000087e00000, 0x0000000087e00000, 0x0000000087f00000|  0%| F|  |TAMS 0x0000000087e00000, 0x0000000087e00000| Untracked 
| 127|0x0000000087f00000, 0x0000000087ff40e8, 0x0000000088000000| 95%| S|CS|TAMS 0x0000000087f00000, 0x0000000087f00000| Complete 
| 128|0x0000000088000000, 0x0000000088100000, 0x0000000088100000|100%| S|CS|TAMS 0x0000000088000000, 0x0000000088000000| Complete 
| 129|0x0000000088100000, 0x0000000088200000, 0x0000000088200000|100%| S|CS|TAMS 0x0000000088100000, 0x0000000088100000| Complete 
| 130|0x0000000088200000, 0x0000000088300000, 0x0000000088300000|100%| S|CS|TAMS 0x0000000088200000, 0x0000000088200000| Complete 
| 131|0x0000000088300000, 0x0000000088300000, 0x0000000088400000|  0%| F|  |TAMS 0x0000000088300000, 0x0000000088300000| Untracked 
| 132|0x0000000088400000, 0x0000000088400000, 0x0000000088500000|  0%| F|  |TAMS 0x0000000088400000, 0x0000000088400000| Untracked 
| 133|0x0000000088500000, 0x0000000088500000, 0x0000000088600000|  0%| F|  |TAMS 0x0000000088500000, 0x0000000088500000| Untracked 
| 134|0x0000000088600000, 0x0000000088600000, 0x0000000088700000|  0%| F|  |TAMS 0x0000000088600000, 0x0000000088600000| Untracked 
| 135|0x0000000088700000, 0x0000000088700000, 0x0000000088800000|  0%| F|  |TAMS 0x0000000088700000, 0x0000000088700000| Untracked 
| 136|0x0000000088800000, 0x0000000088800000, 0x0000000088900000|  0%| F|  |TAMS 0x0000000088800000, 0x0000000088800000| Untracked 
| 137|0x0000000088900000, 0x0000000088900000, 0x0000000088a00000|  0%| F|  |TAMS 0x0000000088900000, 0x0000000088900000| Untracked 
| 138|0x0000000088a00000, 0x0000000088a00000, 0x0000000088b00000|  0%| F|  |TAMS 0x0000000088a00000, 0x0000000088a00000| Untracked 
| 139|0x0000000088b00000, 0x0000000088b00000, 0x0000000088c00000|  0%| F|  |TAMS 0x0000000088b00000, 0x0000000088b00000| Untracked 
| 140|0x0000000088c00000, 0x0000000088c00000, 0x0000000088d00000|  0%| F|  |TAMS 0x0000000088c00000, 0x0000000088c00000| Untracked 
| 141|0x0000000088d00000, 0x0000000088e00000, 0x0000000088e00000|100%| S|CS|TAMS 0x0000000088d00000, 0x0000000088d00000| Complete 
| 142|0x0000000088e00000, 0x0000000088f00000, 0x0000000088f00000|100%| S|CS|TAMS 0x0000000088e00000, 0x0000000088e00000| Complete 
| 143|0x0000000088f00000, 0x0000000089000000, 0x0000000089000000|100%| S|CS|TAMS 0x0000000088f00000, 0x0000000088f00000| Complete 
| 144|0x0000000089000000, 0x0000000089100000, 0x0000000089100000|100%| S|CS|TAMS 0x0000000089000000, 0x0000000089000000| Complete 
| 145|0x0000000089100000, 0x0000000089200000, 0x0000000089200000|100%| S|CS|TAMS 0x0000000089100000, 0x0000000089100000| Complete 
| 146|0x0000000089200000, 0x0000000089300000, 0x0000000089300000|100%| S|CS|TAMS 0x0000000089200000, 0x0000000089200000| Complete 
| 147|0x0000000089300000, 0x0000000089400000, 0x0000000089400000|100%| E|CS|TAMS 0x0000000089300000, 0x0000000089300000| Complete 
| 148|0x0000000089400000, 0x0000000089500000, 0x0000000089500000|100%| E|  |TAMS 0x0000000089400000, 0x0000000089400000| Complete 
| 149|0x0000000089500000, 0x0000000089600000, 0x0000000089600000|100%| E|CS|TAMS 0x0000000089500000, 0x0000000089500000| Complete 
| 150|0x0000000089600000, 0x0000000089700000, 0x0000000089700000|100%| E|CS|TAMS 0x0000000089600000, 0x0000000089600000| Complete 
| 151|0x0000000089700000, 0x0000000089800000, 0x0000000089800000|100%| E|CS|TAMS 0x0000000089700000, 0x0000000089700000| Complete 
| 152|0x0000000089800000, 0x0000000089900000, 0x0000000089900000|100%| E|CS|TAMS 0x0000000089800000, 0x0000000089800000| Complete 
| 153|0x0000000089900000, 0x0000000089a00000, 0x0000000089a00000|100%| E|CS|TAMS 0x0000000089900000, 0x0000000089900000| Complete 
| 154|0x0000000089a00000, 0x0000000089b00000, 0x0000000089b00000|100%| E|CS|TAMS 0x0000000089a00000, 0x0000000089a00000| Complete 
| 155|0x0000000089b00000, 0x0000000089c00000, 0x0000000089c00000|100%| E|CS|TAMS 0x0000000089b00000, 0x0000000089b00000| Complete 
| 156|0x0000000089c00000, 0x0000000089d00000, 0x0000000089d00000|100%| E|CS|TAMS 0x0000000089c00000, 0x0000000089c00000| Complete 
| 157|0x0000000089d00000, 0x0000000089e00000, 0x0000000089e00000|100%| E|CS|TAMS 0x0000000089d00000, 0x0000000089d00000| Complete 
| 158|0x0000000089e00000, 0x0000000089f00000, 0x0000000089f00000|100%| E|CS|TAMS 0x0000000089e00000, 0x0000000089e00000| Complete 
| 159|0x0000000089f00000, 0x000000008a000000, 0x000000008a000000|100%| E|CS|TAMS 0x0000000089f00000, 0x0000000089f00000| Complete 
| 160|0x000000008a000000, 0x000000008a100000, 0x000000008a100000|100%| E|CS|TAMS 0x000000008a000000, 0x000000008a000000| Complete 
| 161|0x000000008a100000, 0x000000008a200000, 0x000000008a200000|100%| E|CS|TAMS 0x000000008a100000, 0x000000008a100000| Complete 
| 162|0x000000008a200000, 0x000000008a300000, 0x000000008a300000|100%| E|CS|TAMS 0x000000008a200000, 0x000000008a200000| Complete 
| 163|0x000000008a300000, 0x000000008a400000, 0x000000008a400000|100%| E|CS|TAMS 0x000000008a300000, 0x000000008a300000| Complete 
| 164|0x000000008a400000, 0x000000008a500000, 0x000000008a500000|100%| E|CS|TAMS 0x000000008a400000, 0x000000008a400000| Complete 
| 165|0x000000008a500000, 0x000000008a600000, 0x000000008a600000|100%| E|CS|TAMS 0x000000008a500000, 0x000000008a500000| Complete 
| 166|0x000000008a600000, 0x000000008a700000, 0x000000008a700000|100%| E|CS|TAMS 0x000000008a600000, 0x000000008a600000| Complete 
| 167|0x000000008a700000, 0x000000008a800000, 0x000000008a800000|100%| E|CS|TAMS 0x000000008a700000, 0x000000008a700000| Complete 
| 168|0x000000008a800000, 0x000000008a900000, 0x000000008a900000|100%| E|CS|TAMS 0x000000008a800000, 0x000000008a800000| Complete 
| 169|0x000000008a900000, 0x000000008aa00000, 0x000000008aa00000|100%| E|CS|TAMS 0x000000008a900000, 0x000000008a900000| Complete 
| 170|0x000000008aa00000, 0x000000008ab00000, 0x000000008ab00000|100%| E|CS|TAMS 0x000000008aa00000, 0x000000008aa00000| Complete 
| 171|0x000000008ab00000, 0x000000008ac00000, 0x000000008ac00000|100%| E|CS|TAMS 0x000000008ab00000, 0x000000008ab00000| Complete 
| 172|0x000000008ac00000, 0x000000008ad00000, 0x000000008ad00000|100%| E|CS|TAMS 0x000000008ac00000, 0x000000008ac00000| Complete 
| 173|0x000000008ad00000, 0x000000008ae00000, 0x000000008ae00000|100%| E|CS|TAMS 0x000000008ad00000, 0x000000008ad00000| Complete 
| 174|0x000000008ae00000, 0x000000008af00000, 0x000000008af00000|100%| E|CS|TAMS 0x000000008ae00000, 0x000000008ae00000| Complete 
| 175|0x000000008af00000, 0x000000008b000000, 0x000000008b000000|100%| E|CS|TAMS 0x000000008af00000, 0x000000008af00000| Complete 
| 176|0x000000008b000000, 0x000000008b100000, 0x000000008b100000|100%| E|CS|TAMS 0x000000008b000000, 0x000000008b000000| Complete 
| 177|0x000000008b100000, 0x000000008b200000, 0x000000008b200000|100%| E|CS|TAMS 0x000000008b100000, 0x000000008b100000| Complete 
| 178|0x000000008b200000, 0x000000008b300000, 0x000000008b300000|100%| E|CS|TAMS 0x000000008b200000, 0x000000008b200000| Complete 
| 179|0x000000008b300000, 0x000000008b400000, 0x000000008b400000|100%| E|CS|TAMS 0x000000008b300000, 0x000000008b300000| Complete 
| 180|0x000000008b400000, 0x000000008b500000, 0x000000008b500000|100%| E|CS|TAMS 0x000000008b400000, 0x000000008b400000| Complete 
| 181|0x000000008b500000, 0x000000008b600000, 0x000000008b600000|100%| E|CS|TAMS 0x000000008b500000, 0x000000008b500000| Complete 
| 182|0x000000008b600000, 0x000000008b700000, 0x000000008b700000|100%| E|CS|TAMS 0x000000008b600000, 0x000000008b600000| Complete 
| 183|0x000000008b700000, 0x000000008b800000, 0x000000008b800000|100%| E|CS|TAMS 0x000000008b700000, 0x000000008b700000| Complete 
| 184|0x000000008b800000, 0x000000008b900000, 0x000000008b900000|100%| E|CS|TAMS 0x000000008b800000, 0x000000008b800000| Complete 
| 185|0x000000008b900000, 0x000000008ba00000, 0x000000008ba00000|100%| E|CS|TAMS 0x000000008b900000, 0x000000008b900000| Complete 
| 186|0x000000008ba00000, 0x000000008bb00000, 0x000000008bb00000|100%| E|CS|TAMS 0x000000008ba00000, 0x000000008ba00000| Complete 
| 187|0x000000008bb00000, 0x000000008bc00000, 0x000000008bc00000|100%| E|CS|TAMS 0x000000008bb00000, 0x000000008bb00000| Complete 
| 188|0x000000008bc00000, 0x000000008bd00000, 0x000000008bd00000|100%| E|CS|TAMS 0x000000008bc00000, 0x000000008bc00000| Complete 
| 189|0x000000008bd00000, 0x000000008be00000, 0x000000008be00000|100%| E|CS|TAMS 0x000000008bd00000, 0x000000008bd00000| Complete 
| 190|0x000000008be00000, 0x000000008bf00000, 0x000000008bf00000|100%| E|CS|TAMS 0x000000008be00000, 0x000000008be00000| Complete 
| 191|0x000000008bf00000, 0x000000008c000000, 0x000000008c000000|100%| E|CS|TAMS 0x000000008bf00000, 0x000000008bf00000| Complete 
| 192|0x000000008c000000, 0x000000008c100000, 0x000000008c100000|100%| E|CS|TAMS 0x000000008c000000, 0x000000008c000000| Complete 
| 193|0x000000008c100000, 0x000000008c200000, 0x000000008c200000|100%| E|CS|TAMS 0x000000008c100000, 0x000000008c100000| Complete 
| 194|0x000000008c200000, 0x000000008c300000, 0x000000008c300000|100%| E|CS|TAMS 0x000000008c200000, 0x000000008c200000| Complete 
| 195|0x000000008c300000, 0x000000008c400000, 0x000000008c400000|100%| E|CS|TAMS 0x000000008c300000, 0x000000008c300000| Complete 
| 196|0x000000008c400000, 0x000000008c500000, 0x000000008c500000|100%| E|CS|TAMS 0x000000008c400000, 0x000000008c400000| Complete 
| 197|0x000000008c500000, 0x000000008c600000, 0x000000008c600000|100%| E|CS|TAMS 0x000000008c500000, 0x000000008c500000| Complete 
| 198|0x000000008c600000, 0x000000008c700000, 0x000000008c700000|100%| E|CS|TAMS 0x000000008c600000, 0x000000008c600000| Complete 
| 199|0x000000008c700000, 0x000000008c800000, 0x000000008c800000|100%| E|CS|TAMS 0x000000008c700000, 0x000000008c700000| Complete 
| 200|0x000000008c800000, 0x000000008c900000, 0x000000008c900000|100%| E|CS|TAMS 0x000000008c800000, 0x000000008c800000| Complete 
| 201|0x000000008c900000, 0x000000008ca00000, 0x000000008ca00000|100%| E|CS|TAMS 0x000000008c900000, 0x000000008c900000| Complete 
| 202|0x000000008ca00000, 0x000000008cb00000, 0x000000008cb00000|100%| E|CS|TAMS 0x000000008ca00000, 0x000000008ca00000| Complete 
| 203|0x000000008cb00000, 0x000000008cc00000, 0x000000008cc00000|100%| E|CS|TAMS 0x000000008cb00000, 0x000000008cb00000| Complete 
| 204|0x000000008cc00000, 0x000000008cd00000, 0x000000008cd00000|100%| E|CS|TAMS 0x000000008cc00000, 0x000000008cc00000| Complete 
| 205|0x000000008cd00000, 0x000000008ce00000, 0x000000008ce00000|100%| E|CS|TAMS 0x000000008cd00000, 0x000000008cd00000| Complete 
| 206|0x000000008ce00000, 0x000000008cf00000, 0x000000008cf00000|100%| E|CS|TAMS 0x000000008ce00000, 0x000000008ce00000| Complete 
| 207|0x000000008cf00000, 0x000000008d000000, 0x000000008d000000|100%| E|CS|TAMS 0x000000008cf00000, 0x000000008cf00000| Complete 
| 208|0x000000008d000000, 0x000000008d100000, 0x000000008d100000|100%| E|CS|TAMS 0x000000008d000000, 0x000000008d000000| Complete 
| 209|0x000000008d100000, 0x000000008d200000, 0x000000008d200000|100%| E|CS|TAMS 0x000000008d100000, 0x000000008d100000| Complete 
| 210|0x000000008d200000, 0x000000008d300000, 0x000000008d300000|100%| E|CS|TAMS 0x000000008d200000, 0x000000008d200000| Complete 
| 211|0x000000008d300000, 0x000000008d400000, 0x000000008d400000|100%| E|CS|TAMS 0x000000008d300000, 0x000000008d300000| Complete 
| 212|0x000000008d400000, 0x000000008d500000, 0x000000008d500000|100%| E|CS|TAMS 0x000000008d400000, 0x000000008d400000| Complete 
| 213|0x000000008d500000, 0x000000008d600000, 0x000000008d600000|100%| E|CS|TAMS 0x000000008d500000, 0x000000008d500000| Complete 
| 214|0x000000008d600000, 0x000000008d700000, 0x000000008d700000|100%| E|CS|TAMS 0x000000008d600000, 0x000000008d600000| Complete 
| 215|0x000000008d700000, 0x000000008d800000, 0x000000008d800000|100%| E|CS|TAMS 0x000000008d700000, 0x000000008d700000| Complete 
| 216|0x000000008d800000, 0x000000008d900000, 0x000000008d900000|100%| E|CS|TAMS 0x000000008d800000, 0x000000008d800000| Complete 
| 217|0x000000008d900000, 0x000000008da00000, 0x000000008da00000|100%| E|CS|TAMS 0x000000008d900000, 0x000000008d900000| Complete 
| 218|0x000000008da00000, 0x000000008db00000, 0x000000008db00000|100%| E|CS|TAMS 0x000000008da00000, 0x000000008da00000| Complete 
| 219|0x000000008db00000, 0x000000008dc00000, 0x000000008dc00000|100%| E|CS|TAMS 0x000000008db00000, 0x000000008db00000| Complete 
| 220|0x000000008dc00000, 0x000000008dd00000, 0x000000008dd00000|100%| E|CS|TAMS 0x000000008dc00000, 0x000000008dc00000| Complete 
| 221|0x000000008dd00000, 0x000000008de00000, 0x000000008de00000|100%| E|CS|TAMS 0x000000008dd00000, 0x000000008dd00000| Complete 
| 222|0x000000008de00000, 0x000000008df00000, 0x000000008df00000|100%| E|CS|TAMS 0x000000008de00000, 0x000000008de00000| Complete 
| 223|0x000000008df00000, 0x000000008e000000, 0x000000008e000000|100%| E|CS|TAMS 0x000000008df00000, 0x000000008df00000| Complete 
| 224|0x000000008e000000, 0x000000008e100000, 0x000000008e100000|100%| E|CS|TAMS 0x000000008e000000, 0x000000008e000000| Complete 
| 225|0x000000008e100000, 0x000000008e200000, 0x000000008e200000|100%| E|CS|TAMS 0x000000008e100000, 0x000000008e100000| Complete 
| 226|0x000000008e200000, 0x000000008e300000, 0x000000008e300000|100%| E|CS|TAMS 0x000000008e200000, 0x000000008e200000| Complete 
| 227|0x000000008e300000, 0x000000008e400000, 0x000000008e400000|100%| E|CS|TAMS 0x000000008e300000, 0x000000008e300000| Complete 
| 228|0x000000008e400000, 0x000000008e500000, 0x000000008e500000|100%| E|CS|TAMS 0x000000008e400000, 0x000000008e400000| Complete 
| 229|0x000000008e500000, 0x000000008e600000, 0x000000008e600000|100%| E|CS|TAMS 0x000000008e500000, 0x000000008e500000| Complete 
| 230|0x000000008e600000, 0x000000008e700000, 0x000000008e700000|100%| E|CS|TAMS 0x000000008e600000, 0x000000008e600000| Complete 
| 231|0x000000008e700000, 0x000000008e800000, 0x000000008e800000|100%| E|CS|TAMS 0x000000008e700000, 0x000000008e700000| Complete 
| 232|0x000000008e800000, 0x000000008e900000, 0x000000008e900000|100%| E|CS|TAMS 0x000000008e800000, 0x000000008e800000| Complete 
| 233|0x000000008e900000, 0x000000008ea00000, 0x000000008ea00000|100%| E|CS|TAMS 0x000000008e900000, 0x000000008e900000| Complete 
| 234|0x000000008ea00000, 0x000000008eb00000, 0x000000008eb00000|100%| E|CS|TAMS 0x000000008ea00000, 0x000000008ea00000| Complete 
| 235|0x000000008eb00000, 0x000000008ec00000, 0x000000008ec00000|100%| E|CS|TAMS 0x000000008eb00000, 0x000000008eb00000| Complete 
| 236|0x000000008ec00000, 0x000000008ed00000, 0x000000008ed00000|100%| E|CS|TAMS 0x000000008ec00000, 0x000000008ec00000| Complete 
| 237|0x000000008ed00000, 0x000000008ee00000, 0x000000008ee00000|100%| E|CS|TAMS 0x000000008ed00000, 0x000000008ed00000| Complete 
| 238|0x000000008ee00000, 0x000000008ef00000, 0x000000008ef00000|100%| E|CS|TAMS 0x000000008ee00000, 0x000000008ee00000| Complete 
| 239|0x000000008ef00000, 0x000000008f000000, 0x000000008f000000|100%| E|CS|TAMS 0x000000008ef00000, 0x000000008ef00000| Complete 
| 240|0x000000008f000000, 0x000000008f100000, 0x000000008f100000|100%| E|CS|TAMS 0x000000008f000000, 0x000000008f000000| Complete 
| 241|0x000000008f100000, 0x000000008f200000, 0x000000008f200000|100%| E|CS|TAMS 0x000000008f100000, 0x000000008f100000| Complete 
| 242|0x000000008f200000, 0x000000008f300000, 0x000000008f300000|100%| E|CS|TAMS 0x000000008f200000, 0x000000008f200000| Complete 
| 243|0x000000008f300000, 0x000000008f400000, 0x000000008f400000|100%| E|CS|TAMS 0x000000008f300000, 0x000000008f300000| Complete 
| 244|0x000000008f400000, 0x000000008f500000, 0x000000008f500000|100%| E|CS|TAMS 0x000000008f400000, 0x000000008f400000| Complete 
| 245|0x000000008f500000, 0x000000008f600000, 0x000000008f600000|100%| E|CS|TAMS 0x000000008f500000, 0x000000008f500000| Complete 
| 246|0x000000008f600000, 0x000000008f700000, 0x000000008f700000|100%| E|CS|TAMS 0x000000008f600000, 0x000000008f600000| Complete 
| 247|0x000000008f700000, 0x000000008f800000, 0x000000008f800000|100%| E|CS|TAMS 0x000000008f700000, 0x000000008f700000| Complete 

Card table byte_map: [0x000002ccb7f60000,0x000002ccb8360000] _byte_map_base: 0x000002ccb7b60000

Marking Bits (Prev, Next): (CMBitMap*) 0x000002cca483ba48, (CMBitMap*) 0x000002cca483ba80
 Prev Bits: [0x000002ccb8760000, 0x000002ccba760000)
 Next Bits: [0x000002ccba760000, 0x000002ccbc760000)

Polling page: 0x000002cca27b0000

Metaspace:

Usage:
  Non-class:     91.36 MB capacity,    89.30 MB ( 98%) used,     1.66 MB (  2%) free+waste,   410.75 KB ( <1%) overhead. 
      Class:     14.71 MB capacity,    13.44 MB ( 91%) used,     1.08 MB (  7%) free+waste,   190.69 KB (  1%) overhead. 
       Both:    106.07 MB capacity,   102.74 MB ( 97%) used,     2.74 MB (  3%) free+waste,   601.44 KB ( <1%) overhead. 

Virtual space:
  Non-class space:       92.00 MB reserved,      91.50 MB (>99%) committed 
      Class space:        1.00 GB reserved,      14.75 MB (  1%) committed 
             Both:        1.09 GB reserved,     106.25 MB ( 10%) committed 

Chunk freelists:
   Non-Class:  11.00 KB
       Class:  0 bytes
        Both:  11.00 KB

MaxMetaspaceSize: 17179869184.00 GB
CompressedClassSpaceSize: 1.00 GB

CodeHeap 'non-profiled nmethods': size=119168Kb used=10402Kb max_used=10402Kb free=108765Kb
 bounds [0x000002ccafe80000, 0x000002ccb08b0000, 0x000002ccb72e0000]
CodeHeap 'profiled nmethods': size=119168Kb used=38399Kb max_used=38399Kb free=80768Kb
 bounds [0x000002cca8a20000, 0x000002ccaafa0000, 0x000002ccafe80000]
CodeHeap 'non-nmethods': size=7424Kb used=3996Kb max_used=4073Kb free=3427Kb
 bounds [0x000002cca82e0000, 0x000002cca86f0000, 0x000002cca8a20000]
 total_blobs=17178 nmethods=16260 adapters=825
 compilation: enabled
              stopped_count=0, restarted_count=0
 full_count=0

Compilation events (20 events):
Event: 15.674 Thread 0x000002ccc0157800 nmethod 16332 0x000002ccaaf8d290 code [0x000002ccaaf8d4c0, 0x000002ccaaf8dbf8]
Event: 15.675 Thread 0x000002ccc0ed4800 nmethod 16329 0x000002ccaaf8de90 code [0x000002ccaaf8e4c0, 0x000002ccaaf92018]
Event: 15.691 Thread 0x000002ccbffeb000 16335   !   3       org.gradle.internal.concurrent.ManagedExecutorImpl$1::run (57 bytes)
Event: 15.693 Thread 0x000002ccc015a800 16336       1       java.io.InputStream::available (2 bytes)
Event: 15.693 Thread 0x000002ccc015a800 nmethod 16336 0x000002ccb08a8810 code [0x000002ccb08a89c0, 0x000002ccb08a8a78]
Event: 15.696 Thread 0x000002ccbffeb000 nmethod 16335 0x000002ccaaf93310 code [0x000002ccaaf93760, 0x000002ccaaf953f8]
Event: 15.697 Thread 0x000002ccc0ed4800 16338       3       org.gradle.internal.work.DefaultWorkerLeaseService$DefaultWorkerLease::releaseLease (28 bytes)
Event: 15.697 Thread 0x000002ccc0157800 16337       3       org.gradle.internal.work.DefaultWorkerLeaseService$DefaultWorkerLease::releaseLock (90 bytes)
Event: 15.698 Thread 0x000002ccc0ed4800 nmethod 16338 0x000002ccaaf96310 code [0x000002ccaaf964c0, 0x000002ccaaf96698]
Event: 15.700 Thread 0x000002ccc0157800 nmethod 16337 0x000002ccaaf96790 code [0x000002ccaaf96ac0, 0x000002ccaaf97f18]
Event: 15.704 Thread 0x000002ccc015a800 16339       3       org.gradle.internal.logging.slf4j.OutputEventListenerBackedLogger::debug (8 bytes)
Event: 15.706 Thread 0x000002ccc015a800 nmethod 16339 0x000002ccaaf98610 code [0x000002ccaaf98840, 0x000002ccaaf99178]
Event: 15.706 Thread 0x000002ccbffeb000 16340       3       org.gradle.internal.serialize.kryo.KryoBackedEncoder::writeSmallLong (11 bytes)
Event: 15.707 Thread 0x000002ccbffeb000 nmethod 16340 0x000002ccaaf99490 code [0x000002ccaaf99660, 0x000002ccaaf99808]
Event: 15.708 Thread 0x000002ccc0ed4800 16341       3       java.io.Bits::putFloat (10 bytes)
Event: 15.709 Thread 0x000002ccc0ed4800 nmethod 16341 0x000002ccaaf99910 code [0x000002ccaaf99ae0, 0x000002ccaaf99d88]
Event: 15.714 Thread 0x000002ccc015a800 16343       3       org.gradle.api.internal.tasks.properties.bean.AbstractNestedRuntimeBeanNode$BeanPropertyValue::isConfigurable (13 bytes)
Event: 15.714 Thread 0x000002ccc0157800 16342       3       org.gradle.api.internal.tasks.properties.bean.AbstractNestedRuntimeBeanNode$BeanPropertyValue::maybeFinalizeValue (27 bytes)
Event: 15.715 Thread 0x000002ccc015a800 nmethod 16343 0x000002ccaaf99e90 code [0x000002ccaaf9a040, 0x000002ccaaf9a1a8]
Event: 15.715 Thread 0x000002ccc0157800 nmethod 16342 0x000002ccaaf9a290 code [0x000002ccaaf9a480, 0x000002ccaaf9a908]

GC Heap History (20 events):
Event: 4.367 GC heap before
{Heap before GC invocations=7 (full 0):
 garbage-first heap   total 253952K, used 129153K [0x0000000080000000, 0x0000000100000000)
  region size 1024K, 107 young (109568K), 6 survivors (6144K)
 Metaspace       used 43633K, capacity 44693K, committed 44928K, reserved 1087488K
  class space    used 5555K, capacity 5929K, committed 6016K, reserved 1048576K
}
Event: 4.376 GC heap after
{Heap after GC invocations=8 (full 0):
 garbage-first heap   total 253952K, used 28473K [0x0000000080000000, 0x0000000100000000)
  region size 1024K, 12 young (12288K), 12 survivors (12288K)
 Metaspace       used 43633K, capacity 44693K, committed 44928K, reserved 1087488K
  class space    used 5555K, capacity 5929K, committed 6016K, reserved 1048576K
}
Event: 5.760 GC heap before
{Heap before GC invocations=8 (full 0):
 garbage-first heap   total 253952K, used 144185K [0x0000000080000000, 0x0000000100000000)
  region size 1024K, 117 young (119808K), 12 survivors (12288K)
 Metaspace       used 50768K, capacity 52151K, committed 52352K, reserved 1095680K
  class space    used 6447K, capacity 6963K, committed 7040K, reserved 1048576K
}
Event: 5.774 GC heap after
{Heap after GC invocations=9 (full 0):
 garbage-first heap   total 253952K, used 47704K [0x0000000080000000, 0x0000000100000000)
  region size 1024K, 15 young (15360K), 15 survivors (15360K)
 Metaspace       used 50768K, capacity 52151K, committed 52352K, reserved 1095680K
  class space    used 6447K, capacity 6963K, committed 7040K, reserved 1048576K
}
Event: 6.395 GC heap before
{Heap before GC invocations=9 (full 0):
 garbage-first heap   total 253952K, used 98904K [0x0000000080000000, 0x0000000100000000)
  region size 1024K, 66 young (67584K), 15 survivors (15360K)
 Metaspace       used 58500K, capacity 60111K, committed 60160K, reserved 1101824K
  class space    used 7415K, capacity 8034K, committed 8064K, reserved 1048576K
}
Event: 6.409 GC heap after
{Heap after GC invocations=10 (full 0):
 garbage-first heap   total 253952K, used 51200K [0x0000000080000000, 0x0000000100000000)
  region size 1024K, 3 young (3072K), 3 survivors (3072K)
 Metaspace       used 58500K, capacity 60111K, committed 60160K, reserved 1101824K
  class space    used 7415K, capacity 8034K, committed 8064K, reserved 1048576K
}
Event: 7.280 GC heap before
{Heap before GC invocations=11 (full 0):
 garbage-first heap   total 253952K, used 144384K [0x0000000080000000, 0x0000000100000000)
  region size 1024K, 94 young (96256K), 3 survivors (3072K)
 Metaspace       used 66174K, capacity 67824K, committed 67968K, reserved 1107968K
  class space    used 8360K, capacity 8963K, committed 9088K, reserved 1048576K
}
Event: 7.291 GC heap after
{Heap after GC invocations=12 (full 0):
 garbage-first heap   total 253952K, used 57017K [0x0000000080000000, 0x0000000100000000)
  region size 1024K, 9 young (9216K), 9 survivors (9216K)
 Metaspace       used 66174K, capacity 67824K, committed 67968K, reserved 1107968K
  class space    used 8360K, capacity 8963K, committed 9088K, reserved 1048576K
}
Event: 8.506 GC heap before
{Heap before GC invocations=13 (full 0):
 garbage-first heap   total 253952K, used 154297K [0x0000000080000000, 0x0000000100000000)
  region size 1024K, 104 young (106496K), 9 survivors (9216K)
 Metaspace       used 72618K, capacity 74282K, committed 74496K, reserved 1114112K
  class space    used 9326K, capacity 9916K, committed 9984K, reserved 1048576K
}
Event: 8.519 GC heap after
{Heap after GC invocations=14 (full 0):
 garbage-first heap   total 253952K, used 63912K [0x0000000080000000, 0x0000000100000000)
  region size 1024K, 13 young (13312K), 13 survivors (13312K)
 Metaspace       used 72618K, capacity 74282K, committed 74496K, reserved 1114112K
  class space    used 9326K, capacity 9916K, committed 9984K, reserved 1048576K
}
Event: 9.799 GC heap before
{Heap before GC invocations=14 (full 0):
 garbage-first heap   total 253952K, used 163240K [0x0000000080000000, 0x0000000100000000)
  region size 1024K, 110 young (112640K), 13 survivors (13312K)
 Metaspace       used 80595K, capacity 82454K, committed 82560K, reserved 1120256K
  class space    used 10415K, capacity 11055K, committed 11136K, reserved 1048576K
}
Event: 9.812 GC heap after
{Heap after GC invocations=15 (full 0):
 garbage-first heap   total 253952K, used 71662K [0x0000000080000000, 0x0000000100000000)
  region size 1024K, 14 young (14336K), 14 survivors (14336K)
 Metaspace       used 80595K, capacity 82454K, committed 82560K, reserved 1120256K
  class space    used 10415K, capacity 11055K, committed 11136K, reserved 1048576K
}
Event: 11.045 GC heap before
{Heap before GC invocations=15 (full 0):
 garbage-first heap   total 253952K, used 172014K [0x0000000080000000, 0x0000000100000000)
  region size 1024K, 112 young (114688K), 14 survivors (14336K)
 Metaspace       used 84653K, capacity 87205K, committed 87424K, reserved 1124352K
  class space    used 11091K, capacity 12079K, committed 12160K, reserved 1048576K
}
Event: 11.060 GC heap after
{Heap after GC invocations=16 (full 0):
 garbage-first heap   total 253952K, used 78782K [0x0000000080000000, 0x0000000100000000)
  region size 1024K, 14 young (14336K), 14 survivors (14336K)
 Metaspace       used 84653K, capacity 87205K, committed 87424K, reserved 1124352K
  class space    used 11091K, capacity 12079K, committed 12160K, reserved 1048576K
}
Event: 12.155 GC heap before
{Heap before GC invocations=16 (full 0):
 garbage-first heap   total 253952K, used 178110K [0x0000000080000000, 0x0000000100000000)
  region size 1024K, 112 young (114688K), 14 survivors (14336K)
 Metaspace       used 88086K, capacity 90690K, committed 90752K, reserved 1128448K
  class space    used 11424K, capacity 12402K, committed 12416K, reserved 1048576K
}
Event: 12.165 GC heap after
{Heap after GC invocations=17 (full 0):
 garbage-first heap   total 253952K, used 83041K [0x0000000080000000, 0x0000000100000000)
  region size 1024K, 11 young (11264K), 11 survivors (11264K)
 Metaspace       used 88086K, capacity 90690K, committed 90752K, reserved 1128448K
  class space    used 11424K, capacity 12402K, committed 12416K, reserved 1048576K
}
Event: 13.001 GC heap before
{Heap before GC invocations=17 (full 0):
 garbage-first heap   total 253952K, used 184417K [0x0000000080000000, 0x0000000100000000)
  region size 1024K, 111 young (113664K), 11 survivors (11264K)
 Metaspace       used 91431K, capacity 94041K, committed 94336K, reserved 1130496K
  class space    used 11859K, capacity 12833K, committed 12928K, reserved 1048576K
}
Event: 13.011 GC heap after
{Heap after GC invocations=18 (full 0):
 garbage-first heap   total 253952K, used 88314K [0x0000000080000000, 0x0000000100000000)
  region size 1024K, 10 young (10240K), 10 survivors (10240K)
 Metaspace       used 91431K, capacity 94041K, committed 94336K, reserved 1130496K
  class space    used 11859K, capacity 12833K, committed 12928K, reserved 1048576K
}
Event: 14.338 GC heap before
{Heap before GC invocations=18 (full 0):
 garbage-first heap   total 253952K, used 190714K [0x0000000080000000, 0x0000000100000000)
  region size 1024K, 111 young (113664K), 10 survivors (10240K)
 Metaspace       used 103616K, capacity 106779K, committed 106880K, reserved 1140736K
  class space    used 13636K, capacity 14890K, committed 14976K, reserved 1048576K
}
Event: 14.349 GC heap after
{Heap after GC invocations=19 (full 0):
 garbage-first heap   total 253952K, used 92880K [0x0000000080000000, 0x0000000100000000)
  region size 1024K, 10 young (10240K), 10 survivors (10240K)
 Metaspace       used 103616K, capacity 106779K, committed 106880K, reserved 1140736K
  class space    used 13636K, capacity 14890K, committed 14976K, reserved 1048576K
}

Deoptimization events (20 events):
Event: 15.533 Thread 0x000002ccc5ea5800 Uncommon trap: trap_request=0xffffff4d fr.pc=0x000002ccb06b6394 relative=0x00000000000039d4
Event: 15.533 Thread 0x000002ccc5ea5800 Uncommon trap: reason=unstable_if action=reinterpret pc=0x000002ccb06b6394 method=org.gradle.internal.snapshot.ChildMap$Entry.handlePath(Lorg/gradle/internal/snapshot/VfsRelativePath;Lorg/gradle/internal/snapshot/CaseSensitivity;Lorg/gradle/internal/snaps
Event: 15.533 Thread 0x000002ccc5ea5800 DEOPT PACKING pc=0x000002ccb06b6394 sp=0x000000d9d20fca70
Event: 15.533 Thread 0x000002ccc5ea5800 DEOPT UNPACKING pc=0x000002cca83078af sp=0x000000d9d20fc9d0 mode 2
Event: 15.547 Thread 0x000002ccc5ea4800 Uncommon trap: trap_request=0xffffffde fr.pc=0x000002ccb057ffc8 relative=0x0000000000000588
Event: 15.547 Thread 0x000002ccc5ea4800 Uncommon trap: reason=class_check action=maybe_recompile pc=0x000002ccb057ffc8 method=org.gradle.internal.snapshot.LargeChildMap.withNode(Lorg/gradle/internal/snapshot/VfsRelativePath;Lorg/gradle/internal/snapshot/CaseSensitivity;Lorg/gradle/internal/snap
Event: 15.547 Thread 0x000002ccc5ea4800 DEOPT PACKING pc=0x000002ccb057ffc8 sp=0x000000d9d1ffcb00
Event: 15.547 Thread 0x000002ccc5ea4800 DEOPT UNPACKING pc=0x000002cca83078af sp=0x000000d9d1ffcac0 mode 2
Event: 15.547 Thread 0x000002ccc5ea4800 Uncommon trap: trap_request=0xffffffde fr.pc=0x000002ccb057ffc8 relative=0x0000000000000588
Event: 15.547 Thread 0x000002ccc5ea4800 Uncommon trap: reason=class_check action=maybe_recompile pc=0x000002ccb057ffc8 method=org.gradle.internal.snapshot.LargeChildMap.withNode(Lorg/gradle/internal/snapshot/VfsRelativePath;Lorg/gradle/internal/snapshot/CaseSensitivity;Lorg/gradle/internal/snap
Event: 15.547 Thread 0x000002ccc5ea4800 DEOPT PACKING pc=0x000002ccb057ffc8 sp=0x000000d9d1ffcb00
Event: 15.547 Thread 0x000002ccc5ea4800 DEOPT UNPACKING pc=0x000002cca83078af sp=0x000000d9d1ffcac0 mode 2
Event: 15.549 Thread 0x000002ccc71fb000 Uncommon trap: trap_request=0xffffff4d fr.pc=0x000002ccb0396804 relative=0x00000000000004c4
Event: 15.549 Thread 0x000002ccc71fb000 Uncommon trap: reason=unstable_if action=reinterpret pc=0x000002ccb0396804 method=java.lang.String.regionMatches(ZILjava/lang/String;II)Z @ 21 c2
Event: 15.549 Thread 0x000002ccc71fb000 DEOPT PACKING pc=0x000002ccb0396804 sp=0x000000d9d12fd8f0
Event: 15.549 Thread 0x000002ccc71fb000 DEOPT UNPACKING pc=0x000002cca83078af sp=0x000000d9d12fd8a0 mode 2
Event: 15.716 Thread 0x000002ccc5e9a800 Uncommon trap: trap_request=0xffffffde fr.pc=0x000002ccb057ffc8 relative=0x0000000000000588
Event: 15.716 Thread 0x000002ccc5e9a800 Uncommon trap: reason=class_check action=maybe_recompile pc=0x000002ccb057ffc8 method=org.gradle.internal.snapshot.LargeChildMap.withNode(Lorg/gradle/internal/snapshot/VfsRelativePath;Lorg/gradle/internal/snapshot/CaseSensitivity;Lorg/gradle/internal/snap
Event: 15.716 Thread 0x000002ccc5e9a800 DEOPT PACKING pc=0x000002ccb057ffc8 sp=0x000000d9d16fccf0
Event: 15.716 Thread 0x000002ccc5e9a800 DEOPT UNPACKING pc=0x000002cca83078af sp=0x000000d9d16fccb0 mode 2

Classes redefined (0 events):
No events

Internal exceptions (20 events):
Event: 13.598 Thread 0x000002ccc41a0000 Exception <a 'java/lang/IncompatibleClassChangeError'{0x000000008bf50900}: Found class java.lang.Object, but interface was expected> (0x000000008bf50900) thrown at [./src/hotspot/share/interpreter/linkResolver.cpp, line 839]
Event: 13.598 Thread 0x000002ccc419c000 Exception <a 'java/lang/IncompatibleClassChangeError'{0x000000008bf52990}: Found class java.lang.Object, but interface was expected> (0x000000008bf52990) thrown at [./src/hotspot/share/interpreter/linkResolver.cpp, line 839]
Event: 13.599 Thread 0x000002ccc419c000 Exception <a 'java/lang/IncompatibleClassChangeError'{0x000000008bf5d2b8}: Found class java.lang.Object, but interface was expected> (0x000000008bf5d2b8) thrown at [./src/hotspot/share/interpreter/linkResolver.cpp, line 839]
Event: 13.599 Thread 0x000002ccc41a0000 Exception <a 'java/lang/IncompatibleClassChangeError'{0x000000008bf62b68}: Found class java.lang.Object, but interface was expected> (0x000000008bf62b68) thrown at [./src/hotspot/share/interpreter/linkResolver.cpp, line 839]
Event: 13.613 Thread 0x000002ccc41a0000 Exception <a 'java/lang/NoSuchMethodError'{0x000000008bfce270}: 'void java.lang.invoke.DirectMethodHandle$Holder.invokeVirtual(java.lang.Object, java.lang.Object, int, java.lang.Object)'> (0x000000008bfce270) thrown at [./src/hotspot/share/interpreter/linkResolver.cpp, line 773]
Event: 13.665 Thread 0x000002ccc41a0000 Exception <a 'java/lang/NoSuchMethodError'{0x000000008bbc62c0}: 'java.lang.Object java.lang.invoke.DirectMethodHandle$Holder.newInvokeSpecial(java.lang.Object, int)'> (0x000000008bbc62c0) thrown at [./src/hotspot/share/interpreter/linkResolver.cpp, line 773]
Event: 13.665 Thread 0x000002ccc419c000 Exception <a 'java/lang/NoSuchMethodError'{0x000000008bbafc28}: 'java.lang.Object java.lang.invoke.DirectMethodHandle$Holder.newInvokeSpecial(java.lang.Object, int)'> (0x000000008bbafc28) thrown at [./src/hotspot/share/interpreter/linkResolver.cpp, line 773]
Event: 13.779 Thread 0x000002ccc41a0000 Exception <a 'java/lang/NoSuchMethodError'{0x000000008b448530}: 'void java.lang.invoke.DirectMethodHandle$Holder.invokeSpecial(java.lang.Object, java.lang.Object, int, java.lang.Object, java.lang.Object, java.lang.Object, java.lang.Object)'> (0x000000008b448530) thrown at [./src/hotspot/share/interpreter/linkResolver.cpp, line 773]
Event: 13.781 Thread 0x000002ccc41a0000 Exception <a 'java/lang/NoSuchMethodError'{0x000000008b454130}: 'java.lang.Object java.lang.invoke.Invokers$Holder.linkToTargetMethod(java.lang.Object, int, java.lang.Object, java.lang.Object, java.lang.Object, java.lang.Object)'> (0x000000008b454130) thrown at [./src/hotspot/share/interpreter/linkResolver.cpp, line 773]
Event: 13.781 Thread 0x000002ccc41a0000 Exception <a 'java/lang/NoSuchMethodError'{0x000000008b466db0}: 'void java.lang.invoke.DirectMethodHandle$Holder.invokeSpecial(java.lang.Object, java.lang.Object, java.lang.Object, java.lang.Object, java.lang.Object, java.lang.Object, java.lang.Object, java.lang.Object, java.lang.Object)'> (0x000000008b466db0) thrown at [./src/hotspot/share/interpreter/linkResolver.cpp, line 773]
Event: 13.785 Thread 0x000002ccc41a0000 Exception <a 'java/lang/NoSuchMethodError'{0x000000008b490870}: 'void java.lang.invoke.DirectMethodHandle$Holder.invokeStatic(java.lang.Object, java.lang.Object, java.lang.Object, java.lang.Object, java.lang.Object, java.lang.Object, java.lang.Object, java.lang.Object)'> (0x000000008b490870) thrown at [./src/hotspot/share/interpreter/linkResolver.cpp, line 773]
Event: 13.841 Thread 0x000002ccc41a0000 Exception <a 'java/lang/IncompatibleClassChangeError'{0x000000008b0322e8}: Found class java.lang.Object, but interface was expected> (0x000000008b0322e8) thrown at [./src/hotspot/share/interpreter/linkResolver.cpp, line 839]
Event: 13.845 Thread 0x000002ccc419c000 Exception <a 'java/lang/NoSuchMethodError'{0x000000008b0595c0}: 'java.lang.Object java.lang.invoke.DirectMethodHandle$Holder.invokeInterface(java.lang.Object, java.lang.Object, int)'> (0x000000008b0595c0) thrown at [./src/hotspot/share/interpreter/linkResolver.cpp, line 773]
Event: 13.888 Thread 0x000002ccc41a0000 Exception <a 'java/lang/NoSuchMethodError'{0x000000008aef0ee8}: 'void java.lang.invoke.DirectMethodHandle$Holder.invokeVirtual(java.lang.Object, java.lang.Object, int)'> (0x000000008aef0ee8) thrown at [./src/hotspot/share/interpreter/linkResolver.cpp, line 773]
Event: 13.904 Thread 0x000002ccc41a0000 Exception <a 'sun/nio/fs/WindowsException'{0x000000008ac75cc0}> (0x000000008ac75cc0) thrown at [./src/hotspot/share/prims/jni.cpp, line 615]
Event: 14.223 Thread 0x000002ccc419c000 Exception <a 'java/lang/NoSuchMethodError'{0x0000000089b8ce50}: 'java.lang.Object java.lang.invoke.DirectMethodHandle$Holder.invokeSpecial(java.lang.Object, java.lang.Object, java.lang.Object, java.lang.Object, java.lang.Object, java.lang.Object, java.lang.Object, java.lang.Object, java.lang.Object, java.lang.Object, java.lang.Object)'> (0x0000000089b8ce50) thrown at [./src/hotspot/share/interpreter/linkResolver.cpp, line 773]
Event: 14.224 Thread 0x000002ccc419c000 Exception <a 'java/lang/NoSuchMethodError'{0x0000000089b98950}: 'java.lang.Object java.lang.invoke.Invokers$Holder.linkToTargetMethod(java.lang.Object, java.lang.Object, java.lang.Object, java.lang.Object, java.lang.Object, java.lang.Object, java.lang.Object, java.lang.Object, java.lang.Object, java.lang.Object)'> (0x0000000089b98950) thrown at [./src/hotspot/share/interpreter/linkResolver.cpp, line 773]
Event: 14.229 Thread 0x000002ccc419c000 Exception <a 'java/lang/IncompatibleClassChangeError'{0x0000000089bfe490}: Found class java.lang.Object, but interface was expected> (0x0000000089bfe490) thrown at [./src/hotspot/share/interpreter/linkResolver.cpp, line 839]
Event: 15.301 Thread 0x000002ccc419c000 Implicit null exception at 0x000002ccb06f376f to 0x000002ccb06f38a8
Event: 15.477 Thread 0x000002ccc419c000 Exception <a 'sun/nio/fs/WindowsException'{0x000000008aa76390}> (0x000000008aa76390) thrown at [./src/hotspot/share/prims/jni.cpp, line 615]

Events (20 events):
Event: 15.573 Thread 0x000002cccca00000 Thread added: 0x000002cccca00000
Event: 15.575 Thread 0x000002cccca06800 Thread added: 0x000002cccca06800
Event: 15.578 Thread 0x000002cccca02000 Thread added: 0x000002cccca02000
Event: 15.585 Thread 0x000002cccca04000 Thread added: 0x000002cccca04000
Event: 15.588 Thread 0x000002cccca03800 Thread added: 0x000002cccca03800
Event: 15.611 Thread 0x000002cccca05000 Thread added: 0x000002cccca05000
Event: 15.634 Executing VM operation: BulkRevokeBias
Event: 15.644 Executing VM operation: BulkRevokeBias done
Event: 15.663 loading class com/android/builder/dexing/DexArchiveEntry
Event: 15.663 loading class com/android/builder/dexing/DexArchiveEntry done
Event: 15.664 loading class com/android/builder/dexing/DexArchives
Event: 15.664 loading class com/android/builder/dexing/DexArchives done
Event: 15.666 loading class com/android/builder/dexing/DexArchive
Event: 15.666 loading class com/android/builder/dexing/DexArchive done
Event: 15.668 loading class com/android/builder/dexing/DirDexArchive
Event: 15.668 loading class com/android/builder/dexing/DirDexArchive done
Event: 15.701 loading class org/gradle/api/specs/Spec
Event: 15.701 loading class org/gradle/api/specs/Spec done
Event: 15.713 loading class com/android/build/gradle/internal/tasks/ValidateSigningTask$forceRerun$storeFile$1
Event: 15.713 loading class com/android/build/gradle/internal/tasks/ValidateSigningTask$forceRerun$storeFile$1 done


Dynamic libraries:
0x00007ff6cc790000 - 0x00007ff6cc79a000 	C:\Program Files\Android\Android Studio\jre\bin\java.exe
0x00007ffdf5500000 - 0x00007ffdf570f000 	C:\WINDOWS\SYSTEM32\ntdll.dll
0x00007ffdf3370000 - 0x00007ffdf342d000 	C:\WINDOWS\System32\KERNEL32.DLL
0x00007ffdf2ef0000 - 0x00007ffdf327c000 	C:\WINDOWS\System32\KERNELBASE.dll
0x00007ffdf2bc0000 - 0x00007ffdf2cd1000 	C:\WINDOWS\System32\ucrtbase.dll
0x00007ffde5110000 - 0x00007ffde5129000 	C:\Program Files\Android\Android Studio\jre\bin\jli.dll
0x00007ffde50f0000 - 0x00007ffde5107000 	C:\Program Files\Android\Android Studio\jre\bin\VCRUNTIME140.dll
0x00007ffdf4620000 - 0x00007ffdf47c6000 	C:\WINDOWS\System32\USER32.dll
0x00007ffdf2ce0000 - 0x00007ffdf2d06000 	C:\WINDOWS\System32\win32u.dll
0x00007ffde0db0000 - 0x00007ffde1051000 	C:\WINDOWS\WinSxS\amd64_microsoft.windows.common-controls_6595b64144ccf1df_6.0.22494.1000_none_23deebcec6cdf010\COMCTL32.dll
0x00007ffdf40c0000 - 0x00007ffdf4164000 	C:\WINDOWS\System32\msvcrt.dll
0x00007ffdf5370000 - 0x00007ffdf5399000 	C:\WINDOWS\System32\GDI32.dll
0x00007ffdf2d10000 - 0x00007ffdf2e27000 	C:\WINDOWS\System32\gdi32full.dll
0x00007ffdf2b20000 - 0x00007ffdf2bba000 	C:\WINDOWS\System32\msvcp_win.dll
0x00007ffdf45e0000 - 0x00007ffdf4611000 	C:\WINDOWS\System32\IMM32.DLL
0x00007ffdb2ce0000 - 0x00007ffdb2d7d000 	C:\Program Files\Android\Android Studio\jre\bin\msvcp140.dll
0x00007ffda35e0000 - 0x00007ffda40af000 	C:\Program Files\Android\Android Studio\jre\bin\server\jvm.dll
0x00007ffdf3430000 - 0x00007ffdf34de000 	C:\WINDOWS\System32\ADVAPI32.dll
0x00007ffdf34e0000 - 0x00007ffdf3581000 	C:\WINDOWS\System32\sechost.dll
0x00007ffdf53a0000 - 0x00007ffdf54bf000 	C:\WINDOWS\System32\RPCRT4.dll
0x00007ffdf36f0000 - 0x00007ffdf36f8000 	C:\WINDOWS\System32\PSAPI.DLL
0x00007ffdec240000 - 0x00007ffdec274000 	C:\WINDOWS\SYSTEM32\WINMM.dll
0x00007ffdebb80000 - 0x00007ffdebb8a000 	C:\WINDOWS\SYSTEM32\VERSION.dll
0x00007ffddc060000 - 0x00007ffddc069000 	C:\WINDOWS\SYSTEM32\WSOCK32.dll
0x00007ffdf50b0000 - 0x00007ffdf5121000 	C:\WINDOWS\System32\WS2_32.dll
0x00007ffdf1a50000 - 0x00007ffdf1a68000 	C:\WINDOWS\SYSTEM32\kernel.appcore.dll
0x00007ffdda3e0000 - 0x00007ffdda3f1000 	C:\Program Files\Android\Android Studio\jre\bin\verify.dll
0x00007ffdf0510000 - 0x00007ffdf0736000 	C:\WINDOWS\SYSTEM32\DBGHELP.DLL
0x00007ffdf4170000 - 0x00007ffdf44eb000 	C:\WINDOWS\System32\combase.dll
0x00007ffddd580000 - 0x00007ffddd5b1000 	C:\WINDOWS\SYSTEM32\dbgcore.DLL
0x00007ffdf32e0000 - 0x00007ffdf3361000 	C:\WINDOWS\System32\bcryptPrimitives.dll
0x00007ffdc6e70000 - 0x00007ffdc6e99000 	C:\Program Files\Android\Android Studio\jre\bin\java.dll
0x00007ffdef240000 - 0x00007ffdef24b000 	C:\Program Files\Android\Android Studio\jre\bin\jimage.dll
0x00007ffdd9890000 - 0x00007ffdd98a8000 	C:\Program Files\Android\Android Studio\jre\bin\zip.dll
0x00007ffdf48f0000 - 0x00007ffdf50a4000 	C:\WINDOWS\System32\SHELL32.dll
0x00007ffdf0a10000 - 0x00007ffdf126d000 	C:\WINDOWS\SYSTEM32\windows.storage.dll
0x00007ffdf08c0000 - 0x00007ffdf0a09000 	C:\WINDOWS\SYSTEM32\wintypes.dll
0x00007ffdf44f0000 - 0x00007ffdf45e0000 	C:\WINDOWS\System32\SHCORE.dll
0x00007ffdf3700000 - 0x00007ffdf375b000 	C:\WINDOWS\System32\shlwapi.dll
0x00007ffdf28f0000 - 0x00007ffdf2911000 	C:\WINDOWS\SYSTEM32\profapi.dll
0x00007ffdd6e10000 - 0x00007ffdd6e2a000 	C:\Program Files\Android\Android Studio\jre\bin\net.dll
0x00007ffdeba10000 - 0x00007ffdebb22000 	C:\WINDOWS\SYSTEM32\WINHTTP.dll
0x00007ffdf1e90000 - 0x00007ffdf1ef9000 	C:\WINDOWS\system32\mswsock.dll
0x00007ffdd6ce0000 - 0x00007ffdd6cf4000 	C:\Program Files\Android\Android Studio\jre\bin\nio.dll
0x00007ffdbdb00000 - 0x00007ffdbdb27000 	C:\Users\TUF Gaming\.gradle\native\8bec1ad78214c89d9ad589b4d07fe93259594b29d510b10fafb7a158f7737e5d\windows-amd64\native-platform.dll
0x00007ffd5a8c0000 - 0x00007ffd5a9fd000 	C:\Users\TUF Gaming\.gradle\native\53dbd7edfb1c66fb8903c78663c9afc45aea4f116125fa6feffd364cf09443e8\windows-amd64\native-platform-file-events.dll
0x00007ffde8dc0000 - 0x00007ffde8dca000 	C:\Program Files\Android\Android Studio\jre\bin\management.dll
0x00007ffde6a40000 - 0x00007ffde6a4c000 	C:\Program Files\Android\Android Studio\jre\bin\management_ext.dll
0x00007ffdf2130000 - 0x00007ffdf2148000 	C:\WINDOWS\SYSTEM32\CRYPTSP.dll
0x00007ffdf19b0000 - 0x00007ffdf19e5000 	C:\WINDOWS\system32\rsaenh.dll
0x00007ffdf1fb0000 - 0x00007ffdf1fd9000 	C:\WINDOWS\SYSTEM32\USERENV.dll
0x00007ffdf2310000 - 0x00007ffdf2338000 	C:\WINDOWS\SYSTEM32\bcrypt.dll
0x00007ffdf2120000 - 0x00007ffdf212c000 	C:\WINDOWS\SYSTEM32\CRYPTBASE.dll
0x00007ffdf14c0000 - 0x00007ffdf14ed000 	C:\WINDOWS\SYSTEM32\IPHLPAPI.DLL
0x00007ffdf3f80000 - 0x00007ffdf3f89000 	C:\WINDOWS\System32\NSI.dll
0x00007ffdeb980000 - 0x00007ffdeb999000 	C:\WINDOWS\SYSTEM32\dhcpcsvc6.DLL
0x00007ffdeb760000 - 0x00007ffdeb77e000 	C:\WINDOWS\SYSTEM32\dhcpcsvc.DLL
0x00007ffdf14f0000 - 0x00007ffdf15e7000 	C:\WINDOWS\SYSTEM32\DNSAPI.dll

dbghelp: loaded successfully - version: 4.0.5 - missing functions: none
symbol engine: initialized successfully - sym options: 0x614 - pdb path: .;C:\Program Files\Android\Android Studio\jre\bin;C:\WINDOWS\SYSTEM32;C:\WINDOWS\WinSxS\amd64_microsoft.windows.common-controls_6595b64144ccf1df_6.0.22494.1000_none_23deebcec6cdf010;C:\Program Files\Android\Android Studio\jre\bin\server;C:\Users\TUF Gaming\.gradle\native\8bec1ad78214c89d9ad589b4d07fe93259594b29d510b10fafb7a158f7737e5d\windows-amd64;C:\Users\TUF Gaming\.gradle\native\53dbd7edfb1c66fb8903c78663c9afc45aea4f116125fa6feffd364cf09443e8\windows-amd64

VM Arguments:
jvm_args: --add-opens=java.base/java.util=ALL-UNNAMED --add-opens=java.base/java.lang=ALL-UNNAMED --add-opens=java.base/java.lang.invoke=ALL-UNNAMED --add-opens=java.base/java.util=ALL-UNNAMED --add-opens=java.prefs/java.util.prefs=ALL-UNNAMED --add-opens=java.prefs/java.util.prefs=ALL-UNNAMED --add-opens=java.base/java.nio.charset=ALL-UNNAMED --add-opens=java.base/java.net=ALL-UNNAMED --add-opens=java.base/java.util.concurrent.atomic=ALL-UNNAMED -Xmx2048m -Dfile.encoding=UTF-8 -Duser.country=ID -Duser.language=en -Duser.variant 
java_command: org.gradle.launcher.daemon.bootstrap.GradleDaemon 7.0.2
java_class_path (initial): C:\Users\TUF Gaming\.gradle\wrapper\dists\gradle-7.0.2-bin\857tjihv64xamwrf0h14cai3r\gradle-7.0.2\lib\gradle-launcher-7.0.2.jar
Launcher Type: SUN_STANDARD

[Global flags]
     intx CICompilerCount                          = 12                                        {product} {ergonomic}
     uint ConcGCThreads                            = 3                                         {product} {ergonomic}
     uint G1ConcRefinementThreads                  = 13                                        {product} {ergonomic}
   size_t G1HeapRegionSize                         = 1048576                                   {product} {ergonomic}
    uintx GCDrainStackTargetSize                   = 64                                        {product} {ergonomic}
   size_t InitialHeapSize                          = 260046848                                 {product} {ergonomic}
   size_t MarkStackSize                            = 4194304                                   {product} {ergonomic}
   size_t MaxHeapSize                              = 2147483648                                {product} {command line}
   size_t MaxNewSize                               = 1287651328                                {product} {ergonomic}
   size_t MinHeapDeltaBytes                        = 1048576                                   {product} {ergonomic}
    uintx NonNMethodCodeHeapSize                   = 7594288                                {pd product} {ergonomic}
    uintx NonProfiledCodeHeapSize                  = 122031976                              {pd product} {ergonomic}
    uintx ProfiledCodeHeapSize                     = 122031976                              {pd product} {ergonomic}
    uintx ReservedCodeCacheSize                    = 251658240                              {pd product} {ergonomic}
     bool SegmentedCodeCache                       = true                                      {product} {ergonomic}
     bool UseCompressedClassPointers               = true                                 {lp64_product} {ergonomic}
     bool UseCompressedOops                        = true                                 {lp64_product} {ergonomic}
     bool UseG1GC                                  = true                                      {product} {ergonomic}
     bool UseLargePagesIndividualAllocation        = false                                  {pd product} {ergonomic}

Logging:
Log output configuration:
 #0: stdout all=warning uptime,level,tags
 #1: stderr all=off uptime,level,tags

Environment Variables:
JAVA_HOME=C:\Program Files\Java\jdk-17.0.1\bin
PATH=C:\ProgramData\Oracle\Java\javapath;C:\Python39\Scripts\;C:\Python39\;C:\Program Files\Common Files\Oracle\Java\javapath;C:\Program Files (x86)\Common Files\Oracle\Java\javapath;C:\Program Files (x86)\Common Files\Intel\Shared Libraries\redist\intel64_win\compiler;C:\Program Files (x86)\Common Files\Intel\Shared Libraries\redist\intel64\compiler;C:\Windows\system32;C:\Windows;C:\Windows\System32\Wbem;C:\Windows\System32\WindowsPowerShell\v1.0\;C:\Windows\System32\OpenSSH\;C:\Program Files (x86)\NVIDIA Corporation\PhysX\Common;C:\Program Files\NVIDIA Corporation\NVIDIA NvDLISR;C:\WINDOWS\system32;C:\WINDOWS;C:\WINDOWS\System32\Wbem;C:\WINDOWS\System32\WindowsPowerShell\v1.0\;C:\WINDOWS\System32\OpenSSH\;C:\xampp\php;C:\ProgramData\ComposerSetup\bin;C:\Program Files\nodejs\;C:\ProgramData\chocolatey\bin;C:\Program Files\Git\cmd;C:\Program Files (x86)\dotnet\;C:\Program Files\PowerShell\7\;C:\Program Files\Java\jdk-17.0.1\bin;C:\Users\TUF Gaming\AppData\Local\Microsoft\WindowsApps;C:\Users\TUF Gaming\AppData\Local\Programs\Microsoft VS Code\bin;C:\Users\TUF Gaming\AppData\Roaming\Composer\vendor\bin;C:\Users\TUF Gaming\AppData\Roaming\npm;C:\Users\TUF Gaming\AppData\Local\GitHubDesktop\bin;
USERNAME=TUF Gaming
OS=Windows_NT
PROCESSOR_IDENTIFIER=AMD64 Family 23 Model 96 Stepping 1, AuthenticAMD



---------------  S Y S T E M  ---------------

OS: Windows 10 , 64 bit Build 22494 (10.0.22494.1000)
OS uptime: 3 days 7:47 hours
Hyper-V role detected

CPU:total 16 (initial active 16) (16 cores per cpu, 2 threads per core) family 23 model 96 stepping 1 microcode 0x0, cmov, cx8, fxsr, mmx, sse, sse2, sse3, ssse3, sse4.1, sse4.2, popcnt, avx, avx2, aes, clmul, mmxext, 3dnowpref, lzcnt, sse4a, ht, tsc, tscinvbit, tscinv, bmi1, bmi2, adx, 

Memory: 4k page, system-wide physical 15789M (3123M free)
TotalPageFile size 23789M (AvailPageFile size 4M)
current process WorkingSet (physical memory assigned to process): 622M, peak: 624M
current process commit charge ("private bytes"): 710M, peak: 712M

vm_info: OpenJDK 64-Bit Server VM (11.0.10+0-b96-7249189) for windows-amd64 JRE (11.0.10+0-b96-7249189), built on Mar 31 2021 21:44:00 by "builder" with MS VC++ 14.0 (VS2015)

END.
