#
# There is insufficient memory for the Java Runtime Environment to continue.
# Native memory allocation (malloc) failed to allocate 1167376 bytes for Chunk::new
# Possible reasons:
#   The system is out of physical RAM or swap space
#   The process is running with CompressedOops enabled, and the Java Heap may be blocking the growth of the native heap
# Possible solutions:
#   Reduce memory load on the system
#   Increase physical memory or swap space
#   Check if swap backing store is full
#   Decrease Java heap size (-Xmx/-Xms)
#   Decrease number of Java threads
#   Decrease Java thread stack sizes (-Xss)
#   Set larger code cache with -XX:ReservedCodeCacheSize=
#   JVM is running with Unscaled Compressed Oops mode in which the Java heap is
#     placed in the first 4GB address space. The Java Heap base address is the
#     maximum limit for the native heap growth. Please use -XX:HeapBaseMinAddress
#     to set the Java Heap base and to place the Java Heap above 4GB virtual address.
# This output file may be truncated or incomplete.
#
#  Out of Memory Error (./src/hotspot/share/memory/arena.cpp:197), pid=24044, tid=29020
#
# JRE version: OpenJDK Runtime Environment (11.0.10) (build 11.0.10+0-b96-7249189)
# Java VM: OpenJDK 64-Bit Server VM (11.0.10+0-b96-7249189, mixed mode, tiered, compressed oops, g1 gc, windows-amd64)
# No core dump will be written. Minidumps are not enabled by default on client versions of Windows
#

---------------  S U M M A R Y ------------

Command Line: --add-opens=java.base/java.util=ALL-UNNAMED --add-opens=java.base/java.lang=ALL-UNNAMED --add-opens=java.base/java.lang.invoke=ALL-UNNAMED --add-opens=java.base/java.util=ALL-UNNAMED --add-opens=java.prefs/java.util.prefs=ALL-UNNAMED --add-opens=java.prefs/java.util.prefs=ALL-UNNAMED --add-opens=java.base/java.nio.charset=ALL-UNNAMED --add-opens=java.base/java.net=ALL-UNNAMED --add-opens=java.base/java.util.concurrent.atomic=ALL-UNNAMED -Xmx2048m -Dfile.encoding=UTF-8 -Duser.country=ID -Duser.language=en -Duser.variant org.gradle.launcher.daemon.bootstrap.GradleDaemon 7.0.2

Host: AMD Ryzen 9 4900H with Radeon Graphics         , 16 cores, 15G,  Windows 10 , 64 bit Build 22494 (10.0.22494.1000)
Time: Mon Nov 29 23:37:48 2021 SE Asia Standard Time elapsed time: 12.674513 seconds (0d 0h 0m 12s)

---------------  T H R E A D  ---------------

Current thread (0x0000025032a7e000):  JavaThread "C2 CompilerThread1" daemon [_thread_in_native, id=29020, stack(0x000000dc61600000,0x000000dc61700000)]


Current CompileTask:
C2:  12674 11607       4       org.gradle.internal.instantiation.generator.AbstractClassGenerator$PropertyMetadata::hasAnnotation (40 bytes)

Stack: [0x000000dc61600000,0x000000dc61700000]
Native frames: (J=compiled Java code, j=interpreted, Vv=VM code, C=native code)
V  [jvm.dll+0x5ecfaa]
V  [jvm.dll+0x722bd5]
V  [jvm.dll+0x72412d]
V  [jvm.dll+0x7247e3]
V  [jvm.dll+0x242928]
V  [jvm.dll+0xbc4fc]
V  [jvm.dll+0xbca0c]
V  [jvm.dll+0x352d7d]
V  [jvm.dll+0x197c77]
V  [jvm.dll+0x1fb70e]
V  [jvm.dll+0x1fa7f4]
V  [jvm.dll+0x18354c]
V  [jvm.dll+0x208ee7]
V  [jvm.dll+0x207731]
V  [jvm.dll+0x6eb1cf]
V  [jvm.dll+0x6e3d45]
V  [jvm.dll+0x5ebe96]
C  [ucrtbase.dll+0x293cc]
C  [KERNEL32.DLL+0x16ab0]
C  [ntdll.dll+0x51edb]


---------------  P R O C E S S  ---------------

Threads class SMR info:
_java_thread_list=0x000002503d94a5a0, length=95, elements={
0x0000025015946000, 0x00000250311cd000, 0x00000250311ce000, 0x0000025031223800,
0x0000025031224800, 0x0000025031228800, 0x000002503122c000, 0x000002503122d800,
0x0000025031231000, 0x000002503095f000, 0x00000250313ac000, 0x00000250321b6000,
0x000002503230d800, 0x0000025033431800, 0x000002503342c000, 0x0000025033432800,
0x000002503342c800, 0x000002503342d800, 0x000002503342e000, 0x000002503342f000,
0x0000025032a7e000, 0x0000025033430000, 0x0000025033430800, 0x00000250320ca000,
0x00000250320cb000, 0x00000250320c6800, 0x00000250320cb800, 0x00000250320cc800,
0x00000250320c8800, 0x00000250320cd000, 0x00000250320c7800, 0x00000250320c9000,
0x0000025034556000, 0x00000250320d1800, 0x00000250320cf000, 0x00000250351d8800,
0x00000250320cf800, 0x00000250320d0800, 0x00000250320ce000, 0x00000250320d4000,
0x00000250320d4800, 0x00000250320d5800, 0x00000250394d1800, 0x00000250394d1000,
0x00000250394d2800, 0x00000250394d0000, 0x00000250394d4000, 0x00000250394d5000,
0x00000250394d3800, 0x00000250394cf800, 0x00000250394db800, 0x00000250394d6000,
0x00000250394dc800, 0x00000250394da800, 0x00000250394da000, 0x00000250394d6800,
0x00000250394dd000, 0x00000250394d8800, 0x00000250394d9000, 0x00000250394d7800,
0x00000250394de000, 0x00000250378ae800, 0x00000250378af800, 0x00000250378ad000,
0x00000250378b1000, 0x00000250378ab800, 0x00000250378b2000, 0x00000250378ac000,
0x00000250378b2800, 0x00000250378b3800, 0x00000250378b0000, 0x00000250378ad800,
0x00000250378b7800, 0x000002503813b800, 0x000002503495d800, 0x000002503495b800,
0x00000250378b9000, 0x00000250378b5000, 0x00000250378b6000, 0x00000250378b6800,
0x00000250378b8800, 0x000002503a3dd000, 0x000002503a3dc800, 0x000002503a3de000,
0x000002503a3da000, 0x000002503a3da800, 0x000002503a3d8800, 0x000002503a3df000,
0x000002503a3db800, 0x000002503a3d9000, 0x000002503a3e2000, 0x000002503a3e3000,
0x000002503a3e3800, 0x000002503ab17800, 0x000002503a3e4800
}

Java Threads: ( => current thread )
  0x0000025015946000 JavaThread "main" [_thread_blocked, id=26968, stack(0x000000dc5f700000,0x000000dc5f800000)]
  0x00000250311cd000 JavaThread "Reference Handler" daemon [_thread_blocked, id=12532, stack(0x000000dc5fe00000,0x000000dc5ff00000)]
  0x00000250311ce000 JavaThread "Finalizer" daemon [_thread_blocked, id=37852, stack(0x000000dc5ff00000,0x000000dc60000000)]
  0x0000025031223800 JavaThread "Signal Dispatcher" daemon [_thread_blocked, id=19280, stack(0x000000dc60000000,0x000000dc60100000)]
  0x0000025031224800 JavaThread "Attach Listener" daemon [_thread_blocked, id=10596, stack(0x000000dc60100000,0x000000dc60200000)]
  0x0000025031228800 JavaThread "Service Thread" daemon [_thread_blocked, id=20428, stack(0x000000dc60200000,0x000000dc60300000)]
  0x000002503122c000 JavaThread "C2 CompilerThread0" daemon [_thread_blocked, id=5916, stack(0x000000dc60300000,0x000000dc60400000)]
  0x000002503122d800 JavaThread "C1 CompilerThread0" daemon [_thread_blocked, id=8144, stack(0x000000dc60400000,0x000000dc60500000)]
  0x0000025031231000 JavaThread "Sweeper thread" daemon [_thread_blocked, id=7528, stack(0x000000dc60500000,0x000000dc60600000)]
  0x000002503095f000 JavaThread "C1 CompilerThread1" daemon [_thread_blocked, id=32388, stack(0x000000dc60600000,0x000000dc60700000)]
  0x00000250313ac000 JavaThread "Common-Cleaner" daemon [_thread_blocked, id=14356, stack(0x000000dc60700000,0x000000dc60800000)]
  0x00000250321b6000 JavaThread "C1 CompilerThread2" daemon [_thread_blocked, id=3732, stack(0x000000dc60b00000,0x000000dc60c00000)]
  0x000002503230d800 JavaThread "C1 CompilerThread3" daemon [_thread_blocked, id=26072, stack(0x000000dc61000000,0x000000dc61100000)]
  0x0000025033431800 JavaThread "Daemon health stats" [_thread_blocked, id=12472, stack(0x000000dc61100000,0x000000dc61200000)]
  0x000002503342c000 JavaThread "Incoming local TCP Connector on port 64094" [_thread_in_native, id=20652, stack(0x000000dc60900000,0x000000dc60a00000)]
  0x0000025033432800 JavaThread "Daemon periodic checks" [_thread_blocked, id=11812, stack(0x000000dc60a00000,0x000000dc60b00000)]
  0x000002503342c800 JavaThread "Daemon" [_thread_blocked, id=16616, stack(0x000000dc61200000,0x000000dc61300000)]
  0x000002503342d800 JavaThread "Handler for socket connection from /127.0.0.1:64094 to /127.0.0.1:64095" [_thread_in_native, id=34656, stack(0x000000dc61300000,0x000000dc61400000)]
  0x000002503342e000 JavaThread "Cancel handler" [_thread_blocked, id=22376, stack(0x000000dc61400000,0x000000dc61500000)]
  0x000002503342f000 JavaThread "Daemon worker" [_thread_blocked, id=24116, stack(0x000000dc61500000,0x000000dc61600000)]
=>0x0000025032a7e000 JavaThread "C2 CompilerThread1" daemon [_thread_in_native, id=29020, stack(0x000000dc61600000,0x000000dc61700000)]
  0x0000025033430000 JavaThread "Asynchronous log dispatcher for DefaultDaemonConnection: socket connection from /127.0.0.1:64094 to /127.0.0.1:64095" [_thread_blocked, id=19332, stack(0x000000dc61700000,0x000000dc61800000)]
  0x0000025033430800 JavaThread "Stdin handler" [_thread_blocked, id=32144, stack(0x000000dc61800000,0x000000dc61900000)]
  0x00000250320ca000 JavaThread "Daemon client event forwarder" [_thread_blocked, id=352, stack(0x000000dc61900000,0x000000dc61a00000)]
  0x00000250320cb000 JavaThread "Cache worker for file hash cache (C:\Users\TUF Gaming\.gradle\caches\7.0.2\fileHashes)" [_thread_blocked, id=31904, stack(0x000000dc61a00000,0x000000dc61b00000)]
  0x00000250320c6800 JavaThread "File lock request listener" [_thread_in_native, id=16108, stack(0x000000dc61b00000,0x000000dc61c00000)]
  0x00000250320cb800 JavaThread "Cache worker for journal cache (C:\Users\TUF Gaming\.gradle\caches\journal-1)" [_thread_blocked, id=1536, stack(0x000000dc62600000,0x000000dc62700000)]
  0x00000250320cc800 JavaThread "Cache worker for file hash cache (D:\KULIAH\Semester 5\Rekayasa Perangkat Lunak\ParkTikomAdmin\.gradle\7.0.2\fileHashes)" [_thread_blocked, id=14856, stack(0x000000dc62700000,0x000000dc62800000)]
  0x00000250320c8800 JavaThread "File watcher server" daemon [_thread_in_native, id=32276, stack(0x000000dc62800000,0x000000dc62900000)]
  0x00000250320cd000 JavaThread "File watcher consumer" daemon [_thread_blocked, id=35876, stack(0x000000dc62900000,0x000000dc62a00000)]
  0x00000250320c7800 JavaThread "Cache worker for checksums cache (D:\KULIAH\Semester 5\Rekayasa Perangkat Lunak\ParkTikomAdmin\.gradle\checksums)" [_thread_blocked, id=25320, stack(0x000000dc62a00000,0x000000dc62b00000)]
  0x00000250320c9000 JavaThread "Cache worker for cache directory md-supplier (C:\Users\TUF Gaming\.gradle\caches\7.0.2\md-supplier)" [_thread_blocked, id=14016, stack(0x000000dc62b00000,0x000000dc62c00000)]
  0x0000025034556000 JavaThread "C2 CompilerThread2" daemon [_thread_in_native, id=37464, stack(0x000000dc62c00000,0x000000dc62d00000)]
  0x00000250320d1800 JavaThread "Cache worker for cache directory md-rule (C:\Users\TUF Gaming\.gradle\caches\7.0.2\md-rule)" [_thread_blocked, id=34760, stack(0x000000dc62d00000,0x000000dc62e00000)]
  0x00000250320cf000 JavaThread "Cache worker for execution history cache (C:\Users\TUF Gaming\.gradle\caches\7.0.2\executionHistory)" [_thread_blocked, id=30932, stack(0x000000dc62e00000,0x000000dc62f00000)]
  0x00000250351d8800 JavaThread "C2 CompilerThread3" daemon [_thread_blocked, id=32292, stack(0x000000dc62f00000,0x000000dc63000000)]
  0x00000250320cf800 JavaThread "jar transforms" [_thread_blocked, id=16340, stack(0x000000dc63100000,0x000000dc63200000)]
  0x00000250320d0800 JavaThread "jar transforms Thread 2" [_thread_blocked, id=29828, stack(0x000000dc63200000,0x000000dc63300000)]
  0x00000250320ce000 JavaThread "Cache worker for file content cache (C:\Users\TUF Gaming\.gradle\caches\7.0.2\fileContent)" [_thread_blocked, id=9516, stack(0x000000dc63300000,0x000000dc63400000)]
  0x00000250320d4000 JavaThread "Cache worker for dependencies-accessors (D:\KULIAH\Semester 5\Rekayasa Perangkat Lunak\ParkTikomAdmin\.gradle\7.0.2\dependencies-accessors)" [_thread_blocked, id=928, stack(0x000000dc63400000,0x000000dc63500000)]
  0x00000250320d4800 JavaThread "jar transforms Thread 3" [_thread_blocked, id=30988, stack(0x000000dc63000000,0x000000dc63100000)]
  0x00000250320d5800 JavaThread "Cache worker for Build Output Cleanup Cache (D:\KULIAH\Semester 5\Rekayasa Perangkat Lunak\ParkTikomAdmin\.gradle\buildOutputCleanup)" [_thread_blocked, id=29984, stack(0x000000dc63500000,0x000000dc63600000)]
  0x00000250394d1800 JavaThread "Build operations" [_thread_blocked, id=15044, stack(0x000000dc63600000,0x000000dc63700000)]
  0x00000250394d1000 JavaThread "Build operations Thread 2" [_thread_blocked, id=30792, stack(0x000000dc63700000,0x000000dc63800000)]
  0x00000250394d2800 JavaThread "Build operations Thread 3" [_thread_blocked, id=23264, stack(0x000000dc63800000,0x000000dc63900000)]
  0x00000250394d0000 JavaThread "Build operations Thread 4" [_thread_blocked, id=36580, stack(0x000000dc63900000,0x000000dc63a00000)]
  0x00000250394d4000 JavaThread "Build operations Thread 5" [_thread_blocked, id=8012, stack(0x000000dc63a00000,0x000000dc63b00000)]
  0x00000250394d5000 JavaThread "Build operations Thread 6" [_thread_blocked, id=13920, stack(0x000000dc63b00000,0x000000dc63c00000)]
  0x00000250394d3800 JavaThread "Build operations Thread 7" [_thread_blocked, id=29180, stack(0x000000dc63c00000,0x000000dc63d00000)]
  0x00000250394cf800 JavaThread "Build operations Thread 8" [_thread_blocked, id=7172, stack(0x000000dc63d00000,0x000000dc63e00000)]
  0x00000250394db800 JavaThread "Build operations Thread 9" [_thread_blocked, id=26004, stack(0x000000dc63e00000,0x000000dc63f00000)]
  0x00000250394d6000 JavaThread "Build operations Thread 10" [_thread_blocked, id=21588, stack(0x000000dc63f00000,0x000000dc64000000)]
  0x00000250394dc800 JavaThread "Build operations Thread 11" [_thread_blocked, id=20632, stack(0x000000dc64000000,0x000000dc64100000)]
  0x00000250394da800 JavaThread "Build operations Thread 12" [_thread_blocked, id=22876, stack(0x000000dc64100000,0x000000dc64200000)]
  0x00000250394da000 JavaThread "Build operations Thread 13" [_thread_blocked, id=15252, stack(0x000000dc64200000,0x000000dc64300000)]
  0x00000250394d6800 JavaThread "Build operations Thread 14" [_thread_blocked, id=19192, stack(0x000000dc64300000,0x000000dc64400000)]
  0x00000250394dd000 JavaThread "Build operations Thread 15" [_thread_blocked, id=23344, stack(0x000000dc64400000,0x000000dc64500000)]
  0x00000250394d8800 JavaThread "Build operations Thread 16" [_thread_blocked, id=15104, stack(0x000000dc64500000,0x000000dc64600000)]
  0x00000250394d9000 JavaThread "jar transforms Thread 4" [_thread_blocked, id=29964, stack(0x000000dc64600000,0x000000dc64700000)]
  0x00000250394d7800 JavaThread "jar transforms Thread 5" [_thread_blocked, id=14848, stack(0x000000dc64700000,0x000000dc64800000)]
  0x00000250394de000 JavaThread "jar transforms Thread 6" [_thread_blocked, id=6976, stack(0x000000dc64800000,0x000000dc64900000)]
  0x00000250378ae800 JavaThread "jar transforms Thread 7" [_thread_blocked, id=20568, stack(0x000000dc64900000,0x000000dc64a00000)]
  0x00000250378af800 JavaThread "jar transforms Thread 8" [_thread_blocked, id=16016, stack(0x000000dc64a00000,0x000000dc64b00000)]
  0x00000250378ad000 JavaThread "jar transforms Thread 9" [_thread_blocked, id=2440, stack(0x000000dc64b00000,0x000000dc64c00000)]
  0x00000250378b1000 JavaThread "jar transforms Thread 10" [_thread_blocked, id=33100, stack(0x000000dc64c00000,0x000000dc64d00000)]
  0x00000250378ab800 JavaThread "jar transforms Thread 11" [_thread_blocked, id=23176, stack(0x000000dc64d00000,0x000000dc64e00000)]
  0x00000250378b2000 JavaThread "jar transforms Thread 12" [_thread_blocked, id=23324, stack(0x000000dc64e00000,0x000000dc64f00000)]
  0x00000250378ac000 JavaThread "jar transforms Thread 13" [_thread_blocked, id=3884, stack(0x000000dc64f00000,0x000000dc65000000)]
  0x00000250378b2800 JavaThread "jar transforms Thread 14" [_thread_blocked, id=29024, stack(0x000000dc65000000,0x000000dc65100000)]
  0x00000250378b3800 JavaThread "jar transforms Thread 15" [_thread_blocked, id=37736, stack(0x000000dc65100000,0x000000dc65200000)]
  0x00000250378b0000 JavaThread "jar transforms Thread 16" [_thread_blocked, id=29792, stack(0x000000dc65200000,0x000000dc65300000)]
  0x00000250378ad800 JavaThread "Memory manager" [_thread_blocked, id=23184, stack(0x000000dc65500000,0x000000dc65600000)]
  0x00000250378b7800 JavaThread "build event listener" [_thread_blocked, id=22396, stack(0x000000dc65600000,0x000000dc65700000)]
  0x000002503813b800 JavaThread "C2 CompilerThread4" daemon [_thread_in_native, id=31368, stack(0x000000dc65700000,0x000000dc65800000)]
  0x000002503495d800 JavaThread "C2 CompilerThread5" daemon [_thread_in_native, id=28996, stack(0x000000dc65800000,0x000000dc65900000)]
  0x000002503495b800 JavaThread "C2 CompilerThread6" daemon [_thread_in_native, id=30328, stack(0x000000dc65900000,0x000000dc65a00000)]
  0x00000250378b9000 JavaThread "build event listener" [_thread_blocked, id=34696, stack(0x000000dc65a00000,0x000000dc65b00000)]
  0x00000250378b5000 JavaThread "Execution worker for ':'" [_thread_blocked, id=26896, stack(0x000000dc65b00000,0x000000dc65c00000)]
  0x00000250378b6000 JavaThread "Execution worker for ':' Thread 2" [_thread_blocked, id=20364, stack(0x000000dc65c00000,0x000000dc65d00000)]
  0x00000250378b6800 JavaThread "Execution worker for ':' Thread 3" [_thread_blocked, id=16576, stack(0x000000dc65d00000,0x000000dc65e00000)]
  0x00000250378b8800 JavaThread "Execution worker for ':' Thread 4" [_thread_blocked, id=33132, stack(0x000000dc65e00000,0x000000dc65f00000)]
  0x000002503a3dd000 JavaThread "Execution worker for ':' Thread 5" [_thread_blocked, id=30716, stack(0x000000dc65f00000,0x000000dc66000000)]
  0x000002503a3dc800 JavaThread "Execution worker for ':' Thread 6" [_thread_blocked, id=36768, stack(0x000000dc66000000,0x000000dc66100000)]
  0x000002503a3de000 JavaThread "Execution worker for ':' Thread 7" [_thread_blocked, id=11736, stack(0x000000dc66100000,0x000000dc66200000)]
  0x000002503a3da000 JavaThread "Execution worker for ':' Thread 8" [_thread_blocked, id=21708, stack(0x000000dc66200000,0x000000dc66300000)]
  0x000002503a3da800 JavaThread "Execution worker for ':' Thread 9" [_thread_blocked, id=13788, stack(0x000000dc66300000,0x000000dc66400000)]
  0x000002503a3d8800 JavaThread "Execution worker for ':' Thread 10" [_thread_blocked, id=34364, stack(0x000000dc66400000,0x000000dc66500000)]
  0x000002503a3df000 JavaThread "Execution worker for ':' Thread 11" [_thread_in_native, id=33508, stack(0x000000dc66500000,0x000000dc66600000)]
  0x000002503a3db800 JavaThread "Execution worker for ':' Thread 12" [_thread_blocked, id=7756, stack(0x000000dc66600000,0x000000dc66700000)]
  0x000002503a3d9000 JavaThread "Execution worker for ':' Thread 13" [_thread_blocked, id=21100, stack(0x000000dc66700000,0x000000dc66800000)]
  0x000002503a3e2000 JavaThread "Execution worker for ':' Thread 14" [_thread_blocked, id=34464, stack(0x000000dc66800000,0x000000dc66900000)]
  0x000002503a3e3000 JavaThread "Execution worker for ':' Thread 15" [_thread_blocked, id=22448, stack(0x000000dc66900000,0x000000dc66a00000)]
  0x000002503a3e3800 JavaThread "Cache worker for execution history cache (D:\KULIAH\Semester 5\Rekayasa Perangkat Lunak\ParkTikomAdmin\.gradle\7.0.2\executionHistory)" [_thread_blocked, id=14748, stack(0x000000dc66a00000,0x000000dc66b00000)]
  0x000002503ab17800 JavaThread "C2 CompilerThread7" daemon [_thread_in_native, id=37248, stack(0x000000dc66b00000,0x000000dc66c00000)]
  0x000002503a3e4800 JavaThread "WorkerExecutor Queue" [_thread_in_vm, id=4372, stack(0x000000dc66c00000,0x000000dc66d00000)]

Other Threads:
  0x00000250311c1800 VMThread "VM Thread" [stack: 0x000000dc5fd00000,0x000000dc5fe00000] [id=23296]
  0x00000250313e8000 WatcherThread [stack: 0x000000dc60800000,0x000000dc60900000] [id=17728]
  0x0000025015960800 GCTaskThread "GC Thread#0" [stack: 0x000000dc5f800000,0x000000dc5f900000] [id=26104]
  0x00000250318fe000 GCTaskThread "GC Thread#1" [stack: 0x000000dc60c00000,0x000000dc60d00000] [id=1092]
  0x0000025032007000 GCTaskThread "GC Thread#2" [stack: 0x000000dc60d00000,0x000000dc60e00000] [id=13076]
  0x000002503216b800 GCTaskThread "GC Thread#3" [stack: 0x000000dc60e00000,0x000000dc60f00000] [id=37052]
  0x0000025031bd5800 GCTaskThread "GC Thread#4" [stack: 0x000000dc60f00000,0x000000dc61000000] [id=5324]
  0x00000250324ee000 GCTaskThread "GC Thread#5" [stack: 0x000000dc61c00000,0x000000dc61d00000] [id=17912]
  0x00000250337df800 GCTaskThread "GC Thread#6" [stack: 0x000000dc61d00000,0x000000dc61e00000] [id=5188]
  0x000002503382b000 GCTaskThread "GC Thread#7" [stack: 0x000000dc61e00000,0x000000dc61f00000] [id=32368]
  0x0000025032cf6800 GCTaskThread "GC Thread#8" [stack: 0x000000dc61f00000,0x000000dc62000000] [id=37108]
  0x0000025033307800 GCTaskThread "GC Thread#9" [stack: 0x000000dc62000000,0x000000dc62100000] [id=10936]
  0x00000250341ae800 GCTaskThread "GC Thread#10" [stack: 0x000000dc62100000,0x000000dc62200000] [id=15180]
  0x0000025034574800 GCTaskThread "GC Thread#11" [stack: 0x000000dc62200000,0x000000dc62300000] [id=15956]
  0x0000025033ca1000 GCTaskThread "GC Thread#12" [stack: 0x000000dc62300000,0x000000dc62400000] [id=20984]
  0x0000025015995000 ConcurrentGCThread "G1 Main Marker" [stack: 0x000000dc5f900000,0x000000dc5fa00000] [id=33976]
  0x0000025015996800 ConcurrentGCThread "G1 Conc#0" [stack: 0x000000dc5fa00000,0x000000dc5fb00000] [id=14760]
  0x0000025033519800 ConcurrentGCThread "G1 Conc#1" [stack: 0x000000dc62400000,0x000000dc62500000] [id=18100]
  0x0000025031f3e000 ConcurrentGCThread "G1 Conc#2" [stack: 0x000000dc62500000,0x000000dc62600000] [id=34532]
  0x000002503080b800 ConcurrentGCThread "G1 Refine#0" [stack: 0x000000dc5fb00000,0x000000dc5fc00000] [id=33564]
  0x0000025037247000 ConcurrentGCThread "G1 Refine#1" [stack: 0x000000dc65300000,0x000000dc65400000] [id=6772]
  0x0000025032567800 ConcurrentGCThread "G1 Refine#2" [stack: 0x000000dc65400000,0x000000dc65500000] [id=1796]
  0x000002503080d800 ConcurrentGCThread "G1 Young RemSet Sampling" [stack: 0x000000dc5fc00000,0x000000dc5fd00000] [id=29204]

Threads with active compile tasks:
C2 CompilerThread1  12692 11607       4       org.gradle.internal.instantiation.generator.AbstractClassGenerator$PropertyMetadata::hasAnnotation (40 bytes)
C2 CompilerThread2  12692 11751       4       org.gradle.internal.snapshot.AbstractListChildMap::store (72 bytes)
C2 CompilerThread4  12693 11844   !   4       java.util.concurrent.ArrayBlockingQueue::poll (83 bytes)
C2 CompilerThread5  12693 11810       4       org.gradle.api.internal.artifacts.transform.ConsumerProvidedVariantFinder::matchAttributes (68 bytes)
C2 CompilerThread6  12693 11586       4       org.gradle.internal.instantiation.generator.AbstractClassGenerator::inspectType (560 bytes)
C2 CompilerThread7  12693 11643   !   4       com.google.common.cache.LocalCache$Segment::lockedGetOrLoad (447 bytes)

VM state:not at safepoint (normal execution)

VM Mutex/Monitor currently owned by a thread: None

Heap address: 0x0000000080000000, size: 2048 MB, Compressed Oops mode: 32-bit
Narrow klass base: 0x0000000000000000, Narrow klass shift: 3
Compressed class space size: 1073741824 Address: 0x0000000100000000

Heap:
 garbage-first heap   total 253952K, used 97960K [0x0000000080000000, 0x0000000100000000)
  region size 1024K, 21 young (21504K), 10 survivors (10240K)
 Metaspace       used 88540K, capacity 91140K, committed 91392K, reserved 1128448K
  class space    used 11528K, capacity 12496K, committed 12544K, reserved 1048576K
Heap Regions: E=young(eden), S=young(survivor), O=old, HS=humongous(starts), HC=humongous(continues), CS=collection set, F=free, A=archive, TAMS=top-at-mark-start (previous, next)
|   0|0x0000000080000000, 0x0000000080100000, 0x0000000080100000|100%| O|  |TAMS 0x0000000080100000, 0x0000000080000000| Untracked 
|   1|0x0000000080100000, 0x0000000080200000, 0x0000000080200000|100%| O|  |TAMS 0x0000000080200000, 0x0000000080100000| Untracked 
|   2|0x0000000080200000, 0x0000000080300000, 0x0000000080300000|100%| O|  |TAMS 0x0000000080300000, 0x0000000080200000| Untracked 
|   3|0x0000000080300000, 0x0000000080400000, 0x0000000080400000|100%|HS|  |TAMS 0x0000000080400000, 0x0000000080300000| Complete 
|   4|0x0000000080400000, 0x0000000080500000, 0x0000000080500000|100%|HC|  |TAMS 0x0000000080500000, 0x0000000080400000| Complete 
|   5|0x0000000080500000, 0x0000000080600000, 0x0000000080600000|100%|HC|  |TAMS 0x0000000080600000, 0x0000000080500000| Complete 
|   6|0x0000000080600000, 0x0000000080700000, 0x0000000080700000|100%| O|  |TAMS 0x0000000080700000, 0x0000000080600000| Untracked 
|   7|0x0000000080700000, 0x0000000080800000, 0x0000000080800000|100%| O|  |TAMS 0x0000000080800000, 0x0000000080700000| Untracked 
|   8|0x0000000080800000, 0x0000000080900000, 0x0000000080900000|100%| O|  |TAMS 0x0000000080900000, 0x0000000080800000| Untracked 
|   9|0x0000000080900000, 0x0000000080a00000, 0x0000000080a00000|100%| O|  |TAMS 0x0000000080a00000, 0x0000000080900000| Untracked 
|  10|0x0000000080a00000, 0x0000000080b00000, 0x0000000080b00000|100%| O|  |TAMS 0x0000000080b00000, 0x0000000080a00000| Untracked 
|  11|0x0000000080b00000, 0x0000000080c00000, 0x0000000080c00000|100%| O|  |TAMS 0x0000000080c00000, 0x0000000080b00000| Untracked 
|  12|0x0000000080c00000, 0x0000000080d00000, 0x0000000080d00000|100%| O|  |TAMS 0x0000000080d00000, 0x0000000080c00000| Untracked 
|  13|0x0000000080d00000, 0x0000000080e00000, 0x0000000080e00000|100%| O|  |TAMS 0x0000000080e00000, 0x0000000080d00000| Untracked 
|  14|0x0000000080e00000, 0x0000000080f00000, 0x0000000080f00000|100%| O|  |TAMS 0x0000000080f00000, 0x0000000080e00000| Untracked 
|  15|0x0000000080f00000, 0x0000000081000000, 0x0000000081000000|100%| O|  |TAMS 0x0000000081000000, 0x0000000080f00000| Untracked 
|  16|0x0000000081000000, 0x0000000081100000, 0x0000000081100000|100%|HS|  |TAMS 0x0000000081100000, 0x0000000081000000| Complete 
|  17|0x0000000081100000, 0x0000000081200000, 0x0000000081200000|100%|HS|  |TAMS 0x0000000081200000, 0x0000000081100000| Complete 
|  18|0x0000000081200000, 0x0000000081300000, 0x0000000081300000|100%|HS|  |TAMS 0x0000000081300000, 0x0000000081200000| Complete 
|  19|0x0000000081300000, 0x0000000081400000, 0x0000000081400000|100%|HS|  |TAMS 0x0000000081400000, 0x0000000081300000| Complete 
|  20|0x0000000081400000, 0x0000000081500000, 0x0000000081500000|100%|HC|  |TAMS 0x0000000081500000, 0x0000000081400000| Complete 
|  21|0x0000000081500000, 0x0000000081600000, 0x0000000081600000|100%|HC|  |TAMS 0x0000000081600000, 0x0000000081500000| Complete 
|  22|0x0000000081600000, 0x0000000081700000, 0x0000000081700000|100%|HS|  |TAMS 0x0000000081700000, 0x0000000081600000| Complete 
|  23|0x0000000081700000, 0x0000000081800000, 0x0000000081800000|100%|HC|  |TAMS 0x0000000081800000, 0x0000000081700000| Complete 
|  24|0x0000000081800000, 0x0000000081900000, 0x0000000081900000|100%| O|  |TAMS 0x0000000081900000, 0x0000000081800000| Untracked 
|  25|0x0000000081900000, 0x0000000081a00000, 0x0000000081a00000|100%| O|  |TAMS 0x0000000081a00000, 0x0000000081900000| Untracked 
|  26|0x0000000081a00000, 0x0000000081b00000, 0x0000000081b00000|100%| O|  |TAMS 0x0000000081b00000, 0x0000000081a00000| Untracked 
|  27|0x0000000081b00000, 0x0000000081c00000, 0x0000000081c00000|100%| O|  |TAMS 0x0000000081c00000, 0x0000000081b00000| Untracked 
|  28|0x0000000081c00000, 0x0000000081d00000, 0x0000000081d00000|100%| O|  |TAMS 0x0000000081d00000, 0x0000000081c00000| Untracked 
|  29|0x0000000081d00000, 0x0000000081e00000, 0x0000000081e00000|100%| O|  |TAMS 0x0000000081e00000, 0x0000000081d00000| Untracked 
|  30|0x0000000081e00000, 0x0000000081f00000, 0x0000000081f00000|100%| O|  |TAMS 0x0000000081f00000, 0x0000000081e00000| Untracked 
|  31|0x0000000081f00000, 0x0000000082000000, 0x0000000082000000|100%| O|  |TAMS 0x0000000082000000, 0x0000000081f00000| Untracked 
|  32|0x0000000082000000, 0x0000000082100000, 0x0000000082100000|100%| O|  |TAMS 0x0000000082100000, 0x0000000082000000| Untracked 
|  33|0x0000000082100000, 0x0000000082200000, 0x0000000082200000|100%| O|  |TAMS 0x0000000082200000, 0x0000000082100000| Untracked 
|  34|0x0000000082200000, 0x0000000082300000, 0x0000000082300000|100%| O|  |TAMS 0x0000000082300000, 0x0000000082200000| Untracked 
|  35|0x0000000082300000, 0x0000000082400000, 0x0000000082400000|100%| O|  |TAMS 0x0000000082400000, 0x0000000082300000| Untracked 
|  36|0x0000000082400000, 0x0000000082500000, 0x0000000082500000|100%| O|  |TAMS 0x0000000082500000, 0x0000000082400000| Untracked 
|  37|0x0000000082500000, 0x0000000082600000, 0x0000000082600000|100%| O|  |TAMS 0x0000000082600000, 0x0000000082500000| Untracked 
|  38|0x0000000082600000, 0x0000000082700000, 0x0000000082700000|100%| O|  |TAMS 0x0000000082700000, 0x0000000082600000| Untracked 
|  39|0x0000000082700000, 0x0000000082800000, 0x0000000082800000|100%| O|  |TAMS 0x0000000082800000, 0x0000000082700000| Untracked 
|  40|0x0000000082800000, 0x0000000082900000, 0x0000000082900000|100%| O|  |TAMS 0x0000000082900000, 0x0000000082800000| Untracked 
|  41|0x0000000082900000, 0x0000000082a00000, 0x0000000082a00000|100%| O|  |TAMS 0x0000000082a00000, 0x0000000082900000| Untracked 
|  42|0x0000000082a00000, 0x0000000082b00000, 0x0000000082b00000|100%| O|  |TAMS 0x0000000082b00000, 0x0000000082a00000| Untracked 
|  43|0x0000000082b00000, 0x0000000082c00000, 0x0000000082c00000|100%| O|  |TAMS 0x0000000082c00000, 0x0000000082b00000| Untracked 
|  44|0x0000000082c00000, 0x0000000082d00000, 0x0000000082d00000|100%| O|  |TAMS 0x0000000082d00000, 0x0000000082c00000| Untracked 
|  45|0x0000000082d00000, 0x0000000082e00000, 0x0000000082e00000|100%| O|  |TAMS 0x0000000082e00000, 0x0000000082d00000| Untracked 
|  46|0x0000000082e00000, 0x0000000082f00000, 0x0000000082f00000|100%| O|  |TAMS 0x0000000082ed8800, 0x0000000082e00000| Untracked 
|  47|0x0000000082f00000, 0x0000000083000000, 0x0000000083000000|100%| O|  |TAMS 0x0000000082f00000, 0x0000000082f00000| Untracked 
|  48|0x0000000083000000, 0x0000000083100000, 0x0000000083100000|100%| O|  |TAMS 0x0000000083000000, 0x0000000083000000| Untracked 
|  49|0x0000000083100000, 0x0000000083200000, 0x0000000083200000|100%| O|  |TAMS 0x0000000083100000, 0x0000000083100000| Untracked 
|  50|0x0000000083200000, 0x0000000083300000, 0x0000000083300000|100%| O|  |TAMS 0x0000000083200000, 0x0000000083200000| Untracked 
|  51|0x0000000083300000, 0x0000000083400000, 0x0000000083400000|100%| O|  |TAMS 0x0000000083300000, 0x0000000083300000| Untracked 
|  52|0x0000000083400000, 0x0000000083500000, 0x0000000083500000|100%| O|  |TAMS 0x0000000083400000, 0x0000000083400000| Untracked 
|  53|0x0000000083500000, 0x0000000083600000, 0x0000000083600000|100%| O|  |TAMS 0x0000000083500000, 0x0000000083500000| Untracked 
|  54|0x0000000083600000, 0x0000000083700000, 0x0000000083700000|100%| O|  |TAMS 0x0000000083600000, 0x0000000083600000| Untracked 
|  55|0x0000000083700000, 0x0000000083800000, 0x0000000083800000|100%| O|  |TAMS 0x0000000083700000, 0x0000000083700000| Untracked 
|  56|0x0000000083800000, 0x0000000083900000, 0x0000000083900000|100%| O|  |TAMS 0x0000000083800000, 0x0000000083800000| Untracked 
|  57|0x0000000083900000, 0x0000000083a00000, 0x0000000083a00000|100%| O|  |TAMS 0x0000000083900000, 0x0000000083900000| Untracked 
|  58|0x0000000083a00000, 0x0000000083b00000, 0x0000000083b00000|100%| O|  |TAMS 0x0000000083a00000, 0x0000000083a00000| Untracked 
|  59|0x0000000083b00000, 0x0000000083c00000, 0x0000000083c00000|100%| O|  |TAMS 0x0000000083b00000, 0x0000000083b00000| Untracked 
|  60|0x0000000083c00000, 0x0000000083d00000, 0x0000000083d00000|100%| O|  |TAMS 0x0000000083c00000, 0x0000000083c00000| Untracked 
|  61|0x0000000083d00000, 0x0000000083e00000, 0x0000000083e00000|100%| O|  |TAMS 0x0000000083d00000, 0x0000000083d00000| Untracked 
|  62|0x0000000083e00000, 0x0000000083f00000, 0x0000000083f00000|100%| O|  |TAMS 0x0000000083e00000, 0x0000000083e00000| Untracked 
|  63|0x0000000083f00000, 0x0000000084000000, 0x0000000084000000|100%| O|  |TAMS 0x0000000083f00000, 0x0000000083f00000| Untracked 
|  64|0x0000000084000000, 0x0000000084100000, 0x0000000084100000|100%| O|  |TAMS 0x0000000084000000, 0x0000000084000000| Untracked 
|  65|0x0000000084100000, 0x0000000084200000, 0x0000000084200000|100%| O|  |TAMS 0x0000000084100000, 0x0000000084100000| Untracked 
|  66|0x0000000084200000, 0x0000000084300000, 0x0000000084300000|100%| O|  |TAMS 0x0000000084200000, 0x0000000084200000| Untracked 
|  67|0x0000000084300000, 0x0000000084400000, 0x0000000084400000|100%| O|  |TAMS 0x0000000084300000, 0x0000000084300000| Untracked 
|  68|0x0000000084400000, 0x0000000084500000, 0x0000000084500000|100%| O|  |TAMS 0x0000000084400000, 0x0000000084400000| Untracked 
|  69|0x0000000084500000, 0x0000000084600000, 0x0000000084600000|100%| O|  |TAMS 0x0000000084500000, 0x0000000084500000| Untracked 
|  70|0x0000000084600000, 0x0000000084700000, 0x0000000084700000|100%| O|  |TAMS 0x0000000084600000, 0x0000000084600000| Untracked 
|  71|0x0000000084700000, 0x0000000084800000, 0x0000000084800000|100%| O|  |TAMS 0x0000000084700000, 0x0000000084700000| Untracked 
|  72|0x0000000084800000, 0x0000000084900000, 0x0000000084900000|100%| O|  |TAMS 0x0000000084800000, 0x0000000084800000| Untracked 
|  73|0x0000000084900000, 0x0000000084a00000, 0x0000000084a00000|100%| O|  |TAMS 0x0000000084900000, 0x0000000084900000| Untracked 
|  74|0x0000000084a00000, 0x0000000084b00000, 0x0000000084b00000|100%| O|  |TAMS 0x0000000084a00000, 0x0000000084a00000| Untracked 
|  75|0x0000000084b00000, 0x0000000084baa000, 0x0000000084c00000| 66%| O|  |TAMS 0x0000000084b00000, 0x0000000084b00000| Untracked 
|  76|0x0000000084c00000, 0x0000000084c00000, 0x0000000084d00000|  0%| F|  |TAMS 0x0000000084c00000, 0x0000000084c00000| Untracked 
|  77|0x0000000084d00000, 0x0000000084d00000, 0x0000000084e00000|  0%| F|  |TAMS 0x0000000084d00000, 0x0000000084d00000| Untracked 
|  78|0x0000000084e00000, 0x0000000084e00000, 0x0000000084f00000|  0%| F|  |TAMS 0x0000000084e00000, 0x0000000084e00000| Untracked 
|  79|0x0000000084f00000, 0x0000000084f00000, 0x0000000085000000|  0%| F|  |TAMS 0x0000000084f00000, 0x0000000084f00000| Untracked 
|  80|0x0000000085000000, 0x0000000085000000, 0x0000000085100000|  0%| F|  |TAMS 0x0000000085000000, 0x0000000085000000| Untracked 
|  81|0x0000000085100000, 0x0000000085100000, 0x0000000085200000|  0%| F|  |TAMS 0x0000000085100000, 0x0000000085100000| Untracked 
|  82|0x0000000085200000, 0x0000000085200000, 0x0000000085300000|  0%| F|  |TAMS 0x0000000085200000, 0x0000000085200000| Untracked 
|  83|0x0000000085300000, 0x0000000085300000, 0x0000000085400000|  0%| F|  |TAMS 0x0000000085300000, 0x0000000085300000| Untracked 
|  84|0x0000000085400000, 0x0000000085400000, 0x0000000085500000|  0%| F|  |TAMS 0x0000000085400000, 0x0000000085400000| Untracked 
|  85|0x0000000085500000, 0x0000000085500000, 0x0000000085600000|  0%| F|  |TAMS 0x0000000085500000, 0x0000000085500000| Untracked 
|  86|0x0000000085600000, 0x0000000085600000, 0x0000000085700000|  0%| F|  |TAMS 0x0000000085600000, 0x0000000085600000| Untracked 
|  87|0x0000000085700000, 0x0000000085700000, 0x0000000085800000|  0%| F|  |TAMS 0x0000000085700000, 0x0000000085700000| Untracked 
|  88|0x0000000085800000, 0x0000000085800000, 0x0000000085900000|  0%| F|  |TAMS 0x0000000085800000, 0x0000000085800000| Untracked 
|  89|0x0000000085900000, 0x0000000085900000, 0x0000000085a00000|  0%| F|  |TAMS 0x0000000085900000, 0x0000000085900000| Untracked 
|  90|0x0000000085a00000, 0x0000000085a00000, 0x0000000085b00000|  0%| F|  |TAMS 0x0000000085a00000, 0x0000000085a00000| Untracked 
|  91|0x0000000085b00000, 0x0000000085b00000, 0x0000000085c00000|  0%| F|  |TAMS 0x0000000085b00000, 0x0000000085b00000| Untracked 
|  92|0x0000000085c00000, 0x0000000085c00000, 0x0000000085d00000|  0%| F|  |TAMS 0x0000000085c00000, 0x0000000085c00000| Untracked 
|  93|0x0000000085d00000, 0x0000000085d00000, 0x0000000085e00000|  0%| F|  |TAMS 0x0000000085d00000, 0x0000000085d00000| Untracked 
|  94|0x0000000085e00000, 0x0000000085e00000, 0x0000000085f00000|  0%| F|  |TAMS 0x0000000085e00000, 0x0000000085e00000| Untracked 
|  95|0x0000000085f00000, 0x0000000085f00000, 0x0000000086000000|  0%| F|  |TAMS 0x0000000085f00000, 0x0000000085f00000| Untracked 
|  96|0x0000000086000000, 0x0000000086000000, 0x0000000086100000|  0%| F|  |TAMS 0x0000000086000000, 0x0000000086000000| Untracked 
|  97|0x0000000086100000, 0x0000000086100000, 0x0000000086200000|  0%| F|  |TAMS 0x0000000086100000, 0x0000000086100000| Untracked 
|  98|0x0000000086200000, 0x0000000086200000, 0x0000000086300000|  0%| F|  |TAMS 0x0000000086200000, 0x0000000086200000| Untracked 
|  99|0x0000000086300000, 0x0000000086300000, 0x0000000086400000|  0%| F|  |TAMS 0x0000000086300000, 0x0000000086300000| Untracked 
| 100|0x0000000086400000, 0x0000000086400000, 0x0000000086500000|  0%| F|  |TAMS 0x0000000086400000, 0x0000000086400000| Untracked 
| 101|0x0000000086500000, 0x0000000086500000, 0x0000000086600000|  0%| F|  |TAMS 0x0000000086500000, 0x0000000086500000| Untracked 
| 102|0x0000000086600000, 0x0000000086600000, 0x0000000086700000|  0%| F|  |TAMS 0x0000000086600000, 0x0000000086600000| Untracked 
| 103|0x0000000086700000, 0x0000000086700000, 0x0000000086800000|  0%| F|  |TAMS 0x0000000086700000, 0x0000000086700000| Untracked 
| 104|0x0000000086800000, 0x0000000086800000, 0x0000000086900000|  0%| F|  |TAMS 0x0000000086800000, 0x0000000086800000| Untracked 
| 105|0x0000000086900000, 0x0000000086900000, 0x0000000086a00000|  0%| F|  |TAMS 0x0000000086900000, 0x0000000086900000| Untracked 
| 106|0x0000000086a00000, 0x0000000086a00000, 0x0000000086b00000|  0%| F|  |TAMS 0x0000000086a00000, 0x0000000086a00000| Untracked 
| 107|0x0000000086b00000, 0x0000000086b00000, 0x0000000086c00000|  0%| F|  |TAMS 0x0000000086b00000, 0x0000000086b00000| Untracked 
| 108|0x0000000086c00000, 0x0000000086c00000, 0x0000000086d00000|  0%| F|  |TAMS 0x0000000086c00000, 0x0000000086c00000| Untracked 
| 109|0x0000000086d00000, 0x0000000086d00000, 0x0000000086e00000|  0%| F|  |TAMS 0x0000000086d00000, 0x0000000086d00000| Untracked 
| 110|0x0000000086e00000, 0x0000000086e00000, 0x0000000086f00000|  0%| F|  |TAMS 0x0000000086e00000, 0x0000000086e00000| Untracked 
| 111|0x0000000086f00000, 0x0000000086f00000, 0x0000000087000000|  0%| F|  |TAMS 0x0000000086f00000, 0x0000000086f00000| Untracked 
| 112|0x0000000087000000, 0x0000000087000000, 0x0000000087100000|  0%| F|  |TAMS 0x0000000087000000, 0x0000000087000000| Untracked 
| 113|0x0000000087100000, 0x0000000087100000, 0x0000000087200000|  0%| F|  |TAMS 0x0000000087100000, 0x0000000087100000| Untracked 
| 114|0x0000000087200000, 0x0000000087200000, 0x0000000087300000|  0%| F|  |TAMS 0x0000000087200000, 0x0000000087200000| Untracked 
| 115|0x0000000087300000, 0x0000000087300000, 0x0000000087400000|  0%| F|  |TAMS 0x0000000087300000, 0x0000000087300000| Untracked 
| 116|0x0000000087400000, 0x0000000087400000, 0x0000000087500000|  0%| F|  |TAMS 0x0000000087400000, 0x0000000087400000| Untracked 
| 117|0x0000000087500000, 0x0000000087500000, 0x0000000087600000|  0%| F|  |TAMS 0x0000000087500000, 0x0000000087500000| Untracked 
| 118|0x0000000087600000, 0x0000000087600000, 0x0000000087700000|  0%| F|  |TAMS 0x0000000087600000, 0x0000000087600000| Untracked 
| 119|0x0000000087700000, 0x0000000087700000, 0x0000000087800000|  0%| F|  |TAMS 0x0000000087700000, 0x0000000087700000| Untracked 
| 120|0x0000000087800000, 0x0000000087800000, 0x0000000087900000|  0%| F|  |TAMS 0x0000000087800000, 0x0000000087800000| Untracked 
| 121|0x0000000087900000, 0x0000000087900000, 0x0000000087a00000|  0%| F|  |TAMS 0x0000000087900000, 0x0000000087900000| Untracked 
| 122|0x0000000087a00000, 0x0000000087a00000, 0x0000000087b00000|  0%| F|  |TAMS 0x0000000087a00000, 0x0000000087a00000| Untracked 
| 123|0x0000000087b00000, 0x0000000087b00000, 0x0000000087c00000|  0%| F|  |TAMS 0x0000000087b00000, 0x0000000087b00000| Untracked 
| 124|0x0000000087c00000, 0x0000000087c00000, 0x0000000087d00000|  0%| F|  |TAMS 0x0000000087c00000, 0x0000000087c00000| Untracked 
| 125|0x0000000087d00000, 0x0000000087d00000, 0x0000000087e00000|  0%| F|  |TAMS 0x0000000087d00000, 0x0000000087d00000| Untracked 
| 126|0x0000000087e00000, 0x0000000087e00000, 0x0000000087f00000|  0%| F|  |TAMS 0x0000000087e00000, 0x0000000087e00000| Untracked 
| 127|0x0000000087f00000, 0x0000000087f00000, 0x0000000088000000|  0%| F|  |TAMS 0x0000000087f00000, 0x0000000087f00000| Untracked 
| 128|0x0000000088000000, 0x0000000088000000, 0x0000000088100000|  0%| F|  |TAMS 0x0000000088000000, 0x0000000088000000| Untracked 
| 129|0x0000000088100000, 0x0000000088100000, 0x0000000088200000|  0%| F|  |TAMS 0x0000000088100000, 0x0000000088100000| Untracked 
| 130|0x0000000088200000, 0x0000000088200000, 0x0000000088300000|  0%| F|  |TAMS 0x0000000088200000, 0x0000000088200000| Untracked 
| 131|0x0000000088300000, 0x0000000088300000, 0x0000000088400000|  0%| F|  |TAMS 0x0000000088300000, 0x0000000088300000| Untracked 
| 132|0x0000000088400000, 0x0000000088400000, 0x0000000088500000|  0%| F|  |TAMS 0x0000000088400000, 0x0000000088400000| Untracked 
| 133|0x0000000088500000, 0x0000000088500000, 0x0000000088600000|  0%| F|  |TAMS 0x0000000088500000, 0x0000000088500000| Untracked 
| 134|0x0000000088600000, 0x0000000088700000, 0x0000000088700000|100%| S|CS|TAMS 0x0000000088600000, 0x0000000088600000| Complete 
| 135|0x0000000088700000, 0x0000000088800000, 0x0000000088800000|100%| S|CS|TAMS 0x0000000088700000, 0x0000000088700000| Complete 
| 136|0x0000000088800000, 0x0000000088900000, 0x0000000088900000|100%| S|CS|TAMS 0x0000000088800000, 0x0000000088800000| Complete 
| 137|0x0000000088900000, 0x0000000088a00000, 0x0000000088a00000|100%| S|CS|TAMS 0x0000000088900000, 0x0000000088900000| Complete 
| 138|0x0000000088a00000, 0x0000000088b00000, 0x0000000088b00000|100%| S|CS|TAMS 0x0000000088a00000, 0x0000000088a00000| Complete 
| 139|0x0000000088b00000, 0x0000000088c00000, 0x0000000088c00000|100%| S|CS|TAMS 0x0000000088b00000, 0x0000000088b00000| Complete 
| 140|0x0000000088c00000, 0x0000000088d00000, 0x0000000088d00000|100%| S|CS|TAMS 0x0000000088c00000, 0x0000000088c00000| Complete 
| 141|0x0000000088d00000, 0x0000000088e00000, 0x0000000088e00000|100%| S|CS|TAMS 0x0000000088d00000, 0x0000000088d00000| Complete 
| 142|0x0000000088e00000, 0x0000000088f00000, 0x0000000088f00000|100%| S|CS|TAMS 0x0000000088e00000, 0x0000000088e00000| Complete 
| 143|0x0000000088f00000, 0x0000000089000000, 0x0000000089000000|100%| S|CS|TAMS 0x0000000088f00000, 0x0000000088f00000| Complete 
| 144|0x0000000089000000, 0x0000000089000000, 0x0000000089100000|  0%| F|  |TAMS 0x0000000089000000, 0x0000000089000000| Untracked 
| 145|0x0000000089100000, 0x0000000089100000, 0x0000000089200000|  0%| F|  |TAMS 0x0000000089100000, 0x0000000089100000| Untracked 
| 146|0x0000000089200000, 0x0000000089200000, 0x0000000089300000|  0%| F|  |TAMS 0x0000000089200000, 0x0000000089200000| Untracked 
| 147|0x0000000089300000, 0x0000000089300000, 0x0000000089400000|  0%| F|  |TAMS 0x0000000089300000, 0x0000000089300000| Untracked 
| 148|0x0000000089400000, 0x0000000089400000, 0x0000000089500000|  0%| F|  |TAMS 0x0000000089400000, 0x0000000089400000| Untracked 
| 149|0x0000000089500000, 0x0000000089500000, 0x0000000089600000|  0%| F|  |TAMS 0x0000000089500000, 0x0000000089500000| Untracked 
| 150|0x0000000089600000, 0x0000000089600000, 0x0000000089700000|  0%| F|  |TAMS 0x0000000089600000, 0x0000000089600000| Untracked 
| 151|0x0000000089700000, 0x0000000089700000, 0x0000000089800000|  0%| F|  |TAMS 0x0000000089700000, 0x0000000089700000| Untracked 
| 152|0x0000000089800000, 0x0000000089800000, 0x0000000089900000|  0%| F|  |TAMS 0x0000000089800000, 0x0000000089800000| Untracked 
| 153|0x0000000089900000, 0x0000000089900000, 0x0000000089a00000|  0%| F|  |TAMS 0x0000000089900000, 0x0000000089900000| Untracked 
| 154|0x0000000089a00000, 0x0000000089a00000, 0x0000000089b00000|  0%| F|  |TAMS 0x0000000089a00000, 0x0000000089a00000| Untracked 
| 155|0x0000000089b00000, 0x0000000089b00000, 0x0000000089c00000|  0%| F|  |TAMS 0x0000000089b00000, 0x0000000089b00000| Untracked 
| 156|0x0000000089c00000, 0x0000000089c00000, 0x0000000089d00000|  0%| F|  |TAMS 0x0000000089c00000, 0x0000000089c00000| Untracked 
| 157|0x0000000089d00000, 0x0000000089d00000, 0x0000000089e00000|  0%| F|  |TAMS 0x0000000089d00000, 0x0000000089d00000| Untracked 
| 158|0x0000000089e00000, 0x0000000089e00000, 0x0000000089f00000|  0%| F|  |TAMS 0x0000000089e00000, 0x0000000089e00000| Untracked 
| 159|0x0000000089f00000, 0x0000000089f00000, 0x000000008a000000|  0%| F|  |TAMS 0x0000000089f00000, 0x0000000089f00000| Untracked 
| 160|0x000000008a000000, 0x000000008a000000, 0x000000008a100000|  0%| F|  |TAMS 0x000000008a000000, 0x000000008a000000| Untracked 
| 161|0x000000008a100000, 0x000000008a100000, 0x000000008a200000|  0%| F|  |TAMS 0x000000008a100000, 0x000000008a100000| Untracked 
| 162|0x000000008a200000, 0x000000008a200000, 0x000000008a300000|  0%| F|  |TAMS 0x000000008a200000, 0x000000008a200000| Untracked 
| 163|0x000000008a300000, 0x000000008a300000, 0x000000008a400000|  0%| F|  |TAMS 0x000000008a300000, 0x000000008a300000| Untracked 
| 164|0x000000008a400000, 0x000000008a400000, 0x000000008a500000|  0%| F|  |TAMS 0x000000008a400000, 0x000000008a400000| Untracked 
| 165|0x000000008a500000, 0x000000008a500000, 0x000000008a600000|  0%| F|  |TAMS 0x000000008a500000, 0x000000008a500000| Untracked 
| 166|0x000000008a600000, 0x000000008a600000, 0x000000008a700000|  0%| F|  |TAMS 0x000000008a600000, 0x000000008a600000| Untracked 
| 167|0x000000008a700000, 0x000000008a700000, 0x000000008a800000|  0%| F|  |TAMS 0x000000008a700000, 0x000000008a700000| Untracked 
| 168|0x000000008a800000, 0x000000008a800000, 0x000000008a900000|  0%| F|  |TAMS 0x000000008a800000, 0x000000008a800000| Untracked 
| 169|0x000000008a900000, 0x000000008a900000, 0x000000008aa00000|  0%| F|  |TAMS 0x000000008a900000, 0x000000008a900000| Untracked 
| 170|0x000000008aa00000, 0x000000008aa00000, 0x000000008ab00000|  0%| F|  |TAMS 0x000000008aa00000, 0x000000008aa00000| Untracked 
| 171|0x000000008ab00000, 0x000000008ab00000, 0x000000008ac00000|  0%| F|  |TAMS 0x000000008ab00000, 0x000000008ab00000| Untracked 
| 172|0x000000008ac00000, 0x000000008ac00000, 0x000000008ad00000|  0%| F|  |TAMS 0x000000008ac00000, 0x000000008ac00000| Untracked 
| 173|0x000000008ad00000, 0x000000008ad00000, 0x000000008ae00000|  0%| F|  |TAMS 0x000000008ad00000, 0x000000008ad00000| Untracked 
| 174|0x000000008ae00000, 0x000000008ae00000, 0x000000008af00000|  0%| F|  |TAMS 0x000000008ae00000, 0x000000008ae00000| Untracked 
| 175|0x000000008af00000, 0x000000008af00000, 0x000000008b000000|  0%| F|  |TAMS 0x000000008af00000, 0x000000008af00000| Untracked 
| 176|0x000000008b000000, 0x000000008b000000, 0x000000008b100000|  0%| F|  |TAMS 0x000000008b000000, 0x000000008b000000| Untracked 
| 177|0x000000008b100000, 0x000000008b100000, 0x000000008b200000|  0%| F|  |TAMS 0x000000008b100000, 0x000000008b100000| Untracked 
| 178|0x000000008b200000, 0x000000008b200000, 0x000000008b300000|  0%| F|  |TAMS 0x000000008b200000, 0x000000008b200000| Untracked 
| 179|0x000000008b300000, 0x000000008b300000, 0x000000008b400000|  0%| F|  |TAMS 0x000000008b300000, 0x000000008b300000| Untracked 
| 180|0x000000008b400000, 0x000000008b400000, 0x000000008b500000|  0%| F|  |TAMS 0x000000008b400000, 0x000000008b400000| Untracked 
| 181|0x000000008b500000, 0x000000008b500000, 0x000000008b600000|  0%| F|  |TAMS 0x000000008b500000, 0x000000008b500000| Untracked 
| 182|0x000000008b600000, 0x000000008b600000, 0x000000008b700000|  0%| F|  |TAMS 0x000000008b600000, 0x000000008b600000| Untracked 
| 183|0x000000008b700000, 0x000000008b700000, 0x000000008b800000|  0%| F|  |TAMS 0x000000008b700000, 0x000000008b700000| Untracked 
| 184|0x000000008b800000, 0x000000008b800000, 0x000000008b900000|  0%| F|  |TAMS 0x000000008b800000, 0x000000008b800000| Untracked 
| 185|0x000000008b900000, 0x000000008b900000, 0x000000008ba00000|  0%| F|  |TAMS 0x000000008b900000, 0x000000008b900000| Untracked 
| 186|0x000000008ba00000, 0x000000008ba00000, 0x000000008bb00000|  0%| F|  |TAMS 0x000000008ba00000, 0x000000008ba00000| Untracked 
| 187|0x000000008bb00000, 0x000000008bb00000, 0x000000008bc00000|  0%| F|  |TAMS 0x000000008bb00000, 0x000000008bb00000| Untracked 
| 188|0x000000008bc00000, 0x000000008bc00000, 0x000000008bd00000|  0%| F|  |TAMS 0x000000008bc00000, 0x000000008bc00000| Untracked 
| 189|0x000000008bd00000, 0x000000008bd00000, 0x000000008be00000|  0%| F|  |TAMS 0x000000008bd00000, 0x000000008bd00000| Untracked 
| 190|0x000000008be00000, 0x000000008be00000, 0x000000008bf00000|  0%| F|  |TAMS 0x000000008be00000, 0x000000008be00000| Untracked 
| 191|0x000000008bf00000, 0x000000008bf00000, 0x000000008c000000|  0%| F|  |TAMS 0x000000008bf00000, 0x000000008bf00000| Untracked 
| 192|0x000000008c000000, 0x000000008c000000, 0x000000008c100000|  0%| F|  |TAMS 0x000000008c000000, 0x000000008c000000| Untracked 
| 193|0x000000008c100000, 0x000000008c100000, 0x000000008c200000|  0%| F|  |TAMS 0x000000008c100000, 0x000000008c100000| Untracked 
| 194|0x000000008c200000, 0x000000008c200000, 0x000000008c300000|  0%| F|  |TAMS 0x000000008c200000, 0x000000008c200000| Untracked 
| 195|0x000000008c300000, 0x000000008c300000, 0x000000008c400000|  0%| F|  |TAMS 0x000000008c300000, 0x000000008c300000| Untracked 
| 196|0x000000008c400000, 0x000000008c400000, 0x000000008c500000|  0%| F|  |TAMS 0x000000008c400000, 0x000000008c400000| Untracked 
| 197|0x000000008c500000, 0x000000008c500000, 0x000000008c600000|  0%| F|  |TAMS 0x000000008c500000, 0x000000008c500000| Untracked 
| 198|0x000000008c600000, 0x000000008c600000, 0x000000008c700000|  0%| F|  |TAMS 0x000000008c600000, 0x000000008c600000| Untracked 
| 199|0x000000008c700000, 0x000000008c700000, 0x000000008c800000|  0%| F|  |TAMS 0x000000008c700000, 0x000000008c700000| Untracked 
| 200|0x000000008c800000, 0x000000008c800000, 0x000000008c900000|  0%| F|  |TAMS 0x000000008c800000, 0x000000008c800000| Untracked 
| 201|0x000000008c900000, 0x000000008c900000, 0x000000008ca00000|  0%| F|  |TAMS 0x000000008c900000, 0x000000008c900000| Untracked 
| 202|0x000000008ca00000, 0x000000008ca00000, 0x000000008cb00000|  0%| F|  |TAMS 0x000000008ca00000, 0x000000008ca00000| Untracked 
| 203|0x000000008cb00000, 0x000000008cb00000, 0x000000008cc00000|  0%| F|  |TAMS 0x000000008cb00000, 0x000000008cb00000| Untracked 
| 204|0x000000008cc00000, 0x000000008cc00000, 0x000000008cd00000|  0%| F|  |TAMS 0x000000008cc00000, 0x000000008cc00000| Untracked 
| 205|0x000000008cd00000, 0x000000008cd00000, 0x000000008ce00000|  0%| F|  |TAMS 0x000000008cd00000, 0x000000008cd00000| Untracked 
| 206|0x000000008ce00000, 0x000000008ce00000, 0x000000008cf00000|  0%| F|  |TAMS 0x000000008ce00000, 0x000000008ce00000| Untracked 
| 207|0x000000008cf00000, 0x000000008cf00000, 0x000000008d000000|  0%| F|  |TAMS 0x000000008cf00000, 0x000000008cf00000| Untracked 
| 208|0x000000008d000000, 0x000000008d000000, 0x000000008d100000|  0%| F|  |TAMS 0x000000008d000000, 0x000000008d000000| Untracked 
| 209|0x000000008d100000, 0x000000008d100000, 0x000000008d200000|  0%| F|  |TAMS 0x000000008d100000, 0x000000008d100000| Untracked 
| 210|0x000000008d200000, 0x000000008d200000, 0x000000008d300000|  0%| F|  |TAMS 0x000000008d200000, 0x000000008d200000| Untracked 
| 211|0x000000008d300000, 0x000000008d300000, 0x000000008d400000|  0%| F|  |TAMS 0x000000008d300000, 0x000000008d300000| Untracked 
| 212|0x000000008d400000, 0x000000008d400000, 0x000000008d500000|  0%| F|  |TAMS 0x000000008d400000, 0x000000008d400000| Untracked 
| 213|0x000000008d500000, 0x000000008d500000, 0x000000008d600000|  0%| F|  |TAMS 0x000000008d500000, 0x000000008d500000| Untracked 
| 214|0x000000008d600000, 0x000000008d600000, 0x000000008d700000|  0%| F|  |TAMS 0x000000008d600000, 0x000000008d600000| Untracked 
| 215|0x000000008d700000, 0x000000008d700000, 0x000000008d800000|  0%| F|  |TAMS 0x000000008d700000, 0x000000008d700000| Untracked 
| 216|0x000000008d800000, 0x000000008d800000, 0x000000008d900000|  0%| F|  |TAMS 0x000000008d800000, 0x000000008d800000| Untracked 
| 217|0x000000008d900000, 0x000000008d900000, 0x000000008da00000|  0%| F|  |TAMS 0x000000008d900000, 0x000000008d900000| Untracked 
| 218|0x000000008da00000, 0x000000008da00000, 0x000000008db00000|  0%| F|  |TAMS 0x000000008da00000, 0x000000008da00000| Untracked 
| 219|0x000000008db00000, 0x000000008db00000, 0x000000008dc00000|  0%| F|  |TAMS 0x000000008db00000, 0x000000008db00000| Untracked 
| 220|0x000000008dc00000, 0x000000008dc00000, 0x000000008dd00000|  0%| F|  |TAMS 0x000000008dc00000, 0x000000008dc00000| Untracked 
| 221|0x000000008dd00000, 0x000000008dd00000, 0x000000008de00000|  0%| F|  |TAMS 0x000000008dd00000, 0x000000008dd00000| Untracked 
| 222|0x000000008de00000, 0x000000008de00000, 0x000000008df00000|  0%| F|  |TAMS 0x000000008de00000, 0x000000008de00000| Untracked 
| 223|0x000000008df00000, 0x000000008df00000, 0x000000008e000000|  0%| F|  |TAMS 0x000000008df00000, 0x000000008df00000| Untracked 
| 224|0x000000008e000000, 0x000000008e000000, 0x000000008e100000|  0%| F|  |TAMS 0x000000008e000000, 0x000000008e000000| Untracked 
| 225|0x000000008e100000, 0x000000008e100000, 0x000000008e200000|  0%| F|  |TAMS 0x000000008e100000, 0x000000008e100000| Untracked 
| 226|0x000000008e200000, 0x000000008e200000, 0x000000008e300000|  0%| F|  |TAMS 0x000000008e200000, 0x000000008e200000| Untracked 
| 227|0x000000008e300000, 0x000000008e300000, 0x000000008e400000|  0%| F|  |TAMS 0x000000008e300000, 0x000000008e300000| Untracked 
| 228|0x000000008e400000, 0x000000008e400000, 0x000000008e500000|  0%| F|  |TAMS 0x000000008e400000, 0x000000008e400000| Untracked 
| 229|0x000000008e500000, 0x000000008e500000, 0x000000008e600000|  0%| F|  |TAMS 0x000000008e500000, 0x000000008e500000| Untracked 
| 230|0x000000008e600000, 0x000000008e600000, 0x000000008e700000|  0%| F|  |TAMS 0x000000008e600000, 0x000000008e600000| Untracked 
| 231|0x000000008e700000, 0x000000008e700000, 0x000000008e800000|  0%| F|  |TAMS 0x000000008e700000, 0x000000008e700000| Untracked 
| 232|0x000000008e800000, 0x000000008e800000, 0x000000008e900000|  0%| F|  |TAMS 0x000000008e800000, 0x000000008e800000| Untracked 
| 233|0x000000008e900000, 0x000000008e900000, 0x000000008ea00000|  0%| F|  |TAMS 0x000000008e900000, 0x000000008e900000| Untracked 
| 234|0x000000008ea00000, 0x000000008ea00000, 0x000000008eb00000|  0%| F|  |TAMS 0x000000008ea00000, 0x000000008ea00000| Untracked 
| 235|0x000000008eb00000, 0x000000008eb00000, 0x000000008ec00000|  0%| F|  |TAMS 0x000000008eb00000, 0x000000008eb00000| Untracked 
| 236|0x000000008ec00000, 0x000000008eccf6e8, 0x000000008ed00000| 81%| E|  |TAMS 0x000000008ec00000, 0x000000008ec00000| Complete 
| 237|0x000000008ed00000, 0x000000008ee00000, 0x000000008ee00000|100%| E|CS|TAMS 0x000000008ed00000, 0x000000008ed00000| Complete 
| 238|0x000000008ee00000, 0x000000008ef00000, 0x000000008ef00000|100%| E|CS|TAMS 0x000000008ee00000, 0x000000008ee00000| Complete 
| 239|0x000000008ef00000, 0x000000008f000000, 0x000000008f000000|100%| E|CS|TAMS 0x000000008ef00000, 0x000000008ef00000| Complete 
| 240|0x000000008f000000, 0x000000008f100000, 0x000000008f100000|100%| E|CS|TAMS 0x000000008f000000, 0x000000008f000000| Complete 
| 241|0x000000008f100000, 0x000000008f200000, 0x000000008f200000|100%| E|CS|TAMS 0x000000008f100000, 0x000000008f100000| Complete 
| 242|0x000000008f200000, 0x000000008f300000, 0x000000008f300000|100%| E|CS|TAMS 0x000000008f200000, 0x000000008f200000| Complete 
| 243|0x000000008f300000, 0x000000008f400000, 0x000000008f400000|100%| E|CS|TAMS 0x000000008f300000, 0x000000008f300000| Complete 
| 244|0x000000008f400000, 0x000000008f500000, 0x000000008f500000|100%| E|CS|TAMS 0x000000008f400000, 0x000000008f400000| Complete 
| 245|0x000000008f500000, 0x000000008f600000, 0x000000008f600000|100%| E|CS|TAMS 0x000000008f500000, 0x000000008f500000| Complete 
| 246|0x000000008f600000, 0x000000008f700000, 0x000000008f700000|100%| E|CS|TAMS 0x000000008f600000, 0x000000008f600000| Complete 
| 247|0x000000008f700000, 0x000000008f800000, 0x000000008f800000|100%| E|CS|TAMS 0x000000008f700000, 0x000000008f700000| Complete 

Card table byte_map: [0x00000250290d0000,0x00000250294d0000] _byte_map_base: 0x0000025028cd0000

Marking Bits (Prev, Next): (CMBitMap*) 0x000002501598c478, (CMBitMap*) 0x000002501598c4b0
 Prev Bits: [0x00000250298d0000, 0x000002502b8d0000)
 Next Bits: [0x000002502b8d0000, 0x000002502d8d0000)

Polling page: 0x0000025013960000

Metaspace:

Usage:
  Non-class:     76.80 MB capacity,    75.24 MB ( 98%) used,     1.27 MB (  2%) free+waste,   301.44 KB ( <1%) overhead. 
      Class:     12.23 MB capacity,    11.26 MB ( 92%) used,   853.80 KB (  7%) free+waste,   138.94 KB (  1%) overhead. 
       Both:     89.04 MB capacity,    86.51 MB ( 97%) used,     2.10 MB (  2%) free+waste,   440.38 KB ( <1%) overhead. 

Virtual space:
  Non-class space:       78.00 MB reserved,      77.00 MB ( 99%) committed 
      Class space:        1.00 GB reserved,      12.25 MB (  1%) committed 
             Both:        1.08 GB reserved,      89.25 MB (  8%) committed 

Chunk freelists:
   Non-Class:  12.00 KB
       Class:  16.00 KB
        Both:  28.00 KB

MaxMetaspaceSize: 17179869184.00 GB
CompressedClassSpaceSize: 1.00 GB

CodeHeap 'non-profiled nmethods': size=119168Kb used=8162Kb max_used=8162Kb free=111005Kb
 bounds [0x0000025020fd0000, 0x00000250217d0000, 0x0000025028430000]
CodeHeap 'profiled nmethods': size=119168Kb used=25954Kb max_used=25954Kb free=93213Kb
 bounds [0x0000025019b70000, 0x000002501b4d0000, 0x0000025020fd0000]
CodeHeap 'non-nmethods': size=7424Kb used=3970Kb max_used=4083Kb free=3453Kb
 bounds [0x0000025019430000, 0x0000025019840000, 0x0000025019b70000]
 total_blobs=12740 nmethods=11856 adapters=792
 compilation: enabled
              stopped_count=0, restarted_count=0
 full_count=0

Compilation events (20 events):
Event: 12.657 Thread 0x00000250351d8800 11886       4       org.gradle.internal.io.StreamByteBuffer$StreamByteBufferInputStream::readImpl (150 bytes)
Event: 12.658 Thread 0x00000250321b6000 nmethod 11903 0x000002501b4c7010 code [0x000002501b4c71e0, 0x000002501b4c73e8]
Event: 12.659 Thread 0x000002503122c000 nmethod 11855 0x00000250217c2190 code [0x00000250217c23e0, 0x00000250217c3b90]
Event: 12.662 Thread 0x000002503122c000 11867       4       com.google.common.collect.ImmutableMap::containsKey (14 bytes)
Event: 12.662 Thread 0x000002503122c000 nmethod 11867 0x00000250217c4510 code [0x00000250217c46a0, 0x00000250217c4738]
Event: 12.662 Thread 0x000002503122c000 11888       4       com.google.common.collect.CompactHashMap$Itr::<init> (6 bytes)
Event: 12.663 Thread 0x000002503095f000 11904       1       org.gradle.api.internal.tasks.properties.DefaultInputFilePropertySpec::isIncremental (5 bytes)
Event: 12.663 Thread 0x00000250321b6000 11905       3       com.google.common.base.Predicates$CompositionPredicate::<init> (27 bytes)
Event: 12.663 Thread 0x000002503095f000 nmethod 11904 0x00000250217c4810 code [0x00000250217c49c0, 0x00000250217c4a78]
Event: 12.664 Thread 0x000002503230d800 11906       3       sun.util.locale.LocaleUtils::isAlphaNumeric (20 bytes)
Event: 12.664 Thread 0x00000250321b6000 nmethod 11905 0x000002501b4c7510 code [0x000002501b4c7720, 0x000002501b4c7df8]
Event: 12.664 Thread 0x000002503230d800 nmethod 11906 0x000002501b4c8010 code [0x000002501b4c81e0, 0x000002501b4c8598]
Event: 12.665 Thread 0x000002503122c000 nmethod 11888 0x00000250217c4b10 code [0x00000250217c4ca0, 0x00000250217c4e38]
Event: 12.665 Thread 0x000002503122c000 11897       4       com.google.common.collect.ImmutableMap$Builder::<init> (25 bytes)
Event: 12.667 Thread 0x000002503122c000 nmethod 11897 0x00000250217c4f10 code [0x00000250217c50a0, 0x00000250217c52d8]
Event: 12.667 Thread 0x000002503122c000 11889       4       java.nio.ByteBuffer::order (48 bytes)
Event: 12.668 Thread 0x000002503122c000 nmethod 11889 0x00000250217c5390 code [0x00000250217c5520, 0x00000250217c55b8]
Event: 12.668 Thread 0x000002503122c000 11866   !   4       java.lang.StringCoding::encode (324 bytes)
Event: 12.671 Thread 0x000002503122c000 nmethod 11866 0x00000250217c5610 code [0x00000250217c57c0, 0x00000250217c5a18]
Event: 12.671 Thread 0x000002503122c000 11887       4       org.gradle.internal.io.StreamByteBuffer$StreamByteBufferInputStream::read (8 bytes)

GC Heap History (20 events):
Event: 3.383 GC heap before
{Heap before GC invocations=4 (full 0):
 garbage-first heap   total 253952K, used 87727K [0x0000000080000000, 0x0000000100000000)
  region size 1024K, 72 young (73728K), 3 survivors (3072K)
 Metaspace       used 35056K, capacity 35809K, committed 35840K, reserved 1081344K
  class space    used 4533K, capacity 4833K, committed 4864K, reserved 1048576K
}
Event: 3.391 GC heap after
{Heap after GC invocations=5 (full 0):
 garbage-first heap   total 253952K, used 22065K [0x0000000080000000, 0x0000000100000000)
  region size 1024K, 6 young (6144K), 6 survivors (6144K)
 Metaspace       used 35056K, capacity 35809K, committed 35840K, reserved 1081344K
  class space    used 4533K, capacity 4833K, committed 4864K, reserved 1048576K
}
Event: 4.647 GC heap before
{Heap before GC invocations=6 (full 0):
 garbage-first heap   total 253952K, used 136753K [0x0000000080000000, 0x0000000100000000)
  region size 1024K, 115 young (117760K), 6 survivors (6144K)
 Metaspace       used 44109K, capacity 45175K, committed 45440K, reserved 1089536K
  class space    used 5639K, capacity 6004K, committed 6016K, reserved 1048576K
}
Event: 4.654 GC heap after
{Heap after GC invocations=7 (full 0):
 garbage-first heap   total 253952K, used 28119K [0x0000000080000000, 0x0000000100000000)
  region size 1024K, 12 young (12288K), 12 survivors (12288K)
 Metaspace       used 44109K, capacity 45175K, committed 45440K, reserved 1089536K
  class space    used 5639K, capacity 6004K, committed 6016K, reserved 1048576K
}
Event: 5.997 GC heap before
{Heap before GC invocations=7 (full 0):
 garbage-first heap   total 253952K, used 158167K [0x0000000080000000, 0x0000000100000000)
  region size 1024K, 132 young (135168K), 12 survivors (12288K)
 Metaspace       used 54159K, capacity 55655K, committed 55808K, reserved 1097728K
  class space    used 6858K, capacity 7402K, committed 7424K, reserved 1048576K
}
Event: 6.009 GC heap after
{Heap after GC invocations=8 (full 0):
 garbage-first heap   total 253952K, used 47989K [0x0000000080000000, 0x0000000100000000)
  region size 1024K, 17 young (17408K), 17 survivors (17408K)
 Metaspace       used 54159K, capacity 55655K, committed 55808K, reserved 1097728K
  class space    used 6858K, capacity 7402K, committed 7424K, reserved 1048576K
}
Event: 6.369 GC heap before
{Heap before GC invocations=8 (full 0):
 garbage-first heap   total 253952K, used 77685K [0x0000000080000000, 0x0000000100000000)
  region size 1024K, 47 young (48128K), 17 survivors (17408K)
 Metaspace       used 58594K, capacity 60117K, committed 60160K, reserved 1101824K
  class space    used 7417K, capacity 8033K, committed 8064K, reserved 1048576K
}
Event: 6.382 GC heap after
{Heap after GC invocations=9 (full 0):
 garbage-first heap   total 253952K, used 50977K [0x0000000080000000, 0x0000000100000000)
  region size 1024K, 3 young (3072K), 3 survivors (3072K)
 Metaspace       used 58594K, capacity 60117K, committed 60160K, reserved 1101824K
  class space    used 7417K, capacity 8033K, committed 8064K, reserved 1048576K
}
Event: 7.341 GC heap before
{Heap before GC invocations=10 (full 0):
 garbage-first heap   total 253952K, used 142113K [0x0000000080000000, 0x0000000100000000)
  region size 1024K, 92 young (94208K), 3 survivors (3072K)
 Metaspace       used 66176K, capacity 67827K, committed 67968K, reserved 1107968K
  class space    used 8353K, capacity 8961K, committed 9088K, reserved 1048576K
}
Event: 7.352 GC heap after
{Heap after GC invocations=11 (full 0):
 garbage-first heap   total 253952K, used 56160K [0x0000000080000000, 0x0000000100000000)
  region size 1024K, 8 young (8192K), 8 survivors (8192K)
 Metaspace       used 66176K, capacity 67827K, committed 67968K, reserved 1107968K
  class space    used 8353K, capacity 8961K, committed 9088K, reserved 1048576K
}
Event: 8.456 GC heap before
{Heap before GC invocations=12 (full 0):
 garbage-first heap   total 253952K, used 152416K [0x0000000080000000, 0x0000000100000000)
  region size 1024K, 102 young (104448K), 8 survivors (8192K)
 Metaspace       used 72548K, capacity 74216K, committed 74496K, reserved 1114112K
  class space    used 9306K, capacity 9911K, committed 9984K, reserved 1048576K
}
Event: 8.466 GC heap after
{Heap after GC invocations=13 (full 0):
 garbage-first heap   total 253952K, used 63035K [0x0000000080000000, 0x0000000100000000)
  region size 1024K, 13 young (13312K), 13 survivors (13312K)
 Metaspace       used 72548K, capacity 74216K, committed 74496K, reserved 1114112K
  class space    used 9306K, capacity 9911K, committed 9984K, reserved 1048576K
}
Event: 9.673 GC heap before
{Heap before GC invocations=13 (full 0):
 garbage-first heap   total 253952K, used 161339K [0x0000000080000000, 0x0000000100000000)
  region size 1024K, 109 young (111616K), 13 survivors (13312K)
 Metaspace       used 80491K, capacity 82337K, committed 82560K, reserved 1120256K
  class space    used 10398K, capacity 11059K, committed 11136K, reserved 1048576K
}
Event: 9.684 GC heap after
{Heap after GC invocations=14 (full 0):
 garbage-first heap   total 253952K, used 70527K [0x0000000080000000, 0x0000000100000000)
  region size 1024K, 14 young (14336K), 14 survivors (14336K)
 Metaspace       used 80491K, capacity 82337K, committed 82560K, reserved 1120256K
  class space    used 10398K, capacity 11059K, committed 11136K, reserved 1048576K
}
Event: 10.823 GC heap before
{Heap before GC invocations=14 (full 0):
 garbage-first heap   total 253952K, used 168831K [0x0000000080000000, 0x0000000100000000)
  region size 1024K, 111 young (113664K), 14 survivors (14336K)
 Metaspace       used 84609K, capacity 87098K, committed 87424K, reserved 1124352K
  class space    used 11080K, capacity 12066K, committed 12160K, reserved 1048576K
}
Event: 10.837 GC heap after
{Heap after GC invocations=15 (full 0):
 garbage-first heap   total 253952K, used 77979K [0x0000000080000000, 0x0000000100000000)
  region size 1024K, 14 young (14336K), 14 survivors (14336K)
 Metaspace       used 84609K, capacity 87098K, committed 87424K, reserved 1124352K
  class space    used 11080K, capacity 12066K, committed 12160K, reserved 1048576K
}
Event: 11.744 GC heap before
{Heap before GC invocations=15 (full 0):
 garbage-first heap   total 253952K, used 177307K [0x0000000080000000, 0x0000000100000000)
  region size 1024K, 112 young (114688K), 14 survivors (14336K)
 Metaspace       used 85336K, capacity 87978K, committed 88192K, reserved 1126400K
  class space    used 11133K, capacity 12123K, committed 12160K, reserved 1048576K
}
Event: 11.757 GC heap after
{Heap after GC invocations=16 (full 0):
 garbage-first heap   total 253952K, used 83492K [0x0000000080000000, 0x0000000100000000)
  region size 1024K, 13 young (13312K), 13 survivors (13312K)
 Metaspace       used 85336K, capacity 87978K, committed 88192K, reserved 1126400K
  class space    used 11133K, capacity 12123K, committed 12160K, reserved 1048576K
}
Event: 12.575 GC heap before
{Heap before GC invocations=16 (full 0):
 garbage-first heap   total 253952K, used 183844K [0x0000000080000000, 0x0000000100000000)
  region size 1024K, 112 young (114688K), 13 survivors (13312K)
 Metaspace       used 88172K, capacity 90776K, committed 90880K, reserved 1128448K
  class space    used 11480K, capacity 12460K, committed 12544K, reserved 1048576K
}
Event: 12.589 GC heap after
{Heap after GC invocations=17 (full 0):
 garbage-first heap   total 253952K, used 87720K [0x0000000080000000, 0x0000000100000000)
  region size 1024K, 10 young (10240K), 10 survivors (10240K)
 Metaspace       used 88172K, capacity 90776K, committed 90880K, reserved 1128448K
  class space    used 11480K, capacity 12460K, committed 12544K, reserved 1048576K
}

Deoptimization events (20 events):
Event: 12.060 Thread 0x000002503a3d8800 DEOPT PACKING pc=0x000002502175d1ac sp=0x000000dc664fc790
Event: 12.060 Thread 0x000002503a3d8800 DEOPT UNPACKING pc=0x00000250194578af sp=0x000000dc664fc7e8 mode 2
Event: 12.377 Thread 0x000002503a3d8800 Uncommon trap: trap_request=0xffffff4d fr.pc=0x000002502176fae8 relative=0x00000000000000a8
Event: 12.377 Thread 0x000002503a3d8800 Uncommon trap: reason=unstable_if action=reinterpret pc=0x000002502176fae8 method=org.gradle.internal.fingerprint.impl.DefaultFileNormalizationSpec.equals(Ljava/lang/Object;)Z @ 40 c2
Event: 12.377 Thread 0x000002503a3d8800 DEOPT PACKING pc=0x000002502176fae8 sp=0x000000dc664fc9d0
Event: 12.377 Thread 0x000002503a3d8800 DEOPT UNPACKING pc=0x00000250194578af sp=0x000000dc664fc968 mode 2
Event: 12.395 Thread 0x000002503a3d8800 DEOPT PACKING pc=0x000002501b27d576 sp=0x000000dc664f9ce0
Event: 12.395 Thread 0x000002503a3d8800 DEOPT UNPACKING pc=0x00000250194576ce sp=0x000000dc664f9200 mode 0
Event: 12.396 Thread 0x000002503a3e4800 DEOPT PACKING pc=0x000002501b27d555 sp=0x000000dc66cfb340
Event: 12.396 Thread 0x000002503a3e4800 DEOPT UNPACKING pc=0x00000250194576ce sp=0x000000dc66cfa860 mode 0
Event: 12.396 Thread 0x000002503a3e4800 Uncommon trap: trap_request=0xffffff4d fr.pc=0x0000025021080284 relative=0x0000000000001224
Event: 12.396 Thread 0x000002503a3e4800 Uncommon trap: reason=unstable_if action=reinterpret pc=0x0000025021080284 method=java.util.concurrent.ConcurrentHashMap.transfer([Ljava/util/concurrent/ConcurrentHashMap$Node;[Ljava/util/concurrent/ConcurrentHashMap$Node;)V @ 273 c2
Event: 12.396 Thread 0x000002503a3e4800 DEOPT PACKING pc=0x0000025021080284 sp=0x000000dc66cfb3e0
Event: 12.396 Thread 0x000002503a3e4800 DEOPT UNPACKING pc=0x00000250194578af sp=0x000000dc66cfb360 mode 2
Event: 12.439 Thread 0x000002503a3df000 Uncommon trap: trap_request=0xffffffd6 fr.pc=0x0000025021763fec relative=0x00000000000007ac
Event: 12.439 Thread 0x000002503a3df000 Uncommon trap: reason=array_check action=maybe_recompile pc=0x0000025021763fec method=java.util.TimSort.binarySort([Ljava/lang/Object;IIILjava/util/Comparator;)V @ 193 c2
Event: 12.439 Thread 0x000002503a3df000 DEOPT PACKING pc=0x0000025021763fec sp=0x000000dc665fa560
Event: 12.439 Thread 0x000002503a3df000 DEOPT UNPACKING pc=0x00000250194578af sp=0x000000dc665fa508 mode 2
Event: 12.611 Thread 0x00000250320cf000 DEOPT PACKING pc=0x0000025021797970 sp=0x000000dc62efde20
Event: 12.611 Thread 0x00000250320cf000 DEOPT UNPACKING pc=0x00000250194576ce sp=0x000000dc62efd1e0 mode 0

Classes redefined (0 events):
No events

Internal exceptions (20 events):
Event: 10.294 Thread 0x00000250394da800 Exception <a 'java/lang/NoSuchMethodError'{0x000000008d05eb50}: 'java.lang.Object java.lang.invoke.DirectMethodHandle$Holder.invokeSpecialIFC(java.lang.Object, java.lang.Object, java.lang.Object)'> (0x000000008d05eb50) thrown at [./src/hotspot/share/interpreter/linkResolver.cpp, line 773]
Event: 10.294 Thread 0x00000250394dd000 Exception <a 'java/lang/NoSuchMethodError'{0x000000008d1e5e68}: 'java.lang.Object java.lang.invoke.DirectMethodHandle$Holder.invokeSpecialIFC(java.lang.Object, java.lang.Object, java.lang.Object)'> (0x000000008d1e5e68) thrown at [./src/hotspot/share/interpreter/linkResolver.cpp, line 773]
Event: 10.294 Thread 0x00000250394cf800 Exception <a 'java/lang/NoSuchMethodError'{0x000000008d1a7dd0}: 'java.lang.Object java.lang.invoke.DirectMethodHandle$Holder.invokeSpecialIFC(java.lang.Object, java.lang.Object, java.lang.Object)'> (0x000000008d1a7dd0) thrown at [./src/hotspot/share/interpreter/linkResolver.cpp, line 773]
Event: 10.341 Thread 0x00000250394cf800 Exception <a 'java/lang/NoSuchMethodError'{0x000000008cae0428}: 'int java.lang.invoke.DirectMethodHandle$Holder.invokeStaticInit(java.lang.Object, java.lang.Object, java.lang.Object, java.lang.Object, java.lang.Object)'> (0x000000008cae0428) thrown at [./src/hotspot/share/interpreter/linkResolver.cpp, line 773]
Event: 10.401 Thread 0x00000250394d5000 Implicit null exception at 0x000002502159723a to 0x0000025021597d24
Event: 10.921 Thread 0x000002503a3db800 Exception <a 'java/lang/IncompatibleClassChangeError'{0x000000008f1ec198}: Found class java.lang.Object, but interface was expected> (0x000000008f1ec198) thrown at [./src/hotspot/share/interpreter/linkResolver.cpp, line 839]
Event: 11.809 Thread 0x000002503a3da000 Exception <a 'java/lang/NoSuchMethodError'{0x000000008f1876f0}: <clinit>> (0x000000008f1876f0) thrown at [./src/hotspot/share/prims/jni.cpp, line 1362]
Event: 11.810 Thread 0x000002503a3da000 Exception <a 'java/lang/NoSuchMethodError'{0x000000008f188a28}: <clinit>> (0x000000008f188a28) thrown at [./src/hotspot/share/prims/jni.cpp, line 1362]
Event: 11.810 Thread 0x000002503a3da000 Exception <a 'java/lang/NoSuchMethodError'{0x000000008f18b178}: <clinit>> (0x000000008f18b178) thrown at [./src/hotspot/share/prims/jni.cpp, line 1362]
Event: 11.811 Thread 0x000002503a3da000 Exception <a 'java/lang/NoSuchMethodError'{0x000000008f1a3a00}: <clinit>> (0x000000008f1a3a00) thrown at [./src/hotspot/share/prims/jni.cpp, line 1362]
Event: 11.812 Thread 0x000002503a3da000 Exception <a 'java/lang/NoSuchMethodError'{0x000000008f1a4ee0}: <clinit>> (0x000000008f1a4ee0) thrown at [./src/hotspot/share/prims/jni.cpp, line 1362]
Event: 11.885 Thread 0x000002503a3da000 Exception <a 'sun/nio/fs/WindowsException'{0x000000008ed3b220}> (0x000000008ed3b220) thrown at [./src/hotspot/share/prims/jni.cpp, line 615]
Event: 11.885 Thread 0x000002503a3da000 Exception <a 'sun/nio/fs/WindowsException'{0x000000008ed3c0f8}> (0x000000008ed3c0f8) thrown at [./src/hotspot/share/prims/jni.cpp, line 615]
Event: 11.887 Thread 0x000002503a3da000 Exception <a 'sun/nio/fs/WindowsException'{0x000000008ed3d1e8}> (0x000000008ed3d1e8) thrown at [./src/hotspot/share/prims/jni.cpp, line 615]
Event: 11.887 Thread 0x000002503a3da000 Exception <a 'sun/nio/fs/WindowsException'{0x000000008ed3e0b8}> (0x000000008ed3e0b8) thrown at [./src/hotspot/share/prims/jni.cpp, line 615]
Event: 11.906 Thread 0x000002503a3da000 Exception <a 'java/lang/NoSuchMethodError'{0x000000008eb0f070}: <clinit>> (0x000000008eb0f070) thrown at [./src/hotspot/share/prims/jni.cpp, line 1362]
Event: 11.908 Thread 0x000002503a3da000 Exception <a 'java/lang/NoSuchMethodError'{0x000000008eb458e8}: <clinit>> (0x000000008eb458e8) thrown at [./src/hotspot/share/prims/jni.cpp, line 1362]
Event: 11.911 Thread 0x000002503a3da000 Exception <a 'java/lang/NoSuchMethodError'{0x000000008eb81c18}: <clinit>> (0x000000008eb81c18) thrown at [./src/hotspot/share/prims/jni.cpp, line 1362]
Event: 11.913 Thread 0x000002503a3da000 Exception <a 'java/lang/NoSuchMethodError'{0x000000008eb94770}: <clinit>> (0x000000008eb94770) thrown at [./src/hotspot/share/prims/jni.cpp, line 1362]
Event: 12.410 Thread 0x000002503a3d8800 Exception <a 'java/lang/NoSuchMethodError'{0x000000008afe5f18}: 'void java.lang.invoke.DirectMethodHandle$Holder.invokeStatic(java.lang.Object, java.lang.Object, java.lang.Object, java.lang.Object, java.lang.Object, java.lang.Object, java.lang.Object)'> (0x000000008afe5f18) thrown at [./src/hotspot/share/interpreter/linkResolver.cpp, line 773]

Events (20 events):
Event: 12.666 loading class org/gradle/internal/execution/steps/RemovePreviousOutputsStep$3
Event: 12.666 loading class org/gradle/internal/execution/steps/RemovePreviousOutputsStep$3 done
Event: 12.666 loading class kotlin/reflect/jvm/internal/impl/metadata/ProtoBuf$PropertyOrBuilder
Event: 12.666 loading class kotlin/reflect/jvm/internal/impl/metadata/ProtoBuf$PropertyOrBuilder done
Event: 12.667 loading class org/gradle/internal/file/impl/DefaultDeleter$Handling
Event: 12.667 loading class org/gradle/internal/file/impl/DefaultDeleter$Handling done
Event: 12.669 loading class org/gradle/internal/file/impl/DefaultDeleter$Handling$1
Event: 12.669 loading class org/gradle/internal/file/impl/DefaultDeleter$Handling$1 done
Event: 12.669 loading class kotlin/reflect/jvm/internal/impl/metadata/ProtoBuf$Property$1
Event: 12.669 loading class kotlin/reflect/jvm/internal/impl/metadata/ProtoBuf$Property$1 done
Event: 12.669 loading class org/gradle/internal/file/impl/DefaultDeleter$Handling$2
Event: 12.669 loading class org/gradle/internal/file/impl/DefaultDeleter$Handling$2 done
Event: 12.670 loading class kotlin/reflect/jvm/internal/impl/metadata/ProtoBuf$ValueParameter
Event: 12.670 loading class kotlin/reflect/jvm/internal/impl/metadata/ProtoBuf$ValueParameter done
Event: 12.670 loading class org/gradle/internal/file/impl/DefaultDeleter$Handling$3
Event: 12.670 loading class org/gradle/internal/file/impl/DefaultDeleter$Handling$3 done
Event: 12.670 loading class org/gradle/internal/file/impl/DefaultDeleter$Handling$4
Event: 12.670 loading class org/gradle/internal/file/impl/DefaultDeleter$Handling$4 done
Event: 12.672 loading class com/android/build/gradle/internal/tasks/NewIncrementalTask$taskAction$$inlined$recordTaskAction$1
Event: 12.672 loading class com/android/build/gradle/internal/tasks/NewIncrementalTask$taskAction$$inlined$recordTaskAction$1 done


Dynamic libraries:
0x00007ff6cc790000 - 0x00007ff6cc79a000 	C:\Program Files\Android\Android Studio\jre\bin\java.exe
0x00007ffdf5500000 - 0x00007ffdf570f000 	C:\WINDOWS\SYSTEM32\ntdll.dll
0x00007ffdf3370000 - 0x00007ffdf342d000 	C:\WINDOWS\System32\KERNEL32.DLL
0x00007ffdf2ef0000 - 0x00007ffdf327c000 	C:\WINDOWS\System32\KERNELBASE.dll
0x00007ffdf2bc0000 - 0x00007ffdf2cd1000 	C:\WINDOWS\System32\ucrtbase.dll
0x00007ffde5110000 - 0x00007ffde5129000 	C:\Program Files\Android\Android Studio\jre\bin\jli.dll
0x00007ffde50f0000 - 0x00007ffde5107000 	C:\Program Files\Android\Android Studio\jre\bin\VCRUNTIME140.dll
0x00007ffdf4620000 - 0x00007ffdf47c6000 	C:\WINDOWS\System32\USER32.dll
0x00007ffde0db0000 - 0x00007ffde1051000 	C:\WINDOWS\WinSxS\amd64_microsoft.windows.common-controls_6595b64144ccf1df_6.0.22494.1000_none_23deebcec6cdf010\COMCTL32.dll
0x00007ffdf2ce0000 - 0x00007ffdf2d06000 	C:\WINDOWS\System32\win32u.dll
0x00007ffdf5370000 - 0x00007ffdf5399000 	C:\WINDOWS\System32\GDI32.dll
0x00007ffdf40c0000 - 0x00007ffdf4164000 	C:\WINDOWS\System32\msvcrt.dll
0x00007ffdf2d10000 - 0x00007ffdf2e27000 	C:\WINDOWS\System32\gdi32full.dll
0x00007ffdf2b20000 - 0x00007ffdf2bba000 	C:\WINDOWS\System32\msvcp_win.dll
0x00007ffdf45e0000 - 0x00007ffdf4611000 	C:\WINDOWS\System32\IMM32.DLL
0x00007ffd9d3f0000 - 0x00007ffd9d48d000 	C:\Program Files\Android\Android Studio\jre\bin\msvcp140.dll
0x00007ffda35e0000 - 0x00007ffda40af000 	C:\Program Files\Android\Android Studio\jre\bin\server\jvm.dll
0x00007ffdf3430000 - 0x00007ffdf34de000 	C:\WINDOWS\System32\ADVAPI32.dll
0x00007ffdf34e0000 - 0x00007ffdf3581000 	C:\WINDOWS\System32\sechost.dll
0x00007ffdf53a0000 - 0x00007ffdf54bf000 	C:\WINDOWS\System32\RPCRT4.dll
0x00007ffdf36f0000 - 0x00007ffdf36f8000 	C:\WINDOWS\System32\PSAPI.DLL
0x00007ffdec240000 - 0x00007ffdec274000 	C:\WINDOWS\SYSTEM32\WINMM.dll
0x00007ffdebb80000 - 0x00007ffdebb8a000 	C:\WINDOWS\SYSTEM32\VERSION.dll
0x00007ffddc060000 - 0x00007ffddc069000 	C:\WINDOWS\SYSTEM32\WSOCK32.dll
0x00007ffdf50b0000 - 0x00007ffdf5121000 	C:\WINDOWS\System32\WS2_32.dll
0x00007ffdf1a50000 - 0x00007ffdf1a68000 	C:\WINDOWS\SYSTEM32\kernel.appcore.dll
0x00007ffdda3e0000 - 0x00007ffdda3f1000 	C:\Program Files\Android\Android Studio\jre\bin\verify.dll
0x00007ffdf0510000 - 0x00007ffdf0736000 	C:\WINDOWS\SYSTEM32\DBGHELP.DLL
0x00007ffdf4170000 - 0x00007ffdf44eb000 	C:\WINDOWS\System32\combase.dll
0x00007ffddd580000 - 0x00007ffddd5b1000 	C:\WINDOWS\SYSTEM32\dbgcore.DLL
0x00007ffdf32e0000 - 0x00007ffdf3361000 	C:\WINDOWS\System32\bcryptPrimitives.dll
0x00007ffdc6e70000 - 0x00007ffdc6e99000 	C:\Program Files\Android\Android Studio\jre\bin\java.dll
0x00007ffdef240000 - 0x00007ffdef24b000 	C:\Program Files\Android\Android Studio\jre\bin\jimage.dll
0x00007ffdd9890000 - 0x00007ffdd98a8000 	C:\Program Files\Android\Android Studio\jre\bin\zip.dll
0x00007ffdf48f0000 - 0x00007ffdf50a4000 	C:\WINDOWS\System32\SHELL32.dll
0x00007ffdf0a10000 - 0x00007ffdf126d000 	C:\WINDOWS\SYSTEM32\windows.storage.dll
0x00007ffdf08c0000 - 0x00007ffdf0a09000 	C:\WINDOWS\SYSTEM32\wintypes.dll
0x00007ffdf44f0000 - 0x00007ffdf45e0000 	C:\WINDOWS\System32\SHCORE.dll
0x00007ffdf3700000 - 0x00007ffdf375b000 	C:\WINDOWS\System32\shlwapi.dll
0x00007ffdf28f0000 - 0x00007ffdf2911000 	C:\WINDOWS\SYSTEM32\profapi.dll
0x00007ffdd6e10000 - 0x00007ffdd6e2a000 	C:\Program Files\Android\Android Studio\jre\bin\net.dll
0x00007ffdeba10000 - 0x00007ffdebb22000 	C:\WINDOWS\SYSTEM32\WINHTTP.dll
0x00007ffdf1e90000 - 0x00007ffdf1ef9000 	C:\WINDOWS\system32\mswsock.dll
0x00007ffdd6ce0000 - 0x00007ffdd6cf4000 	C:\Program Files\Android\Android Studio\jre\bin\nio.dll
0x00007ffdbdb00000 - 0x00007ffdbdb27000 	C:\Users\TUF Gaming\.gradle\native\8bec1ad78214c89d9ad589b4d07fe93259594b29d510b10fafb7a158f7737e5d\windows-amd64\native-platform.dll
0x00007ffd5a8c0000 - 0x00007ffd5a9fd000 	C:\Users\TUF Gaming\.gradle\native\53dbd7edfb1c66fb8903c78663c9afc45aea4f116125fa6feffd364cf09443e8\windows-amd64\native-platform-file-events.dll
0x00007ffde8dc0000 - 0x00007ffde8dca000 	C:\Program Files\Android\Android Studio\jre\bin\management.dll
0x00007ffde6a40000 - 0x00007ffde6a4c000 	C:\Program Files\Android\Android Studio\jre\bin\management_ext.dll
0x00007ffdf2130000 - 0x00007ffdf2148000 	C:\WINDOWS\SYSTEM32\CRYPTSP.dll
0x00007ffdf19b0000 - 0x00007ffdf19e5000 	C:\WINDOWS\system32\rsaenh.dll
0x00007ffdf1fb0000 - 0x00007ffdf1fd9000 	C:\WINDOWS\SYSTEM32\USERENV.dll
0x00007ffdf2310000 - 0x00007ffdf2338000 	C:\WINDOWS\SYSTEM32\bcrypt.dll
0x00007ffdf2120000 - 0x00007ffdf212c000 	C:\WINDOWS\SYSTEM32\CRYPTBASE.dll
0x00007ffdf14c0000 - 0x00007ffdf14ed000 	C:\WINDOWS\SYSTEM32\IPHLPAPI.DLL
0x00007ffdf3f80000 - 0x00007ffdf3f89000 	C:\WINDOWS\System32\NSI.dll
0x00007ffdeb980000 - 0x00007ffdeb999000 	C:\WINDOWS\SYSTEM32\dhcpcsvc6.DLL
0x00007ffdeb760000 - 0x00007ffdeb77e000 	C:\WINDOWS\SYSTEM32\dhcpcsvc.DLL
0x00007ffdf14f0000 - 0x00007ffdf15e7000 	C:\WINDOWS\SYSTEM32\DNSAPI.dll

dbghelp: loaded successfully - version: 4.0.5 - missing functions: none
symbol engine: initialized successfully - sym options: 0x614 - pdb path: .;C:\Program Files\Android\Android Studio\jre\bin;C:\WINDOWS\SYSTEM32;C:\WINDOWS\WinSxS\amd64_microsoft.windows.common-controls_6595b64144ccf1df_6.0.22494.1000_none_23deebcec6cdf010;C:\Program Files\Android\Android Studio\jre\bin\server;C:\Users\TUF Gaming\.gradle\native\8bec1ad78214c89d9ad589b4d07fe93259594b29d510b10fafb7a158f7737e5d\windows-amd64;C:\Users\TUF Gaming\.gradle\native\53dbd7edfb1c66fb8903c78663c9afc45aea4f116125fa6feffd364cf09443e8\windows-amd64

VM Arguments:
jvm_args: --add-opens=java.base/java.util=ALL-UNNAMED --add-opens=java.base/java.lang=ALL-UNNAMED --add-opens=java.base/java.lang.invoke=ALL-UNNAMED --add-opens=java.base/java.util=ALL-UNNAMED --add-opens=java.prefs/java.util.prefs=ALL-UNNAMED --add-opens=java.prefs/java.util.prefs=ALL-UNNAMED --add-opens=java.base/java.nio.charset=ALL-UNNAMED --add-opens=java.base/java.net=ALL-UNNAMED --add-opens=java.base/java.util.concurrent.atomic=ALL-UNNAMED -Xmx2048m -Dfile.encoding=UTF-8 -Duser.country=ID -Duser.language=en -Duser.variant 
java_command: org.gradle.launcher.daemon.bootstrap.GradleDaemon 7.0.2
java_class_path (initial): C:\Users\TUF Gaming\.gradle\wrapper\dists\gradle-7.0.2-bin\857tjihv64xamwrf0h14cai3r\gradle-7.0.2\lib\gradle-launcher-7.0.2.jar
Launcher Type: SUN_STANDARD

[Global flags]
     intx CICompilerCount                          = 12                                        {product} {ergonomic}
     uint ConcGCThreads                            = 3                                         {product} {ergonomic}
     uint G1ConcRefinementThreads                  = 13                                        {product} {ergonomic}
   size_t G1HeapRegionSize                         = 1048576                                   {product} {ergonomic}
    uintx GCDrainStackTargetSize                   = 64                                        {product} {ergonomic}
   size_t InitialHeapSize                          = 260046848                                 {product} {ergonomic}
   size_t MarkStackSize                            = 4194304                                   {product} {ergonomic}
   size_t MaxHeapSize                              = 2147483648                                {product} {command line}
   size_t MaxNewSize                               = 1287651328                                {product} {ergonomic}
   size_t MinHeapDeltaBytes                        = 1048576                                   {product} {ergonomic}
    uintx NonNMethodCodeHeapSize                   = 7594288                                {pd product} {ergonomic}
    uintx NonProfiledCodeHeapSize                  = 122031976                              {pd product} {ergonomic}
    uintx ProfiledCodeHeapSize                     = 122031976                              {pd product} {ergonomic}
    uintx ReservedCodeCacheSize                    = 251658240                              {pd product} {ergonomic}
     bool SegmentedCodeCache                       = true                                      {product} {ergonomic}
     bool UseCompressedClassPointers               = true                                 {lp64_product} {ergonomic}
     bool UseCompressedOops                        = true                                 {lp64_product} {ergonomic}
     bool UseG1GC                                  = true                                      {product} {ergonomic}
     bool UseLargePagesIndividualAllocation        = false                                  {pd product} {ergonomic}

Logging:
Log output configuration:
 #0: stdout all=warning uptime,level,tags
 #1: stderr all=off uptime,level,tags

Environment Variables:
JAVA_HOME=C:\Program Files\Java\jdk-17.0.1\bin
PATH=C:\ProgramData\Oracle\Java\javapath;C:\Python39\Scripts\;C:\Python39\;C:\Program Files\Common Files\Oracle\Java\javapath;C:\Program Files (x86)\Common Files\Oracle\Java\javapath;C:\Program Files (x86)\Common Files\Intel\Shared Libraries\redist\intel64_win\compiler;C:\Program Files (x86)\Common Files\Intel\Shared Libraries\redist\intel64\compiler;C:\Windows\system32;C:\Windows;C:\Windows\System32\Wbem;C:\Windows\System32\WindowsPowerShell\v1.0\;C:\Windows\System32\OpenSSH\;C:\Program Files (x86)\NVIDIA Corporation\PhysX\Common;C:\Program Files\NVIDIA Corporation\NVIDIA NvDLISR;C:\WINDOWS\system32;C:\WINDOWS;C:\WINDOWS\System32\Wbem;C:\WINDOWS\System32\WindowsPowerShell\v1.0\;C:\WINDOWS\System32\OpenSSH\;C:\xampp\php;C:\ProgramData\ComposerSetup\bin;C:\Program Files\nodejs\;C:\ProgramData\chocolatey\bin;C:\Program Files\Git\cmd;C:\Program Files (x86)\dotnet\;C:\Program Files\PowerShell\7\;C:\Program Files\Java\jdk-17.0.1\bin;C:\Users\TUF Gaming\AppData\Local\Microsoft\WindowsApps;C:\Users\TUF Gaming\AppData\Local\Programs\Microsoft VS Code\bin;C:\Users\TUF Gaming\AppData\Roaming\Composer\vendor\bin;C:\Users\TUF Gaming\AppData\Roaming\npm;C:\Users\TUF Gaming\AppData\Local\GitHubDesktop\bin;
USERNAME=TUF Gaming
OS=Windows_NT
PROCESSOR_IDENTIFIER=AMD64 Family 23 Model 96 Stepping 1, AuthenticAMD



---------------  S Y S T E M  ---------------

OS: Windows 10 , 64 bit Build 22494 (10.0.22494.1000)
OS uptime: 3 days 7:47 hours
Hyper-V role detected

CPU:total 16 (initial active 16) (16 cores per cpu, 2 threads per core) family 23 model 96 stepping 1 microcode 0x0, cmov, cx8, fxsr, mmx, sse, sse2, sse3, ssse3, sse4.1, sse4.2, popcnt, avx, avx2, aes, clmul, mmxext, 3dnowpref, lzcnt, sse4a, ht, tsc, tscinvbit, tscinv, bmi1, bmi2, adx, 

Memory: 4k page, system-wide physical 15789M (3185M free)
TotalPageFile size 23789M (AvailPageFile size 7M)
current process WorkingSet (physical memory assigned to process): 564M, peak: 567M
current process commit charge ("private bytes"): 641M, peak: 643M

vm_info: OpenJDK 64-Bit Server VM (11.0.10+0-b96-7249189) for windows-amd64 JRE (11.0.10+0-b96-7249189), built on Mar 31 2021 21:44:00 by "builder" with MS VC++ 14.0 (VS2015)

END.
